[ 2016-10-02T23:43:35+08:00 ] 183.56.182.19 /Home/Index/currentCount.html?search=LED%20DOWNLIGHT:at
INFO: [ app_begin ] --START--
INFO: Run Behavior\ReadHtmlCache [ RunTime:0.000048s ]
INFO: [ app_begin ] --END-- [ RunTime:0.000150s ]
SQL: SHOW COLUMNS FROM `onethink_config` [ RunTime:0.003077s ]
SQL: SELECT `type`,`name`,`value` FROM `onethink_config` WHERE ( `status` = 1 )  [ RunTime:0.000364s ]

[ 2016-10-02T23:43:40+08:00 ] 183.56.182.19 /Home/Index/currentCount.html?search=LED%20DOWNLIGHT:at
INFO: [ app_begin ] --START--
INFO: Run Behavior\ReadHtmlCache [ RunTime:0.000049s ]
INFO: [ app_begin ] --END-- [ RunTime:0.000170s ]
SQL: SHOW COLUMNS FROM `onethink_config` [ RunTime:0.000739s ]
SQL: SELECT `type`,`name`,`value` FROM `onethink_config` WHERE ( `status` = 1 )  [ RunTime:0.000440s ]

[ 2016-10-02T23:43:45+08:00 ] 183.56.182.19 /Home/Index/totalCount.html
INFO: [ app_begin ] --START--
INFO: Run Behavior\ReadHtmlCache [ RunTime:0.000048s ]
INFO: [ app_begin ] --END-- [ RunTime:0.000161s ]
SQL: SHOW COLUMNS FROM `onethink_config` [ RunTime:0.000541s ]
SQL: SELECT `type`,`name`,`value` FROM `onethink_config` WHERE ( `status` = 1 )  [ RunTime:0.000335s ]

[ 2016-10-02T23:43:45+08:00 ] 183.56.182.19 /Home/Index/currentCount.html?search=LED%20DOWNLIGHT:at
INFO: [ app_begin ] --START--
INFO: Run Behavior\ReadHtmlCache [ RunTime:0.000065s ]
INFO: [ app_begin ] --END-- [ RunTime:0.000211s ]
SQL: SHOW COLUMNS FROM `onethink_config` [ RunTime:0.000683s ]
SQL: SELECT `type`,`name`,`value` FROM `onethink_config` WHERE ( `status` = 1 )  [ RunTime:0.000410s ]

[ 2016-10-02T23:43:50+08:00 ] 183.56.182.19 /Home/Index/currentCount.html?search=LED%20DOWNLIGHT:at
INFO: [ app_begin ] --START--
INFO: Run Behavior\ReadHtmlCache [ RunTime:0.000055s ]
INFO: [ app_begin ] --END-- [ RunTime:0.000242s ]
SQL: SHOW COLUMNS FROM `onethink_config` [ RunTime:0.000577s ]
SQL: SELECT `type`,`name`,`value` FROM `onethink_config` WHERE ( `status` = 1 )  [ RunTime:0.000272s ]

[ 2016-10-02T23:43:55+08:00 ] 183.56.182.19 /Home/Index/currentCount.html?search=LED%20DOWNLIGHT:at
INFO: [ app_begin ] --START--
INFO: Run Behavior\ReadHtmlCache [ RunTime:0.000046s ]
INFO: [ app_begin ] --END-- [ RunTime:0.000142s ]
SQL: SHOW COLUMNS FROM `onethink_config` [ RunTime:0.000526s ]
SQL: SELECT `type`,`name`,`value` FROM `onethink_config` WHERE ( `status` = 1 )  [ RunTime:0.000326s ]

[ 2016-10-02T23:44:10+08:00 ] 183.56.182.19 /Home/Index/currentCount.html?search=LED%20DOWNLIGHT:at
INFO: [ app_begin ] --START--
INFO: Run Behavior\ReadHtmlCache [ RunTime:0.000049s ]
INFO: [ app_begin ] --END-- [ RunTime:0.000149s ]
SQL: SHOW COLUMNS FROM `onethink_config` [ RunTime:0.000578s ]
SQL: SELECT `type`,`name`,`value` FROM `onethink_config` WHERE ( `status` = 1 )  [ RunTime:0.000320s ]

[ 2016-10-02T23:44:15+08:00 ] 183.56.182.19 /Home/Index/currentCount.html?search=LED%20DOWNLIGHT:at
INFO: [ app_begin ] --START--
INFO: Run Behavior\ReadHtmlCache [ RunTime:0.000068s ]
INFO: [ app_begin ] --END-- [ RunTime:0.000187s ]
SQL: SHOW COLUMNS FROM `onethink_config` [ RunTime:0.000517s ]
SQL: SELECT `type`,`name`,`value` FROM `onethink_config` WHERE ( `status` = 1 )  [ RunTime:0.000343s ]

[ 2016-10-02T23:44:15+08:00 ] 183.56.182.19 /Home/Index/currentCount.html?search=LED%20DOWNLIGHT:at
INFO: [ app_begin ] --START--
INFO: Run Behavior\ReadHtmlCache [ RunTime:0.000046s ]
INFO: [ app_begin ] --END-- [ RunTime:0.000138s ]
SQL: SHOW COLUMNS FROM `onethink_config` [ RunTime:0.000524s ]
SQL: SELECT `type`,`name`,`value` FROM `onethink_config` WHERE ( `status` = 1 )  [ RunTime:0.000339s ]

[ 2016-10-02T23:44:21+08:00 ] 183.56.182.19 /Home/Index/currentCount.html?search=LED%20DOWNLIGHT:at
INFO: [ app_begin ] --START--
INFO: Run Behavior\ReadHtmlCache [ RunTime:0.000049s ]
INFO: [ app_begin ] --END-- [ RunTime:0.000158s ]
SQL: SHOW COLUMNS FROM `onethink_config` [ RunTime:0.000666s ]
SQL: SELECT `type`,`name`,`value` FROM `onethink_config` WHERE ( `status` = 1 )  [ RunTime:0.000391s ]

[ 2016-10-02T23:44:25+08:00 ] 183.56.182.19 /Home/Index/totalCount.html
INFO: [ app_begin ] --START--
INFO: Run Behavior\ReadHtmlCache [ RunTime:0.000049s ]
INFO: [ app_begin ] --END-- [ RunTime:0.000262s ]
SQL: SHOW COLUMNS FROM `onethink_config` [ RunTime:0.005124s ]
SQL: SELECT `type`,`name`,`value` FROM `onethink_config` WHERE ( `status` = 1 )  [ RunTime:0.000380s ]

[ 2016-10-02T23:44:25+08:00 ] 183.56.182.19 /Home/Index/currentCount.html?search=LED%20DOWNLIGHT:at
INFO: [ app_begin ] --START--
INFO: Run Behavior\ReadHtmlCache [ RunTime:0.000045s ]
INFO: [ app_begin ] --END-- [ RunTime:0.000137s ]
SQL: SHOW COLUMNS FROM `onethink_config` [ RunTime:0.000525s ]
SQL: SELECT `type`,`name`,`value` FROM `onethink_config` WHERE ( `status` = 1 )  [ RunTime:0.000365s ]

[ 2016-10-02T23:44:30+08:00 ] 183.56.182.19 /Home/Index/currentCount.html?search=LED%20DOWNLIGHT:at
INFO: [ app_begin ] --START--
INFO: Run Behavior\ReadHtmlCache [ RunTime:0.000055s ]
INFO: [ app_begin ] --END-- [ RunTime:0.000181s ]
SQL: SHOW COLUMNS FROM `onethink_config` [ RunTime:0.000538s ]
SQL: SELECT `type`,`name`,`value` FROM `onethink_config` WHERE ( `status` = 1 )  [ RunTime:0.000334s ]

[ 2016-10-02T23:44:35+08:00 ] 183.56.182.19 /Home/Index/currentCount.html?search=LED%20DOWNLIGHT:at
INFO: [ app_begin ] --START--
INFO: Run Behavior\ReadHtmlCache [ RunTime:0.000047s ]
INFO: [ app_begin ] --END-- [ RunTime:0.000146s ]
SQL: SHOW COLUMNS FROM `onethink_config` [ RunTime:0.003176s ]
SQL: SELECT `type`,`name`,`value` FROM `onethink_config` WHERE ( `status` = 1 )  [ RunTime:0.000353s ]

[ 2016-10-02T23:44:40+08:00 ] 183.56.182.19 /Home/Index/currentCount.html?search=LED%20DOWNLIGHT:at
INFO: [ app_begin ] --START--
INFO: Run Behavior\ReadHtmlCache [ RunTime:0.000050s ]
INFO: [ app_begin ] --END-- [ RunTime:0.000154s ]
SQL: SHOW COLUMNS FROM `onethink_config` [ RunTime:0.002790s ]
SQL: SELECT `type`,`name`,`value` FROM `onethink_config` WHERE ( `status` = 1 )  [ RunTime:0.000611s ]

[ 2016-10-02T23:44:44+08:00 ] 183.56.182.19 /Home/Index/currentCount.html?search=LED%20DOWNLIGHT:at
INFO: [ app_begin ] --START--
INFO: Run Behavior\ReadHtmlCache [ RunTime:0.000058s ]
INFO: [ app_begin ] --END-- [ RunTime:0.000258s ]
SQL: SHOW COLUMNS FROM `onethink_config` [ RunTime:0.000582s ]
SQL: SELECT `type`,`name`,`value` FROM `onethink_config` WHERE ( `status` = 1 )  [ RunTime:0.000462s ]

[ 2016-10-02T23:44:50+08:00 ] 183.56.182.19 /Home/Index/currentCount.html?search=LED%20DOWNLIGHT:at
INFO: [ app_begin ] --START--
INFO: Run Behavior\ReadHtmlCache [ RunTime:0.000092s ]
INFO: [ app_begin ] --END-- [ RunTime:0.000295s ]
SQL: SHOW COLUMNS FROM `onethink_config` [ RunTime:0.000831s ]
SQL: SELECT `type`,`name`,`value` FROM `onethink_config` WHERE ( `status` = 1 )  [ RunTime:0.000511s ]

[ 2016-10-02T23:44:54+08:00 ] 183.56.182.19 /Home/Index/currentCount.html?search=LED%20DOWNLIGHT:at
INFO: [ app_begin ] --START--
INFO: Run Behavior\ReadHtmlCache [ RunTime:0.000064s ]
INFO: [ app_begin ] --END-- [ RunTime:0.000174s ]
SQL: SHOW COLUMNS FROM `onethink_config` [ RunTime:0.000598s ]
SQL: SELECT `type`,`name`,`value` FROM `onethink_config` WHERE ( `status` = 1 )  [ RunTime:0.000367s ]

[ 2016-10-02T23:45:00+08:00 ] 183.56.182.19 /Home/Index/currentCount.html?search=LED%20DOWNLIGHT:at
INFO: [ app_begin ] --START--
INFO: Run Behavior\ReadHtmlCache [ RunTime:0.000050s ]
INFO: [ app_begin ] --END-- [ RunTime:0.000173s ]
SQL: SHOW COLUMNS FROM `onethink_config` [ RunTime:0.000556s ]
SQL: SELECT `type`,`name`,`value` FROM `onethink_config` WHERE ( `status` = 1 )  [ RunTime:0.000372s ]

[ 2016-10-02T23:45:05+08:00 ] 183.56.182.19 /Home/Index/totalCount.html
INFO: [ app_begin ] --START--
INFO: Run Behavior\ReadHtmlCache [ RunTime:0.000084s ]
INFO: [ app_begin ] --END-- [ RunTime:0.000264s ]
SQL: SHOW COLUMNS FROM `onethink_config` [ RunTime:0.000815s ]
SQL: SELECT `type`,`name`,`value` FROM `onethink_config` WHERE ( `status` = 1 )  [ RunTime:0.000489s ]

[ 2016-10-02T23:45:05+08:00 ] 183.56.182.19 /Home/Index/currentCount.html?search=LED%20DOWNLIGHT:at
INFO: [ app_begin ] --START--
INFO: Run Behavior\ReadHtmlCache [ RunTime:0.000043s ]
INFO: [ app_begin ] --END-- [ RunTime:0.000141s ]
SQL: SHOW COLUMNS FROM `onethink_config` [ RunTime:0.000578s ]
SQL: SELECT `type`,`name`,`value` FROM `onethink_config` WHERE ( `status` = 1 )  [ RunTime:0.000472s ]

[ 2016-10-02T23:45:10+08:00 ] 183.56.182.19 /Home/Index/currentCount.html?search=LED%20DOWNLIGHT:at
INFO: [ app_begin ] --START--
INFO: Run Behavior\ReadHtmlCache [ RunTime:0.000049s ]
INFO: [ app_begin ] --END-- [ RunTime:0.000151s ]
SQL: SHOW COLUMNS FROM `onethink_config` [ RunTime:0.000577s ]
SQL: SELECT `type`,`name`,`value` FROM `onethink_config` WHERE ( `status` = 1 )  [ RunTime:0.000381s ]

[ 2016-10-02T23:45:15+08:00 ] 183.56.182.19 /Home/Index/currentCount.html?search=LED%20DOWNLIGHT:at
INFO: [ app_begin ] --START--
INFO: Run Behavior\ReadHtmlCache [ RunTime:0.000049s ]
INFO: [ app_begin ] --END-- [ RunTime:0.000169s ]
SQL: SHOW COLUMNS FROM `onethink_config` [ RunTime:0.000619s ]
SQL: SELECT `type`,`name`,`value` FROM `onethink_config` WHERE ( `status` = 1 )  [ RunTime:0.000284s ]

[ 2016-10-02T23:45:20+08:00 ] 183.56.182.19 /Home/Index/currentCount.html?search=LED%20DOWNLIGHT:at
INFO: [ app_begin ] --START--
INFO: Run Behavior\ReadHtmlCache [ RunTime:0.000051s ]
INFO: [ app_begin ] --END-- [ RunTime:0.000172s ]
SQL: SHOW COLUMNS FROM `onethink_config` [ RunTime:0.000603s ]
SQL: SELECT `type`,`name`,`value` FROM `onethink_config` WHERE ( `status` = 1 )  [ RunTime:0.000420s ]

[ 2016-10-02T23:45:25+08:00 ] 183.56.182.19 /Home/Index/currentCount.html?search=LED%20DOWNLIGHT:at
INFO: [ app_begin ] --START--
INFO: Run Behavior\ReadHtmlCache [ RunTime:0.000047s ]
INFO: [ app_begin ] --END-- [ RunTime:0.000147s ]
SQL: SHOW COLUMNS FROM `onethink_config` [ RunTime:0.000569s ]
SQL: SELECT `type`,`name`,`value` FROM `onethink_config` WHERE ( `status` = 1 )  [ RunTime:0.000372s ]

[ 2016-10-02T23:45:30+08:00 ] 183.56.182.19 /Home/Index/currentCount.html?search=LED%20DOWNLIGHT:at
INFO: [ app_begin ] --START--
INFO: Run Behavior\ReadHtmlCache [ RunTime:0.000047s ]
INFO: [ app_begin ] --END-- [ RunTime:0.000149s ]
SQL: SHOW COLUMNS FROM `onethink_config` [ RunTime:0.000554s ]
SQL: SELECT `type`,`name`,`value` FROM `onethink_config` WHERE ( `status` = 1 )  [ RunTime:0.000353s ]

[ 2016-10-02T23:45:35+08:00 ] 183.56.182.19 /Home/Index/currentCount.html?search=LED%20DOWNLIGHT:at
INFO: [ app_begin ] --START--
INFO: Run Behavior\ReadHtmlCache [ RunTime:0.000049s ]
INFO: [ app_begin ] --END-- [ RunTime:0.000162s ]
SQL: SHOW COLUMNS FROM `onethink_config` [ RunTime:0.000710s ]
SQL: SELECT `type`,`name`,`value` FROM `onethink_config` WHERE ( `status` = 1 )  [ RunTime:0.000376s ]

[ 2016-10-02T23:45:40+08:00 ] 183.56.182.19 /Home/Index/currentCount.html?search=LED%20DOWNLIGHT:at
INFO: [ app_begin ] --START--
INFO: Run Behavior\ReadHtmlCache [ RunTime:0.000046s ]
INFO: [ app_begin ] --END-- [ RunTime:0.000143s ]
SQL: SHOW COLUMNS FROM `onethink_config` [ RunTime:0.000577s ]
SQL: SELECT `type`,`name`,`value` FROM `onethink_config` WHERE ( `status` = 1 )  [ RunTime:0.000338s ]

[ 2016-10-02T23:45:45+08:00 ] 183.56.182.19 /Home/Index/totalCount.html
INFO: [ app_begin ] --START--
INFO: Run Behavior\ReadHtmlCache [ RunTime:0.000049s ]
INFO: [ app_begin ] --END-- [ RunTime:0.000166s ]
SQL: SHOW COLUMNS FROM `onethink_config` [ RunTime:0.000520s ]
SQL: SELECT `type`,`name`,`value` FROM `onethink_config` WHERE ( `status` = 1 )  [ RunTime:0.000368s ]

[ 2016-10-02T23:45:45+08:00 ] 183.56.182.19 /Home/Index/currentCount.html?search=LED%20DOWNLIGHT:at
INFO: [ app_begin ] --START--
INFO: Run Behavior\ReadHtmlCache [ RunTime:0.000046s ]
INFO: [ app_begin ] --END-- [ RunTime:0.000139s ]
SQL: SHOW COLUMNS FROM `onethink_config` [ RunTime:0.000546s ]
SQL: SELECT `type`,`name`,`value` FROM `onethink_config` WHERE ( `status` = 1 )  [ RunTime:0.000408s ]

[ 2016-10-02T23:45:50+08:00 ] 183.56.182.19 /Home/Index/currentCount.html?search=LED%20DOWNLIGHT:at
INFO: [ app_begin ] --START--
INFO: Run Behavior\ReadHtmlCache [ RunTime:0.000049s ]
INFO: [ app_begin ] --END-- [ RunTime:0.000162s ]
SQL: SHOW COLUMNS FROM `onethink_config` [ RunTime:0.002649s ]
SQL: SELECT `type`,`name`,`value` FROM `onethink_config` WHERE ( `status` = 1 )  [ RunTime:0.000387s ]

[ 2016-10-02T23:45:55+08:00 ] 183.56.182.19 /Home/Index/currentCount.html?search=LED%20DOWNLIGHT:at
INFO: [ app_begin ] --START--
INFO: Run Behavior\ReadHtmlCache [ RunTime:0.000050s ]
INFO: [ app_begin ] --END-- [ RunTime:0.000158s ]
SQL: SHOW COLUMNS FROM `onethink_config` [ RunTime:0.000556s ]
SQL: SELECT `type`,`name`,`value` FROM `onethink_config` WHERE ( `status` = 1 )  [ RunTime:0.000452s ]

[ 2016-10-02T23:46:00+08:00 ] 183.56.182.19 /Home/Index/currentCount.html?search=LED%20DOWNLIGHT:at
INFO: [ app_begin ] --START--
INFO: Run Behavior\ReadHtmlCache [ RunTime:0.000047s ]
INFO: [ app_begin ] --END-- [ RunTime:0.000144s ]
SQL: SHOW COLUMNS FROM `onethink_config` [ RunTime:0.000539s ]
SQL: SELECT `type`,`name`,`value` FROM `onethink_config` WHERE ( `status` = 1 )  [ RunTime:0.000383s ]

[ 2016-10-02T23:46:04+08:00 ] 183.56.182.19 /Home/Index/currentCount.html?search=LED%20DOWNLIGHT:at
INFO: [ app_begin ] --START--
INFO: Run Behavior\ReadHtmlCache [ RunTime:0.000046s ]
INFO: [ app_begin ] --END-- [ RunTime:0.000143s ]
SQL: SHOW COLUMNS FROM `onethink_config` [ RunTime:0.000530s ]
SQL: SELECT `type`,`name`,`value` FROM `onethink_config` WHERE ( `status` = 1 )  [ RunTime:0.000368s ]

[ 2016-10-02T23:46:10+08:00 ] 183.56.182.19 /Home/Index/currentCount.html?search=LED%20DOWNLIGHT:at
INFO: [ app_begin ] --START--
INFO: Run Behavior\ReadHtmlCache [ RunTime:0.000046s ]
INFO: [ app_begin ] --END-- [ RunTime:0.000143s ]
SQL: SHOW COLUMNS FROM `onethink_config` [ RunTime:0.000526s ]
SQL: SELECT `type`,`name`,`value` FROM `onethink_config` WHERE ( `status` = 1 )  [ RunTime:0.000347s ]

[ 2016-10-02T23:46:15+08:00 ] 183.56.182.19 /Home/Index/currentCount.html?search=LED%20DOWNLIGHT:at
INFO: [ app_begin ] --START--
INFO: Run Behavior\ReadHtmlCache [ RunTime:0.000047s ]
INFO: [ app_begin ] --END-- [ RunTime:0.000154s ]
SQL: SHOW COLUMNS FROM `onethink_config` [ RunTime:0.000497s ]
SQL: SELECT `type`,`name`,`value` FROM `onethink_config` WHERE ( `status` = 1 )  [ RunTime:0.000340s ]

[ 2016-10-02T23:46:20+08:00 ] 183.56.182.19 /Home/Index/currentCount.html?search=LED%20DOWNLIGHT:at
INFO: [ app_begin ] --START--
INFO: Run Behavior\ReadHtmlCache [ RunTime:0.000050s ]
INFO: [ app_begin ] --END-- [ RunTime:0.000168s ]
SQL: SHOW COLUMNS FROM `onethink_config` [ RunTime:0.000541s ]
SQL: SELECT `type`,`name`,`value` FROM `onethink_config` WHERE ( `status` = 1 )  [ RunTime:0.000339s ]

[ 2016-10-02T23:46:25+08:00 ] 183.56.182.19 /Home/Index/totalCount.html
INFO: [ app_begin ] --START--
INFO: Run Behavior\ReadHtmlCache [ RunTime:0.000051s ]
INFO: [ app_begin ] --END-- [ RunTime:0.000157s ]
SQL: SHOW COLUMNS FROM `onethink_config` [ RunTime:0.004676s ]
SQL: SELECT `type`,`name`,`value` FROM `onethink_config` WHERE ( `status` = 1 )  [ RunTime:0.000391s ]

[ 2016-10-02T23:46:25+08:00 ] 183.56.182.19 /Home/Index/currentCount.html?search=LED%20DOWNLIGHT:at
INFO: [ app_begin ] --START--
INFO: Run Behavior\ReadHtmlCache [ RunTime:0.000043s ]
INFO: [ app_begin ] --END-- [ RunTime:0.000137s ]
SQL: SHOW COLUMNS FROM `onethink_config` [ RunTime:0.000399s ]
SQL: SELECT `type`,`name`,`value` FROM `onethink_config` WHERE ( `status` = 1 )  [ RunTime:0.000329s ]

[ 2016-10-02T23:46:30+08:00 ] 183.56.182.19 /Home/Index/currentCount.html?search=LED%20DOWNLIGHT:at
INFO: [ app_begin ] --START--
INFO: Run Behavior\ReadHtmlCache [ RunTime:0.000052s ]
INFO: [ app_begin ] --END-- [ RunTime:0.000167s ]
SQL: SHOW COLUMNS FROM `onethink_config` [ RunTime:0.000583s ]
SQL: SELECT `type`,`name`,`value` FROM `onethink_config` WHERE ( `status` = 1 )  [ RunTime:0.000365s ]

[ 2016-10-02T23:46:35+08:00 ] 183.56.182.19 /Home/Index/currentCount.html?search=LED%20DOWNLIGHT:at
INFO: [ app_begin ] --START--
INFO: Run Behavior\ReadHtmlCache [ RunTime:0.000057s ]
INFO: [ app_begin ] --END-- [ RunTime:0.000179s ]
SQL: SHOW COLUMNS FROM `onethink_config` [ RunTime:0.000587s ]
SQL: SELECT `type`,`name`,`value` FROM `onethink_config` WHERE ( `status` = 1 )  [ RunTime:0.000384s ]

[ 2016-10-02T23:46:40+08:00 ] 183.56.182.19 /Home/Index/currentCount.html?search=LED%20DOWNLIGHT:at
INFO: [ app_begin ] --START--
INFO: Run Behavior\ReadHtmlCache [ RunTime:0.000076s ]
INFO: [ app_begin ] --END-- [ RunTime:0.000216s ]
SQL: SHOW COLUMNS FROM `onethink_config` [ RunTime:0.000600s ]
SQL: SELECT `type`,`name`,`value` FROM `onethink_config` WHERE ( `status` = 1 )  [ RunTime:0.000395s ]

[ 2016-10-02T23:46:45+08:00 ] 183.56.182.19 /Home/Index/currentCount.html?search=LED%20DOWNLIGHT:at
INFO: [ app_begin ] --START--
INFO: Run Behavior\ReadHtmlCache [ RunTime:0.000056s ]
INFO: [ app_begin ] --END-- [ RunTime:0.000153s ]
SQL: SHOW COLUMNS FROM `onethink_config` [ RunTime:0.000548s ]
SQL: SELECT `type`,`name`,`value` FROM `onethink_config` WHERE ( `status` = 1 )  [ RunTime:0.000319s ]

[ 2016-10-02T23:46:50+08:00 ] 183.56.182.19 /Home/Index/currentCount.html?search=LED%20DOWNLIGHT:at
INFO: [ app_begin ] --START--
INFO: Run Behavior\ReadHtmlCache [ RunTime:0.000085s ]
INFO: [ app_begin ] --END-- [ RunTime:0.000293s ]
SQL: SHOW COLUMNS FROM `onethink_config` [ RunTime:0.000568s ]
SQL: SELECT `type`,`name`,`value` FROM `onethink_config` WHERE ( `status` = 1 )  [ RunTime:0.000497s ]

[ 2016-10-02T23:46:56+08:00 ] 183.56.182.19 /Home/Index/currentCount.html?search=LED%20DOWNLIGHT:at
INFO: [ app_begin ] --START--
INFO: Run Behavior\ReadHtmlCache [ RunTime:0.000049s ]
INFO: [ app_begin ] --END-- [ RunTime:0.000152s ]
SQL: SHOW COLUMNS FROM `onethink_config` [ RunTime:0.000578s ]
SQL: SELECT `type`,`name`,`value` FROM `onethink_config` WHERE ( `status` = 1 )  [ RunTime:0.000437s ]

[ 2016-10-02T23:47:00+08:00 ] 183.56.182.19 /Home/Index/currentCount.html?search=LED%20DOWNLIGHT:at
INFO: [ app_begin ] --START--
INFO: Run Behavior\ReadHtmlCache [ RunTime:0.000045s ]
INFO: [ app_begin ] --END-- [ RunTime:0.000141s ]
SQL: SHOW COLUMNS FROM `onethink_config` [ RunTime:0.000579s ]
SQL: SELECT `type`,`name`,`value` FROM `onethink_config` WHERE ( `status` = 1 )  [ RunTime:0.000407s ]

[ 2016-10-02T23:47:05+08:00 ] 183.56.182.19 /Home/Index/totalCount.html
INFO: [ app_begin ] --START--
INFO: Run Behavior\ReadHtmlCache [ RunTime:0.000046s ]
INFO: [ app_begin ] --END-- [ RunTime:0.000161s ]
SQL: SHOW COLUMNS FROM `onethink_config` [ RunTime:0.000533s ]
SQL: SELECT `type`,`name`,`value` FROM `onethink_config` WHERE ( `status` = 1 )  [ RunTime:0.000449s ]

[ 2016-10-02T23:47:05+08:00 ] 183.56.182.19 /Home/Index/currentCount.html?search=LED%20DOWNLIGHT:at
INFO: [ app_begin ] --START--
INFO: Run Behavior\ReadHtmlCache [ RunTime:0.000060s ]
INFO: [ app_begin ] --END-- [ RunTime:0.000150s ]
SQL: SHOW COLUMNS FROM `onethink_config` [ RunTime:0.000475s ]
SQL: SELECT `type`,`name`,`value` FROM `onethink_config` WHERE ( `status` = 1 )  [ RunTime:0.000252s ]

[ 2016-10-02T23:47:10+08:00 ] 183.56.182.19 /Home/Index/currentCount.html?search=LED%20DOWNLIGHT:at
INFO: [ app_begin ] --START--
INFO: Run Behavior\ReadHtmlCache [ RunTime:0.000053s ]
INFO: [ app_begin ] --END-- [ RunTime:0.000174s ]
SQL: SHOW COLUMNS FROM `onethink_config` [ RunTime:0.000546s ]
SQL: SELECT `type`,`name`,`value` FROM `onethink_config` WHERE ( `status` = 1 )  [ RunTime:0.000361s ]

[ 2016-10-02T23:47:15+08:00 ] 183.56.182.19 /Home/Index/currentCount.html?search=LED%20DOWNLIGHT:at
INFO: [ app_begin ] --START--
INFO: Run Behavior\ReadHtmlCache [ RunTime:0.000047s ]
INFO: [ app_begin ] --END-- [ RunTime:0.000149s ]
SQL: SHOW COLUMNS FROM `onethink_config` [ RunTime:0.000543s ]
SQL: SELECT `type`,`name`,`value` FROM `onethink_config` WHERE ( `status` = 1 )  [ RunTime:0.000358s ]

[ 2016-10-02T23:47:20+08:00 ] 183.56.182.19 /Home/Index/currentCount.html?search=LED%20DOWNLIGHT:at
INFO: [ app_begin ] --START--
INFO: Run Behavior\ReadHtmlCache [ RunTime:0.000070s ]
INFO: [ app_begin ] --END-- [ RunTime:0.000219s ]
SQL: SHOW COLUMNS FROM `onethink_config` [ RunTime:0.000850s ]
SQL: SELECT `type`,`name`,`value` FROM `onethink_config` WHERE ( `status` = 1 )  [ RunTime:0.000464s ]

[ 2016-10-02T23:47:25+08:00 ] 183.56.182.19 /Home/Index/currentCount.html?search=LED%20DOWNLIGHT:at
INFO: [ app_begin ] --START--
INFO: Run Behavior\ReadHtmlCache [ RunTime:0.000046s ]
INFO: [ app_begin ] --END-- [ RunTime:0.000140s ]
SQL: SHOW COLUMNS FROM `onethink_config` [ RunTime:0.000527s ]
SQL: SELECT `type`,`name`,`value` FROM `onethink_config` WHERE ( `status` = 1 )  [ RunTime:0.000351s ]

[ 2016-10-02T23:47:30+08:00 ] 183.56.182.19 /Home/Index/currentCount.html?search=LED%20DOWNLIGHT:at
INFO: [ app_begin ] --START--
INFO: Run Behavior\ReadHtmlCache [ RunTime:0.000123s ]
INFO: [ app_begin ] --END-- [ RunTime:0.000578s ]
SQL: SHOW COLUMNS FROM `onethink_config` [ RunTime:0.000891s ]
SQL: SELECT `type`,`name`,`value` FROM `onethink_config` WHERE ( `status` = 1 )  [ RunTime:0.000387s ]

[ 2016-10-02T23:47:38+08:00 ] 183.56.182.19 /Home/Index/currentCount.html?search=LED%20DOWNLIGHT:at
INFO: [ app_begin ] --START--
INFO: Run Behavior\ReadHtmlCache [ RunTime:0.000046s ]
INFO: [ app_begin ] --END-- [ RunTime:0.000143s ]
SQL: SHOW COLUMNS FROM `onethink_config` [ RunTime:0.000562s ]
SQL: SELECT `type`,`name`,`value` FROM `onethink_config` WHERE ( `status` = 1 )  [ RunTime:0.000354s ]

[ 2016-10-02T23:47:40+08:00 ] 183.56.182.19 /Home/Index/currentCount.html?search=LED%20DOWNLIGHT:at
INFO: [ app_begin ] --START--
INFO: Run Behavior\ReadHtmlCache [ RunTime:0.000044s ]
INFO: [ app_begin ] --END-- [ RunTime:0.000155s ]
SQL: SHOW COLUMNS FROM `onethink_config` [ RunTime:0.000534s ]
SQL: SELECT `type`,`name`,`value` FROM `onethink_config` WHERE ( `status` = 1 )  [ RunTime:0.000399s ]

[ 2016-10-02T23:47:45+08:00 ] 183.56.182.19 /Home/Index/totalCount.html
INFO: [ app_begin ] --START--
INFO: Run Behavior\ReadHtmlCache [ RunTime:0.000049s ]
INFO: [ app_begin ] --END-- [ RunTime:0.000155s ]
SQL: SHOW COLUMNS FROM `onethink_config` [ RunTime:0.000547s ]
SQL: SELECT `type`,`name`,`value` FROM `onethink_config` WHERE ( `status` = 1 )  [ RunTime:0.000355s ]

[ 2016-10-02T23:47:45+08:00 ] 183.56.182.19 /Home/Index/currentCount.html?search=LED%20DOWNLIGHT:at
INFO: [ app_begin ] --START--
INFO: Run Behavior\ReadHtmlCache [ RunTime:0.000057s ]
INFO: [ app_begin ] --END-- [ RunTime:0.000151s ]
SQL: SHOW COLUMNS FROM `onethink_config` [ RunTime:0.000399s ]
SQL: SELECT `type`,`name`,`value` FROM `onethink_config` WHERE ( `status` = 1 )  [ RunTime:0.000316s ]

[ 2016-10-02T23:47:50+08:00 ] 183.56.182.19 /Home/Index/currentCount.html?search=LED%20DOWNLIGHT:at
INFO: [ app_begin ] --START--
INFO: Run Behavior\ReadHtmlCache [ RunTime:0.000055s ]
INFO: [ app_begin ] --END-- [ RunTime:0.000152s ]
SQL: SHOW COLUMNS FROM `onethink_config` [ RunTime:0.003018s ]
SQL: SELECT `type`,`name`,`value` FROM `onethink_config` WHERE ( `status` = 1 )  [ RunTime:0.000353s ]

[ 2016-10-02T23:47:54+08:00 ] 183.56.182.19 /Home/Index/currentCount.html?search=LED%20DOWNLIGHT:at
INFO: [ app_begin ] --START--
INFO: Run Behavior\ReadHtmlCache [ RunTime:0.000055s ]
INFO: [ app_begin ] --END-- [ RunTime:0.000204s ]
SQL: SHOW COLUMNS FROM `onethink_config` [ RunTime:0.000613s ]
SQL: SELECT `type`,`name`,`value` FROM `onethink_config` WHERE ( `status` = 1 )  [ RunTime:0.000361s ]

[ 2016-10-02T23:48:00+08:00 ] 183.56.182.19 /Home/Index/currentCount.html?search=LED%20DOWNLIGHT:at
INFO: [ app_begin ] --START--
INFO: Run Behavior\ReadHtmlCache [ RunTime:0.000048s ]
INFO: [ app_begin ] --END-- [ RunTime:0.000145s ]
SQL: SHOW COLUMNS FROM `onethink_config` [ RunTime:0.000539s ]
SQL: SELECT `type`,`name`,`value` FROM `onethink_config` WHERE ( `status` = 1 )  [ RunTime:0.000352s ]

[ 2016-10-02T23:48:05+08:00 ] 183.56.182.19 /Home/Index/currentCount.html?search=LED%20DOWNLIGHT:at
INFO: [ app_begin ] --START--
INFO: Run Behavior\ReadHtmlCache [ RunTime:0.000044s ]
INFO: [ app_begin ] --END-- [ RunTime:0.000138s ]
SQL: SHOW COLUMNS FROM `onethink_config` [ RunTime:0.000524s ]
SQL: SELECT `type`,`name`,`value` FROM `onethink_config` WHERE ( `status` = 1 )  [ RunTime:0.000346s ]

[ 2016-10-02T23:48:10+08:00 ] 183.56.182.19 /Home/Index/currentCount.html?search=LED%20DOWNLIGHT:at
INFO: [ app_begin ] --START--
INFO: Run Behavior\ReadHtmlCache [ RunTime:0.000047s ]
INFO: [ app_begin ] --END-- [ RunTime:0.000149s ]
SQL: SHOW COLUMNS FROM `onethink_config` [ RunTime:0.000512s ]
SQL: SELECT `type`,`name`,`value` FROM `onethink_config` WHERE ( `status` = 1 )  [ RunTime:0.000348s ]

[ 2016-10-02T23:48:15+08:00 ] 183.56.182.19 /Home/Index/currentCount.html?search=LED%20DOWNLIGHT:at
INFO: [ app_begin ] --START--
INFO: Run Behavior\ReadHtmlCache [ RunTime:0.000047s ]
INFO: [ app_begin ] --END-- [ RunTime:0.000162s ]
SQL: SHOW COLUMNS FROM `onethink_config` [ RunTime:0.000560s ]
SQL: SELECT `type`,`name`,`value` FROM `onethink_config` WHERE ( `status` = 1 )  [ RunTime:0.000260s ]

[ 2016-10-02T23:48:20+08:00 ] 183.56.182.19 /Home/Index/currentCount.html?search=LED%20DOWNLIGHT:at
INFO: [ app_begin ] --START--
INFO: Run Behavior\ReadHtmlCache [ RunTime:0.000051s ]
INFO: [ app_begin ] --END-- [ RunTime:0.000157s ]
SQL: SHOW COLUMNS FROM `onethink_config` [ RunTime:0.000602s ]
SQL: SELECT `type`,`name`,`value` FROM `onethink_config` WHERE ( `status` = 1 )  [ RunTime:0.000415s ]

[ 2016-10-02T23:48:25+08:00 ] 183.56.182.19 /Home/Index/totalCount.html
INFO: [ app_begin ] --START--
INFO: Run Behavior\ReadHtmlCache [ RunTime:0.000044s ]
INFO: [ app_begin ] --END-- [ RunTime:0.000141s ]
SQL: SHOW COLUMNS FROM `onethink_config` [ RunTime:0.000515s ]
SQL: SELECT `type`,`name`,`value` FROM `onethink_config` WHERE ( `status` = 1 )  [ RunTime:0.000323s ]

[ 2016-10-02T23:48:25+08:00 ] 183.56.182.19 /Home/Index/currentCount.html?search=LED%20DOWNLIGHT:at
INFO: [ app_begin ] --START--
INFO: Run Behavior\ReadHtmlCache [ RunTime:0.000044s ]
INFO: [ app_begin ] --END-- [ RunTime:0.000150s ]
SQL: SHOW COLUMNS FROM `onethink_config` [ RunTime:0.000490s ]
SQL: SELECT `type`,`name`,`value` FROM `onethink_config` WHERE ( `status` = 1 )  [ RunTime:0.000328s ]

[ 2016-10-02T23:48:31+08:00 ] 183.56.182.19 /Home/Index/currentCount.html?search=LED%20DOWNLIGHT:at
INFO: [ app_begin ] --START--
INFO: Run Behavior\ReadHtmlCache [ RunTime:0.000046s ]
INFO: [ app_begin ] --END-- [ RunTime:0.000142s ]
SQL: SHOW COLUMNS FROM `onethink_config` [ RunTime:0.000509s ]
SQL: SELECT `type`,`name`,`value` FROM `onethink_config` WHERE ( `status` = 1 )  [ RunTime:0.000333s ]

[ 2016-10-02T23:48:35+08:00 ] 183.56.182.19 /Home/Index/currentCount.html?search=LED%20DOWNLIGHT:at
INFO: [ app_begin ] --START--
INFO: Run Behavior\ReadHtmlCache [ RunTime:0.000048s ]
INFO: [ app_begin ] --END-- [ RunTime:0.000149s ]
SQL: SHOW COLUMNS FROM `onethink_config` [ RunTime:0.000584s ]
SQL: SELECT `type`,`name`,`value` FROM `onethink_config` WHERE ( `status` = 1 )  [ RunTime:0.000366s ]

[ 2016-10-02T23:48:40+08:00 ] 183.56.182.19 /Home/Index/currentCount.html?search=LED%20DOWNLIGHT:at
INFO: [ app_begin ] --START--
INFO: Run Behavior\ReadHtmlCache [ RunTime:0.000045s ]
INFO: [ app_begin ] --END-- [ RunTime:0.000141s ]
SQL: SHOW COLUMNS FROM `onethink_config` [ RunTime:0.000528s ]
SQL: SELECT `type`,`name`,`value` FROM `onethink_config` WHERE ( `status` = 1 )  [ RunTime:0.000322s ]

[ 2016-10-02T23:48:45+08:00 ] 183.56.182.19 /Home/Index/currentCount.html?search=LED%20DOWNLIGHT:at
INFO: [ app_begin ] --START--
INFO: Run Behavior\ReadHtmlCache [ RunTime:0.000045s ]
INFO: [ app_begin ] --END-- [ RunTime:0.000142s ]
SQL: SHOW COLUMNS FROM `onethink_config` [ RunTime:0.000501s ]
SQL: SELECT `type`,`name`,`value` FROM `onethink_config` WHERE ( `status` = 1 )  [ RunTime:0.000380s ]

[ 2016-10-02T23:48:50+08:00 ] 183.56.182.19 /Home/Index/currentCount.html?search=LED%20DOWNLIGHT:at
INFO: [ app_begin ] --START--
INFO: Run Behavior\ReadHtmlCache [ RunTime:0.000045s ]
INFO: [ app_begin ] --END-- [ RunTime:0.000140s ]
SQL: SHOW COLUMNS FROM `onethink_config` [ RunTime:0.000513s ]
SQL: SELECT `type`,`name`,`value` FROM `onethink_config` WHERE ( `status` = 1 )  [ RunTime:0.000338s ]

[ 2016-10-02T23:48:54+08:00 ] 183.56.182.19 /Home/Index/currentCount.html?search=LED%20DOWNLIGHT:at
INFO: [ app_begin ] --START--
INFO: Run Behavior\ReadHtmlCache [ RunTime:0.000054s ]
INFO: [ app_begin ] --END-- [ RunTime:0.000188s ]
SQL: SHOW COLUMNS FROM `onethink_config` [ RunTime:0.000504s ]
SQL: SELECT `type`,`name`,`value` FROM `onethink_config` WHERE ( `status` = 1 )  [ RunTime:0.000324s ]

[ 2016-10-02T23:49:00+08:00 ] 183.56.182.19 /Home/Index/currentCount.html?search=LED%20DOWNLIGHT:at
INFO: [ app_begin ] --START--
INFO: Run Behavior\ReadHtmlCache [ RunTime:0.000053s ]
INFO: [ app_begin ] --END-- [ RunTime:0.000175s ]
SQL: SHOW COLUMNS FROM `onethink_config` [ RunTime:0.000558s ]
SQL: SELECT `type`,`name`,`value` FROM `onethink_config` WHERE ( `status` = 1 )  [ RunTime:0.000390s ]

[ 2016-10-02T23:49:04+08:00 ] 183.56.182.19 /Home/Index/totalCount.html
INFO: [ app_begin ] --START--
INFO: Run Behavior\ReadHtmlCache [ RunTime:0.000053s ]
INFO: [ app_begin ] --END-- [ RunTime:0.000178s ]
SQL: SHOW COLUMNS FROM `onethink_config` [ RunTime:0.000548s ]
SQL: SELECT `type`,`name`,`value` FROM `onethink_config` WHERE ( `status` = 1 )  [ RunTime:0.000360s ]

[ 2016-10-02T23:49:04+08:00 ] 183.56.182.19 /Home/Index/currentCount.html?search=LED%20DOWNLIGHT:at
INFO: [ app_begin ] --START--
INFO: Run Behavior\ReadHtmlCache [ RunTime:0.000044s ]
INFO: [ app_begin ] --END-- [ RunTime:0.000135s ]
SQL: SHOW COLUMNS FROM `onethink_config` [ RunTime:0.000407s ]
SQL: SELECT `type`,`name`,`value` FROM `onethink_config` WHERE ( `status` = 1 )  [ RunTime:0.000313s ]

[ 2016-10-02T23:49:10+08:00 ] 183.56.182.19 /Home/Index/currentCount.html?search=LED%20DOWNLIGHT:at
INFO: [ app_begin ] --START--
INFO: Run Behavior\ReadHtmlCache [ RunTime:0.000048s ]
INFO: [ app_begin ] --END-- [ RunTime:0.000147s ]
SQL: SHOW COLUMNS FROM `onethink_config` [ RunTime:0.000564s ]
SQL: SELECT `type`,`name`,`value` FROM `onethink_config` WHERE ( `status` = 1 )  [ RunTime:0.000352s ]

[ 2016-10-02T23:49:15+08:00 ] 183.56.182.19 /Home/Index/currentCount.html?search=LED%20DOWNLIGHT:at
INFO: [ app_begin ] --START--
INFO: Run Behavior\ReadHtmlCache [ RunTime:0.000047s ]
INFO: [ app_begin ] --END-- [ RunTime:0.000146s ]
SQL: SHOW COLUMNS FROM `onethink_config` [ RunTime:0.000555s ]
SQL: SELECT `type`,`name`,`value` FROM `onethink_config` WHERE ( `status` = 1 )  [ RunTime:0.001721s ]

[ 2016-10-02T23:49:20+08:00 ] 183.56.182.19 /Home/Index/currentCount.html?search=LED%20DOWNLIGHT:at
INFO: [ app_begin ] --START--
INFO: Run Behavior\ReadHtmlCache [ RunTime:0.000054s ]
INFO: [ app_begin ] --END-- [ RunTime:0.000179s ]
SQL: SHOW COLUMNS FROM `onethink_config` [ RunTime:0.003614s ]
SQL: SELECT `type`,`name`,`value` FROM `onethink_config` WHERE ( `status` = 1 )  [ RunTime:0.000357s ]

[ 2016-10-02T23:49:25+08:00 ] 183.56.182.19 /Home/Index/currentCount.html?search=LED%20DOWNLIGHT:at
INFO: [ app_begin ] --START--
INFO: Run Behavior\ReadHtmlCache [ RunTime:0.000084s ]
INFO: [ app_begin ] --END-- [ RunTime:0.000257s ]
SQL: SHOW COLUMNS FROM `onethink_config` [ RunTime:0.000720s ]
SQL: SELECT `type`,`name`,`value` FROM `onethink_config` WHERE ( `status` = 1 )  [ RunTime:0.000502s ]

[ 2016-10-02T23:49:30+08:00 ] 183.56.182.19 /Home/Index/currentCount.html?search=LED%20DOWNLIGHT:at
INFO: [ app_begin ] --START--
INFO: Run Behavior\ReadHtmlCache [ RunTime:0.000067s ]
INFO: [ app_begin ] --END-- [ RunTime:0.000267s ]
SQL: SHOW COLUMNS FROM `onethink_config` [ RunTime:0.000524s ]
SQL: SELECT `type`,`name`,`value` FROM `onethink_config` WHERE ( `status` = 1 )  [ RunTime:0.000336s ]

[ 2016-10-02T23:49:35+08:00 ] 183.56.182.19 /Home/Index/currentCount.html?search=LED%20DOWNLIGHT:at
INFO: [ app_begin ] --START--
INFO: Run Behavior\ReadHtmlCache [ RunTime:0.000070s ]
INFO: [ app_begin ] --END-- [ RunTime:0.000183s ]
SQL: SHOW COLUMNS FROM `onethink_config` [ RunTime:0.000517s ]
SQL: SELECT `type`,`name`,`value` FROM `onethink_config` WHERE ( `status` = 1 )  [ RunTime:0.000319s ]

[ 2016-10-02T23:49:40+08:00 ] 183.56.182.19 /Home/Index/currentCount.html?search=LED%20DOWNLIGHT:at
INFO: [ app_begin ] --START--
INFO: Run Behavior\ReadHtmlCache [ RunTime:0.000056s ]
INFO: [ app_begin ] --END-- [ RunTime:0.000155s ]
SQL: SHOW COLUMNS FROM `onethink_config` [ RunTime:0.000532s ]
SQL: SELECT `type`,`name`,`value` FROM `onethink_config` WHERE ( `status` = 1 )  [ RunTime:0.000357s ]

[ 2016-10-02T23:49:45+08:00 ] 183.56.182.19 /Home/Index/totalCount.html
INFO: [ app_begin ] --START--
INFO: Run Behavior\ReadHtmlCache [ RunTime:0.000047s ]
INFO: [ app_begin ] --END-- [ RunTime:0.000178s ]
SQL: SHOW COLUMNS FROM `onethink_config` [ RunTime:0.000525s ]
SQL: SELECT `type`,`name`,`value` FROM `onethink_config` WHERE ( `status` = 1 )  [ RunTime:0.000346s ]

[ 2016-10-02T23:49:45+08:00 ] 183.56.182.19 /Home/Index/currentCount.html?search=LED%20DOWNLIGHT:at
INFO: [ app_begin ] --START--
INFO: Run Behavior\ReadHtmlCache [ RunTime:0.000041s ]
INFO: [ app_begin ] --END-- [ RunTime:0.000127s ]
SQL: SHOW COLUMNS FROM `onethink_config` [ RunTime:0.000398s ]
SQL: SELECT `type`,`name`,`value` FROM `onethink_config` WHERE ( `status` = 1 )  [ RunTime:0.000297s ]

[ 2016-10-02T23:49:50+08:00 ] 183.56.182.19 /Home/Index/currentCount.html?search=LED%20DOWNLIGHT:at
INFO: [ app_begin ] --START--
INFO: Run Behavior\ReadHtmlCache [ RunTime:0.000046s ]
INFO: [ app_begin ] --END-- [ RunTime:0.000143s ]
SQL: SHOW COLUMNS FROM `onethink_config` [ RunTime:0.000564s ]
SQL: SELECT `type`,`name`,`value` FROM `onethink_config` WHERE ( `status` = 1 )  [ RunTime:0.000354s ]

[ 2016-10-02T23:49:55+08:00 ] 183.56.182.19 /Home/Index/currentCount.html?search=LED%20DOWNLIGHT:at
INFO: [ app_begin ] --START--
INFO: Run Behavior\ReadHtmlCache [ RunTime:0.000058s ]
INFO: [ app_begin ] --END-- [ RunTime:0.000159s ]
SQL: SHOW COLUMNS FROM `onethink_config` [ RunTime:0.003038s ]
SQL: SELECT `type`,`name`,`value` FROM `onethink_config` WHERE ( `status` = 1 )  [ RunTime:0.000350s ]

[ 2016-10-02T23:50:00+08:00 ] 183.56.182.19 /Home/Index/currentCount.html?search=LED%20DOWNLIGHT:at
INFO: [ app_begin ] --START--
INFO: Run Behavior\ReadHtmlCache [ RunTime:0.000047s ]
INFO: [ app_begin ] --END-- [ RunTime:0.000172s ]
SQL: SHOW COLUMNS FROM `onethink_config` [ RunTime:0.000559s ]
SQL: SELECT `type`,`name`,`value` FROM `onethink_config` WHERE ( `status` = 1 )  [ RunTime:0.000380s ]

[ 2016-10-02T23:50:04+08:00 ] 183.56.182.19 /Home/Index/currentCount.html?search=LED%20DOWNLIGHT:at
INFO: [ app_begin ] --START--
INFO: Run Behavior\ReadHtmlCache [ RunTime:0.000067s ]
INFO: [ app_begin ] --END-- [ RunTime:0.000193s ]
SQL: SHOW COLUMNS FROM `onethink_config` [ RunTime:0.000511s ]
SQL: SELECT `type`,`name`,`value` FROM `onethink_config` WHERE ( `status` = 1 )  [ RunTime:0.000334s ]

[ 2016-10-02T23:50:10+08:00 ] 183.56.182.19 /Home/Index/currentCount.html?search=LED%20DOWNLIGHT:at
INFO: [ app_begin ] --START--
INFO: Run Behavior\ReadHtmlCache [ RunTime:0.000083s ]
INFO: [ app_begin ] --END-- [ RunTime:0.000250s ]
SQL: SHOW COLUMNS FROM `onethink_config` [ RunTime:0.000795s ]
SQL: SELECT `type`,`name`,`value` FROM `onethink_config` WHERE ( `status` = 1 )  [ RunTime:0.000357s ]

[ 2016-10-02T23:50:15+08:00 ] 183.56.182.19 /Home/Index/currentCount.html?search=LED%20DOWNLIGHT:at
INFO: [ app_begin ] --START--
INFO: Run Behavior\ReadHtmlCache [ RunTime:0.000045s ]
INFO: [ app_begin ] --END-- [ RunTime:0.000145s ]
SQL: SHOW COLUMNS FROM `onethink_config` [ RunTime:0.000530s ]
SQL: SELECT `type`,`name`,`value` FROM `onethink_config` WHERE ( `status` = 1 )  [ RunTime:0.000376s ]

[ 2016-10-02T23:50:20+08:00 ] 183.56.182.19 /Home/Index/currentCount.html?search=LED%20DOWNLIGHT:at
INFO: [ app_begin ] --START--
INFO: Run Behavior\ReadHtmlCache [ RunTime:0.000049s ]
INFO: [ app_begin ] --END-- [ RunTime:0.000154s ]
SQL: SHOW COLUMNS FROM `onethink_config` [ RunTime:0.000654s ]
SQL: SELECT `type`,`name`,`value` FROM `onethink_config` WHERE ( `status` = 1 )  [ RunTime:0.000432s ]

[ 2016-10-02T23:50:25+08:00 ] 183.56.182.19 /Home/Index/totalCount.html
INFO: [ app_begin ] --START--
INFO: Run Behavior\ReadHtmlCache [ RunTime:0.000046s ]
INFO: [ app_begin ] --END-- [ RunTime:0.000158s ]
SQL: SHOW COLUMNS FROM `onethink_config` [ RunTime:0.000514s ]
SQL: SELECT `type`,`name`,`value` FROM `onethink_config` WHERE ( `status` = 1 )  [ RunTime:0.000434s ]

[ 2016-10-02T23:50:25+08:00 ] 183.56.182.19 /Home/Index/currentCount.html?search=LED%20DOWNLIGHT:at
INFO: [ app_begin ] --START--
INFO: Run Behavior\ReadHtmlCache [ RunTime:0.000043s ]
INFO: [ app_begin ] --END-- [ RunTime:0.000134s ]
SQL: SHOW COLUMNS FROM `onethink_config` [ RunTime:0.000479s ]
SQL: SELECT `type`,`name`,`value` FROM `onethink_config` WHERE ( `status` = 1 )  [ RunTime:0.000333s ]

[ 2016-10-02T23:50:30+08:00 ] 183.56.182.19 /Home/Index/currentCount.html?search=LED%20DOWNLIGHT:at
INFO: [ app_begin ] --START--
INFO: Run Behavior\ReadHtmlCache [ RunTime:0.000048s ]
INFO: [ app_begin ] --END-- [ RunTime:0.000147s ]
SQL: SHOW COLUMNS FROM `onethink_config` [ RunTime:0.003085s ]
SQL: SELECT `type`,`name`,`value` FROM `onethink_config` WHERE ( `status` = 1 )  [ RunTime:0.000342s ]

[ 2016-10-02T23:50:35+08:00 ] 183.56.182.19 /Home/Index/currentCount.html?search=LED%20DOWNLIGHT:at
INFO: [ app_begin ] --START--
INFO: Run Behavior\ReadHtmlCache [ RunTime:0.000067s ]
INFO: [ app_begin ] --END-- [ RunTime:0.000242s ]
SQL: SHOW COLUMNS FROM `onethink_config` [ RunTime:0.000555s ]
SQL: SELECT `type`,`name`,`value` FROM `onethink_config` WHERE ( `status` = 1 )  [ RunTime:0.000334s ]

[ 2016-10-02T23:50:40+08:00 ] 183.56.182.19 /Home/Index/currentCount.html?search=LED%20DOWNLIGHT:at
INFO: [ app_begin ] --START--
INFO: Run Behavior\ReadHtmlCache [ RunTime:0.000047s ]
INFO: [ app_begin ] --END-- [ RunTime:0.000148s ]
SQL: SHOW COLUMNS FROM `onethink_config` [ RunTime:0.000517s ]
SQL: SELECT `type`,`name`,`value` FROM `onethink_config` WHERE ( `status` = 1 )  [ RunTime:0.000341s ]

[ 2016-10-02T23:50:45+08:00 ] 183.56.182.19 /Home/Index/currentCount.html?search=LED%20DOWNLIGHT:at
INFO: [ app_begin ] --START--
INFO: Run Behavior\ReadHtmlCache [ RunTime:0.000045s ]
INFO: [ app_begin ] --END-- [ RunTime:0.000138s ]
SQL: SHOW COLUMNS FROM `onethink_config` [ RunTime:0.000497s ]
SQL: SELECT `type`,`name`,`value` FROM `onethink_config` WHERE ( `status` = 1 )  [ RunTime:0.000363s ]

[ 2016-10-02T23:50:50+08:00 ] 183.56.182.19 /Home/Index/currentCount.html?search=LED%20DOWNLIGHT:at
INFO: [ app_begin ] --START--
INFO: Run Behavior\ReadHtmlCache [ RunTime:0.000048s ]
INFO: [ app_begin ] --END-- [ RunTime:0.000154s ]
SQL: SHOW COLUMNS FROM `onethink_config` [ RunTime:0.000563s ]
SQL: SELECT `type`,`name`,`value` FROM `onethink_config` WHERE ( `status` = 1 )  [ RunTime:0.000356s ]

[ 2016-10-02T23:50:55+08:00 ] 183.56.182.19 /Home/Index/currentCount.html?search=LED%20DOWNLIGHT:at
INFO: [ app_begin ] --START--
INFO: Run Behavior\ReadHtmlCache [ RunTime:0.000052s ]
INFO: [ app_begin ] --END-- [ RunTime:0.000221s ]
SQL: SHOW COLUMNS FROM `onethink_config` [ RunTime:0.000538s ]
SQL: SELECT `type`,`name`,`value` FROM `onethink_config` WHERE ( `status` = 1 )  [ RunTime:0.000593s ]

[ 2016-10-02T23:51:00+08:00 ] 183.56.182.19 /Home/Index/currentCount.html?search=LED%20DOWNLIGHT:at
INFO: [ app_begin ] --START--
INFO: Run Behavior\ReadHtmlCache [ RunTime:0.000046s ]
INFO: [ app_begin ] --END-- [ RunTime:0.000147s ]
SQL: SHOW COLUMNS FROM `onethink_config` [ RunTime:0.000572s ]
SQL: SELECT `type`,`name`,`value` FROM `onethink_config` WHERE ( `status` = 1 )  [ RunTime:0.000425s ]

[ 2016-10-02T23:51:05+08:00 ] 183.56.182.19 /Home/Index/totalCount.html
INFO: [ app_begin ] --START--
INFO: Run Behavior\ReadHtmlCache [ RunTime:0.000066s ]
INFO: [ app_begin ] --END-- [ RunTime:0.000188s ]
SQL: SHOW COLUMNS FROM `onethink_config` [ RunTime:0.000548s ]
SQL: SELECT `type`,`name`,`value` FROM `onethink_config` WHERE ( `status` = 1 )  [ RunTime:0.000367s ]

[ 2016-10-02T23:51:05+08:00 ] 183.56.182.19 /Home/Index/currentCount.html?search=LED%20DOWNLIGHT:at
INFO: [ app_begin ] --START--
INFO: Run Behavior\ReadHtmlCache [ RunTime:0.000046s ]
INFO: [ app_begin ] --END-- [ RunTime:0.000144s ]
SQL: SHOW COLUMNS FROM `onethink_config` [ RunTime:0.000419s ]
SQL: SELECT `type`,`name`,`value` FROM `onethink_config` WHERE ( `status` = 1 )  [ RunTime:0.000335s ]

[ 2016-10-02T23:51:10+08:00 ] 183.56.182.19 /Home/Index/currentCount.html?search=LED%20DOWNLIGHT:at
INFO: [ app_begin ] --START--
INFO: Run Behavior\ReadHtmlCache [ RunTime:0.000048s ]
INFO: [ app_begin ] --END-- [ RunTime:0.000151s ]
SQL: SHOW COLUMNS FROM `onethink_config` [ RunTime:0.000521s ]
SQL: SELECT `type`,`name`,`value` FROM `onethink_config` WHERE ( `status` = 1 )  [ RunTime:0.000351s ]

[ 2016-10-02T23:51:15+08:00 ] 183.56.182.19 /Home/Index/currentCount.html?search=LED%20DOWNLIGHT:at
INFO: [ app_begin ] --START--
INFO: Run Behavior\ReadHtmlCache [ RunTime:0.000045s ]
INFO: [ app_begin ] --END-- [ RunTime:0.000143s ]
SQL: SHOW COLUMNS FROM `onethink_config` [ RunTime:0.000667s ]
SQL: SELECT `type`,`name`,`value` FROM `onethink_config` WHERE ( `status` = 1 )  [ RunTime:0.000363s ]

[ 2016-10-02T23:51:20+08:00 ] 183.56.182.19 /Home/Index/currentCount.html?search=LED%20DOWNLIGHT:at
INFO: [ app_begin ] --START--
INFO: Run Behavior\ReadHtmlCache [ RunTime:0.000047s ]
INFO: [ app_begin ] --END-- [ RunTime:0.000147s ]
SQL: SHOW COLUMNS FROM `onethink_config` [ RunTime:0.000596s ]
SQL: SELECT `type`,`name`,`value` FROM `onethink_config` WHERE ( `status` = 1 )  [ RunTime:0.000363s ]

[ 2016-10-02T23:51:25+08:00 ] 183.56.182.19 /Home/Index/currentCount.html?search=LED%20DOWNLIGHT:at
INFO: [ app_begin ] --START--
INFO: Run Behavior\ReadHtmlCache [ RunTime:0.000075s ]
INFO: [ app_begin ] --END-- [ RunTime:0.000184s ]
SQL: SHOW COLUMNS FROM `onethink_config` [ RunTime:0.000598s ]
SQL: SELECT `type`,`name`,`value` FROM `onethink_config` WHERE ( `status` = 1 )  [ RunTime:0.000292s ]

[ 2016-10-02T23:51:30+08:00 ] 183.56.182.19 /Home/Index/currentCount.html?search=LED%20DOWNLIGHT:at
INFO: [ app_begin ] --START--
INFO: Run Behavior\ReadHtmlCache [ RunTime:0.000049s ]
INFO: [ app_begin ] --END-- [ RunTime:0.000151s ]
SQL: SHOW COLUMNS FROM `onethink_config` [ RunTime:0.000544s ]
SQL: SELECT `type`,`name`,`value` FROM `onethink_config` WHERE ( `status` = 1 )  [ RunTime:0.000378s ]

[ 2016-10-02T23:51:35+08:00 ] 183.56.182.19 /Home/Index/currentCount.html?search=LED%20DOWNLIGHT:at
INFO: [ app_begin ] --START--
INFO: Run Behavior\ReadHtmlCache [ RunTime:0.000077s ]
INFO: [ app_begin ] --END-- [ RunTime:0.000249s ]
SQL: SHOW COLUMNS FROM `onethink_config` [ RunTime:0.000776s ]
SQL: SELECT `type`,`name`,`value` FROM `onethink_config` WHERE ( `status` = 1 )  [ RunTime:0.000503s ]

[ 2016-10-02T23:51:40+08:00 ] 183.56.182.19 /Home/Index/currentCount.html?search=LED%20DOWNLIGHT:at
INFO: [ app_begin ] --START--
INFO: Run Behavior\ReadHtmlCache [ RunTime:0.000046s ]
INFO: [ app_begin ] --END-- [ RunTime:0.000145s ]
SQL: SHOW COLUMNS FROM `onethink_config` [ RunTime:0.000514s ]
SQL: SELECT `type`,`name`,`value` FROM `onethink_config` WHERE ( `status` = 1 )  [ RunTime:0.000346s ]

[ 2016-10-02T23:51:45+08:00 ] 183.56.182.19 /Home/Index/totalCount.html
INFO: [ app_begin ] --START--
INFO: Run Behavior\ReadHtmlCache [ RunTime:0.000046s ]
INFO: [ app_begin ] --END-- [ RunTime:0.000141s ]
SQL: SHOW COLUMNS FROM `onethink_config` [ RunTime:0.000513s ]
SQL: SELECT `type`,`name`,`value` FROM `onethink_config` WHERE ( `status` = 1 )  [ RunTime:0.000341s ]

[ 2016-10-02T23:51:46+08:00 ] 183.56.182.19 /Home/Index/currentCount.html?search=LED%20DOWNLIGHT:at
INFO: [ app_begin ] --START--
INFO: Run Behavior\ReadHtmlCache [ RunTime:0.000044s ]
INFO: [ app_begin ] --END-- [ RunTime:0.000138s ]
SQL: SHOW COLUMNS FROM `onethink_config` [ RunTime:0.000531s ]
SQL: SELECT `type`,`name`,`value` FROM `onethink_config` WHERE ( `status` = 1 )  [ RunTime:0.000375s ]

[ 2016-10-02T23:51:50+08:00 ] 183.56.182.19 /Home/Index/currentCount.html?search=LED%20DOWNLIGHT:at
INFO: [ app_begin ] --START--
INFO: Run Behavior\ReadHtmlCache [ RunTime:0.000049s ]
INFO: [ app_begin ] --END-- [ RunTime:0.000154s ]
SQL: SHOW COLUMNS FROM `onethink_config` [ RunTime:0.002725s ]
SQL: SELECT `type`,`name`,`value` FROM `onethink_config` WHERE ( `status` = 1 )  [ RunTime:0.000430s ]

[ 2016-10-02T23:51:54+08:00 ] 183.56.182.19 /Home/Index/currentCount.html?search=LED%20DOWNLIGHT:at
INFO: [ app_begin ] --START--
INFO: Run Behavior\ReadHtmlCache [ RunTime:0.000047s ]
INFO: [ app_begin ] --END-- [ RunTime:0.000150s ]
SQL: SHOW COLUMNS FROM `onethink_config` [ RunTime:0.000548s ]
SQL: SELECT `type`,`name`,`value` FROM `onethink_config` WHERE ( `status` = 1 )  [ RunTime:0.000432s ]

[ 2016-10-02T23:52:00+08:00 ] 183.56.182.19 /Home/Index/currentCount.html?search=LED%20DOWNLIGHT:at
INFO: [ app_begin ] --START--
INFO: Run Behavior\ReadHtmlCache [ RunTime:0.000047s ]
INFO: [ app_begin ] --END-- [ RunTime:0.000147s ]
SQL: SHOW COLUMNS FROM `onethink_config` [ RunTime:0.000546s ]
SQL: SELECT `type`,`name`,`value` FROM `onethink_config` WHERE ( `status` = 1 )  [ RunTime:0.000347s ]

[ 2016-10-02T23:52:04+08:00 ] 183.56.182.19 /Home/Index/currentCount.html?search=LED%20DOWNLIGHT:at
INFO: [ app_begin ] --START--
INFO: Run Behavior\ReadHtmlCache [ RunTime:0.000051s ]
INFO: [ app_begin ] --END-- [ RunTime:0.000159s ]
SQL: SHOW COLUMNS FROM `onethink_config` [ RunTime:0.000632s ]
SQL: SELECT `type`,`name`,`value` FROM `onethink_config` WHERE ( `status` = 1 )  [ RunTime:0.000804s ]

[ 2016-10-02T23:52:10+08:00 ] 183.56.182.19 /Home/Index/currentCount.html?search=LED%20DOWNLIGHT:at
INFO: [ app_begin ] --START--
INFO: Run Behavior\ReadHtmlCache [ RunTime:0.000050s ]
INFO: [ app_begin ] --END-- [ RunTime:0.000171s ]
SQL: SHOW COLUMNS FROM `onethink_config` [ RunTime:0.000579s ]
SQL: SELECT `type`,`name`,`value` FROM `onethink_config` WHERE ( `status` = 1 )  [ RunTime:0.000333s ]

[ 2016-10-02T23:52:15+08:00 ] 183.56.182.19 /Home/Index/currentCount.html?search=LED%20DOWNLIGHT:at
INFO: [ app_begin ] --START--
INFO: Run Behavior\ReadHtmlCache [ RunTime:0.000046s ]
INFO: [ app_begin ] --END-- [ RunTime:0.000147s ]
SQL: SHOW COLUMNS FROM `onethink_config` [ RunTime:0.000559s ]
SQL: SELECT `type`,`name`,`value` FROM `onethink_config` WHERE ( `status` = 1 )  [ RunTime:0.000348s ]

[ 2016-10-02T23:52:20+08:00 ] 183.56.182.19 /Home/Index/currentCount.html?search=LED%20DOWNLIGHT:at
INFO: [ app_begin ] --START--
INFO: Run Behavior\ReadHtmlCache [ RunTime:0.000045s ]
INFO: [ app_begin ] --END-- [ RunTime:0.000163s ]
SQL: SHOW COLUMNS FROM `onethink_config` [ RunTime:0.000552s ]
SQL: SELECT `type`,`name`,`value` FROM `onethink_config` WHERE ( `status` = 1 )  [ RunTime:0.000331s ]

[ 2016-10-02T23:52:25+08:00 ] 183.56.182.19 /Home/Index/totalCount.html
INFO: [ app_begin ] --START--
INFO: Run Behavior\ReadHtmlCache [ RunTime:0.000066s ]
INFO: [ app_begin ] --END-- [ RunTime:0.000163s ]
SQL: SHOW COLUMNS FROM `onethink_config` [ RunTime:0.000513s ]
SQL: SELECT `type`,`name`,`value` FROM `onethink_config` WHERE ( `status` = 1 )  [ RunTime:0.000419s ]

[ 2016-10-02T23:52:25+08:00 ] 183.56.182.19 /Home/Index/currentCount.html?search=LED%20DOWNLIGHT:at
INFO: [ app_begin ] --START--
INFO: Run Behavior\ReadHtmlCache [ RunTime:0.000041s ]
INFO: [ app_begin ] --END-- [ RunTime:0.000129s ]
SQL: SHOW COLUMNS FROM `onethink_config` [ RunTime:0.000385s ]
SQL: SELECT `type`,`name`,`value` FROM `onethink_config` WHERE ( `status` = 1 )  [ RunTime:0.000369s ]

[ 2016-10-02T23:52:30+08:00 ] 183.56.182.19 /Home/Index/currentCount.html?search=LED%20DOWNLIGHT:at
INFO: [ app_begin ] --START--
INFO: Run Behavior\ReadHtmlCache [ RunTime:0.000049s ]
INFO: [ app_begin ] --END-- [ RunTime:0.000154s ]
SQL: SHOW COLUMNS FROM `onethink_config` [ RunTime:0.000517s ]
SQL: SELECT `type`,`name`,`value` FROM `onethink_config` WHERE ( `status` = 1 )  [ RunTime:0.000354s ]

[ 2016-10-02T23:52:35+08:00 ] 183.56.182.19 /Home/Index/currentCount.html?search=LED%20DOWNLIGHT:at
INFO: [ app_begin ] --START--
INFO: Run Behavior\ReadHtmlCache [ RunTime:0.000049s ]
INFO: [ app_begin ] --END-- [ RunTime:0.000173s ]
SQL: SHOW COLUMNS FROM `onethink_config` [ RunTime:0.000510s ]
SQL: SELECT `type`,`name`,`value` FROM `onethink_config` WHERE ( `status` = 1 )  [ RunTime:0.000363s ]

[ 2016-10-02T23:52:40+08:00 ] 183.56.182.19 /Home/Index/currentCount.html?search=LED%20DOWNLIGHT:at
INFO: [ app_begin ] --START--
INFO: Run Behavior\ReadHtmlCache [ RunTime:0.000082s ]
INFO: [ app_begin ] --END-- [ RunTime:0.000254s ]
SQL: SHOW COLUMNS FROM `onethink_config` [ RunTime:0.000572s ]
SQL: SELECT `type`,`name`,`value` FROM `onethink_config` WHERE ( `status` = 1 )  [ RunTime:0.000335s ]

[ 2016-10-02T23:52:45+08:00 ] 183.56.182.19 /Home/Index/currentCount.html?search=LED%20DOWNLIGHT:at
INFO: [ app_begin ] --START--
INFO: Run Behavior\ReadHtmlCache [ RunTime:0.000047s ]
INFO: [ app_begin ] --END-- [ RunTime:0.000153s ]
SQL: SHOW COLUMNS FROM `onethink_config` [ RunTime:0.004828s ]
SQL: SELECT `type`,`name`,`value` FROM `onethink_config` WHERE ( `status` = 1 )  [ RunTime:0.000506s ]

[ 2016-10-02T23:52:50+08:00 ] 183.56.182.19 /Home/Index/currentCount.html?search=LED%20DOWNLIGHT:at
INFO: [ app_begin ] --START--
INFO: Run Behavior\ReadHtmlCache [ RunTime:0.000267s ]
INFO: [ app_begin ] --END-- [ RunTime:0.000378s ]
SQL: SHOW COLUMNS FROM `onethink_config` [ RunTime:0.004887s ]
SQL: SELECT `type`,`name`,`value` FROM `onethink_config` WHERE ( `status` = 1 )  [ RunTime:0.000371s ]

[ 2016-10-02T23:52:55+08:00 ] 183.56.182.19 /Home/Index/currentCount.html?search=LED%20DOWNLIGHT:at
INFO: [ app_begin ] --START--
INFO: Run Behavior\ReadHtmlCache [ RunTime:0.000047s ]
INFO: [ app_begin ] --END-- [ RunTime:0.000145s ]
SQL: SHOW COLUMNS FROM `onethink_config` [ RunTime:0.000495s ]
SQL: SELECT `type`,`name`,`value` FROM `onethink_config` WHERE ( `status` = 1 )  [ RunTime:0.000326s ]

[ 2016-10-02T23:53:00+08:00 ] 183.56.182.19 /Home/Index/currentCount.html?search=LED%20DOWNLIGHT:at
INFO: [ app_begin ] --START--
INFO: Run Behavior\ReadHtmlCache [ RunTime:0.000067s ]
INFO: [ app_begin ] --END-- [ RunTime:0.000205s ]
SQL: SHOW COLUMNS FROM `onethink_config` [ RunTime:0.000538s ]
SQL: SELECT `type`,`name`,`value` FROM `onethink_config` WHERE ( `status` = 1 )  [ RunTime:0.000351s ]

[ 2016-10-02T23:53:04+08:00 ] 183.56.182.19 /Home/Index/totalCount.html
INFO: [ app_begin ] --START--
INFO: Run Behavior\ReadHtmlCache [ RunTime:0.000058s ]
INFO: [ app_begin ] --END-- [ RunTime:0.000181s ]
SQL: SHOW COLUMNS FROM `onethink_config` [ RunTime:0.000573s ]
SQL: SELECT `type`,`name`,`value` FROM `onethink_config` WHERE ( `status` = 1 )  [ RunTime:0.000382s ]

[ 2016-10-02T23:53:04+08:00 ] 183.56.182.19 /Home/Index/currentCount.html?search=LED%20DOWNLIGHT:at
INFO: [ app_begin ] --START--
INFO: Run Behavior\ReadHtmlCache [ RunTime:0.000045s ]
INFO: [ app_begin ] --END-- [ RunTime:0.000141s ]
SQL: SHOW COLUMNS FROM `onethink_config` [ RunTime:0.000466s ]
SQL: SELECT `type`,`name`,`value` FROM `onethink_config` WHERE ( `status` = 1 )  [ RunTime:0.000282s ]

[ 2016-10-02T23:53:10+08:00 ] 183.56.182.19 /Home/Index/currentCount.html?search=LED%20DOWNLIGHT:at
INFO: [ app_begin ] --START--
INFO: Run Behavior\ReadHtmlCache [ RunTime:0.000056s ]
INFO: [ app_begin ] --END-- [ RunTime:0.000190s ]
SQL: SHOW COLUMNS FROM `onethink_config` [ RunTime:0.000523s ]
SQL: SELECT `type`,`name`,`value` FROM `onethink_config` WHERE ( `status` = 1 )  [ RunTime:0.000386s ]

[ 2016-10-02T23:53:15+08:00 ] 183.56.182.19 /Home/Index/currentCount.html?search=LED%20DOWNLIGHT:at
INFO: [ app_begin ] --START--
INFO: Run Behavior\ReadHtmlCache [ RunTime:0.000047s ]
INFO: [ app_begin ] --END-- [ RunTime:0.000146s ]
SQL: SHOW COLUMNS FROM `onethink_config` [ RunTime:0.000524s ]
SQL: SELECT `type`,`name`,`value` FROM `onethink_config` WHERE ( `status` = 1 )  [ RunTime:0.000360s ]

[ 2016-10-02T23:53:20+08:00 ] 183.56.182.19 /Home/Index/currentCount.html?search=LED%20DOWNLIGHT:at
INFO: [ app_begin ] --START--
INFO: Run Behavior\ReadHtmlCache [ RunTime:0.000083s ]
INFO: [ app_begin ] --END-- [ RunTime:0.000262s ]
SQL: SHOW COLUMNS FROM `onethink_config` [ RunTime:0.003003s ]
SQL: SELECT `type`,`name`,`value` FROM `onethink_config` WHERE ( `status` = 1 )  [ RunTime:0.000360s ]

[ 2016-10-02T23:53:25+08:00 ] 183.56.182.19 /Home/Index/currentCount.html?search=LED%20DOWNLIGHT:at
INFO: [ app_begin ] --START--
INFO: Run Behavior\ReadHtmlCache [ RunTime:0.000045s ]
INFO: [ app_begin ] --END-- [ RunTime:0.000139s ]
SQL: SHOW COLUMNS FROM `onethink_config` [ RunTime:0.000495s ]
SQL: SELECT `type`,`name`,`value` FROM `onethink_config` WHERE ( `status` = 1 )  [ RunTime:0.000345s ]

[ 2016-10-02T23:53:30+08:00 ] 183.56.182.19 /Home/Index/currentCount.html?search=LED%20DOWNLIGHT:at
INFO: [ app_begin ] --START--
INFO: Run Behavior\ReadHtmlCache [ RunTime:0.000050s ]
INFO: [ app_begin ] --END-- [ RunTime:0.000159s ]
SQL: SHOW COLUMNS FROM `onethink_config` [ RunTime:0.000578s ]
SQL: SELECT `type`,`name`,`value` FROM `onethink_config` WHERE ( `status` = 1 )  [ RunTime:0.000332s ]

[ 2016-10-02T23:53:35+08:00 ] 183.56.182.19 /Home/Index/currentCount.html?search=LED%20DOWNLIGHT:at
INFO: [ app_begin ] --START--
INFO: Run Behavior\ReadHtmlCache [ RunTime:0.000057s ]
INFO: [ app_begin ] --END-- [ RunTime:0.000172s ]
SQL: SHOW COLUMNS FROM `onethink_config` [ RunTime:0.000536s ]
SQL: SELECT `type`,`name`,`value` FROM `onethink_config` WHERE ( `status` = 1 )  [ RunTime:0.000355s ]

[ 2016-10-02T23:53:40+08:00 ] 183.56.182.19 /Home/Index/currentCount.html?search=LED%20DOWNLIGHT:at
INFO: [ app_begin ] --START--
INFO: Run Behavior\ReadHtmlCache [ RunTime:0.000050s ]
INFO: [ app_begin ] --END-- [ RunTime:0.000157s ]
SQL: SHOW COLUMNS FROM `onethink_config` [ RunTime:0.003107s ]
SQL: SELECT `type`,`name`,`value` FROM `onethink_config` WHERE ( `status` = 1 )  [ RunTime:0.000530s ]

[ 2016-10-02T23:53:45+08:00 ] 183.56.182.19 /Home/Index/totalCount.html
INFO: [ app_begin ] --START--
INFO: Run Behavior\ReadHtmlCache [ RunTime:0.000045s ]
INFO: [ app_begin ] --END-- [ RunTime:0.000140s ]
SQL: SHOW COLUMNS FROM `onethink_config` [ RunTime:0.000544s ]
SQL: SELECT `type`,`name`,`value` FROM `onethink_config` WHERE ( `status` = 1 )  [ RunTime:0.000405s ]

[ 2016-10-02T23:53:45+08:00 ] 183.56.182.19 /Home/Index/currentCount.html?search=LED%20DOWNLIGHT:at
INFO: [ app_begin ] --START--
INFO: Run Behavior\ReadHtmlCache [ RunTime:0.000045s ]
INFO: [ app_begin ] --END-- [ RunTime:0.000135s ]
SQL: SHOW COLUMNS FROM `onethink_config` [ RunTime:0.000384s ]
SQL: SELECT `type`,`name`,`value` FROM `onethink_config` WHERE ( `status` = 1 )  [ RunTime:0.000335s ]

[ 2016-10-02T23:53:50+08:00 ] 183.56.182.19 /Home/Index/currentCount.html?search=LED%20DOWNLIGHT:at
INFO: [ app_begin ] --START--
INFO: Run Behavior\ReadHtmlCache [ RunTime:0.000056s ]
INFO: [ app_begin ] --END-- [ RunTime:0.000155s ]
SQL: SHOW COLUMNS FROM `onethink_config` [ RunTime:0.000525s ]
SQL: SELECT `type`,`name`,`value` FROM `onethink_config` WHERE ( `status` = 1 )  [ RunTime:0.000350s ]

[ 2016-10-02T23:53:55+08:00 ] 183.56.182.19 /Home/Index/currentCount.html?search=LED%20DOWNLIGHT:at
INFO: [ app_begin ] --START--
INFO: Run Behavior\ReadHtmlCache [ RunTime:0.000092s ]
INFO: [ app_begin ] --END-- [ RunTime:0.000272s ]
SQL: SHOW COLUMNS FROM `onethink_config` [ RunTime:0.000711s ]
SQL: SELECT `type`,`name`,`value` FROM `onethink_config` WHERE ( `status` = 1 )  [ RunTime:0.000451s ]

[ 2016-10-02T23:54:00+08:00 ] 183.56.182.19 /Home/Index/currentCount.html?search=LED%20DOWNLIGHT:at
INFO: [ app_begin ] --START--
INFO: Run Behavior\ReadHtmlCache [ RunTime:0.000046s ]
INFO: [ app_begin ] --END-- [ RunTime:0.000143s ]
SQL: SHOW COLUMNS FROM `onethink_config` [ RunTime:0.000519s ]
SQL: SELECT `type`,`name`,`value` FROM `onethink_config` WHERE ( `status` = 1 )  [ RunTime:0.000436s ]

[ 2016-10-02T23:54:05+08:00 ] 183.56.182.19 /Home/Index/currentCount.html?search=LED%20DOWNLIGHT:at
INFO: [ app_begin ] --START--
INFO: Run Behavior\ReadHtmlCache [ RunTime:0.000047s ]
INFO: [ app_begin ] --END-- [ RunTime:0.000148s ]
SQL: SHOW COLUMNS FROM `onethink_config` [ RunTime:0.000549s ]
SQL: SELECT `type`,`name`,`value` FROM `onethink_config` WHERE ( `status` = 1 )  [ RunTime:0.000338s ]

[ 2016-10-02T23:54:09+08:00 ] 183.56.182.19 /Home/Index/currentCount.html?search=LED%20DOWNLIGHT:at
INFO: [ app_begin ] --START--
INFO: Run Behavior\ReadHtmlCache [ RunTime:0.000049s ]
INFO: [ app_begin ] --END-- [ RunTime:0.000150s ]
SQL: SHOW COLUMNS FROM `onethink_config` [ RunTime:0.000573s ]
SQL: SELECT `type`,`name`,`value` FROM `onethink_config` WHERE ( `status` = 1 )  [ RunTime:0.000391s ]

[ 2016-10-02T23:54:15+08:00 ] 183.56.182.19 /Home/Index/currentCount.html?search=LED%20DOWNLIGHT:at
INFO: [ app_begin ] --START--
INFO: Run Behavior\ReadHtmlCache [ RunTime:0.000050s ]
INFO: [ app_begin ] --END-- [ RunTime:0.000159s ]
SQL: SHOW COLUMNS FROM `onethink_config` [ RunTime:0.000559s ]
SQL: SELECT `type`,`name`,`value` FROM `onethink_config` WHERE ( `status` = 1 )  [ RunTime:0.000362s ]

[ 2016-10-02T23:54:20+08:00 ] 183.56.182.19 /Home/Index/currentCount.html?search=LED%20DOWNLIGHT:at
INFO: [ app_begin ] --START--
INFO: Run Behavior\ReadHtmlCache [ RunTime:0.000046s ]
INFO: [ app_begin ] --END-- [ RunTime:0.000145s ]
SQL: SHOW COLUMNS FROM `onethink_config` [ RunTime:0.000534s ]
SQL: SELECT `type`,`name`,`value` FROM `onethink_config` WHERE ( `status` = 1 )  [ RunTime:0.000366s ]

[ 2016-10-02T23:54:25+08:00 ] 183.56.182.19 /Home/Index/totalCount.html
INFO: [ app_begin ] --START--
INFO: Run Behavior\ReadHtmlCache [ RunTime:0.000137s ]
INFO: [ app_begin ] --END-- [ RunTime:0.000387s ]
SQL: SHOW COLUMNS FROM `onethink_config` [ RunTime:0.000771s ]
SQL: SELECT `type`,`name`,`value` FROM `onethink_config` WHERE ( `status` = 1 )  [ RunTime:0.000378s ]

[ 2016-10-02T23:54:25+08:00 ] 183.56.182.19 /Home/Index/currentCount.html?search=LED%20DOWNLIGHT:at
INFO: [ app_begin ] --START--
INFO: Run Behavior\ReadHtmlCache [ RunTime:0.000047s ]
INFO: [ app_begin ] --END-- [ RunTime:0.000150s ]
SQL: SHOW COLUMNS FROM `onethink_config` [ RunTime:0.000413s ]
SQL: SELECT `type`,`name`,`value` FROM `onethink_config` WHERE ( `status` = 1 )  [ RunTime:0.000507s ]

[ 2016-10-02T23:54:30+08:00 ] 183.56.182.19 /Home/Index/currentCount.html?search=LED%20DOWNLIGHT:at
INFO: [ app_begin ] --START--
INFO: Run Behavior\ReadHtmlCache [ RunTime:0.000051s ]
INFO: [ app_begin ] --END-- [ RunTime:0.000176s ]
SQL: SHOW COLUMNS FROM `onethink_config` [ RunTime:0.000556s ]
SQL: SELECT `type`,`name`,`value` FROM `onethink_config` WHERE ( `status` = 1 )  [ RunTime:0.000360s ]

[ 2016-10-02T23:54:35+08:00 ] 183.56.182.19 /Home/Index/currentCount.html?search=LED%20DOWNLIGHT:at
INFO: [ app_begin ] --START--
INFO: Run Behavior\ReadHtmlCache [ RunTime:0.000046s ]
INFO: [ app_begin ] --END-- [ RunTime:0.000170s ]
SQL: SHOW COLUMNS FROM `onethink_config` [ RunTime:0.000554s ]
SQL: SELECT `type`,`name`,`value` FROM `onethink_config` WHERE ( `status` = 1 )  [ RunTime:0.000354s ]

[ 2016-10-02T23:54:40+08:00 ] 183.56.182.19 /Home/Index/currentCount.html?search=LED%20DOWNLIGHT:at
INFO: [ app_begin ] --START--
INFO: Run Behavior\ReadHtmlCache [ RunTime:0.000065s ]
INFO: [ app_begin ] --END-- [ RunTime:0.000166s ]
SQL: SHOW COLUMNS FROM `onethink_config` [ RunTime:0.000543s ]
SQL: SELECT `type`,`name`,`value` FROM `onethink_config` WHERE ( `status` = 1 )  [ RunTime:0.000356s ]

[ 2016-10-02T23:54:45+08:00 ] 183.56.182.19 /Home/Index/currentCount.html?search=LED%20DOWNLIGHT:at
INFO: [ app_begin ] --START--
INFO: Run Behavior\ReadHtmlCache [ RunTime:0.000048s ]
INFO: [ app_begin ] --END-- [ RunTime:0.000153s ]
SQL: SHOW COLUMNS FROM `onethink_config` [ RunTime:0.000525s ]
SQL: SELECT `type`,`name`,`value` FROM `onethink_config` WHERE ( `status` = 1 )  [ RunTime:0.001172s ]

[ 2016-10-02T23:54:50+08:00 ] 183.56.182.19 /Home/Index/currentCount.html?search=LED%20DOWNLIGHT:at
INFO: [ app_begin ] --START--
INFO: Run Behavior\ReadHtmlCache [ RunTime:0.000046s ]
INFO: [ app_begin ] --END-- [ RunTime:0.000144s ]
SQL: SHOW COLUMNS FROM `onethink_config` [ RunTime:0.000499s ]
SQL: SELECT `type`,`name`,`value` FROM `onethink_config` WHERE ( `status` = 1 )  [ RunTime:0.000328s ]

[ 2016-10-02T23:54:55+08:00 ] 183.56.182.19 /Home/Index/currentCount.html?search=LED%20DOWNLIGHT:at
INFO: [ app_begin ] --START--
INFO: Run Behavior\ReadHtmlCache [ RunTime:0.000057s ]
INFO: [ app_begin ] --END-- [ RunTime:0.000157s ]
SQL: SHOW COLUMNS FROM `onethink_config` [ RunTime:0.000559s ]
SQL: SELECT `type`,`name`,`value` FROM `onethink_config` WHERE ( `status` = 1 )  [ RunTime:0.000351s ]

[ 2016-10-02T23:55:00+08:00 ] 183.56.182.19 /Home/Index/currentCount.html?search=LED%20DOWNLIGHT:at
INFO: [ app_begin ] --START--
INFO: Run Behavior\ReadHtmlCache [ RunTime:0.000046s ]
INFO: [ app_begin ] --END-- [ RunTime:0.000143s ]
SQL: SHOW COLUMNS FROM `onethink_config` [ RunTime:0.000566s ]
SQL: SELECT `type`,`name`,`value` FROM `onethink_config` WHERE ( `status` = 1 )  [ RunTime:0.000364s ]

[ 2016-10-02T23:55:04+08:00 ] 183.56.182.19 /Home/Index/totalCount.html
INFO: [ app_begin ] --START--
INFO: Run Behavior\ReadHtmlCache [ RunTime:0.000045s ]
INFO: [ app_begin ] --END-- [ RunTime:0.000141s ]
SQL: SHOW COLUMNS FROM `onethink_config` [ RunTime:0.000528s ]
SQL: SELECT `type`,`name`,`value` FROM `onethink_config` WHERE ( `status` = 1 )  [ RunTime:0.000548s ]

[ 2016-10-02T23:55:04+08:00 ] 183.56.182.19 /Home/Index/currentCount.html?search=LED%20DOWNLIGHT:at
INFO: [ app_begin ] --START--
INFO: Run Behavior\ReadHtmlCache [ RunTime:0.000042s ]
INFO: [ app_begin ] --END-- [ RunTime:0.000130s ]
SQL: SHOW COLUMNS FROM `onethink_config` [ RunTime:0.000374s ]
SQL: SELECT `type`,`name`,`value` FROM `onethink_config` WHERE ( `status` = 1 )  [ RunTime:0.000312s ]

[ 2016-10-02T23:55:10+08:00 ] 183.56.182.19 /Home/Index/currentCount.html?search=LED%20DOWNLIGHT:at
INFO: [ app_begin ] --START--
INFO: Run Behavior\ReadHtmlCache [ RunTime:0.000047s ]
INFO: [ app_begin ] --END-- [ RunTime:0.000146s ]
SQL: SHOW COLUMNS FROM `onethink_config` [ RunTime:0.000563s ]
SQL: SELECT `type`,`name`,`value` FROM `onethink_config` WHERE ( `status` = 1 )  [ RunTime:0.000361s ]

[ 2016-10-02T23:55:15+08:00 ] 183.56.182.19 /Home/Index/currentCount.html?search=LED%20DOWNLIGHT:at
INFO: [ app_begin ] --START--
INFO: Run Behavior\ReadHtmlCache [ RunTime:0.000072s ]
INFO: [ app_begin ] --END-- [ RunTime:0.000180s ]
SQL: SHOW COLUMNS FROM `onethink_config` [ RunTime:0.000541s ]
SQL: SELECT `type`,`name`,`value` FROM `onethink_config` WHERE ( `status` = 1 )  [ RunTime:0.000348s ]

[ 2016-10-02T23:55:20+08:00 ] 183.56.182.19 /Home/Index/currentCount.html?search=LED%20DOWNLIGHT:at
INFO: [ app_begin ] --START--
INFO: Run Behavior\ReadHtmlCache [ RunTime:0.000051s ]
INFO: [ app_begin ] --END-- [ RunTime:0.000168s ]
SQL: SHOW COLUMNS FROM `onethink_config` [ RunTime:0.000517s ]
SQL: SELECT `type`,`name`,`value` FROM `onethink_config` WHERE ( `status` = 1 )  [ RunTime:0.000324s ]

[ 2016-10-02T23:55:25+08:00 ] 183.56.182.19 /Home/Index/currentCount.html?search=LED%20DOWNLIGHT:at
INFO: [ app_begin ] --START--
INFO: Run Behavior\ReadHtmlCache [ RunTime:0.000050s ]
INFO: [ app_begin ] --END-- [ RunTime:0.000174s ]
SQL: SHOW COLUMNS FROM `onethink_config` [ RunTime:0.000532s ]
SQL: SELECT `type`,`name`,`value` FROM `onethink_config` WHERE ( `status` = 1 )  [ RunTime:0.000340s ]

[ 2016-10-02T23:55:30+08:00 ] 183.56.182.19 /Home/Index/currentCount.html?search=LED%20DOWNLIGHT:at
INFO: [ app_begin ] --START--
INFO: Run Behavior\ReadHtmlCache [ RunTime:0.000057s ]
INFO: [ app_begin ] --END-- [ RunTime:0.000209s ]
SQL: SHOW COLUMNS FROM `onethink_config` [ RunTime:0.000593s ]
SQL: SELECT `type`,`name`,`value` FROM `onethink_config` WHERE ( `status` = 1 )  [ RunTime:0.000351s ]

[ 2016-10-02T23:55:35+08:00 ] 183.56.182.19 /Home/Index/currentCount.html?search=LED%20DOWNLIGHT:at
INFO: [ app_begin ] --START--
INFO: Run Behavior\ReadHtmlCache [ RunTime:0.000045s ]
INFO: [ app_begin ] --END-- [ RunTime:0.000141s ]
SQL: SHOW COLUMNS FROM `onethink_config` [ RunTime:0.000527s ]
SQL: SELECT `type`,`name`,`value` FROM `onethink_config` WHERE ( `status` = 1 )  [ RunTime:0.000329s ]

[ 2016-10-02T23:55:40+08:00 ] 183.56.182.19 /Home/Index/currentCount.html?search=LED%20DOWNLIGHT:at
INFO: [ app_begin ] --START--
INFO: Run Behavior\ReadHtmlCache [ RunTime:0.000046s ]
INFO: [ app_begin ] --END-- [ RunTime:0.000144s ]
SQL: SHOW COLUMNS FROM `onethink_config` [ RunTime:0.000536s ]
SQL: SELECT `type`,`name`,`value` FROM `onethink_config` WHERE ( `status` = 1 )  [ RunTime:0.000326s ]

[ 2016-10-02T23:55:45+08:00 ] 183.56.182.19 /Home/Index/totalCount.html
INFO: [ app_begin ] --START--
INFO: Run Behavior\ReadHtmlCache [ RunTime:0.000046s ]
INFO: [ app_begin ] --END-- [ RunTime:0.000144s ]
SQL: SHOW COLUMNS FROM `onethink_config` [ RunTime:0.000523s ]
SQL: SELECT `type`,`name`,`value` FROM `onethink_config` WHERE ( `status` = 1 )  [ RunTime:0.000386s ]

[ 2016-10-02T23:55:45+08:00 ] 183.56.182.19 /Home/Index/currentCount.html?search=LED%20DOWNLIGHT:at
INFO: [ app_begin ] --START--
INFO: Run Behavior\ReadHtmlCache [ RunTime:0.000061s ]
INFO: [ app_begin ] --END-- [ RunTime:0.000172s ]
SQL: SHOW COLUMNS FROM `onethink_config` [ RunTime:0.000413s ]
SQL: SELECT `type`,`name`,`value` FROM `onethink_config` WHERE ( `status` = 1 )  [ RunTime:0.000319s ]

[ 2016-10-02T23:55:50+08:00 ] 183.56.182.19 /Home/Index/currentCount.html?search=LED%20DOWNLIGHT:at
INFO: [ app_begin ] --START--
INFO: Run Behavior\ReadHtmlCache [ RunTime:0.000058s ]
INFO: [ app_begin ] --END-- [ RunTime:0.000165s ]
SQL: SHOW COLUMNS FROM `onethink_config` [ RunTime:0.000596s ]
SQL: SELECT `type`,`name`,`value` FROM `onethink_config` WHERE ( `status` = 1 )  [ RunTime:0.000365s ]

[ 2016-10-02T23:55:55+08:00 ] 183.56.182.19 /Home/Index/currentCount.html?search=LED%20DOWNLIGHT:at
INFO: [ app_begin ] --START--
INFO: Run Behavior\ReadHtmlCache [ RunTime:0.000061s ]
INFO: [ app_begin ] --END-- [ RunTime:0.000177s ]
SQL: SHOW COLUMNS FROM `onethink_config` [ RunTime:0.002897s ]
SQL: SELECT `type`,`name`,`value` FROM `onethink_config` WHERE ( `status` = 1 )  [ RunTime:0.000380s ]

[ 2016-10-02T23:56:00+08:00 ] 183.56.182.19 /Home/Index/currentCount.html?search=LED%20DOWNLIGHT:at
INFO: [ app_begin ] --START--
INFO: Run Behavior\ReadHtmlCache [ RunTime:0.000050s ]
INFO: [ app_begin ] --END-- [ RunTime:0.000163s ]
SQL: SHOW COLUMNS FROM `onethink_config` [ RunTime:0.000517s ]
SQL: SELECT `type`,`name`,`value` FROM `onethink_config` WHERE ( `status` = 1 )  [ RunTime:0.000340s ]

[ 2016-10-02T23:56:05+08:00 ] 183.56.182.19 /Home/Index/currentCount.html?search=LED%20DOWNLIGHT:at
INFO: [ app_begin ] --START--
INFO: Run Behavior\ReadHtmlCache [ RunTime:0.000048s ]
INFO: [ app_begin ] --END-- [ RunTime:0.000155s ]
SQL: SHOW COLUMNS FROM `onethink_config` [ RunTime:0.000569s ]
SQL: SELECT `type`,`name`,`value` FROM `onethink_config` WHERE ( `status` = 1 )  [ RunTime:0.000439s ]

[ 2016-10-02T23:56:10+08:00 ] 183.56.182.19 /Home/Index/currentCount.html?search=LED%20DOWNLIGHT:at
INFO: [ app_begin ] --START--
INFO: Run Behavior\ReadHtmlCache [ RunTime:0.000047s ]
INFO: [ app_begin ] --END-- [ RunTime:0.000154s ]
SQL: SHOW COLUMNS FROM `onethink_config` [ RunTime:0.000606s ]
SQL: SELECT `type`,`name`,`value` FROM `onethink_config` WHERE ( `status` = 1 )  [ RunTime:0.000343s ]

[ 2016-10-02T23:56:15+08:00 ] 183.56.182.19 /Home/Index/currentCount.html?search=LED%20DOWNLIGHT:at
INFO: [ app_begin ] --START--
INFO: Run Behavior\ReadHtmlCache [ RunTime:0.000061s ]
INFO: [ app_begin ] --END-- [ RunTime:0.000183s ]
SQL: SHOW COLUMNS FROM `onethink_config` [ RunTime:0.000608s ]
SQL: SELECT `type`,`name`,`value` FROM `onethink_config` WHERE ( `status` = 1 )  [ RunTime:0.000429s ]

[ 2016-10-02T23:56:20+08:00 ] 183.56.182.19 /Home/Index/currentCount.html?search=LED%20DOWNLIGHT:at
INFO: [ app_begin ] --START--
INFO: Run Behavior\ReadHtmlCache [ RunTime:0.000045s ]
INFO: [ app_begin ] --END-- [ RunTime:0.000138s ]
SQL: SHOW COLUMNS FROM `onethink_config` [ RunTime:0.000522s ]
SQL: SELECT `type`,`name`,`value` FROM `onethink_config` WHERE ( `status` = 1 )  [ RunTime:0.000348s ]

[ 2016-10-02T23:56:25+08:00 ] 183.56.182.19 /Home/Index/totalCount.html
INFO: [ app_begin ] --START--
INFO: Run Behavior\ReadHtmlCache [ RunTime:0.000053s ]
INFO: [ app_begin ] --END-- [ RunTime:0.000218s ]
SQL: SHOW COLUMNS FROM `onethink_config` [ RunTime:0.000647s ]
SQL: SELECT `type`,`name`,`value` FROM `onethink_config` WHERE ( `status` = 1 )  [ RunTime:0.000396s ]

[ 2016-10-02T23:56:25+08:00 ] 183.56.182.19 /Home/Index/currentCount.html?search=LED%20DOWNLIGHT:at
INFO: [ app_begin ] --START--
INFO: Run Behavior\ReadHtmlCache [ RunTime:0.000042s ]
INFO: [ app_begin ] --END-- [ RunTime:0.000131s ]
SQL: SHOW COLUMNS FROM `onethink_config` [ RunTime:0.000454s ]
SQL: SELECT `type`,`name`,`value` FROM `onethink_config` WHERE ( `status` = 1 )  [ RunTime:0.000397s ]

[ 2016-10-02T23:56:30+08:00 ] 183.56.182.19 /Home/Index/currentCount.html?search=LED%20DOWNLIGHT:at
INFO: [ app_begin ] --START--
INFO: Run Behavior\ReadHtmlCache [ RunTime:0.000045s ]
INFO: [ app_begin ] --END-- [ RunTime:0.000143s ]
SQL: SHOW COLUMNS FROM `onethink_config` [ RunTime:0.003064s ]
SQL: SELECT `type`,`name`,`value` FROM `onethink_config` WHERE ( `status` = 1 )  [ RunTime:0.000346s ]

[ 2016-10-02T23:56:34+08:00 ] 183.56.182.19 /Home/Index/currentCount.html?search=LED%20DOWNLIGHT:at
INFO: [ app_begin ] --START--
INFO: Run Behavior\ReadHtmlCache [ RunTime:0.000045s ]
INFO: [ app_begin ] --END-- [ RunTime:0.000138s ]
SQL: SHOW COLUMNS FROM `onethink_config` [ RunTime:0.000503s ]
SQL: SELECT `type`,`name`,`value` FROM `onethink_config` WHERE ( `status` = 1 )  [ RunTime:0.000332s ]

[ 2016-10-02T23:56:40+08:00 ] 183.56.182.19 /Home/Index/currentCount.html?search=LED%20DOWNLIGHT:at
INFO: [ app_begin ] --START--
INFO: Run Behavior\ReadHtmlCache [ RunTime:0.000051s ]
INFO: [ app_begin ] --END-- [ RunTime:0.000172s ]
SQL: SHOW COLUMNS FROM `onethink_config` [ RunTime:0.000554s ]
SQL: SELECT `type`,`name`,`value` FROM `onethink_config` WHERE ( `status` = 1 )  [ RunTime:0.000364s ]

[ 2016-10-02T23:56:45+08:00 ] 183.56.182.19 /Home/Index/currentCount.html?search=LED%20DOWNLIGHT:at
INFO: [ app_begin ] --START--
INFO: Run Behavior\ReadHtmlCache [ RunTime:0.000047s ]
INFO: [ app_begin ] --END-- [ RunTime:0.000147s ]
SQL: SHOW COLUMNS FROM `onethink_config` [ RunTime:0.000522s ]
SQL: SELECT `type`,`name`,`value` FROM `onethink_config` WHERE ( `status` = 1 )  [ RunTime:0.000352s ]

[ 2016-10-02T23:56:50+08:00 ] 183.56.182.19 /Home/Index/currentCount.html?search=LED%20DOWNLIGHT:at
INFO: [ app_begin ] --START--
INFO: Run Behavior\ReadHtmlCache [ RunTime:0.000048s ]
INFO: [ app_begin ] --END-- [ RunTime:0.000163s ]
SQL: SHOW COLUMNS FROM `onethink_config` [ RunTime:0.000539s ]
SQL: SELECT `type`,`name`,`value` FROM `onethink_config` WHERE ( `status` = 1 )  [ RunTime:0.000329s ]

[ 2016-10-02T23:56:55+08:00 ] 183.56.182.19 /Home/Index/currentCount.html?search=LED%20DOWNLIGHT:at
INFO: [ app_begin ] --START--
INFO: Run Behavior\ReadHtmlCache [ RunTime:0.000057s ]
INFO: [ app_begin ] --END-- [ RunTime:0.000192s ]
SQL: SHOW COLUMNS FROM `onethink_config` [ RunTime:0.000545s ]
SQL: SELECT `type`,`name`,`value` FROM `onethink_config` WHERE ( `status` = 1 )  [ RunTime:0.000373s ]

[ 2016-10-02T23:57:00+08:00 ] 183.56.182.19 /Home/Index/currentCount.html?search=LED%20DOWNLIGHT:at
INFO: [ app_begin ] --START--
INFO: Run Behavior\ReadHtmlCache [ RunTime:0.000046s ]
INFO: [ app_begin ] --END-- [ RunTime:0.000147s ]
SQL: SHOW COLUMNS FROM `onethink_config` [ RunTime:0.000601s ]
SQL: SELECT `type`,`name`,`value` FROM `onethink_config` WHERE ( `status` = 1 )  [ RunTime:0.000398s ]

[ 2016-10-02T23:57:05+08:00 ] 183.56.182.19 /Home/Index/totalCount.html
INFO: [ app_begin ] --START--
INFO: Run Behavior\ReadHtmlCache [ RunTime:0.000045s ]
INFO: [ app_begin ] --END-- [ RunTime:0.000144s ]
SQL: SHOW COLUMNS FROM `onethink_config` [ RunTime:0.000583s ]
SQL: SELECT `type`,`name`,`value` FROM `onethink_config` WHERE ( `status` = 1 )  [ RunTime:0.000342s ]

[ 2016-10-02T23:57:05+08:00 ] 183.56.182.19 /Home/Index/currentCount.html?search=LED%20DOWNLIGHT:at
INFO: [ app_begin ] --START--
INFO: Run Behavior\ReadHtmlCache [ RunTime:0.000043s ]
INFO: [ app_begin ] --END-- [ RunTime:0.000136s ]
SQL: SHOW COLUMNS FROM `onethink_config` [ RunTime:0.000529s ]
SQL: SELECT `type`,`name`,`value` FROM `onethink_config` WHERE ( `status` = 1 )  [ RunTime:0.000321s ]

[ 2016-10-02T23:57:11+08:00 ] 183.56.182.19 /Home/Index/currentCount.html?search=LED%20DOWNLIGHT:at
INFO: [ app_begin ] --START--
INFO: Run Behavior\ReadHtmlCache [ RunTime:0.000063s ]
INFO: [ app_begin ] --END-- [ RunTime:0.000180s ]
SQL: SHOW COLUMNS FROM `onethink_config` [ RunTime:0.000537s ]
SQL: SELECT `type`,`name`,`value` FROM `onethink_config` WHERE ( `status` = 1 )  [ RunTime:0.000355s ]

[ 2016-10-02T23:57:18+08:00 ] 183.56.182.19 /Home/Index/currentCount.html?search=LED%20DOWNLIGHT:at
INFO: [ app_begin ] --START--
INFO: Run Behavior\ReadHtmlCache [ RunTime:0.000063s ]
INFO: [ app_begin ] --END-- [ RunTime:0.000166s ]
SQL: SHOW COLUMNS FROM `onethink_config` [ RunTime:0.000559s ]
SQL: SELECT `type`,`name`,`value` FROM `onethink_config` WHERE ( `status` = 1 )  [ RunTime:0.000381s ]

[ 2016-10-02T23:57:20+08:00 ] 183.56.182.19 /Home/Index/currentCount.html?search=LED%20DOWNLIGHT:at
INFO: [ app_begin ] --START--
INFO: Run Behavior\ReadHtmlCache [ RunTime:0.000047s ]
INFO: [ app_begin ] --END-- [ RunTime:0.000151s ]
SQL: SHOW COLUMNS FROM `onethink_config` [ RunTime:0.000560s ]
SQL: SELECT `type`,`name`,`value` FROM `onethink_config` WHERE ( `status` = 1 )  [ RunTime:0.000476s ]

[ 2016-10-02T23:57:26+08:00 ] 183.56.182.19 /Home/Index/currentCount.html?search=LED%20DOWNLIGHT:at
INFO: [ app_begin ] --START--
INFO: Run Behavior\ReadHtmlCache [ RunTime:0.000047s ]
INFO: [ app_begin ] --END-- [ RunTime:0.000143s ]
SQL: SHOW COLUMNS FROM `onethink_config` [ RunTime:0.000647s ]
SQL: SELECT `type`,`name`,`value` FROM `onethink_config` WHERE ( `status` = 1 )  [ RunTime:0.000365s ]

[ 2016-10-02T23:57:30+08:00 ] 183.56.182.19 /Home/Index/currentCount.html?search=LED%20DOWNLIGHT:at
INFO: [ app_begin ] --START--
INFO: Run Behavior\ReadHtmlCache [ RunTime:0.000048s ]
INFO: [ app_begin ] --END-- [ RunTime:0.000148s ]
SQL: SHOW COLUMNS FROM `onethink_config` [ RunTime:0.000520s ]
SQL: SELECT `type`,`name`,`value` FROM `onethink_config` WHERE ( `status` = 1 )  [ RunTime:0.000333s ]

[ 2016-10-02T23:57:35+08:00 ] 183.56.182.19 /Home/Index/currentCount.html?search=LED%20DOWNLIGHT:at
INFO: [ app_begin ] --START--
INFO: Run Behavior\ReadHtmlCache [ RunTime:0.000060s ]
INFO: [ app_begin ] --END-- [ RunTime:0.000191s ]
SQL: SHOW COLUMNS FROM `onethink_config` [ RunTime:0.000513s ]
SQL: SELECT `type`,`name`,`value` FROM `onethink_config` WHERE ( `status` = 1 )  [ RunTime:0.000372s ]

[ 2016-10-02T23:57:40+08:00 ] 183.56.182.19 /Home/Index/currentCount.html?search=LED%20DOWNLIGHT:at
INFO: [ app_begin ] --START--
INFO: Run Behavior\ReadHtmlCache [ RunTime:0.000048s ]
INFO: [ app_begin ] --END-- [ RunTime:0.000151s ]
SQL: SHOW COLUMNS FROM `onethink_config` [ RunTime:0.000604s ]
SQL: SELECT `type`,`name`,`value` FROM `onethink_config` WHERE ( `status` = 1 )  [ RunTime:0.000464s ]

[ 2016-10-02T23:57:45+08:00 ] 183.56.182.19 /Home/Index/totalCount.html
INFO: [ app_begin ] --START--
INFO: Run Behavior\ReadHtmlCache [ RunTime:0.000048s ]
INFO: [ app_begin ] --END-- [ RunTime:0.000154s ]
SQL: SHOW COLUMNS FROM `onethink_config` [ RunTime:0.002676s ]
SQL: SELECT `type`,`name`,`value` FROM `onethink_config` WHERE ( `status` = 1 )  [ RunTime:0.000360s ]

[ 2016-10-02T23:57:45+08:00 ] 183.56.182.19 /Home/Index/currentCount.html?search=LED%20DOWNLIGHT:at
INFO: [ app_begin ] --START--
INFO: Run Behavior\ReadHtmlCache [ RunTime:0.000044s ]
INFO: [ app_begin ] --END-- [ RunTime:0.000141s ]
SQL: SHOW COLUMNS FROM `onethink_config` [ RunTime:0.000377s ]
SQL: SELECT `type`,`name`,`value` FROM `onethink_config` WHERE ( `status` = 1 )  [ RunTime:0.000319s ]

[ 2016-10-02T23:57:50+08:00 ] 183.56.182.19 /Home/Index/currentCount.html?search=LED%20DOWNLIGHT:at
INFO: [ app_begin ] --START--
INFO: Run Behavior\ReadHtmlCache [ RunTime:0.000052s ]
INFO: [ app_begin ] --END-- [ RunTime:0.000195s ]
SQL: SHOW COLUMNS FROM `onethink_config` [ RunTime:0.000560s ]
SQL: SELECT `type`,`name`,`value` FROM `onethink_config` WHERE ( `status` = 1 )  [ RunTime:0.000327s ]

[ 2016-10-02T23:57:55+08:00 ] 183.56.182.19 /Home/Index/currentCount.html?search=LED%20DOWNLIGHT:at
INFO: [ app_begin ] --START--
INFO: Run Behavior\ReadHtmlCache [ RunTime:0.000067s ]
INFO: [ app_begin ] --END-- [ RunTime:0.000175s ]
SQL: SHOW COLUMNS FROM `onethink_config` [ RunTime:0.000515s ]
SQL: SELECT `type`,`name`,`value` FROM `onethink_config` WHERE ( `status` = 1 )  [ RunTime:0.000354s ]

[ 2016-10-02T23:58:00+08:00 ] 183.56.182.19 /Home/Index/currentCount.html?search=LED%20DOWNLIGHT:at
INFO: [ app_begin ] --START--
INFO: Run Behavior\ReadHtmlCache [ RunTime:0.000061s ]
INFO: [ app_begin ] --END-- [ RunTime:0.000201s ]
SQL: SHOW COLUMNS FROM `onethink_config` [ RunTime:0.000600s ]
SQL: SELECT `type`,`name`,`value` FROM `onethink_config` WHERE ( `status` = 1 )  [ RunTime:0.000383s ]

[ 2016-10-02T23:58:05+08:00 ] 183.56.182.19 /Home/Index/currentCount.html?search=LED%20DOWNLIGHT:at
INFO: [ app_begin ] --START--
INFO: Run Behavior\ReadHtmlCache [ RunTime:0.000048s ]
INFO: [ app_begin ] --END-- [ RunTime:0.000146s ]
SQL: SHOW COLUMNS FROM `onethink_config` [ RunTime:0.000535s ]
SQL: SELECT `type`,`name`,`value` FROM `onethink_config` WHERE ( `status` = 1 )  [ RunTime:0.000392s ]

[ 2016-10-02T23:58:10+08:00 ] 183.56.182.19 /Home/Index/currentCount.html?search=LED%20DOWNLIGHT:at
INFO: [ app_begin ] --START--
INFO: Run Behavior\ReadHtmlCache [ RunTime:0.000048s ]
INFO: [ app_begin ] --END-- [ RunTime:0.000147s ]
SQL: SHOW COLUMNS FROM `onethink_config` [ RunTime:0.000575s ]
SQL: SELECT `type`,`name`,`value` FROM `onethink_config` WHERE ( `status` = 1 )  [ RunTime:0.000390s ]

[ 2016-10-02T23:58:15+08:00 ] 183.56.182.19 /Home/Index/currentCount.html?search=LED%20DOWNLIGHT:at
INFO: [ app_begin ] --START--
INFO: Run Behavior\ReadHtmlCache [ RunTime:0.000079s ]
INFO: [ app_begin ] --END-- [ RunTime:0.000332s ]
SQL: SHOW COLUMNS FROM `onethink_config` [ RunTime:0.000583s ]
SQL: SELECT `type`,`name`,`value` FROM `onethink_config` WHERE ( `status` = 1 )  [ RunTime:0.000350s ]

[ 2016-10-02T23:58:20+08:00 ] 183.56.182.19 /Home/Index/currentCount.html?search=LED%20DOWNLIGHT:at
INFO: [ app_begin ] --START--
INFO: Run Behavior\ReadHtmlCache [ RunTime:0.000047s ]
INFO: [ app_begin ] --END-- [ RunTime:0.000188s ]
SQL: SHOW COLUMNS FROM `onethink_config` [ RunTime:0.005324s ]
SQL: SELECT `type`,`name`,`value` FROM `onethink_config` WHERE ( `status` = 1 )  [ RunTime:0.000332s ]

[ 2016-10-02T23:58:25+08:00 ] 183.56.182.19 /Home/Index/totalCount.html
INFO: [ app_begin ] --START--
INFO: Run Behavior\ReadHtmlCache [ RunTime:0.000046s ]
INFO: [ app_begin ] --END-- [ RunTime:0.000145s ]
SQL: SHOW COLUMNS FROM `onethink_config` [ RunTime:0.000616s ]
SQL: SELECT `type`,`name`,`value` FROM `onethink_config` WHERE ( `status` = 1 )  [ RunTime:0.000377s ]

[ 2016-10-02T23:58:25+08:00 ] 183.56.182.19 /Home/Index/currentCount.html?search=LED%20DOWNLIGHT:at
INFO: [ app_begin ] --START--
INFO: Run Behavior\ReadHtmlCache [ RunTime:0.000047s ]
INFO: [ app_begin ] --END-- [ RunTime:0.000143s ]
SQL: SHOW COLUMNS FROM `onethink_config` [ RunTime:0.003051s ]
SQL: SELECT `type`,`name`,`value` FROM `onethink_config` WHERE ( `status` = 1 )  [ RunTime:0.000344s ]

[ 2016-10-02T23:58:30+08:00 ] 183.56.182.19 /Home/Index/currentCount.html?search=LED%20DOWNLIGHT:at
INFO: [ app_begin ] --START--
INFO: Run Behavior\ReadHtmlCache [ RunTime:0.000051s ]
INFO: [ app_begin ] --END-- [ RunTime:0.000158s ]
SQL: SHOW COLUMNS FROM `onethink_config` [ RunTime:0.002922s ]
SQL: SELECT `type`,`name`,`value` FROM `onethink_config` WHERE ( `status` = 1 )  [ RunTime:0.000379s ]

[ 2016-10-02T23:58:35+08:00 ] 183.56.182.19 /Home/Index/currentCount.html?search=LED%20DOWNLIGHT:at
INFO: [ app_begin ] --START--
INFO: Run Behavior\ReadHtmlCache [ RunTime:0.000047s ]
INFO: [ app_begin ] --END-- [ RunTime:0.000145s ]
SQL: SHOW COLUMNS FROM `onethink_config` [ RunTime:0.003008s ]
SQL: SELECT `type`,`name`,`value` FROM `onethink_config` WHERE ( `status` = 1 )  [ RunTime:0.000355s ]

[ 2016-10-02T23:58:40+08:00 ] 183.56.182.19 /Home/Index/currentCount.html?search=LED%20DOWNLIGHT:at
INFO: [ app_begin ] --START--
INFO: Run Behavior\ReadHtmlCache [ RunTime:0.000049s ]
INFO: [ app_begin ] --END-- [ RunTime:0.000160s ]
SQL: SHOW COLUMNS FROM `onethink_config` [ RunTime:0.000585s ]
SQL: SELECT `type`,`name`,`value` FROM `onethink_config` WHERE ( `status` = 1 )  [ RunTime:0.000340s ]

[ 2016-10-02T23:58:45+08:00 ] 183.56.182.19 /Home/Index/currentCount.html?search=LED%20DOWNLIGHT:at
INFO: [ app_begin ] --START--
INFO: Run Behavior\ReadHtmlCache [ RunTime:0.000052s ]
INFO: [ app_begin ] --END-- [ RunTime:0.000173s ]
SQL: SHOW COLUMNS FROM `onethink_config` [ RunTime:0.000708s ]
SQL: SELECT `type`,`name`,`value` FROM `onethink_config` WHERE ( `status` = 1 )  [ RunTime:0.000430s ]

[ 2016-10-02T23:58:50+08:00 ] 183.56.182.19 /Home/Index/currentCount.html?search=LED%20DOWNLIGHT:at
INFO: [ app_begin ] --START--
INFO: Run Behavior\ReadHtmlCache [ RunTime:0.000047s ]
INFO: [ app_begin ] --END-- [ RunTime:0.000142s ]
SQL: SHOW COLUMNS FROM `onethink_config` [ RunTime:0.002824s ]
SQL: SELECT `type`,`name`,`value` FROM `onethink_config` WHERE ( `status` = 1 )  [ RunTime:0.000360s ]

[ 2016-10-02T23:58:56+08:00 ] 183.56.182.19 /Home/Index/currentCount.html?search=LED%20DOWNLIGHT:at
INFO: [ app_begin ] --START--
INFO: Run Behavior\ReadHtmlCache [ RunTime:0.000047s ]
INFO: [ app_begin ] --END-- [ RunTime:0.000146s ]
SQL: SHOW COLUMNS FROM `onethink_config` [ RunTime:0.000552s ]
SQL: SELECT `type`,`name`,`value` FROM `onethink_config` WHERE ( `status` = 1 )  [ RunTime:0.000349s ]

[ 2016-10-02T23:59:00+08:00 ] 183.56.182.19 /Home/Index/currentCount.html?search=LED%20DOWNLIGHT:at
INFO: [ app_begin ] --START--
INFO: Run Behavior\ReadHtmlCache [ RunTime:0.000047s ]
INFO: [ app_begin ] --END-- [ RunTime:0.000144s ]
SQL: SHOW COLUMNS FROM `onethink_config` [ RunTime:0.000507s ]
SQL: SELECT `type`,`name`,`value` FROM `onethink_config` WHERE ( `status` = 1 )  [ RunTime:0.000325s ]

[ 2016-10-02T23:59:05+08:00 ] 183.56.182.19 /Home/Index/currentCount.html?search=LED%20DOWNLIGHT:at
INFO: [ app_begin ] --START--
INFO: Run Behavior\ReadHtmlCache [ RunTime:0.000049s ]
INFO: [ app_begin ] --END-- [ RunTime:0.000157s ]
SQL: SHOW COLUMNS FROM `onethink_config` [ RunTime:0.000498s ]
SQL: SELECT `type`,`name`,`value` FROM `onethink_config` WHERE ( `status` = 1 )  [ RunTime:0.000329s ]

[ 2016-10-02T23:59:05+08:00 ] 183.56.182.19 /Home/Index/totalCount.html
INFO: [ app_begin ] --START--
INFO: Run Behavior\ReadHtmlCache [ RunTime:0.000049s ]
INFO: [ app_begin ] --END-- [ RunTime:0.000158s ]
SQL: SHOW COLUMNS FROM `onethink_config` [ RunTime:0.000507s ]
SQL: SELECT `type`,`name`,`value` FROM `onethink_config` WHERE ( `status` = 1 )  [ RunTime:0.000340s ]

[ 2016-10-02T23:59:13+08:00 ] 183.56.182.19 /Home/Index/currentCount.html?search=LED%20DOWNLIGHT:at
INFO: [ app_begin ] --START--
INFO: Run Behavior\ReadHtmlCache [ RunTime:0.000048s ]
INFO: [ app_begin ] --END-- [ RunTime:0.000149s ]
SQL: SHOW COLUMNS FROM `onethink_config` [ RunTime:0.000577s ]
SQL: SELECT `type`,`name`,`value` FROM `onethink_config` WHERE ( `status` = 1 )  [ RunTime:0.000336s ]

[ 2016-10-02T23:59:14+08:00 ] 183.56.182.19 /Home/Index/currentCount.html?search=LED%20DOWNLIGHT:at
INFO: [ app_begin ] --START--
INFO: Run Behavior\ReadHtmlCache [ RunTime:0.000044s ]
INFO: [ app_begin ] --END-- [ RunTime:0.000145s ]
SQL: SHOW COLUMNS FROM `onethink_config` [ RunTime:0.000607s ]
SQL: SELECT `type`,`name`,`value` FROM `onethink_config` WHERE ( `status` = 1 )  [ RunTime:0.000348s ]

[ 2016-10-02T23:59:20+08:00 ] 183.56.182.19 /Home/Index/currentCount.html?search=LED%20DOWNLIGHT:at
INFO: [ app_begin ] --START--
INFO: Run Behavior\ReadHtmlCache [ RunTime:0.000046s ]
INFO: [ app_begin ] --END-- [ RunTime:0.000157s ]
SQL: SHOW COLUMNS FROM `onethink_config` [ RunTime:0.000603s ]
SQL: SELECT `type`,`name`,`value` FROM `onethink_config` WHERE ( `status` = 1 )  [ RunTime:0.000412s ]

[ 2016-10-02T23:59:25+08:00 ] 183.56.182.19 /Home/Index/currentCount.html?search=LED%20DOWNLIGHT:at
INFO: [ app_begin ] --START--
INFO: Run Behavior\ReadHtmlCache [ RunTime:0.000049s ]
INFO: [ app_begin ] --END-- [ RunTime:0.000171s ]
SQL: SHOW COLUMNS FROM `onethink_config` [ RunTime:0.000507s ]
SQL: SELECT `type`,`name`,`value` FROM `onethink_config` WHERE ( `status` = 1 )  [ RunTime:0.004952s ]

[ 2016-10-02T23:59:30+08:00 ] 183.56.182.19 /Home/Index/currentCount.html?search=LED%20DOWNLIGHT:at
INFO: [ app_begin ] --START--
INFO: Run Behavior\ReadHtmlCache [ RunTime:0.000048s ]
INFO: [ app_begin ] --END-- [ RunTime:0.000172s ]
SQL: SHOW COLUMNS FROM `onethink_config` [ RunTime:0.005303s ]
SQL: SELECT `type`,`name`,`value` FROM `onethink_config` WHERE ( `status` = 1 )  [ RunTime:0.000381s ]

[ 2016-10-02T23:59:35+08:00 ] 183.56.182.19 /Home/Index/currentCount.html?search=LED%20DOWNLIGHT:at
INFO: [ app_begin ] --START--
INFO: Run Behavior\ReadHtmlCache [ RunTime:0.000049s ]
INFO: [ app_begin ] --END-- [ RunTime:0.000154s ]
SQL: SHOW COLUMNS FROM `onethink_config` [ RunTime:0.000572s ]
SQL: SELECT `type`,`name`,`value` FROM `onethink_config` WHERE ( `status` = 1 )  [ RunTime:0.000356s ]

[ 2016-10-02T23:59:40+08:00 ] 183.56.182.19 /Home/Index/currentCount.html?search=LED%20DOWNLIGHT:at
INFO: [ app_begin ] --START--
INFO: Run Behavior\ReadHtmlCache [ RunTime:0.000054s ]
INFO: [ app_begin ] --END-- [ RunTime:0.000172s ]
SQL: SHOW COLUMNS FROM `onethink_config` [ RunTime:0.000553s ]
SQL: SELECT `type`,`name`,`value` FROM `onethink_config` WHERE ( `status` = 1 )  [ RunTime:0.000352s ]

[ 2016-10-02T23:59:45+08:00 ] 183.56.182.19 /Home/Index/totalCount.html
INFO: [ app_begin ] --START--
INFO: Run Behavior\ReadHtmlCache [ RunTime:0.000046s ]
INFO: [ app_begin ] --END-- [ RunTime:0.000145s ]
SQL: SHOW COLUMNS FROM `onethink_config` [ RunTime:0.000513s ]
SQL: SELECT `type`,`name`,`value` FROM `onethink_config` WHERE ( `status` = 1 )  [ RunTime:0.000360s ]

[ 2016-10-02T23:59:45+08:00 ] 183.56.182.19 /Home/Index/currentCount.html?search=LED%20DOWNLIGHT:at
INFO: [ app_begin ] --START--
INFO: Run Behavior\ReadHtmlCache [ RunTime:0.000046s ]
INFO: [ app_begin ] --END-- [ RunTime:0.000138s ]
SQL: SHOW COLUMNS FROM `onethink_config` [ RunTime:0.000489s ]
SQL: SELECT `type`,`name`,`value` FROM `onethink_config` WHERE ( `status` = 1 )  [ RunTime:0.000336s ]

[ 2016-10-02T23:59:50+08:00 ] 183.56.182.19 /Home/Index/currentCount.html?search=LED%20DOWNLIGHT:at
INFO: [ app_begin ] --START--
INFO: Run Behavior\ReadHtmlCache [ RunTime:0.000046s ]
INFO: [ app_begin ] --END-- [ RunTime:0.000145s ]
SQL: SHOW COLUMNS FROM `onethink_config` [ RunTime:0.000569s ]
SQL: SELECT `type`,`name`,`value` FROM `onethink_config` WHERE ( `status` = 1 )  [ RunTime:0.000346s ]

[ 2016-10-02T23:59:55+08:00 ] 183.56.182.19 /Home/Index/currentCount.html?search=LED%20DOWNLIGHT:at
INFO: [ app_begin ] --START--
INFO: Run Behavior\ReadHtmlCache [ RunTime:0.000046s ]
INFO: [ app_begin ] --END-- [ RunTime:0.000151s ]
SQL: SHOW COLUMNS FROM `onethink_config` [ RunTime:0.000530s ]
SQL: SELECT `type`,`name`,`value` FROM `onethink_config` WHERE ( `status` = 1 )  [ RunTime:0.000363s ]

