[ 2016-11-26T23:55:44+08:00 ] 112.51.45.0 /Home/Index/totalCount.html
INFO: [ app_begin ] --START--
INFO: Run Behavior\ReadHtmlCache [ RunTime:0.000071s ]
INFO: [ app_begin ] --END-- [ RunTime:0.000257s ]
SQL: SHOW COLUMNS FROM `onethink_config` [ RunTime:0.000547s ]
SQL: SELECT `type`,`name`,`value` FROM `onethink_config` WHERE ( `status` = 1 )  [ RunTime:0.002481s ]

[ 2016-11-26T23:55:44+08:00 ] 112.51.45.0 /Home/Index/currentCount.html?search=:us
INFO: [ app_begin ] --START--
INFO: Run Behavior\ReadHtmlCache [ RunTime:0.000064s ]
INFO: [ app_begin ] --END-- [ RunTime:0.000215s ]
SQL: SHOW COLUMNS FROM `onethink_config` [ RunTime:0.000687s ]
SQL: SELECT `type`,`name`,`value` FROM `onethink_config` WHERE ( `status` = 1 )  [ RunTime:0.000450s ]

[ 2016-11-26T23:55:49+08:00 ] 112.51.45.0 /Home/Index/currentCount.html?search=:us
INFO: [ app_begin ] --START--
INFO: Run Behavior\ReadHtmlCache [ RunTime:0.000083s ]
INFO: [ app_begin ] --END-- [ RunTime:0.000275s ]
SQL: SHOW COLUMNS FROM `onethink_config` [ RunTime:0.000738s ]
SQL: SELECT `type`,`name`,`value` FROM `onethink_config` WHERE ( `status` = 1 )  [ RunTime:0.000479s ]

[ 2016-11-26T23:55:54+08:00 ] 112.51.45.0 /Home/Index/currentCount.html?search=:us
INFO: [ app_begin ] --START--
INFO: Run Behavior\ReadHtmlCache [ RunTime:0.000075s ]
INFO: [ app_begin ] --END-- [ RunTime:0.000250s ]
SQL: SHOW COLUMNS FROM `onethink_config` [ RunTime:0.000629s ]
SQL: SELECT `type`,`name`,`value` FROM `onethink_config` WHERE ( `status` = 1 )  [ RunTime:0.000343s ]

[ 2016-11-26T23:55:59+08:00 ] 112.51.45.0 /Home/Index/currentCount.html?search=:us
INFO: [ app_begin ] --START--
INFO: Run Behavior\ReadHtmlCache [ RunTime:0.000045s ]
INFO: [ app_begin ] --END-- [ RunTime:0.000144s ]
SQL: SHOW COLUMNS FROM `onethink_config` [ RunTime:0.000585s ]
SQL: SELECT `type`,`name`,`value` FROM `onethink_config` WHERE ( `status` = 1 )  [ RunTime:0.000408s ]

[ 2016-11-26T23:56:04+08:00 ] 112.51.45.0 /Home/Index/currentCount.html?search=:us
INFO: [ app_begin ] --START--
INFO: Run Behavior\ReadHtmlCache [ RunTime:0.000078s ]
INFO: [ app_begin ] --END-- [ RunTime:0.000213s ]
SQL: SHOW COLUMNS FROM `onethink_config` [ RunTime:0.000580s ]
SQL: SELECT `type`,`name`,`value` FROM `onethink_config` WHERE ( `status` = 1 )  [ RunTime:0.000390s ]

[ 2016-11-26T23:56:09+08:00 ] 112.51.45.0 /Home/Index/currentCount.html?search=:us
INFO: [ app_begin ] --START--
INFO: Run Behavior\ReadHtmlCache [ RunTime:0.000074s ]
INFO: [ app_begin ] --END-- [ RunTime:0.000225s ]
SQL: SHOW COLUMNS FROM `onethink_config` [ RunTime:0.000759s ]
SQL: SELECT `type`,`name`,`value` FROM `onethink_config` WHERE ( `status` = 1 )  [ RunTime:0.000422s ]

[ 2016-11-26T23:56:14+08:00 ] 112.51.45.0 /Home/Index/currentCount.html?search=:us
INFO: [ app_begin ] --START--
INFO: Run Behavior\ReadHtmlCache [ RunTime:0.000222s ]
INFO: [ app_begin ] --END-- [ RunTime:0.000343s ]
SQL: SHOW COLUMNS FROM `onethink_config` [ RunTime:0.000661s ]
SQL: SELECT `type`,`name`,`value` FROM `onethink_config` WHERE ( `status` = 1 )  [ RunTime:0.000332s ]

[ 2016-11-26T23:56:19+08:00 ] 112.51.45.0 /Home/Index/currentCount.html?search=:us
INFO: [ app_begin ] --START--
INFO: Run Behavior\ReadHtmlCache [ RunTime:0.000090s ]
INFO: [ app_begin ] --END-- [ RunTime:0.000242s ]
SQL: SHOW COLUMNS FROM `onethink_config` [ RunTime:0.000741s ]
SQL: SELECT `type`,`name`,`value` FROM `onethink_config` WHERE ( `status` = 1 )  [ RunTime:0.000466s ]

[ 2016-11-26T23:56:24+08:00 ] 112.51.45.0 /Home/Index/totalCount.html
INFO: [ app_begin ] --START--
INFO: Run Behavior\ReadHtmlCache [ RunTime:0.000071s ]
INFO: [ app_begin ] --END-- [ RunTime:0.000207s ]
SQL: SHOW COLUMNS FROM `onethink_config` [ RunTime:0.002444s ]
SQL: SELECT `type`,`name`,`value` FROM `onethink_config` WHERE ( `status` = 1 )  [ RunTime:0.000388s ]

[ 2016-11-26T23:56:24+08:00 ] 112.51.45.0 /Home/Index/currentCount.html?search=:us
INFO: [ app_begin ] --START--
INFO: Run Behavior\ReadHtmlCache [ RunTime:0.000077s ]
INFO: [ app_begin ] --END-- [ RunTime:0.000339s ]
SQL: SHOW COLUMNS FROM `onethink_config` [ RunTime:0.000742s ]
SQL: SELECT `type`,`name`,`value` FROM `onethink_config` WHERE ( `status` = 1 )  [ RunTime:0.000606s ]

[ 2016-11-26T23:56:29+08:00 ] 112.51.45.0 /Home/Index/currentCount.html?search=:us
INFO: [ app_begin ] --START--
INFO: Run Behavior\ReadHtmlCache [ RunTime:0.000045s ]
INFO: [ app_begin ] --END-- [ RunTime:0.000143s ]
SQL: SHOW COLUMNS FROM `onethink_config` [ RunTime:0.001125s ]
SQL: SELECT `type`,`name`,`value` FROM `onethink_config` WHERE ( `status` = 1 )  [ RunTime:0.000385s ]

[ 2016-11-26T23:56:34+08:00 ] 112.51.45.0 /Home/Index/currentCount.html?search=:us
INFO: [ app_begin ] --START--
INFO: Run Behavior\ReadHtmlCache [ RunTime:0.000046s ]
INFO: [ app_begin ] --END-- [ RunTime:0.000162s ]
SQL: SHOW COLUMNS FROM `onethink_config` [ RunTime:0.001892s ]
SQL: SELECT `type`,`name`,`value` FROM `onethink_config` WHERE ( `status` = 1 )  [ RunTime:0.000523s ]

[ 2016-11-26T23:56:39+08:00 ] 112.51.45.0 /Home/Index/currentCount.html?search=:us
INFO: [ app_begin ] --START--
INFO: Run Behavior\ReadHtmlCache [ RunTime:0.000046s ]
INFO: [ app_begin ] --END-- [ RunTime:0.000164s ]
SQL: SHOW COLUMNS FROM `onethink_config` [ RunTime:0.000547s ]
SQL: SELECT `type`,`name`,`value` FROM `onethink_config` WHERE ( `status` = 1 )  [ RunTime:0.000383s ]

[ 2016-11-26T23:56:44+08:00 ] 112.51.45.0 /Home/Index/currentCount.html?search=:us
INFO: [ app_begin ] --START--
INFO: Run Behavior\ReadHtmlCache [ RunTime:0.000072s ]
INFO: [ app_begin ] --END-- [ RunTime:0.000221s ]
SQL: SHOW COLUMNS FROM `onethink_config` [ RunTime:0.000659s ]
SQL: SELECT `type`,`name`,`value` FROM `onethink_config` WHERE ( `status` = 1 )  [ RunTime:0.000442s ]

[ 2016-11-26T23:56:49+08:00 ] 112.51.45.0 /Home/Index/currentCount.html?search=:us
INFO: [ app_begin ] --START--
INFO: Run Behavior\ReadHtmlCache [ RunTime:0.000051s ]
INFO: [ app_begin ] --END-- [ RunTime:0.000207s ]
SQL: SHOW COLUMNS FROM `onethink_config` [ RunTime:0.000623s ]
SQL: SELECT `type`,`name`,`value` FROM `onethink_config` WHERE ( `status` = 1 )  [ RunTime:0.000379s ]

[ 2016-11-26T23:56:54+08:00 ] 112.51.45.0 /Home/Index/currentCount.html?search=:us
INFO: [ app_begin ] --START--
INFO: Run Behavior\ReadHtmlCache [ RunTime:0.000055s ]
INFO: [ app_begin ] --END-- [ RunTime:0.000171s ]
SQL: SHOW COLUMNS FROM `onethink_config` [ RunTime:0.000523s ]
SQL: SELECT `type`,`name`,`value` FROM `onethink_config` WHERE ( `status` = 1 )  [ RunTime:0.000366s ]

[ 2016-11-26T23:56:59+08:00 ] 112.51.45.0 /Home/Index/currentCount.html?search=:us
INFO: [ app_begin ] --START--
INFO: Run Behavior\ReadHtmlCache [ RunTime:0.000044s ]
INFO: [ app_begin ] --END-- [ RunTime:0.000140s ]
SQL: SHOW COLUMNS FROM `onethink_config` [ RunTime:0.000623s ]
SQL: SELECT `type`,`name`,`value` FROM `onethink_config` WHERE ( `status` = 1 )  [ RunTime:0.000393s ]

[ 2016-11-26T23:57:04+08:00 ] 112.51.45.0 /Home/Index/totalCount.html
INFO: [ app_begin ] --START--
INFO: Run Behavior\ReadHtmlCache [ RunTime:0.000053s ]
INFO: [ app_begin ] --END-- [ RunTime:0.000186s ]
SQL: SHOW COLUMNS FROM `onethink_config` [ RunTime:0.000558s ]
SQL: SELECT `type`,`name`,`value` FROM `onethink_config` WHERE ( `status` = 1 )  [ RunTime:0.000392s ]

[ 2016-11-26T23:57:04+08:00 ] 112.51.45.0 /Home/Index/currentCount.html?search=:us
INFO: [ app_begin ] --START--
INFO: Run Behavior\ReadHtmlCache [ RunTime:0.000061s ]
INFO: [ app_begin ] --END-- [ RunTime:0.000157s ]
SQL: SHOW COLUMNS FROM `onethink_config` [ RunTime:0.000549s ]
SQL: SELECT `type`,`name`,`value` FROM `onethink_config` WHERE ( `status` = 1 )  [ RunTime:0.000379s ]

[ 2016-11-26T23:57:09+08:00 ] 112.51.45.0 /Home/Index/currentCount.html?search=:us
INFO: [ app_begin ] --START--
INFO: Run Behavior\ReadHtmlCache [ RunTime:0.000062s ]
INFO: [ app_begin ] --END-- [ RunTime:0.000201s ]
SQL: SHOW COLUMNS FROM `onethink_config` [ RunTime:0.000645s ]
SQL: SELECT `type`,`name`,`value` FROM `onethink_config` WHERE ( `status` = 1 )  [ RunTime:0.000431s ]

[ 2016-11-26T23:57:14+08:00 ] 112.51.45.0 /Home/Index/currentCount.html?search=:us
INFO: [ app_begin ] --START--
INFO: Run Behavior\ReadHtmlCache [ RunTime:0.000062s ]
INFO: [ app_begin ] --END-- [ RunTime:0.000178s ]
SQL: SHOW COLUMNS FROM `onethink_config` [ RunTime:0.000610s ]
SQL: SELECT `type`,`name`,`value` FROM `onethink_config` WHERE ( `status` = 1 )  [ RunTime:0.000400s ]

[ 2016-11-26T23:57:19+08:00 ] 112.51.45.0 /Home/Index/currentCount.html?search=:us
INFO: [ app_begin ] --START--
INFO: Run Behavior\ReadHtmlCache [ RunTime:0.000070s ]
INFO: [ app_begin ] --END-- [ RunTime:0.000212s ]
SQL: SHOW COLUMNS FROM `onethink_config` [ RunTime:0.001233s ]
SQL: SELECT `type`,`name`,`value` FROM `onethink_config` WHERE ( `status` = 1 )  [ RunTime:0.000421s ]

[ 2016-11-26T23:57:24+08:00 ] 112.51.45.0 /Home/Index/currentCount.html?search=:us
INFO: [ app_begin ] --START--
INFO: Run Behavior\ReadHtmlCache [ RunTime:0.000072s ]
INFO: [ app_begin ] --END-- [ RunTime:0.000247s ]
SQL: SHOW COLUMNS FROM `onethink_config` [ RunTime:0.000716s ]
SQL: SELECT `type`,`name`,`value` FROM `onethink_config` WHERE ( `status` = 1 )  [ RunTime:0.000491s ]

[ 2016-11-26T23:57:29+08:00 ] 112.51.45.0 /Home/Index/currentCount.html?search=:us
INFO: [ app_begin ] --START--
INFO: Run Behavior\ReadHtmlCache [ RunTime:0.000069s ]
INFO: [ app_begin ] --END-- [ RunTime:0.000185s ]
SQL: SHOW COLUMNS FROM `onethink_config` [ RunTime:0.000519s ]
SQL: SELECT `type`,`name`,`value` FROM `onethink_config` WHERE ( `status` = 1 )  [ RunTime:0.000356s ]

[ 2016-11-26T23:57:34+08:00 ] 112.51.45.0 /Home/Index/currentCount.html?search=:us
INFO: [ app_begin ] --START--
INFO: Run Behavior\ReadHtmlCache [ RunTime:0.000067s ]
INFO: [ app_begin ] --END-- [ RunTime:0.000214s ]
SQL: SHOW COLUMNS FROM `onethink_config` [ RunTime:0.000707s ]
SQL: SELECT `type`,`name`,`value` FROM `onethink_config` WHERE ( `status` = 1 )  [ RunTime:0.000677s ]

[ 2016-11-26T23:57:39+08:00 ] 112.51.45.0 /Home/Index/currentCount.html?search=:us
INFO: [ app_begin ] --START--
INFO: Run Behavior\ReadHtmlCache [ RunTime:0.000059s ]
INFO: [ app_begin ] --END-- [ RunTime:0.000180s ]
SQL: SHOW COLUMNS FROM `onethink_config` [ RunTime:0.000571s ]
SQL: SELECT `type`,`name`,`value` FROM `onethink_config` WHERE ( `status` = 1 )  [ RunTime:0.000407s ]

[ 2016-11-26T23:57:44+08:00 ] 112.51.45.0 /Home/Index/totalCount.html
INFO: [ app_begin ] --START--
INFO: Run Behavior\ReadHtmlCache [ RunTime:0.000083s ]
INFO: [ app_begin ] --END-- [ RunTime:0.000233s ]
SQL: SHOW COLUMNS FROM `onethink_config` [ RunTime:0.001007s ]
SQL: SELECT `type`,`name`,`value` FROM `onethink_config` WHERE ( `status` = 1 )  [ RunTime:0.000611s ]

[ 2016-11-26T23:57:44+08:00 ] 112.51.45.0 /Home/Index/currentCount.html?search=:us
INFO: [ app_begin ] --START--
INFO: Run Behavior\ReadHtmlCache [ RunTime:0.000166s ]
INFO: [ app_begin ] --END-- [ RunTime:0.000262s ]
SQL: SHOW COLUMNS FROM `onethink_config` [ RunTime:0.000532s ]
SQL: SELECT `type`,`name`,`value` FROM `onethink_config` WHERE ( `status` = 1 )  [ RunTime:0.000344s ]

[ 2016-11-26T23:57:49+08:00 ] 112.51.45.0 /Home/Index/currentCount.html?search=:us
INFO: [ app_begin ] --START--
INFO: Run Behavior\ReadHtmlCache [ RunTime:0.000054s ]
INFO: [ app_begin ] --END-- [ RunTime:0.000186s ]
SQL: SHOW COLUMNS FROM `onethink_config` [ RunTime:0.000632s ]
SQL: SELECT `type`,`name`,`value` FROM `onethink_config` WHERE ( `status` = 1 )  [ RunTime:0.000364s ]

[ 2016-11-26T23:57:54+08:00 ] 112.51.45.0 /Home/Index/currentCount.html?search=:us
INFO: [ app_begin ] --START--
INFO: Run Behavior\ReadHtmlCache [ RunTime:0.000068s ]
INFO: [ app_begin ] --END-- [ RunTime:0.000247s ]
SQL: SHOW COLUMNS FROM `onethink_config` [ RunTime:0.000813s ]
SQL: SELECT `type`,`name`,`value` FROM `onethink_config` WHERE ( `status` = 1 )  [ RunTime:0.000406s ]

[ 2016-11-26T23:57:59+08:00 ] 112.51.45.0 /Home/Index/currentCount.html?search=:us
INFO: [ app_begin ] --START--
INFO: Run Behavior\ReadHtmlCache [ RunTime:0.000071s ]
INFO: [ app_begin ] --END-- [ RunTime:0.000190s ]
SQL: SHOW COLUMNS FROM `onethink_config` [ RunTime:0.000570s ]
SQL: SELECT `type`,`name`,`value` FROM `onethink_config` WHERE ( `status` = 1 )  [ RunTime:0.000257s ]

[ 2016-11-26T23:58:04+08:00 ] 112.51.45.0 /Home/Index/currentCount.html?search=:us
INFO: [ app_begin ] --START--
INFO: Run Behavior\ReadHtmlCache [ RunTime:0.000070s ]
INFO: [ app_begin ] --END-- [ RunTime:0.000222s ]
SQL: SHOW COLUMNS FROM `onethink_config` [ RunTime:0.000728s ]
SQL: SELECT `type`,`name`,`value` FROM `onethink_config` WHERE ( `status` = 1 )  [ RunTime:0.000630s ]

[ 2016-11-26T23:58:09+08:00 ] 112.51.45.0 /Home/Index/currentCount.html?search=:us
INFO: [ app_begin ] --START--
INFO: Run Behavior\ReadHtmlCache [ RunTime:0.000066s ]
INFO: [ app_begin ] --END-- [ RunTime:0.000210s ]
SQL: SHOW COLUMNS FROM `onethink_config` [ RunTime:0.000701s ]
SQL: SELECT `type`,`name`,`value` FROM `onethink_config` WHERE ( `status` = 1 )  [ RunTime:0.000476s ]

[ 2016-11-26T23:58:14+08:00 ] 112.51.45.0 /Home/Index/currentCount.html?search=:us
INFO: [ app_begin ] --START--
INFO: Run Behavior\ReadHtmlCache [ RunTime:0.000078s ]
INFO: [ app_begin ] --END-- [ RunTime:0.000201s ]
SQL: SHOW COLUMNS FROM `onethink_config` [ RunTime:0.000664s ]
SQL: SELECT `type`,`name`,`value` FROM `onethink_config` WHERE ( `status` = 1 )  [ RunTime:0.000417s ]

[ 2016-11-26T23:58:19+08:00 ] 112.51.45.0 /Home/Index/currentCount.html?search=:us
INFO: [ app_begin ] --START--
INFO: Run Behavior\ReadHtmlCache [ RunTime:0.000045s ]
INFO: [ app_begin ] --END-- [ RunTime:0.000142s ]
SQL: SHOW COLUMNS FROM `onethink_config` [ RunTime:0.000608s ]
SQL: SELECT `type`,`name`,`value` FROM `onethink_config` WHERE ( `status` = 1 )  [ RunTime:0.000368s ]

[ 2016-11-26T23:58:24+08:00 ] 112.51.45.0 /Home/Index/totalCount.html
INFO: [ app_begin ] --START--
INFO: Run Behavior\ReadHtmlCache [ RunTime:0.000045s ]
INFO: [ app_begin ] --END-- [ RunTime:0.000143s ]
SQL: SHOW COLUMNS FROM `onethink_config` [ RunTime:0.000675s ]
SQL: SELECT `type`,`name`,`value` FROM `onethink_config` WHERE ( `status` = 1 )  [ RunTime:0.000332s ]

[ 2016-11-26T23:58:24+08:00 ] 112.51.45.0 /Home/Index/currentCount.html?search=:us
INFO: [ app_begin ] --START--
INFO: Run Behavior\ReadHtmlCache [ RunTime:0.000052s ]
INFO: [ app_begin ] --END-- [ RunTime:0.000164s ]
SQL: SHOW COLUMNS FROM `onethink_config` [ RunTime:0.000516s ]
SQL: SELECT `type`,`name`,`value` FROM `onethink_config` WHERE ( `status` = 1 )  [ RunTime:0.000397s ]

[ 2016-11-26T23:58:29+08:00 ] 112.51.45.0 /Home/Index/currentCount.html?search=:us
INFO: [ app_begin ] --START--
INFO: Run Behavior\ReadHtmlCache [ RunTime:0.000045s ]
INFO: [ app_begin ] --END-- [ RunTime:0.000139s ]
SQL: SHOW COLUMNS FROM `onethink_config` [ RunTime:0.000550s ]
SQL: SELECT `type`,`name`,`value` FROM `onethink_config` WHERE ( `status` = 1 )  [ RunTime:0.000368s ]

[ 2016-11-26T23:58:34+08:00 ] 112.51.45.0 /Home/Index/currentCount.html?search=:us
INFO: [ app_begin ] --START--
INFO: Run Behavior\ReadHtmlCache [ RunTime:0.000045s ]
INFO: [ app_begin ] --END-- [ RunTime:0.000148s ]
SQL: SHOW COLUMNS FROM `onethink_config` [ RunTime:0.000543s ]
SQL: SELECT `type`,`name`,`value` FROM `onethink_config` WHERE ( `status` = 1 )  [ RunTime:0.000372s ]

[ 2016-11-26T23:58:39+08:00 ] 112.51.45.0 /Home/Index/currentCount.html?search=:us
INFO: [ app_begin ] --START--
INFO: Run Behavior\ReadHtmlCache [ RunTime:0.000046s ]
INFO: [ app_begin ] --END-- [ RunTime:0.000145s ]
SQL: SHOW COLUMNS FROM `onethink_config` [ RunTime:0.000560s ]
SQL: SELECT `type`,`name`,`value` FROM `onethink_config` WHERE ( `status` = 1 )  [ RunTime:0.000369s ]

[ 2016-11-26T23:58:44+08:00 ] 112.51.45.0 /Home/Index/currentCount.html?search=:us
INFO: [ app_begin ] --START--
INFO: Run Behavior\ReadHtmlCache [ RunTime:0.000065s ]
INFO: [ app_begin ] --END-- [ RunTime:0.000195s ]
SQL: SHOW COLUMNS FROM `onethink_config` [ RunTime:0.000568s ]
SQL: SELECT `type`,`name`,`value` FROM `onethink_config` WHERE ( `status` = 1 )  [ RunTime:0.000361s ]

[ 2016-11-26T23:58:49+08:00 ] 112.51.45.0 /Home/Index/currentCount.html?search=:us
INFO: [ app_begin ] --START--
INFO: Run Behavior\ReadHtmlCache [ RunTime:0.000065s ]
INFO: [ app_begin ] --END-- [ RunTime:0.000213s ]
SQL: SHOW COLUMNS FROM `onethink_config` [ RunTime:0.000706s ]
SQL: SELECT `type`,`name`,`value` FROM `onethink_config` WHERE ( `status` = 1 )  [ RunTime:0.000584s ]

[ 2016-11-26T23:58:54+08:00 ] 112.51.45.0 /Home/Index/currentCount.html?search=:us
INFO: [ app_begin ] --START--
INFO: Run Behavior\ReadHtmlCache [ RunTime:0.000063s ]
INFO: [ app_begin ] --END-- [ RunTime:0.000168s ]
SQL: SHOW COLUMNS FROM `onethink_config` [ RunTime:0.000534s ]
SQL: SELECT `type`,`name`,`value` FROM `onethink_config` WHERE ( `status` = 1 )  [ RunTime:0.000333s ]

[ 2016-11-26T23:58:59+08:00 ] 112.51.45.0 /Home/Index/currentCount.html?search=:us
INFO: [ app_begin ] --START--
INFO: Run Behavior\ReadHtmlCache [ RunTime:0.000066s ]
INFO: [ app_begin ] --END-- [ RunTime:0.000177s ]
SQL: SHOW COLUMNS FROM `onethink_config` [ RunTime:0.000590s ]
SQL: SELECT `type`,`name`,`value` FROM `onethink_config` WHERE ( `status` = 1 )  [ RunTime:0.000344s ]

[ 2016-11-26T23:59:04+08:00 ] 112.51.45.0 /Home/Index/totalCount.html
INFO: [ app_begin ] --START--
INFO: Run Behavior\ReadHtmlCache [ RunTime:0.000054s ]
INFO: [ app_begin ] --END-- [ RunTime:0.000167s ]
SQL: SHOW COLUMNS FROM `onethink_config` [ RunTime:0.000765s ]
SQL: SELECT `type`,`name`,`value` FROM `onethink_config` WHERE ( `status` = 1 )  [ RunTime:0.000509s ]

[ 2016-11-26T23:59:04+08:00 ] 112.51.45.0 /Home/Index/currentCount.html?search=:us
INFO: [ app_begin ] --START--
INFO: Run Behavior\ReadHtmlCache [ RunTime:0.000149s ]
INFO: [ app_begin ] --END-- [ RunTime:0.000340s ]
SQL: SHOW COLUMNS FROM `onethink_config` [ RunTime:0.000691s ]
SQL: SELECT `type`,`name`,`value` FROM `onethink_config` WHERE ( `status` = 1 )  [ RunTime:0.000462s ]

[ 2016-11-26T23:59:09+08:00 ] 112.51.45.0 /Home/Index/currentCount.html?search=:us
INFO: [ app_begin ] --START--
INFO: Run Behavior\ReadHtmlCache [ RunTime:0.000046s ]
INFO: [ app_begin ] --END-- [ RunTime:0.000147s ]
SQL: SHOW COLUMNS FROM `onethink_config` [ RunTime:0.000645s ]
SQL: SELECT `type`,`name`,`value` FROM `onethink_config` WHERE ( `status` = 1 )  [ RunTime:0.000302s ]

[ 2016-11-26T23:59:14+08:00 ] 112.51.45.0 /Home/Index/currentCount.html?search=:us
INFO: [ app_begin ] --START--
INFO: Run Behavior\ReadHtmlCache [ RunTime:0.000063s ]
INFO: [ app_begin ] --END-- [ RunTime:0.000207s ]
SQL: SHOW COLUMNS FROM `onethink_config` [ RunTime:0.000611s ]
SQL: SELECT `type`,`name`,`value` FROM `onethink_config` WHERE ( `status` = 1 )  [ RunTime:0.000339s ]

[ 2016-11-26T23:59:19+08:00 ] 112.51.45.0 /Home/Index/currentCount.html?search=:us
INFO: [ app_begin ] --START--
INFO: Run Behavior\ReadHtmlCache [ RunTime:0.000050s ]
INFO: [ app_begin ] --END-- [ RunTime:0.000178s ]
SQL: SHOW COLUMNS FROM `onethink_config` [ RunTime:0.000722s ]
SQL: SELECT `type`,`name`,`value` FROM `onethink_config` WHERE ( `status` = 1 )  [ RunTime:0.000603s ]

[ 2016-11-26T23:59:24+08:00 ] 112.51.45.0 /Home/Index/currentCount.html?search=:us
INFO: [ app_begin ] --START--
INFO: Run Behavior\ReadHtmlCache [ RunTime:0.000195s ]
INFO: [ app_begin ] --END-- [ RunTime:0.000336s ]
SQL: SHOW COLUMNS FROM `onethink_config` [ RunTime:0.000720s ]
SQL: SELECT `type`,`name`,`value` FROM `onethink_config` WHERE ( `status` = 1 )  [ RunTime:0.000417s ]

[ 2016-11-26T23:59:29+08:00 ] 112.51.45.0 /Home/Index/currentCount.html?search=:us
INFO: [ app_begin ] --START--
INFO: Run Behavior\ReadHtmlCache [ RunTime:0.000079s ]
INFO: [ app_begin ] --END-- [ RunTime:0.000239s ]
SQL: SHOW COLUMNS FROM `onethink_config` [ RunTime:0.000881s ]
SQL: SELECT `type`,`name`,`value` FROM `onethink_config` WHERE ( `status` = 1 )  [ RunTime:0.000453s ]

[ 2016-11-26T23:59:34+08:00 ] 112.51.45.0 /Home/Index/currentCount.html?search=:us
INFO: [ app_begin ] --START--
INFO: Run Behavior\ReadHtmlCache [ RunTime:0.000047s ]
INFO: [ app_begin ] --END-- [ RunTime:0.000167s ]
SQL: SHOW COLUMNS FROM `onethink_config` [ RunTime:0.000603s ]
SQL: SELECT `type`,`name`,`value` FROM `onethink_config` WHERE ( `status` = 1 )  [ RunTime:0.000443s ]

[ 2016-11-26T23:59:39+08:00 ] 112.51.45.0 /Home/Index/currentCount.html?search=:us
INFO: [ app_begin ] --START--
INFO: Run Behavior\ReadHtmlCache [ RunTime:0.000046s ]
INFO: [ app_begin ] --END-- [ RunTime:0.000146s ]
SQL: SHOW COLUMNS FROM `onethink_config` [ RunTime:0.001994s ]
SQL: SELECT `type`,`name`,`value` FROM `onethink_config` WHERE ( `status` = 1 )  [ RunTime:0.000381s ]

[ 2016-11-26T23:59:44+08:00 ] 112.51.45.0 /Home/Index/totalCount.html
INFO: [ app_begin ] --START--
INFO: Run Behavior\ReadHtmlCache [ RunTime:0.000044s ]
INFO: [ app_begin ] --END-- [ RunTime:0.000138s ]
SQL: SHOW COLUMNS FROM `onethink_config` [ RunTime:0.000969s ]
SQL: SELECT `type`,`name`,`value` FROM `onethink_config` WHERE ( `status` = 1 )  [ RunTime:0.000441s ]

[ 2016-11-26T23:59:44+08:00 ] 112.51.45.0 /Home/Index/currentCount.html?search=:us
INFO: [ app_begin ] --START--
INFO: Run Behavior\ReadHtmlCache [ RunTime:0.000065s ]
INFO: [ app_begin ] --END-- [ RunTime:0.000177s ]
SQL: SHOW COLUMNS FROM `onethink_config` [ RunTime:0.000523s ]
SQL: SELECT `type`,`name`,`value` FROM `onethink_config` WHERE ( `status` = 1 )  [ RunTime:0.000336s ]

[ 2016-11-26T23:59:49+08:00 ] 112.51.45.0 /Home/Index/currentCount.html?search=:us
INFO: [ app_begin ] --START--
INFO: Run Behavior\ReadHtmlCache [ RunTime:0.000055s ]
INFO: [ app_begin ] --END-- [ RunTime:0.000186s ]
SQL: SHOW COLUMNS FROM `onethink_config` [ RunTime:0.000685s ]
SQL: SELECT `type`,`name`,`value` FROM `onethink_config` WHERE ( `status` = 1 )  [ RunTime:0.002031s ]

[ 2016-11-26T23:59:51+08:00 ] 121.35.42.22 /Home/Index/currentCount.html?search=sex%20toy:us
INFO: [ app_begin ] --START--
INFO: Run Behavior\ReadHtmlCache [ RunTime:0.000058s ]
INFO: [ app_begin ] --END-- [ RunTime:0.000189s ]
SQL: SHOW COLUMNS FROM `onethink_config` [ RunTime:0.000660s ]
SQL: SELECT `type`,`name`,`value` FROM `onethink_config` WHERE ( `status` = 1 )  [ RunTime:0.000392s ]

[ 2016-11-26T23:59:54+08:00 ] 112.51.45.0 /Home/Index/currentCount.html?search=:us
INFO: [ app_begin ] --START--
INFO: Run Behavior\ReadHtmlCache [ RunTime:0.000049s ]
INFO: [ app_begin ] --END-- [ RunTime:0.000173s ]
SQL: SHOW COLUMNS FROM `onethink_config` [ RunTime:0.002325s ]
SQL: SELECT `type`,`name`,`value` FROM `onethink_config` WHERE ( `status` = 1 )  [ RunTime:0.000359s ]

[ 2016-11-26T23:59:56+08:00 ] 121.35.42.22 /Home/Index/currentCount.html?search=sex%20toy:us
INFO: [ app_begin ] --START--
INFO: Run Behavior\ReadHtmlCache [ RunTime:0.000047s ]
INFO: [ app_begin ] --END-- [ RunTime:0.000159s ]
SQL: SHOW COLUMNS FROM `onethink_config` [ RunTime:0.000612s ]
SQL: SELECT `type`,`name`,`value` FROM `onethink_config` WHERE ( `status` = 1 )  [ RunTime:0.000287s ]

[ 2016-11-26T23:59:59+08:00 ] 112.51.45.0 /Home/Index/currentCount.html?search=:us
INFO: [ app_begin ] --START--
INFO: Run Behavior\ReadHtmlCache [ RunTime:0.000070s ]
INFO: [ app_begin ] --END-- [ RunTime:0.000228s ]
SQL: SHOW COLUMNS FROM `onethink_config` [ RunTime:0.000508s ]
SQL: SELECT `type`,`name`,`value` FROM `onethink_config` WHERE ( `status` = 1 )  [ RunTime:0.000323s ]

