[ 2016-12-18T20:34:50+08:00 ] 125.95.206.255 /Home/Index/currentCount.html?search=plastic%20chicken%20drinker:uk
INFO: [ app_begin ] --START--
INFO: Run Behavior\ReadHtmlCache [ RunTime:0.000068s ]
INFO: [ app_begin ] --END-- [ RunTime:0.000220s ]
SQL: SHOW COLUMNS FROM `onethink_config` [ RunTime:0.002425s ]
SQL: SELECT `type`,`name`,`value` FROM `onethink_config` WHERE ( `status` = 1 )  [ RunTime:0.000400s ]

[ 2016-12-18T20:34:55+08:00 ] 125.95.206.255 /Home/Index/currentCount.html?search=plastic%20chicken%20drinker:uk
INFO: [ app_begin ] --START--
INFO: Run Behavior\ReadHtmlCache [ RunTime:0.000063s ]
INFO: [ app_begin ] --END-- [ RunTime:0.000198s ]
SQL: SHOW COLUMNS FROM `onethink_config` [ RunTime:0.002691s ]
SQL: SELECT `type`,`name`,`value` FROM `onethink_config` WHERE ( `status` = 1 )  [ RunTime:0.000388s ]

[ 2016-12-18T20:35:00+08:00 ] 125.95.206.255 /Home/Index/currentCount.html?search=plastic%20chicken%20drinker:uk
INFO: [ app_begin ] --START--
INFO: Run Behavior\ReadHtmlCache [ RunTime:0.000051s ]
INFO: [ app_begin ] --END-- [ RunTime:0.000189s ]
SQL: SHOW COLUMNS FROM `onethink_config` [ RunTime:0.002436s ]
SQL: SELECT `type`,`name`,`value` FROM `onethink_config` WHERE ( `status` = 1 )  [ RunTime:0.000357s ]

[ 2016-12-18T20:35:05+08:00 ] 125.95.206.255 /Home/Index/currentCount.html?search=plastic%20chicken%20drinker:uk
INFO: [ app_begin ] --START--
INFO: Run Behavior\ReadHtmlCache [ RunTime:0.000068s ]
INFO: [ app_begin ] --END-- [ RunTime:0.000183s ]
SQL: SHOW COLUMNS FROM `onethink_config` [ RunTime:0.002909s ]
SQL: SELECT `type`,`name`,`value` FROM `onethink_config` WHERE ( `status` = 1 )  [ RunTime:0.001061s ]

[ 2016-12-18T20:35:10+08:00 ] 125.95.206.255 /Home/Index/currentCount.html?search=plastic%20chicken%20drinker:uk
INFO: [ app_begin ] --START--
INFO: Run Behavior\ReadHtmlCache [ RunTime:0.000044s ]
INFO: [ app_begin ] --END-- [ RunTime:0.000142s ]
SQL: SHOW COLUMNS FROM `onethink_config` [ RunTime:0.002218s ]
SQL: SELECT `type`,`name`,`value` FROM `onethink_config` WHERE ( `status` = 1 )  [ RunTime:0.000365s ]

[ 2016-12-18T20:35:15+08:00 ] 125.95.206.255 /Home/Index/currentCount.html?search=plastic%20chicken%20drinker:uk
INFO: [ app_begin ] --START--
INFO: Run Behavior\ReadHtmlCache [ RunTime:0.000044s ]
INFO: [ app_begin ] --END-- [ RunTime:0.000140s ]
SQL: SHOW COLUMNS FROM `onethink_config` [ RunTime:0.002701s ]
SQL: SELECT `type`,`name`,`value` FROM `onethink_config` WHERE ( `status` = 1 )  [ RunTime:0.001315s ]

[ 2016-12-18T20:35:20+08:00 ] 125.95.206.255 /Home/Index/currentCount.html?search=plastic%20chicken%20drinker:uk
INFO: [ app_begin ] --START--
INFO: Run Behavior\ReadHtmlCache [ RunTime:0.000064s ]
INFO: [ app_begin ] --END-- [ RunTime:0.000170s ]
SQL: SHOW COLUMNS FROM `onethink_config` [ RunTime:0.000744s ]
SQL: SELECT `type`,`name`,`value` FROM `onethink_config` WHERE ( `status` = 1 )  [ RunTime:0.000399s ]

[ 2016-12-18T20:35:25+08:00 ] 125.95.206.255 /Home/Index/totalCount.html
INFO: [ app_begin ] --START--
INFO: Run Behavior\ReadHtmlCache [ RunTime:0.000045s ]
INFO: [ app_begin ] --END-- [ RunTime:0.000145s ]
SQL: SHOW COLUMNS FROM `onethink_config` [ RunTime:0.000545s ]
SQL: SELECT `type`,`name`,`value` FROM `onethink_config` WHERE ( `status` = 1 )  [ RunTime:0.002152s ]

[ 2016-12-18T20:35:25+08:00 ] 125.95.206.255 /Home/Index/currentCount.html?search=plastic%20chicken%20drinker:uk
INFO: [ app_begin ] --START--
INFO: Run Behavior\ReadHtmlCache [ RunTime:0.000084s ]
INFO: [ app_begin ] --END-- [ RunTime:0.000216s ]
SQL: SHOW COLUMNS FROM `onethink_config` [ RunTime:0.000689s ]
SQL: SELECT `type`,`name`,`value` FROM `onethink_config` WHERE ( `status` = 1 )  [ RunTime:0.000483s ]

[ 2016-12-18T20:35:30+08:00 ] 125.95.206.255 /Home/Index/currentCount.html?search=plastic%20chicken%20drinker:uk
INFO: [ app_begin ] --START--
INFO: Run Behavior\ReadHtmlCache [ RunTime:0.000051s ]
INFO: [ app_begin ] --END-- [ RunTime:0.000189s ]
SQL: SHOW COLUMNS FROM `onethink_config` [ RunTime:0.000560s ]
SQL: SELECT `type`,`name`,`value` FROM `onethink_config` WHERE ( `status` = 1 )  [ RunTime:0.002314s ]

[ 2016-12-18T20:35:35+08:00 ] 125.95.206.255 /Home/Index/currentCount.html?search=plastic%20chicken%20drinker:uk
INFO: [ app_begin ] --START--
INFO: Run Behavior\ReadHtmlCache [ RunTime:0.000056s ]
INFO: [ app_begin ] --END-- [ RunTime:0.000177s ]
SQL: SHOW COLUMNS FROM `onethink_config` [ RunTime:0.000614s ]
SQL: SELECT `type`,`name`,`value` FROM `onethink_config` WHERE ( `status` = 1 )  [ RunTime:0.002290s ]

[ 2016-12-18T20:35:40+08:00 ] 125.95.206.255 /Home/Index/currentCount.html?search=plastic%20chicken%20drinker:uk
INFO: [ app_begin ] --START--
INFO: Run Behavior\ReadHtmlCache [ RunTime:0.000046s ]
INFO: [ app_begin ] --END-- [ RunTime:0.000146s ]
SQL: SHOW COLUMNS FROM `onethink_config` [ RunTime:0.000630s ]
SQL: SELECT `type`,`name`,`value` FROM `onethink_config` WHERE ( `status` = 1 )  [ RunTime:0.002530s ]

[ 2016-12-18T20:35:45+08:00 ] 125.95.206.255 /Home/Index/currentCount.html?search=plastic%20chicken%20drinker:uk
INFO: [ app_begin ] --START--
INFO: Run Behavior\ReadHtmlCache [ RunTime:0.000063s ]
INFO: [ app_begin ] --END-- [ RunTime:0.000161s ]
SQL: SHOW COLUMNS FROM `onethink_config` [ RunTime:0.000585s ]
SQL: SELECT `type`,`name`,`value` FROM `onethink_config` WHERE ( `status` = 1 )  [ RunTime:0.003303s ]

[ 2016-12-18T20:35:50+08:00 ] 125.95.206.255 /Home/Index/currentCount.html?search=plastic%20chicken%20drinker:uk
INFO: [ app_begin ] --START--
INFO: Run Behavior\ReadHtmlCache [ RunTime:0.000071s ]
INFO: [ app_begin ] --END-- [ RunTime:0.000224s ]
SQL: SHOW COLUMNS FROM `onethink_config` [ RunTime:0.000593s ]
SQL: SELECT `type`,`name`,`value` FROM `onethink_config` WHERE ( `status` = 1 )  [ RunTime:0.000360s ]

[ 2016-12-18T20:35:55+08:00 ] 125.95.206.255 /Home/Index/currentCount.html?search=plastic%20chicken%20drinker:uk
INFO: [ app_begin ] --START--
INFO: Run Behavior\ReadHtmlCache [ RunTime:0.000046s ]
INFO: [ app_begin ] --END-- [ RunTime:0.000146s ]
SQL: SHOW COLUMNS FROM `onethink_config` [ RunTime:0.000758s ]
SQL: SELECT `type`,`name`,`value` FROM `onethink_config` WHERE ( `status` = 1 )  [ RunTime:0.000371s ]

[ 2016-12-18T22:02:21+08:00 ] 157.55.39.53 /
SQL: SHOW COLUMNS FROM `onethink_category` [ RunTime:0.000891s ]
SQL: SELECT `id`,`name`,`title`,`pid`,`sort`,`list_row`,`meta_title`,`keywords`,`description`,`template_index`,`template_lists`,`template_detail`,`template_edit`,`model`,`type`,`link_id`,`allow_publish`,`display`,`reply`,`check`,`reply_model`,`extend`,`create_time`,`update_time`,`status`,`icon` FROM `onethink_category` WHERE ( `status` = 1 ) ORDER BY sort  [ RunTime:0.000254s ]
SQL: SHOW COLUMNS FROM `onethink_document` [ RunTime:0.000508s ]
SQL: SELECT `id`,`uid`,`name`,`title`,`category_id`,`description`,`root`,`pid`,`model_id`,`type`,`position`,`link_id`,`cover_id`,`display`,`deadline`,`attach`,`view`,`comment`,`extend`,`level`,`create_time`,`update_time`,`status` FROM `onethink_document` WHERE ( `status` = 1 ) AND ( `pid` = 0 ) AND ( `create_time` < 1482069741 ) AND ( deadline = 0 OR deadline > 1482069741 ) ORDER BY `id` DESC  [ RunTime:0.000300s ]
SQL: SHOW COLUMNS FROM `onethink_action_log` [ RunTime:0.000361s ]
SQL: SELECT `id`,`action_id`,`user_id`,`action_ip`,`model`,`record_id`,`remark`,`status`,`create_time` FROM `onethink_action_log` WHERE ( `status` > -1 ) AND ( `action_id` = 12 ) AND ( `model` LIKE '新词%' ) ORDER BY `id` DESC LIMIT 20   [ RunTime:0.000290s ]
NOTIC: [8] Undefined variable: str /var/www/html/Application/Home/Common/function.php 第 90 行.
NOTIC: [8] Undefined variable: count /var/www/html/Application/Home/Common/function.php 第 83 行.
NOTIC: [8] Undefined variable: str /var/www/html/Application/Home/Common/function.php 第 90 行.
NOTIC: [8] Undefined variable: count /var/www/html/Application/Home/Common/function.php 第 83 行.
NOTIC: [8] Undefined variable: str /var/www/html/Application/Home/Common/function.php 第 90 行.
NOTIC: [8] Undefined variable: count /var/www/html/Application/Home/Common/function.php 第 83 行.
NOTIC: [8] Undefined variable: str /var/www/html/Application/Home/Common/function.php 第 90 行.
NOTIC: [8] Undefined variable: count /var/www/html/Application/Home/Common/function.php 第 83 行.
NOTIC: [8] Undefined variable: str /var/www/html/Application/Home/Common/function.php 第 90 行.
NOTIC: [8] Undefined variable: count /var/www/html/Application/Home/Common/function.php 第 83 行.
NOTIC: [8] Undefined variable: str /var/www/html/Application/Home/Common/function.php 第 90 行.
NOTIC: [8] Undefined variable: count /var/www/html/Application/Home/Common/function.php 第 83 行.
NOTIC: [8] Undefined variable: str /var/www/html/Application/Home/Common/function.php 第 90 行.
NOTIC: [8] Undefined variable: count /var/www/html/Application/Home/Common/function.php 第 83 行.
NOTIC: [8] Undefined variable: str /var/www/html/Application/Home/Common/function.php 第 90 行.
NOTIC: [8] Undefined variable: count /var/www/html/Application/Home/Common/function.php 第 83 行.
NOTIC: [8] Undefined variable: str /var/www/html/Application/Home/Common/function.php 第 90 行.
NOTIC: [8] Undefined variable: count /var/www/html/Application/Home/Common/function.php 第 83 行.
NOTIC: [8] Undefined variable: str /var/www/html/Application/Home/Common/function.php 第 90 行.
NOTIC: [8] Undefined variable: count /var/www/html/Application/Home/Common/function.php 第 83 行.
NOTIC: [8] Undefined variable: str /var/www/html/Application/Home/Common/function.php 第 90 行.
NOTIC: [8] Undefined variable: count /var/www/html/Application/Home/Common/function.php 第 83 行.
NOTIC: [8] Undefined variable: str /var/www/html/Application/Home/Common/function.php 第 90 行.
NOTIC: [8] Undefined variable: count /var/www/html/Application/Home/Common/function.php 第 83 行.
NOTIC: [8] Undefined variable: str /var/www/html/Application/Home/Common/function.php 第 90 行.
NOTIC: [8] Undefined variable: count /var/www/html/Application/Home/Common/function.php 第 83 行.
NOTIC: [8] Undefined variable: str /var/www/html/Application/Home/Common/function.php 第 90 行.
NOTIC: [8] Undefined variable: count /var/www/html/Application/Home/Common/function.php 第 83 行.
NOTIC: [8] Undefined variable: str /var/www/html/Application/Home/Common/function.php 第 90 行.
NOTIC: [8] Undefined variable: count /var/www/html/Application/Home/Common/function.php 第 83 行.
NOTIC: [8] Undefined variable: str /var/www/html/Application/Home/Common/function.php 第 90 行.
NOTIC: [8] Undefined variable: count /var/www/html/Application/Home/Common/function.php 第 83 行.
NOTIC: [8] Undefined variable: str /var/www/html/Application/Home/Common/function.php 第 90 行.
NOTIC: [8] Undefined variable: count /var/www/html/Application/Home/Common/function.php 第 83 行.
NOTIC: [8] Undefined variable: str /var/www/html/Application/Home/Common/function.php 第 90 行.
NOTIC: [8] Undefined variable: count /var/www/html/Application/Home/Common/function.php 第 83 行.
NOTIC: [8] Undefined variable: str /var/www/html/Application/Home/Common/function.php 第 90 行.
NOTIC: [8] Undefined variable: count /var/www/html/Application/Home/Common/function.php 第 83 行.
NOTIC: [8] Undefined variable: str /var/www/html/Application/Home/Common/function.php 第 90 行.
NOTIC: [8] Undefined variable: count /var/www/html/Application/Home/Common/function.php 第 83 行.
NOTIC: [8] Undefined variable: nloglists /var/www/html/Application/Home/Controller/IndexController.class.php 第 48 行.
SQL: SHOW COLUMNS FROM `onethink_auth_group` [ RunTime:0.000381s ]
SQL: SHOW COLUMNS FROM `onethink_auth_group_access` [ RunTime:0.000298s ]
SQL: SELECT `uid`,`group_id`,`title`,`description`,`rules` FROM onethink_auth_group_access a INNER JOIN onethink_auth_group g on a.group_id=g.id  WHERE ( a.uid='0' and g.status='1' )  [ RunTime:0.000187s ]
NOTIC: [8] Undefined offset: 0 /var/www/html/Application/Common/Common/function.php 第 976 行.
INFO: [ view_parse ] --START--
INFO: [ template_filter ] --START--
INFO: Run Behavior\ContentReplace [ RunTime:0.000154s ]
INFO: [ template_filter ] --END-- [ RunTime:0.000247s ]
SQL: SHOW COLUMNS FROM `onethink_channel` [ RunTime:0.000473s ]
SQL: SELECT `id`,`pid`,`title`,`url`,`sort`,`create_time`,`update_time`,`status`,`target` FROM `onethink_channel` WHERE ( status=1 ) ORDER BY sort  [ RunTime:0.000183s ]
SQL: SELECT `id`,`name`,`title`,`pid`,`sort`,`list_row`,`meta_title`,`keywords`,`description`,`template_index`,`template_lists`,`template_detail`,`template_edit`,`model`,`type`,`link_id`,`allow_publish`,`display`,`reply`,`check`,`reply_model`,`extend`,`create_time`,`update_time`,`status`,`icon` FROM `onethink_category` WHERE ( `id` = 1 ) LIMIT 1   [ RunTime:0.000192s ]
SQL: SELECT `id`,`name`,`pid`,`title`,`link_id` FROM `onethink_category` WHERE ( `status` = 1 ) ORDER BY sort  [ RunTime:0.000163s ]
INFO: [ view_parse ] --START--
INFO: [ template_filter ] --START--
INFO: Run Behavior\ContentReplace [ RunTime:0.000043s ]
INFO: [ template_filter ] --END-- [ RunTime:-0.007601s ]
INFO: Run Behavior\ParseTemplate [ RunTime:0.003008s ]
INFO: [ view_parse ] --END-- [ RunTime:0.003090s ]
INFO: [ view_filter ] --START--
INFO: Run Behavior\WriteHtmlCache [ RunTime:0.000054s ]
INFO: [ view_filter ] --END-- [ RunTime:0.000120s ]
INFO: Run Behavior\ParseTemplate [ RunTime:0.004041s ]
INFO: [ view_parse ] --END-- [ RunTime:0.003090s ]
INFO: [ view_filter ] --START--
INFO: Run Behavior\WriteHtmlCache [ RunTime:0.000015s ]
INFO: [ view_filter ] --END-- [ RunTime:-0.000906s ]
INFO: [ app_end ] --START--
INFO: Run Behavior\ShowPageTrace [ RunTime:0.000129s ]
INFO: [ app_end ] --END-- [ RunTime:0.000297s ]

[ 2016-12-18T22:02:59+08:00 ] 65.55.210.246 /Home/Index/currentCount.html?search=:uk
INFO: [ app_begin ] --START--
INFO: Run Behavior\ReadHtmlCache [ RunTime:0.000060s ]
INFO: [ app_begin ] --END-- [ RunTime:0.000194s ]
SQL: SHOW COLUMNS FROM `onethink_config` [ RunTime:0.000531s ]
SQL: SELECT `type`,`name`,`value` FROM `onethink_config` WHERE ( `status` = 1 )  [ RunTime:0.000358s ]

[ 2016-12-18T22:23:48+08:00 ] 190.235.220.231 /
SQL: SHOW COLUMNS FROM `onethink_category` [ RunTime:0.000557s ]
SQL: SELECT `id`,`name`,`title`,`pid`,`sort`,`list_row`,`meta_title`,`keywords`,`description`,`template_index`,`template_lists`,`template_detail`,`template_edit`,`model`,`type`,`link_id`,`allow_publish`,`display`,`reply`,`check`,`reply_model`,`extend`,`create_time`,`update_time`,`status`,`icon` FROM `onethink_category` WHERE ( `status` = 1 ) ORDER BY sort  [ RunTime:0.000214s ]
SQL: SHOW COLUMNS FROM `onethink_document` [ RunTime:0.000498s ]
SQL: SELECT `id`,`uid`,`name`,`title`,`category_id`,`description`,`root`,`pid`,`model_id`,`type`,`position`,`link_id`,`cover_id`,`display`,`deadline`,`attach`,`view`,`comment`,`extend`,`level`,`create_time`,`update_time`,`status` FROM `onethink_document` WHERE ( `status` = 1 ) AND ( `pid` = 0 ) AND ( `create_time` < 1482071028 ) AND ( deadline = 0 OR deadline > 1482071028 ) ORDER BY `id` DESC  [ RunTime:0.000414s ]
SQL: SHOW COLUMNS FROM `onethink_action_log` [ RunTime:0.000560s ]
SQL: SELECT `id`,`action_id`,`user_id`,`action_ip`,`model`,`record_id`,`remark`,`status`,`create_time` FROM `onethink_action_log` WHERE ( `status` > -1 ) AND ( `action_id` = 12 ) AND ( `model` LIKE '新词%' ) ORDER BY `id` DESC LIMIT 20   [ RunTime:0.000334s ]
NOTIC: [8] Undefined variable: str /var/www/html/Application/Home/Common/function.php 第 90 行.
NOTIC: [8] Undefined variable: count /var/www/html/Application/Home/Common/function.php 第 83 行.
NOTIC: [8] Undefined variable: str /var/www/html/Application/Home/Common/function.php 第 90 行.
NOTIC: [8] Undefined variable: count /var/www/html/Application/Home/Common/function.php 第 83 行.
NOTIC: [8] Undefined variable: str /var/www/html/Application/Home/Common/function.php 第 90 行.
NOTIC: [8] Undefined variable: count /var/www/html/Application/Home/Common/function.php 第 83 行.
NOTIC: [8] Undefined variable: str /var/www/html/Application/Home/Common/function.php 第 90 行.
NOTIC: [8] Undefined variable: count /var/www/html/Application/Home/Common/function.php 第 83 行.
NOTIC: [8] Undefined variable: str /var/www/html/Application/Home/Common/function.php 第 90 行.
NOTIC: [8] Undefined variable: count /var/www/html/Application/Home/Common/function.php 第 83 行.
NOTIC: [8] Undefined variable: str /var/www/html/Application/Home/Common/function.php 第 90 行.
NOTIC: [8] Undefined variable: count /var/www/html/Application/Home/Common/function.php 第 83 行.
NOTIC: [8] Undefined variable: str /var/www/html/Application/Home/Common/function.php 第 90 行.
NOTIC: [8] Undefined variable: count /var/www/html/Application/Home/Common/function.php 第 83 行.
NOTIC: [8] Undefined variable: str /var/www/html/Application/Home/Common/function.php 第 90 行.
NOTIC: [8] Undefined variable: count /var/www/html/Application/Home/Common/function.php 第 83 行.
NOTIC: [8] Undefined variable: str /var/www/html/Application/Home/Common/function.php 第 90 行.
NOTIC: [8] Undefined variable: count /var/www/html/Application/Home/Common/function.php 第 83 行.
NOTIC: [8] Undefined variable: str /var/www/html/Application/Home/Common/function.php 第 90 行.
NOTIC: [8] Undefined variable: count /var/www/html/Application/Home/Common/function.php 第 83 行.
NOTIC: [8] Undefined variable: str /var/www/html/Application/Home/Common/function.php 第 90 行.
NOTIC: [8] Undefined variable: count /var/www/html/Application/Home/Common/function.php 第 83 行.
NOTIC: [8] Undefined variable: str /var/www/html/Application/Home/Common/function.php 第 90 行.
NOTIC: [8] Undefined variable: count /var/www/html/Application/Home/Common/function.php 第 83 行.
NOTIC: [8] Undefined variable: str /var/www/html/Application/Home/Common/function.php 第 90 行.
NOTIC: [8] Undefined variable: count /var/www/html/Application/Home/Common/function.php 第 83 行.
NOTIC: [8] Undefined variable: str /var/www/html/Application/Home/Common/function.php 第 90 行.
NOTIC: [8] Undefined variable: count /var/www/html/Application/Home/Common/function.php 第 83 行.
NOTIC: [8] Undefined variable: str /var/www/html/Application/Home/Common/function.php 第 90 行.
NOTIC: [8] Undefined variable: count /var/www/html/Application/Home/Common/function.php 第 83 行.
NOTIC: [8] Undefined variable: str /var/www/html/Application/Home/Common/function.php 第 90 行.
NOTIC: [8] Undefined variable: count /var/www/html/Application/Home/Common/function.php 第 83 行.
NOTIC: [8] Undefined variable: str /var/www/html/Application/Home/Common/function.php 第 90 行.
NOTIC: [8] Undefined variable: count /var/www/html/Application/Home/Common/function.php 第 83 行.
NOTIC: [8] Undefined variable: str /var/www/html/Application/Home/Common/function.php 第 90 行.
NOTIC: [8] Undefined variable: count /var/www/html/Application/Home/Common/function.php 第 83 行.
NOTIC: [8] Undefined variable: str /var/www/html/Application/Home/Common/function.php 第 90 行.
NOTIC: [8] Undefined variable: count /var/www/html/Application/Home/Common/function.php 第 83 行.
NOTIC: [8] Undefined variable: str /var/www/html/Application/Home/Common/function.php 第 90 行.
NOTIC: [8] Undefined variable: count /var/www/html/Application/Home/Common/function.php 第 83 行.
NOTIC: [8] Undefined variable: nloglists /var/www/html/Application/Home/Controller/IndexController.class.php 第 48 行.
SQL: SHOW COLUMNS FROM `onethink_auth_group` [ RunTime:0.000527s ]
SQL: SHOW COLUMNS FROM `onethink_auth_group_access` [ RunTime:0.000477s ]
SQL: SELECT `uid`,`group_id`,`title`,`description`,`rules` FROM onethink_auth_group_access a INNER JOIN onethink_auth_group g on a.group_id=g.id  WHERE ( a.uid='0' and g.status='1' )  [ RunTime:0.000275s ]
NOTIC: [8] Undefined offset: 0 /var/www/html/Application/Common/Common/function.php 第 976 行.
INFO: [ view_parse ] --START--
INFO: [ template_filter ] --START--
INFO: Run Behavior\ContentReplace [ RunTime:0.000138s ]
INFO: [ template_filter ] --END-- [ RunTime:0.000228s ]
SQL: SHOW COLUMNS FROM `onethink_channel` [ RunTime:0.000386s ]
SQL: SELECT `id`,`pid`,`title`,`url`,`sort`,`create_time`,`update_time`,`status`,`target` FROM `onethink_channel` WHERE ( status=1 ) ORDER BY sort  [ RunTime:0.000195s ]
SQL: SELECT `id`,`name`,`title`,`pid`,`sort`,`list_row`,`meta_title`,`keywords`,`description`,`template_index`,`template_lists`,`template_detail`,`template_edit`,`model`,`type`,`link_id`,`allow_publish`,`display`,`reply`,`check`,`reply_model`,`extend`,`create_time`,`update_time`,`status`,`icon` FROM `onethink_category` WHERE ( `id` = 1 ) LIMIT 1   [ RunTime:0.000314s ]
SQL: SELECT `id`,`name`,`pid`,`title`,`link_id` FROM `onethink_category` WHERE ( `status` = 1 ) ORDER BY sort  [ RunTime:0.000244s ]
INFO: [ view_parse ] --START--
INFO: [ template_filter ] --START--
INFO: Run Behavior\ContentReplace [ RunTime:0.000066s ]
INFO: [ template_filter ] --END-- [ RunTime:-0.009183s ]
INFO: Run Behavior\ParseTemplate [ RunTime:0.004436s ]
INFO: [ view_parse ] --END-- [ RunTime:0.004570s ]
INFO: [ view_filter ] --START--
INFO: Run Behavior\WriteHtmlCache [ RunTime:0.000088s ]
INFO: [ view_filter ] --END-- [ RunTime:0.000214s ]
INFO: Run Behavior\ParseTemplate [ RunTime:0.006127s ]
INFO: [ view_parse ] --END-- [ RunTime:0.004570s ]
INFO: [ view_filter ] --START--
INFO: Run Behavior\WriteHtmlCache [ RunTime:0.000018s ]
INFO: [ view_filter ] --END-- [ RunTime:-0.001544s ]
INFO: [ app_end ] --START--
INFO: Run Behavior\ShowPageTrace [ RunTime:0.000099s ]
INFO: [ app_end ] --END-- [ RunTime:0.000271s ]

[ 2016-12-18T22:30:40+08:00 ] 62.210.149.68 /admin/config.php
ERR: 无法加载控制器:Config.php

[ 2016-12-18T22:35:24+08:00 ] 54.163.142.230 /
SQL: SHOW COLUMNS FROM `onethink_category` [ RunTime:0.000575s ]
SQL: SELECT `id`,`name`,`title`,`pid`,`sort`,`list_row`,`meta_title`,`keywords`,`description`,`template_index`,`template_lists`,`template_detail`,`template_edit`,`model`,`type`,`link_id`,`allow_publish`,`display`,`reply`,`check`,`reply_model`,`extend`,`create_time`,`update_time`,`status`,`icon` FROM `onethink_category` WHERE ( `status` = 1 ) ORDER BY sort  [ RunTime:0.000271s ]
SQL: SHOW COLUMNS FROM `onethink_document` [ RunTime:0.000576s ]
SQL: SELECT `id`,`uid`,`name`,`title`,`category_id`,`description`,`root`,`pid`,`model_id`,`type`,`position`,`link_id`,`cover_id`,`display`,`deadline`,`attach`,`view`,`comment`,`extend`,`level`,`create_time`,`update_time`,`status` FROM `onethink_document` WHERE ( `status` = 1 ) AND ( `pid` = 0 ) AND ( `create_time` < 1482071724 ) AND ( deadline = 0 OR deadline > 1482071724 ) ORDER BY `id` DESC  [ RunTime:0.000325s ]
SQL: SHOW COLUMNS FROM `onethink_action_log` [ RunTime:0.000389s ]
SQL: SELECT `id`,`action_id`,`user_id`,`action_ip`,`model`,`record_id`,`remark`,`status`,`create_time` FROM `onethink_action_log` WHERE ( `status` > -1 ) AND ( `action_id` = 12 ) AND ( `model` LIKE '新词%' ) ORDER BY `id` DESC LIMIT 20   [ RunTime:0.000288s ]
NOTIC: [8] Undefined variable: str /var/www/html/Application/Home/Common/function.php 第 90 行.
NOTIC: [8] Undefined variable: count /var/www/html/Application/Home/Common/function.php 第 83 行.
NOTIC: [8] Undefined variable: str /var/www/html/Application/Home/Common/function.php 第 90 行.
NOTIC: [8] Undefined variable: count /var/www/html/Application/Home/Common/function.php 第 83 行.
NOTIC: [8] Undefined variable: str /var/www/html/Application/Home/Common/function.php 第 90 行.
NOTIC: [8] Undefined variable: count /var/www/html/Application/Home/Common/function.php 第 83 行.
NOTIC: [8] Undefined variable: str /var/www/html/Application/Home/Common/function.php 第 90 行.
NOTIC: [8] Undefined variable: count /var/www/html/Application/Home/Common/function.php 第 83 行.
NOTIC: [8] Undefined variable: str /var/www/html/Application/Home/Common/function.php 第 90 行.
NOTIC: [8] Undefined variable: count /var/www/html/Application/Home/Common/function.php 第 83 行.
NOTIC: [8] Undefined variable: str /var/www/html/Application/Home/Common/function.php 第 90 行.
NOTIC: [8] Undefined variable: count /var/www/html/Application/Home/Common/function.php 第 83 行.
NOTIC: [8] Undefined variable: str /var/www/html/Application/Home/Common/function.php 第 90 行.
NOTIC: [8] Undefined variable: count /var/www/html/Application/Home/Common/function.php 第 83 行.
NOTIC: [8] Undefined variable: str /var/www/html/Application/Home/Common/function.php 第 90 行.
NOTIC: [8] Undefined variable: count /var/www/html/Application/Home/Common/function.php 第 83 行.
NOTIC: [8] Undefined variable: str /var/www/html/Application/Home/Common/function.php 第 90 行.
NOTIC: [8] Undefined variable: count /var/www/html/Application/Home/Common/function.php 第 83 行.
NOTIC: [8] Undefined variable: str /var/www/html/Application/Home/Common/function.php 第 90 行.
NOTIC: [8] Undefined variable: count /var/www/html/Application/Home/Common/function.php 第 83 行.
NOTIC: [8] Undefined variable: str /var/www/html/Application/Home/Common/function.php 第 90 行.
NOTIC: [8] Undefined variable: count /var/www/html/Application/Home/Common/function.php 第 83 行.
NOTIC: [8] Undefined variable: str /var/www/html/Application/Home/Common/function.php 第 90 行.
NOTIC: [8] Undefined variable: count /var/www/html/Application/Home/Common/function.php 第 83 行.
NOTIC: [8] Undefined variable: str /var/www/html/Application/Home/Common/function.php 第 90 行.
NOTIC: [8] Undefined variable: count /var/www/html/Application/Home/Common/function.php 第 83 行.
NOTIC: [8] Undefined variable: str /var/www/html/Application/Home/Common/function.php 第 90 行.
NOTIC: [8] Undefined variable: count /var/www/html/Application/Home/Common/function.php 第 83 行.
NOTIC: [8] Undefined variable: str /var/www/html/Application/Home/Common/function.php 第 90 行.
NOTIC: [8] Undefined variable: count /var/www/html/Application/Home/Common/function.php 第 83 行.
NOTIC: [8] Undefined variable: str /var/www/html/Application/Home/Common/function.php 第 90 行.
NOTIC: [8] Undefined variable: count /var/www/html/Application/Home/Common/function.php 第 83 行.
NOTIC: [8] Undefined variable: str /var/www/html/Application/Home/Common/function.php 第 90 行.
NOTIC: [8] Undefined variable: count /var/www/html/Application/Home/Common/function.php 第 83 行.
NOTIC: [8] Undefined variable: str /var/www/html/Application/Home/Common/function.php 第 90 行.
NOTIC: [8] Undefined variable: count /var/www/html/Application/Home/Common/function.php 第 83 行.
NOTIC: [8] Undefined variable: str /var/www/html/Application/Home/Common/function.php 第 90 行.
NOTIC: [8] Undefined variable: count /var/www/html/Application/Home/Common/function.php 第 83 行.
NOTIC: [8] Undefined variable: str /var/www/html/Application/Home/Common/function.php 第 90 行.
NOTIC: [8] Undefined variable: count /var/www/html/Application/Home/Common/function.php 第 83 行.
NOTIC: [8] Undefined variable: nloglists /var/www/html/Application/Home/Controller/IndexController.class.php 第 48 行.
SQL: SHOW COLUMNS FROM `onethink_auth_group` [ RunTime:0.000368s ]
SQL: SHOW COLUMNS FROM `onethink_auth_group_access` [ RunTime:0.000326s ]
SQL: SELECT `uid`,`group_id`,`title`,`description`,`rules` FROM onethink_auth_group_access a INNER JOIN onethink_auth_group g on a.group_id=g.id  WHERE ( a.uid='0' and g.status='1' )  [ RunTime:0.000230s ]
NOTIC: [8] Undefined offset: 0 /var/www/html/Application/Common/Common/function.php 第 976 行.
INFO: [ view_parse ] --START--
INFO: [ template_filter ] --START--
INFO: Run Behavior\ContentReplace [ RunTime:0.000141s ]
INFO: [ template_filter ] --END-- [ RunTime:0.000246s ]
SQL: SHOW COLUMNS FROM `onethink_channel` [ RunTime:0.000550s ]
SQL: SELECT `id`,`pid`,`title`,`url`,`sort`,`create_time`,`update_time`,`status`,`target` FROM `onethink_channel` WHERE ( status=1 ) ORDER BY sort  [ RunTime:0.000250s ]
SQL: SELECT `id`,`name`,`title`,`pid`,`sort`,`list_row`,`meta_title`,`keywords`,`description`,`template_index`,`template_lists`,`template_detail`,`template_edit`,`model`,`type`,`link_id`,`allow_publish`,`display`,`reply`,`check`,`reply_model`,`extend`,`create_time`,`update_time`,`status`,`icon` FROM `onethink_category` WHERE ( `id` = 1 ) LIMIT 1   [ RunTime:0.000371s ]
SQL: SELECT `id`,`name`,`pid`,`title`,`link_id` FROM `onethink_category` WHERE ( `status` = 1 ) ORDER BY sort  [ RunTime:0.000166s ]
INFO: [ view_parse ] --START--
INFO: [ template_filter ] --START--
INFO: Run Behavior\ContentReplace [ RunTime:0.000046s ]
INFO: [ template_filter ] --END-- [ RunTime:-0.008346s ]
INFO: Run Behavior\ParseTemplate [ RunTime:0.003127s ]
INFO: [ view_parse ] --END-- [ RunTime:0.003241s ]
INFO: [ view_filter ] --START--
INFO: Run Behavior\WriteHtmlCache [ RunTime:0.000056s ]
INFO: [ view_filter ] --END-- [ RunTime:0.000124s ]
INFO: Run Behavior\ParseTemplate [ RunTime:0.004235s ]
INFO: [ view_parse ] --END-- [ RunTime:0.003241s ]
INFO: [ view_filter ] --START--
INFO: Run Behavior\WriteHtmlCache [ RunTime:0.000015s ]
INFO: [ view_filter ] --END-- [ RunTime:-0.000960s ]
INFO: [ app_end ] --START--
INFO: Run Behavior\ShowPageTrace [ RunTime:0.000098s ]
INFO: [ app_end ] --END-- [ RunTime:0.000240s ]

[ 2016-12-18T22:45:19+08:00 ] 50.140.68.95 /
SQL: SHOW COLUMNS FROM `onethink_category` [ RunTime:0.000596s ]
SQL: SELECT `id`,`name`,`title`,`pid`,`sort`,`list_row`,`meta_title`,`keywords`,`description`,`template_index`,`template_lists`,`template_detail`,`template_edit`,`model`,`type`,`link_id`,`allow_publish`,`display`,`reply`,`check`,`reply_model`,`extend`,`create_time`,`update_time`,`status`,`icon` FROM `onethink_category` WHERE ( `status` = 1 ) ORDER BY sort  [ RunTime:0.000255s ]
SQL: SHOW COLUMNS FROM `onethink_document` [ RunTime:0.000784s ]
SQL: SELECT `id`,`uid`,`name`,`title`,`category_id`,`description`,`root`,`pid`,`model_id`,`type`,`position`,`link_id`,`cover_id`,`display`,`deadline`,`attach`,`view`,`comment`,`extend`,`level`,`create_time`,`update_time`,`status` FROM `onethink_document` WHERE ( `status` = 1 ) AND ( `pid` = 0 ) AND ( `create_time` < 1482072319 ) AND ( deadline = 0 OR deadline > 1482072319 ) ORDER BY `id` DESC  [ RunTime:0.000328s ]
SQL: SHOW COLUMNS FROM `onethink_action_log` [ RunTime:0.000445s ]
SQL: SELECT `id`,`action_id`,`user_id`,`action_ip`,`model`,`record_id`,`remark`,`status`,`create_time` FROM `onethink_action_log` WHERE ( `status` > -1 ) AND ( `action_id` = 12 ) AND ( `model` LIKE '新词%' ) ORDER BY `id` DESC LIMIT 20   [ RunTime:0.000290s ]
NOTIC: [8] Undefined variable: str /var/www/html/Application/Home/Common/function.php 第 90 行.
NOTIC: [8] Undefined variable: count /var/www/html/Application/Home/Common/function.php 第 83 行.
NOTIC: [8] Undefined variable: str /var/www/html/Application/Home/Common/function.php 第 90 行.
NOTIC: [8] Undefined variable: count /var/www/html/Application/Home/Common/function.php 第 83 行.
NOTIC: [8] Undefined variable: str /var/www/html/Application/Home/Common/function.php 第 90 行.
NOTIC: [8] Undefined variable: count /var/www/html/Application/Home/Common/function.php 第 83 行.
NOTIC: [8] Undefined variable: str /var/www/html/Application/Home/Common/function.php 第 90 行.
NOTIC: [8] Undefined variable: count /var/www/html/Application/Home/Common/function.php 第 83 行.
NOTIC: [8] Undefined variable: str /var/www/html/Application/Home/Common/function.php 第 90 行.
NOTIC: [8] Undefined variable: count /var/www/html/Application/Home/Common/function.php 第 83 行.
NOTIC: [8] Undefined variable: str /var/www/html/Application/Home/Common/function.php 第 90 行.
NOTIC: [8] Undefined variable: count /var/www/html/Application/Home/Common/function.php 第 83 行.
NOTIC: [8] Undefined variable: str /var/www/html/Application/Home/Common/function.php 第 90 行.
NOTIC: [8] Undefined variable: count /var/www/html/Application/Home/Common/function.php 第 83 行.
NOTIC: [8] Undefined variable: str /var/www/html/Application/Home/Common/function.php 第 90 行.
NOTIC: [8] Undefined variable: count /var/www/html/Application/Home/Common/function.php 第 83 行.
NOTIC: [8] Undefined variable: str /var/www/html/Application/Home/Common/function.php 第 90 行.
NOTIC: [8] Undefined variable: count /var/www/html/Application/Home/Common/function.php 第 83 行.
NOTIC: [8] Undefined variable: str /var/www/html/Application/Home/Common/function.php 第 90 行.
NOTIC: [8] Undefined variable: count /var/www/html/Application/Home/Common/function.php 第 83 行.
NOTIC: [8] Undefined variable: str /var/www/html/Application/Home/Common/function.php 第 90 行.
NOTIC: [8] Undefined variable: count /var/www/html/Application/Home/Common/function.php 第 83 行.
NOTIC: [8] Undefined variable: str /var/www/html/Application/Home/Common/function.php 第 90 行.
NOTIC: [8] Undefined variable: count /var/www/html/Application/Home/Common/function.php 第 83 行.
NOTIC: [8] Undefined variable: str /var/www/html/Application/Home/Common/function.php 第 90 行.
NOTIC: [8] Undefined variable: count /var/www/html/Application/Home/Common/function.php 第 83 行.
NOTIC: [8] Undefined variable: str /var/www/html/Application/Home/Common/function.php 第 90 行.
NOTIC: [8] Undefined variable: count /var/www/html/Application/Home/Common/function.php 第 83 行.
NOTIC: [8] Undefined variable: str /var/www/html/Application/Home/Common/function.php 第 90 行.
NOTIC: [8] Undefined variable: count /var/www/html/Application/Home/Common/function.php 第 83 行.
NOTIC: [8] Undefined variable: str /var/www/html/Application/Home/Common/function.php 第 90 行.
NOTIC: [8] Undefined variable: count /var/www/html/Application/Home/Common/function.php 第 83 行.
NOTIC: [8] Undefined variable: str /var/www/html/Application/Home/Common/function.php 第 90 行.
NOTIC: [8] Undefined variable: count /var/www/html/Application/Home/Common/function.php 第 83 行.
NOTIC: [8] Undefined variable: str /var/www/html/Application/Home/Common/function.php 第 90 行.
NOTIC: [8] Undefined variable: count /var/www/html/Application/Home/Common/function.php 第 83 行.
NOTIC: [8] Undefined variable: str /var/www/html/Application/Home/Common/function.php 第 90 行.
NOTIC: [8] Undefined variable: count /var/www/html/Application/Home/Common/function.php 第 83 行.
NOTIC: [8] Undefined variable: str /var/www/html/Application/Home/Common/function.php 第 90 行.
NOTIC: [8] Undefined variable: count /var/www/html/Application/Home/Common/function.php 第 83 行.
NOTIC: [8] Undefined variable: nloglists /var/www/html/Application/Home/Controller/IndexController.class.php 第 48 行.
SQL: SHOW COLUMNS FROM `onethink_auth_group` [ RunTime:0.000353s ]
SQL: SHOW COLUMNS FROM `onethink_auth_group_access` [ RunTime:0.000351s ]
SQL: SELECT `uid`,`group_id`,`title`,`description`,`rules` FROM onethink_auth_group_access a INNER JOIN onethink_auth_group g on a.group_id=g.id  WHERE ( a.uid='0' and g.status='1' )  [ RunTime:0.000204s ]
NOTIC: [8] Undefined offset: 0 /var/www/html/Application/Common/Common/function.php 第 976 行.
INFO: [ view_parse ] --START--
INFO: [ template_filter ] --START--
INFO: Run Behavior\ContentReplace [ RunTime:0.000142s ]
INFO: [ template_filter ] --END-- [ RunTime:0.000279s ]
SQL: SHOW COLUMNS FROM `onethink_channel` [ RunTime:0.000553s ]
SQL: SELECT `id`,`pid`,`title`,`url`,`sort`,`create_time`,`update_time`,`status`,`target` FROM `onethink_channel` WHERE ( status=1 ) ORDER BY sort  [ RunTime:0.000213s ]
SQL: SELECT `id`,`name`,`title`,`pid`,`sort`,`list_row`,`meta_title`,`keywords`,`description`,`template_index`,`template_lists`,`template_detail`,`template_edit`,`model`,`type`,`link_id`,`allow_publish`,`display`,`reply`,`check`,`reply_model`,`extend`,`create_time`,`update_time`,`status`,`icon` FROM `onethink_category` WHERE ( `id` = 1 ) LIMIT 1   [ RunTime:0.000240s ]
SQL: SELECT `id`,`name`,`pid`,`title`,`link_id` FROM `onethink_category` WHERE ( `status` = 1 ) ORDER BY sort  [ RunTime:0.000166s ]
INFO: [ view_parse ] --START--
INFO: [ template_filter ] --START--
INFO: Run Behavior\ContentReplace [ RunTime:0.000044s ]
INFO: [ template_filter ] --END-- [ RunTime:-0.008229s ]
INFO: Run Behavior\ParseTemplate [ RunTime:0.003202s ]
INFO: [ view_parse ] --END-- [ RunTime:0.003304s ]
INFO: [ view_filter ] --START--
INFO: Run Behavior\WriteHtmlCache [ RunTime:0.000053s ]
INFO: [ view_filter ] --END-- [ RunTime:0.000120s ]
INFO: Run Behavior\ParseTemplate [ RunTime:0.004309s ]
INFO: [ view_parse ] --END-- [ RunTime:0.003304s ]
INFO: [ view_filter ] --START--
INFO: Run Behavior\WriteHtmlCache [ RunTime:0.000016s ]
INFO: [ view_filter ] --END-- [ RunTime:-0.001011s ]
INFO: [ app_end ] --START--
INFO: Run Behavior\ShowPageTrace [ RunTime:0.000100s ]
INFO: [ app_end ] --END-- [ RunTime:0.000242s ]

[ 2016-12-18T22:49:33+08:00 ] 163.125.176.70 /
SQL: SHOW COLUMNS FROM `onethink_category` [ RunTime:0.000612s ]
SQL: SELECT `id`,`name`,`title`,`pid`,`sort`,`list_row`,`meta_title`,`keywords`,`description`,`template_index`,`template_lists`,`template_detail`,`template_edit`,`model`,`type`,`link_id`,`allow_publish`,`display`,`reply`,`check`,`reply_model`,`extend`,`create_time`,`update_time`,`status`,`icon` FROM `onethink_category` WHERE ( `status` = 1 ) ORDER BY sort  [ RunTime:0.000246s ]
SQL: SHOW COLUMNS FROM `onethink_document` [ RunTime:0.000699s ]
SQL: SELECT `id`,`uid`,`name`,`title`,`category_id`,`description`,`root`,`pid`,`model_id`,`type`,`position`,`link_id`,`cover_id`,`display`,`deadline`,`attach`,`view`,`comment`,`extend`,`level`,`create_time`,`update_time`,`status` FROM `onethink_document` WHERE ( `status` = 1 ) AND ( `pid` = 0 ) AND ( `create_time` < 1482072573 ) AND ( deadline = 0 OR deadline > 1482072573 ) ORDER BY `id` DESC  [ RunTime:0.000341s ]
SQL: SHOW COLUMNS FROM `onethink_action_log` [ RunTime:0.000442s ]
SQL: SELECT `id`,`action_id`,`user_id`,`action_ip`,`model`,`record_id`,`remark`,`status`,`create_time` FROM `onethink_action_log` WHERE ( `status` > -1 ) AND ( `action_id` = 12 ) AND ( `model` LIKE '新词%' ) ORDER BY `id` DESC LIMIT 20   [ RunTime:0.000265s ]
NOTIC: [8] Undefined variable: str /var/www/html/Application/Home/Common/function.php 第 90 行.
NOTIC: [8] Undefined variable: count /var/www/html/Application/Home/Common/function.php 第 83 行.
NOTIC: [8] Undefined variable: str /var/www/html/Application/Home/Common/function.php 第 90 行.
NOTIC: [8] Undefined variable: count /var/www/html/Application/Home/Common/function.php 第 83 行.
NOTIC: [8] Undefined variable: str /var/www/html/Application/Home/Common/function.php 第 90 行.
NOTIC: [8] Undefined variable: count /var/www/html/Application/Home/Common/function.php 第 83 行.
NOTIC: [8] Undefined variable: str /var/www/html/Application/Home/Common/function.php 第 90 行.
NOTIC: [8] Undefined variable: count /var/www/html/Application/Home/Common/function.php 第 83 行.
NOTIC: [8] Undefined variable: str /var/www/html/Application/Home/Common/function.php 第 90 行.
NOTIC: [8] Undefined variable: count /var/www/html/Application/Home/Common/function.php 第 83 行.
NOTIC: [8] Undefined variable: str /var/www/html/Application/Home/Common/function.php 第 90 行.
NOTIC: [8] Undefined variable: count /var/www/html/Application/Home/Common/function.php 第 83 行.
NOTIC: [8] Undefined variable: str /var/www/html/Application/Home/Common/function.php 第 90 行.
NOTIC: [8] Undefined variable: count /var/www/html/Application/Home/Common/function.php 第 83 行.
NOTIC: [8] Undefined variable: str /var/www/html/Application/Home/Common/function.php 第 90 行.
NOTIC: [8] Undefined variable: count /var/www/html/Application/Home/Common/function.php 第 83 行.
NOTIC: [8] Undefined variable: str /var/www/html/Application/Home/Common/function.php 第 90 行.
NOTIC: [8] Undefined variable: count /var/www/html/Application/Home/Common/function.php 第 83 行.
NOTIC: [8] Undefined variable: str /var/www/html/Application/Home/Common/function.php 第 90 行.
NOTIC: [8] Undefined variable: count /var/www/html/Application/Home/Common/function.php 第 83 行.
NOTIC: [8] Undefined variable: str /var/www/html/Application/Home/Common/function.php 第 90 行.
NOTIC: [8] Undefined variable: count /var/www/html/Application/Home/Common/function.php 第 83 行.
NOTIC: [8] Undefined variable: str /var/www/html/Application/Home/Common/function.php 第 90 行.
NOTIC: [8] Undefined variable: count /var/www/html/Application/Home/Common/function.php 第 83 行.
NOTIC: [8] Undefined variable: str /var/www/html/Application/Home/Common/function.php 第 90 行.
NOTIC: [8] Undefined variable: count /var/www/html/Application/Home/Common/function.php 第 83 行.
NOTIC: [8] Undefined variable: str /var/www/html/Application/Home/Common/function.php 第 90 行.
NOTIC: [8] Undefined variable: count /var/www/html/Application/Home/Common/function.php 第 83 行.
NOTIC: [8] Undefined variable: str /var/www/html/Application/Home/Common/function.php 第 90 行.
NOTIC: [8] Undefined variable: count /var/www/html/Application/Home/Common/function.php 第 83 行.
NOTIC: [8] Undefined variable: str /var/www/html/Application/Home/Common/function.php 第 90 行.
NOTIC: [8] Undefined variable: count /var/www/html/Application/Home/Common/function.php 第 83 行.
NOTIC: [8] Undefined variable: str /var/www/html/Application/Home/Common/function.php 第 90 行.
NOTIC: [8] Undefined variable: count /var/www/html/Application/Home/Common/function.php 第 83 行.
NOTIC: [8] Undefined variable: str /var/www/html/Application/Home/Common/function.php 第 90 行.
NOTIC: [8] Undefined variable: count /var/www/html/Application/Home/Common/function.php 第 83 行.
NOTIC: [8] Undefined variable: str /var/www/html/Application/Home/Common/function.php 第 90 行.
NOTIC: [8] Undefined variable: count /var/www/html/Application/Home/Common/function.php 第 83 行.
NOTIC: [8] Undefined variable: str /var/www/html/Application/Home/Common/function.php 第 90 行.
NOTIC: [8] Undefined variable: count /var/www/html/Application/Home/Common/function.php 第 83 行.
NOTIC: [8] Undefined variable: nloglists /var/www/html/Application/Home/Controller/IndexController.class.php 第 48 行.
SQL: SHOW COLUMNS FROM `onethink_auth_group` [ RunTime:0.000359s ]
SQL: SHOW COLUMNS FROM `onethink_auth_group_access` [ RunTime:0.000343s ]
SQL: SELECT `uid`,`group_id`,`title`,`description`,`rules` FROM onethink_auth_group_access a INNER JOIN onethink_auth_group g on a.group_id=g.id  WHERE ( a.uid='0' and g.status='1' )  [ RunTime:0.000186s ]
NOTIC: [8] Undefined offset: 0 /var/www/html/Application/Common/Common/function.php 第 976 行.
INFO: [ view_parse ] --START--
INFO: [ template_filter ] --START--
INFO: Run Behavior\ContentReplace [ RunTime:0.000191s ]
INFO: [ template_filter ] --END-- [ RunTime:0.000327s ]
SQL: SHOW COLUMNS FROM `onethink_channel` [ RunTime:0.002216s ]
SQL: SELECT `id`,`pid`,`title`,`url`,`sort`,`create_time`,`update_time`,`status`,`target` FROM `onethink_channel` WHERE ( status=1 ) ORDER BY sort  [ RunTime:0.000549s ]
SQL: SELECT `id`,`name`,`title`,`pid`,`sort`,`list_row`,`meta_title`,`keywords`,`description`,`template_index`,`template_lists`,`template_detail`,`template_edit`,`model`,`type`,`link_id`,`allow_publish`,`display`,`reply`,`check`,`reply_model`,`extend`,`create_time`,`update_time`,`status`,`icon` FROM `onethink_category` WHERE ( `id` = 1 ) LIMIT 1   [ RunTime:0.002598s ]
SQL: SELECT `id`,`name`,`pid`,`title`,`link_id` FROM `onethink_category` WHERE ( `status` = 1 ) ORDER BY sort  [ RunTime:0.000194s ]
INFO: [ view_parse ] --START--
INFO: [ template_filter ] --START--
INFO: Run Behavior\ContentReplace [ RunTime:0.000046s ]
INFO: [ template_filter ] --END-- [ RunTime:-0.018352s ]
INFO: Run Behavior\ParseTemplate [ RunTime:0.003944s ]
INFO: [ view_parse ] --END-- [ RunTime:0.004045s ]
INFO: [ view_filter ] --START--
INFO: Run Behavior\WriteHtmlCache [ RunTime:0.000057s ]
INFO: [ view_filter ] --END-- [ RunTime:0.000134s ]
INFO: Run Behavior\ParseTemplate [ RunTime:0.005265s ]
INFO: [ view_parse ] --END-- [ RunTime:0.004045s ]
INFO: [ view_filter ] --START--
INFO: Run Behavior\WriteHtmlCache [ RunTime:0.000022s ]
INFO: [ view_filter ] --END-- [ RunTime:-0.001209s ]
INFO: [ app_end ] --START--
INFO: Run Behavior\ShowPageTrace [ RunTime:0.000135s ]
INFO: [ app_end ] --END-- [ RunTime:0.000329s ]

[ 2016-12-18T22:50:39+08:00 ] 106.120.160.109 /
SQL: SHOW COLUMNS FROM `onethink_category` [ RunTime:0.000827s ]
SQL: SELECT `id`,`name`,`title`,`pid`,`sort`,`list_row`,`meta_title`,`keywords`,`description`,`template_index`,`template_lists`,`template_detail`,`template_edit`,`model`,`type`,`link_id`,`allow_publish`,`display`,`reply`,`check`,`reply_model`,`extend`,`create_time`,`update_time`,`status`,`icon` FROM `onethink_category` WHERE ( `status` = 1 ) ORDER BY sort  [ RunTime:0.000251s ]
SQL: SHOW COLUMNS FROM `onethink_document` [ RunTime:0.000530s ]
SQL: SELECT `id`,`uid`,`name`,`title`,`category_id`,`description`,`root`,`pid`,`model_id`,`type`,`position`,`link_id`,`cover_id`,`display`,`deadline`,`attach`,`view`,`comment`,`extend`,`level`,`create_time`,`update_time`,`status` FROM `onethink_document` WHERE ( `status` = 1 ) AND ( `pid` = 0 ) AND ( `create_time` < 1482072639 ) AND ( deadline = 0 OR deadline > 1482072639 ) ORDER BY `id` DESC  [ RunTime:0.000286s ]
SQL: SHOW COLUMNS FROM `onethink_action_log` [ RunTime:0.000356s ]
SQL: SELECT `id`,`action_id`,`user_id`,`action_ip`,`model`,`record_id`,`remark`,`status`,`create_time` FROM `onethink_action_log` WHERE ( `status` > -1 ) AND ( `action_id` = 12 ) AND ( `model` LIKE '新词%' ) ORDER BY `id` DESC LIMIT 20   [ RunTime:0.000279s ]
NOTIC: [8] Undefined variable: str /var/www/html/Application/Home/Common/function.php 第 90 行.
NOTIC: [8] Undefined variable: count /var/www/html/Application/Home/Common/function.php 第 83 行.
NOTIC: [8] Undefined variable: str /var/www/html/Application/Home/Common/function.php 第 90 行.
NOTIC: [8] Undefined variable: count /var/www/html/Application/Home/Common/function.php 第 83 行.
NOTIC: [8] Undefined variable: str /var/www/html/Application/Home/Common/function.php 第 90 行.
NOTIC: [8] Undefined variable: count /var/www/html/Application/Home/Common/function.php 第 83 行.
NOTIC: [8] Undefined variable: str /var/www/html/Application/Home/Common/function.php 第 90 行.
NOTIC: [8] Undefined variable: count /var/www/html/Application/Home/Common/function.php 第 83 行.
NOTIC: [8] Undefined variable: str /var/www/html/Application/Home/Common/function.php 第 90 行.
NOTIC: [8] Undefined variable: count /var/www/html/Application/Home/Common/function.php 第 83 行.
NOTIC: [8] Undefined variable: str /var/www/html/Application/Home/Common/function.php 第 90 行.
NOTIC: [8] Undefined variable: count /var/www/html/Application/Home/Common/function.php 第 83 行.
NOTIC: [8] Undefined variable: str /var/www/html/Application/Home/Common/function.php 第 90 行.
NOTIC: [8] Undefined variable: count /var/www/html/Application/Home/Common/function.php 第 83 行.
NOTIC: [8] Undefined variable: str /var/www/html/Application/Home/Common/function.php 第 90 行.
NOTIC: [8] Undefined variable: count /var/www/html/Application/Home/Common/function.php 第 83 行.
NOTIC: [8] Undefined variable: str /var/www/html/Application/Home/Common/function.php 第 90 行.
NOTIC: [8] Undefined variable: count /var/www/html/Application/Home/Common/function.php 第 83 行.
NOTIC: [8] Undefined variable: str /var/www/html/Application/Home/Common/function.php 第 90 行.
NOTIC: [8] Undefined variable: count /var/www/html/Application/Home/Common/function.php 第 83 行.
NOTIC: [8] Undefined variable: str /var/www/html/Application/Home/Common/function.php 第 90 行.
NOTIC: [8] Undefined variable: count /var/www/html/Application/Home/Common/function.php 第 83 行.
NOTIC: [8] Undefined variable: str /var/www/html/Application/Home/Common/function.php 第 90 行.
NOTIC: [8] Undefined variable: count /var/www/html/Application/Home/Common/function.php 第 83 行.
NOTIC: [8] Undefined variable: str /var/www/html/Application/Home/Common/function.php 第 90 行.
NOTIC: [8] Undefined variable: count /var/www/html/Application/Home/Common/function.php 第 83 行.
NOTIC: [8] Undefined variable: str /var/www/html/Application/Home/Common/function.php 第 90 行.
NOTIC: [8] Undefined variable: count /var/www/html/Application/Home/Common/function.php 第 83 行.
NOTIC: [8] Undefined variable: str /var/www/html/Application/Home/Common/function.php 第 90 行.
NOTIC: [8] Undefined variable: count /var/www/html/Application/Home/Common/function.php 第 83 行.
NOTIC: [8] Undefined variable: str /var/www/html/Application/Home/Common/function.php 第 90 行.
NOTIC: [8] Undefined variable: count /var/www/html/Application/Home/Common/function.php 第 83 行.
NOTIC: [8] Undefined variable: str /var/www/html/Application/Home/Common/function.php 第 90 行.
NOTIC: [8] Undefined variable: count /var/www/html/Application/Home/Common/function.php 第 83 行.
NOTIC: [8] Undefined variable: str /var/www/html/Application/Home/Common/function.php 第 90 行.
NOTIC: [8] Undefined variable: count /var/www/html/Application/Home/Common/function.php 第 83 行.
NOTIC: [8] Undefined variable: str /var/www/html/Application/Home/Common/function.php 第 90 行.
NOTIC: [8] Undefined variable: count /var/www/html/Application/Home/Common/function.php 第 83 行.
NOTIC: [8] Undefined variable: str /var/www/html/Application/Home/Common/function.php 第 90 行.
NOTIC: [8] Undefined variable: count /var/www/html/Application/Home/Common/function.php 第 83 行.
NOTIC: [8] Undefined variable: nloglists /var/www/html/Application/Home/Controller/IndexController.class.php 第 48 行.
SQL: SHOW COLUMNS FROM `onethink_auth_group` [ RunTime:0.000370s ]
SQL: SHOW COLUMNS FROM `onethink_auth_group_access` [ RunTime:0.000302s ]
SQL: SELECT `uid`,`group_id`,`title`,`description`,`rules` FROM onethink_auth_group_access a INNER JOIN onethink_auth_group g on a.group_id=g.id  WHERE ( a.uid='0' and g.status='1' )  [ RunTime:0.000227s ]
NOTIC: [8] Undefined offset: 0 /var/www/html/Application/Common/Common/function.php 第 976 行.
INFO: [ view_parse ] --START--
INFO: [ template_filter ] --START--
INFO: Run Behavior\ContentReplace [ RunTime:0.000191s ]
INFO: [ template_filter ] --END-- [ RunTime:0.000315s ]
SQL: SHOW COLUMNS FROM `onethink_channel` [ RunTime:0.000611s ]
SQL: SELECT `id`,`pid`,`title`,`url`,`sort`,`create_time`,`update_time`,`status`,`target` FROM `onethink_channel` WHERE ( status=1 ) ORDER BY sort  [ RunTime:0.000229s ]
SQL: SELECT `id`,`name`,`title`,`pid`,`sort`,`list_row`,`meta_title`,`keywords`,`description`,`template_index`,`template_lists`,`template_detail`,`template_edit`,`model`,`type`,`link_id`,`allow_publish`,`display`,`reply`,`check`,`reply_model`,`extend`,`create_time`,`update_time`,`status`,`icon` FROM `onethink_category` WHERE ( `id` = 1 ) LIMIT 1   [ RunTime:0.000237s ]
SQL: SELECT `id`,`name`,`pid`,`title`,`link_id` FROM `onethink_category` WHERE ( `status` = 1 ) ORDER BY sort  [ RunTime:0.000161s ]
INFO: [ view_parse ] --START--
INFO: [ template_filter ] --START--
INFO: Run Behavior\ContentReplace [ RunTime:0.000056s ]
INFO: [ template_filter ] --END-- [ RunTime:-0.009109s ]
INFO: Run Behavior\ParseTemplate [ RunTime:0.003227s ]
INFO: [ view_parse ] --END-- [ RunTime:0.003328s ]
INFO: [ view_filter ] --START--
INFO: Run Behavior\WriteHtmlCache [ RunTime:0.000052s ]
INFO: [ view_filter ] --END-- [ RunTime:0.000139s ]
INFO: Run Behavior\ParseTemplate [ RunTime:0.004354s ]
INFO: [ view_parse ] --END-- [ RunTime:0.003328s ]
INFO: [ view_filter ] --START--
INFO: Run Behavior\WriteHtmlCache [ RunTime:0.000025s ]
INFO: [ view_filter ] --END-- [ RunTime:-0.000989s ]
INFO: [ app_end ] --START--
INFO: Run Behavior\ShowPageTrace [ RunTime:0.000146s ]
INFO: [ app_end ] --END-- [ RunTime:0.000294s ]

[ 2016-12-18T22:50:58+08:00 ] 101.199.112.52 /
SQL: SHOW COLUMNS FROM `onethink_category` [ RunTime:0.000722s ]
SQL: SELECT `id`,`name`,`title`,`pid`,`sort`,`list_row`,`meta_title`,`keywords`,`description`,`template_index`,`template_lists`,`template_detail`,`template_edit`,`model`,`type`,`link_id`,`allow_publish`,`display`,`reply`,`check`,`reply_model`,`extend`,`create_time`,`update_time`,`status`,`icon` FROM `onethink_category` WHERE ( `status` = 1 ) ORDER BY sort  [ RunTime:0.000265s ]
SQL: SHOW COLUMNS FROM `onethink_document` [ RunTime:0.000489s ]
SQL: SELECT `id`,`uid`,`name`,`title`,`category_id`,`description`,`root`,`pid`,`model_id`,`type`,`position`,`link_id`,`cover_id`,`display`,`deadline`,`attach`,`view`,`comment`,`extend`,`level`,`create_time`,`update_time`,`status` FROM `onethink_document` WHERE ( `status` = 1 ) AND ( `pid` = 0 ) AND ( `create_time` < 1482072658 ) AND ( deadline = 0 OR deadline > 1482072658 ) ORDER BY `id` DESC  [ RunTime:0.000317s ]
SQL: SHOW COLUMNS FROM `onethink_action_log` [ RunTime:0.000381s ]
SQL: SELECT `id`,`action_id`,`user_id`,`action_ip`,`model`,`record_id`,`remark`,`status`,`create_time` FROM `onethink_action_log` WHERE ( `status` > -1 ) AND ( `action_id` = 12 ) AND ( `model` LIKE '新词%' ) ORDER BY `id` DESC LIMIT 20   [ RunTime:0.000276s ]
NOTIC: [8] Undefined variable: str /var/www/html/Application/Home/Common/function.php 第 90 行.
NOTIC: [8] Undefined variable: count /var/www/html/Application/Home/Common/function.php 第 83 行.
NOTIC: [8] Undefined variable: str /var/www/html/Application/Home/Common/function.php 第 90 行.
NOTIC: [8] Undefined variable: count /var/www/html/Application/Home/Common/function.php 第 83 行.
NOTIC: [8] Undefined variable: str /var/www/html/Application/Home/Common/function.php 第 90 行.
NOTIC: [8] Undefined variable: count /var/www/html/Application/Home/Common/function.php 第 83 行.
NOTIC: [8] Undefined variable: str /var/www/html/Application/Home/Common/function.php 第 90 行.
NOTIC: [8] Undefined variable: count /var/www/html/Application/Home/Common/function.php 第 83 行.
NOTIC: [8] Undefined variable: str /var/www/html/Application/Home/Common/function.php 第 90 行.
NOTIC: [8] Undefined variable: count /var/www/html/Application/Home/Common/function.php 第 83 行.
NOTIC: [8] Undefined variable: str /var/www/html/Application/Home/Common/function.php 第 90 行.
NOTIC: [8] Undefined variable: count /var/www/html/Application/Home/Common/function.php 第 83 行.
NOTIC: [8] Undefined variable: str /var/www/html/Application/Home/Common/function.php 第 90 行.
NOTIC: [8] Undefined variable: count /var/www/html/Application/Home/Common/function.php 第 83 行.
NOTIC: [8] Undefined variable: str /var/www/html/Application/Home/Common/function.php 第 90 行.
NOTIC: [8] Undefined variable: count /var/www/html/Application/Home/Common/function.php 第 83 行.
NOTIC: [8] Undefined variable: str /var/www/html/Application/Home/Common/function.php 第 90 行.
NOTIC: [8] Undefined variable: count /var/www/html/Application/Home/Common/function.php 第 83 行.
NOTIC: [8] Undefined variable: str /var/www/html/Application/Home/Common/function.php 第 90 行.
NOTIC: [8] Undefined variable: count /var/www/html/Application/Home/Common/function.php 第 83 行.
NOTIC: [8] Undefined variable: str /var/www/html/Application/Home/Common/function.php 第 90 行.
NOTIC: [8] Undefined variable: count /var/www/html/Application/Home/Common/function.php 第 83 行.
NOTIC: [8] Undefined variable: str /var/www/html/Application/Home/Common/function.php 第 90 行.
NOTIC: [8] Undefined variable: count /var/www/html/Application/Home/Common/function.php 第 83 行.
NOTIC: [8] Undefined variable: str /var/www/html/Application/Home/Common/function.php 第 90 行.
NOTIC: [8] Undefined variable: count /var/www/html/Application/Home/Common/function.php 第 83 行.
NOTIC: [8] Undefined variable: str /var/www/html/Application/Home/Common/function.php 第 90 行.
NOTIC: [8] Undefined variable: count /var/www/html/Application/Home/Common/function.php 第 83 行.
NOTIC: [8] Undefined variable: str /var/www/html/Application/Home/Common/function.php 第 90 行.
NOTIC: [8] Undefined variable: count /var/www/html/Application/Home/Common/function.php 第 83 行.
NOTIC: [8] Undefined variable: str /var/www/html/Application/Home/Common/function.php 第 90 行.
NOTIC: [8] Undefined variable: count /var/www/html/Application/Home/Common/function.php 第 83 行.
NOTIC: [8] Undefined variable: str /var/www/html/Application/Home/Common/function.php 第 90 行.
NOTIC: [8] Undefined variable: count /var/www/html/Application/Home/Common/function.php 第 83 行.
NOTIC: [8] Undefined variable: str /var/www/html/Application/Home/Common/function.php 第 90 行.
NOTIC: [8] Undefined variable: count /var/www/html/Application/Home/Common/function.php 第 83 行.
NOTIC: [8] Undefined variable: str /var/www/html/Application/Home/Common/function.php 第 90 行.
NOTIC: [8] Undefined variable: count /var/www/html/Application/Home/Common/function.php 第 83 行.
NOTIC: [8] Undefined variable: str /var/www/html/Application/Home/Common/function.php 第 90 行.
NOTIC: [8] Undefined variable: count /var/www/html/Application/Home/Common/function.php 第 83 行.
NOTIC: [8] Undefined variable: nloglists /var/www/html/Application/Home/Controller/IndexController.class.php 第 48 行.
SQL: SHOW COLUMNS FROM `onethink_auth_group` [ RunTime:0.000381s ]
SQL: SHOW COLUMNS FROM `onethink_auth_group_access` [ RunTime:0.000319s ]
SQL: SELECT `uid`,`group_id`,`title`,`description`,`rules` FROM onethink_auth_group_access a INNER JOIN onethink_auth_group g on a.group_id=g.id  WHERE ( a.uid='0' and g.status='1' )  [ RunTime:0.000188s ]
NOTIC: [8] Undefined offset: 0 /var/www/html/Application/Common/Common/function.php 第 976 行.
INFO: [ view_parse ] --START--
INFO: [ template_filter ] --START--
INFO: Run Behavior\ContentReplace [ RunTime:0.000151s ]
INFO: [ template_filter ] --END-- [ RunTime:0.000275s ]
SQL: SHOW COLUMNS FROM `onethink_channel` [ RunTime:0.000462s ]
SQL: SELECT `id`,`pid`,`title`,`url`,`sort`,`create_time`,`update_time`,`status`,`target` FROM `onethink_channel` WHERE ( status=1 ) ORDER BY sort  [ RunTime:0.000180s ]
SQL: SELECT `id`,`name`,`title`,`pid`,`sort`,`list_row`,`meta_title`,`keywords`,`description`,`template_index`,`template_lists`,`template_detail`,`template_edit`,`model`,`type`,`link_id`,`allow_publish`,`display`,`reply`,`check`,`reply_model`,`extend`,`create_time`,`update_time`,`status`,`icon` FROM `onethink_category` WHERE ( `id` = 1 ) LIMIT 1   [ RunTime:0.000243s ]
SQL: SELECT `id`,`name`,`pid`,`title`,`link_id` FROM `onethink_category` WHERE ( `status` = 1 ) ORDER BY sort  [ RunTime:0.000162s ]
INFO: [ view_parse ] --START--
INFO: [ template_filter ] --START--
INFO: Run Behavior\ContentReplace [ RunTime:0.000042s ]
INFO: [ template_filter ] --END-- [ RunTime:-0.007811s ]
INFO: Run Behavior\ParseTemplate [ RunTime:0.003147s ]
INFO: [ view_parse ] --END-- [ RunTime:0.003263s ]
INFO: [ view_filter ] --START--
INFO: Run Behavior\WriteHtmlCache [ RunTime:0.000054s ]
INFO: [ view_filter ] --END-- [ RunTime:0.000121s ]
INFO: Run Behavior\ParseTemplate [ RunTime:0.004311s ]
INFO: [ view_parse ] --END-- [ RunTime:0.003263s ]
INFO: [ view_filter ] --START--
INFO: Run Behavior\WriteHtmlCache [ RunTime:0.000017s ]
INFO: [ view_filter ] --END-- [ RunTime:-0.000999s ]
INFO: [ app_end ] --START--
INFO: Run Behavior\ShowPageTrace [ RunTime:0.000113s ]
INFO: [ app_end ] --END-- [ RunTime:0.000279s ]

[ 2016-12-18T22:51:03+08:00 ] 101.199.112.52 /Home/Index/currentCount.html?search=:uk
INFO: [ app_begin ] --START--
INFO: Run Behavior\ReadHtmlCache [ RunTime:0.000056s ]
INFO: [ app_begin ] --END-- [ RunTime:0.000179s ]
SQL: SHOW COLUMNS FROM `onethink_config` [ RunTime:0.000494s ]
SQL: SELECT `type`,`name`,`value` FROM `onethink_config` WHERE ( `status` = 1 )  [ RunTime:0.000316s ]

[ 2016-12-18T22:51:08+08:00 ] 101.199.112.52 /Home/Index/currentCount.html?search=:uk
INFO: [ app_begin ] --START--
INFO: Run Behavior\ReadHtmlCache [ RunTime:0.000106s ]
INFO: [ app_begin ] --END-- [ RunTime:0.000262s ]
SQL: SHOW COLUMNS FROM `onethink_config` [ RunTime:0.000601s ]
SQL: SELECT `type`,`name`,`value` FROM `onethink_config` WHERE ( `status` = 1 )  [ RunTime:0.000420s ]

[ 2016-12-18T22:51:13+08:00 ] 101.199.112.52 /Home/Index/currentCount.html?search=:uk
INFO: [ app_begin ] --START--
INFO: Run Behavior\ReadHtmlCache [ RunTime:0.000074s ]
INFO: [ app_begin ] --END-- [ RunTime:0.000248s ]
SQL: SHOW COLUMNS FROM `onethink_config` [ RunTime:0.000602s ]
SQL: SELECT `type`,`name`,`value` FROM `onethink_config` WHERE ( `status` = 1 )  [ RunTime:0.000397s ]

[ 2016-12-18T22:51:18+08:00 ] 101.199.112.52 /Home/Index/currentCount.html?search=:uk
INFO: [ app_begin ] --START--
INFO: Run Behavior\ReadHtmlCache [ RunTime:0.000055s ]
INFO: [ app_begin ] --END-- [ RunTime:0.000171s ]
SQL: SHOW COLUMNS FROM `onethink_config` [ RunTime:0.002510s ]
SQL: SELECT `type`,`name`,`value` FROM `onethink_config` WHERE ( `status` = 1 )  [ RunTime:0.000446s ]

[ 2016-12-18T22:51:23+08:00 ] 101.199.112.52 /Home/Index/currentCount.html?search=:uk
INFO: [ app_begin ] --START--
INFO: Run Behavior\ReadHtmlCache [ RunTime:0.000046s ]
INFO: [ app_begin ] --END-- [ RunTime:0.000147s ]
SQL: SHOW COLUMNS FROM `onethink_config` [ RunTime:0.004362s ]
SQL: SELECT `type`,`name`,`value` FROM `onethink_config` WHERE ( `status` = 1 )  [ RunTime:0.000354s ]

[ 2016-12-18T22:54:03+08:00 ] 157.55.39.53 /
SQL: SHOW COLUMNS FROM `onethink_category` [ RunTime:0.000587s ]
SQL: SELECT `id`,`name`,`title`,`pid`,`sort`,`list_row`,`meta_title`,`keywords`,`description`,`template_index`,`template_lists`,`template_detail`,`template_edit`,`model`,`type`,`link_id`,`allow_publish`,`display`,`reply`,`check`,`reply_model`,`extend`,`create_time`,`update_time`,`status`,`icon` FROM `onethink_category` WHERE ( `status` = 1 ) ORDER BY sort  [ RunTime:0.000239s ]
SQL: SHOW COLUMNS FROM `onethink_document` [ RunTime:0.000508s ]
SQL: SELECT `id`,`uid`,`name`,`title`,`category_id`,`description`,`root`,`pid`,`model_id`,`type`,`position`,`link_id`,`cover_id`,`display`,`deadline`,`attach`,`view`,`comment`,`extend`,`level`,`create_time`,`update_time`,`status` FROM `onethink_document` WHERE ( `status` = 1 ) AND ( `pid` = 0 ) AND ( `create_time` < 1482072842 ) AND ( deadline = 0 OR deadline > 1482072842 ) ORDER BY `id` DESC  [ RunTime:0.000279s ]
SQL: SHOW COLUMNS FROM `onethink_action_log` [ RunTime:0.000363s ]
SQL: SELECT `id`,`action_id`,`user_id`,`action_ip`,`model`,`record_id`,`remark`,`status`,`create_time` FROM `onethink_action_log` WHERE ( `status` > -1 ) AND ( `action_id` = 12 ) AND ( `model` LIKE '新词%' ) ORDER BY `id` DESC LIMIT 20   [ RunTime:0.000292s ]
NOTIC: [8] Undefined variable: str /var/www/html/Application/Home/Common/function.php 第 90 行.
NOTIC: [8] Undefined variable: count /var/www/html/Application/Home/Common/function.php 第 83 行.
NOTIC: [8] Undefined variable: str /var/www/html/Application/Home/Common/function.php 第 90 行.
NOTIC: [8] Undefined variable: count /var/www/html/Application/Home/Common/function.php 第 83 行.
NOTIC: [8] Undefined variable: str /var/www/html/Application/Home/Common/function.php 第 90 行.
NOTIC: [8] Undefined variable: count /var/www/html/Application/Home/Common/function.php 第 83 行.
NOTIC: [8] Undefined variable: str /var/www/html/Application/Home/Common/function.php 第 90 行.
NOTIC: [8] Undefined variable: count /var/www/html/Application/Home/Common/function.php 第 83 行.
NOTIC: [8] Undefined variable: str /var/www/html/Application/Home/Common/function.php 第 90 行.
NOTIC: [8] Undefined variable: count /var/www/html/Application/Home/Common/function.php 第 83 行.
NOTIC: [8] Undefined variable: str /var/www/html/Application/Home/Common/function.php 第 90 行.
NOTIC: [8] Undefined variable: count /var/www/html/Application/Home/Common/function.php 第 83 行.
NOTIC: [8] Undefined variable: str /var/www/html/Application/Home/Common/function.php 第 90 行.
NOTIC: [8] Undefined variable: count /var/www/html/Application/Home/Common/function.php 第 83 行.
NOTIC: [8] Undefined variable: str /var/www/html/Application/Home/Common/function.php 第 90 行.
NOTIC: [8] Undefined variable: count /var/www/html/Application/Home/Common/function.php 第 83 行.
NOTIC: [8] Undefined variable: str /var/www/html/Application/Home/Common/function.php 第 90 行.
NOTIC: [8] Undefined variable: count /var/www/html/Application/Home/Common/function.php 第 83 行.
NOTIC: [8] Undefined variable: str /var/www/html/Application/Home/Common/function.php 第 90 行.
NOTIC: [8] Undefined variable: count /var/www/html/Application/Home/Common/function.php 第 83 行.
NOTIC: [8] Undefined variable: str /var/www/html/Application/Home/Common/function.php 第 90 行.
NOTIC: [8] Undefined variable: count /var/www/html/Application/Home/Common/function.php 第 83 行.
NOTIC: [8] Undefined variable: str /var/www/html/Application/Home/Common/function.php 第 90 行.
NOTIC: [8] Undefined variable: count /var/www/html/Application/Home/Common/function.php 第 83 行.
NOTIC: [8] Undefined variable: str /var/www/html/Application/Home/Common/function.php 第 90 行.
NOTIC: [8] Undefined variable: count /var/www/html/Application/Home/Common/function.php 第 83 行.
NOTIC: [8] Undefined variable: str /var/www/html/Application/Home/Common/function.php 第 90 行.
NOTIC: [8] Undefined variable: count /var/www/html/Application/Home/Common/function.php 第 83 行.
NOTIC: [8] Undefined variable: str /var/www/html/Application/Home/Common/function.php 第 90 行.
NOTIC: [8] Undefined variable: count /var/www/html/Application/Home/Common/function.php 第 83 行.
NOTIC: [8] Undefined variable: str /var/www/html/Application/Home/Common/function.php 第 90 行.
NOTIC: [8] Undefined variable: count /var/www/html/Application/Home/Common/function.php 第 83 行.
NOTIC: [8] Undefined variable: str /var/www/html/Application/Home/Common/function.php 第 90 行.
NOTIC: [8] Undefined variable: count /var/www/html/Application/Home/Common/function.php 第 83 行.
NOTIC: [8] Undefined variable: str /var/www/html/Application/Home/Common/function.php 第 90 行.
NOTIC: [8] Undefined variable: count /var/www/html/Application/Home/Common/function.php 第 83 行.
NOTIC: [8] Undefined variable: str /var/www/html/Application/Home/Common/function.php 第 90 行.
NOTIC: [8] Undefined variable: count /var/www/html/Application/Home/Common/function.php 第 83 行.
NOTIC: [8] Undefined variable: str /var/www/html/Application/Home/Common/function.php 第 90 行.
NOTIC: [8] Undefined variable: count /var/www/html/Application/Home/Common/function.php 第 83 行.
NOTIC: [8] Undefined variable: nloglists /var/www/html/Application/Home/Controller/IndexController.class.php 第 48 行.
SQL: SHOW COLUMNS FROM `onethink_auth_group` [ RunTime:0.000398s ]
SQL: SHOW COLUMNS FROM `onethink_auth_group_access` [ RunTime:0.000315s ]
SQL: SELECT `uid`,`group_id`,`title`,`description`,`rules` FROM onethink_auth_group_access a INNER JOIN onethink_auth_group g on a.group_id=g.id  WHERE ( a.uid='0' and g.status='1' )  [ RunTime:0.000203s ]
NOTIC: [8] Undefined offset: 0 /var/www/html/Application/Common/Common/function.php 第 976 行.
INFO: [ view_parse ] --START--
INFO: [ template_filter ] --START--
INFO: Run Behavior\ContentReplace [ RunTime:0.000150s ]
INFO: [ template_filter ] --END-- [ RunTime:0.000252s ]
SQL: SHOW COLUMNS FROM `onethink_channel` [ RunTime:0.000569s ]
SQL: SELECT `id`,`pid`,`title`,`url`,`sort`,`create_time`,`update_time`,`status`,`target` FROM `onethink_channel` WHERE ( status=1 ) ORDER BY sort  [ RunTime:0.000209s ]
SQL: SELECT `id`,`name`,`title`,`pid`,`sort`,`list_row`,`meta_title`,`keywords`,`description`,`template_index`,`template_lists`,`template_detail`,`template_edit`,`model`,`type`,`link_id`,`allow_publish`,`display`,`reply`,`check`,`reply_model`,`extend`,`create_time`,`update_time`,`status`,`icon` FROM `onethink_category` WHERE ( `id` = 1 ) LIMIT 1   [ RunTime:0.000216s ]
SQL: SELECT `id`,`name`,`pid`,`title`,`link_id` FROM `onethink_category` WHERE ( `status` = 1 ) ORDER BY sort  [ RunTime:0.000187s ]
INFO: [ view_parse ] --START--
INFO: [ template_filter ] --START--
INFO: Run Behavior\ContentReplace [ RunTime:0.000044s ]
INFO: [ template_filter ] --END-- [ RunTime:-0.008427s ]
INFO: Run Behavior\ParseTemplate [ RunTime:0.003068s ]
INFO: [ view_parse ] --END-- [ RunTime:0.003181s ]
INFO: [ view_filter ] --START--
INFO: Run Behavior\WriteHtmlCache [ RunTime:0.000052s ]
INFO: [ view_filter ] --END-- [ RunTime:0.000119s ]
INFO: Run Behavior\ParseTemplate [ RunTime:0.004194s ]
INFO: [ view_parse ] --END-- [ RunTime:0.003181s ]
INFO: [ view_filter ] --START--
INFO: Run Behavior\WriteHtmlCache [ RunTime:0.000016s ]
INFO: [ view_filter ] --END-- [ RunTime:-0.000987s ]
INFO: [ app_end ] --START--
INFO: Run Behavior\ShowPageTrace [ RunTime:0.000138s ]
INFO: [ app_end ] --END-- [ RunTime:0.000342s ]

[ 2016-12-18T23:08:54+08:00 ] 66.249.79.190 /
SQL: SHOW COLUMNS FROM `onethink_category` [ RunTime:0.000614s ]
SQL: SELECT `id`,`name`,`title`,`pid`,`sort`,`list_row`,`meta_title`,`keywords`,`description`,`template_index`,`template_lists`,`template_detail`,`template_edit`,`model`,`type`,`link_id`,`allow_publish`,`display`,`reply`,`check`,`reply_model`,`extend`,`create_time`,`update_time`,`status`,`icon` FROM `onethink_category` WHERE ( `status` = 1 ) ORDER BY sort  [ RunTime:0.000246s ]
SQL: SHOW COLUMNS FROM `onethink_document` [ RunTime:0.000712s ]
SQL: SELECT `id`,`uid`,`name`,`title`,`category_id`,`description`,`root`,`pid`,`model_id`,`type`,`position`,`link_id`,`cover_id`,`display`,`deadline`,`attach`,`view`,`comment`,`extend`,`level`,`create_time`,`update_time`,`status` FROM `onethink_document` WHERE ( `status` = 1 ) AND ( `pid` = 0 ) AND ( `create_time` < 1482073734 ) AND ( deadline = 0 OR deadline > 1482073734 ) ORDER BY `id` DESC  [ RunTime:0.000382s ]
SQL: SHOW COLUMNS FROM `onethink_action_log` [ RunTime:0.000410s ]
SQL: SELECT `id`,`action_id`,`user_id`,`action_ip`,`model`,`record_id`,`remark`,`status`,`create_time` FROM `onethink_action_log` WHERE ( `status` > -1 ) AND ( `action_id` = 12 ) AND ( `model` LIKE '新词%' ) ORDER BY `id` DESC LIMIT 20   [ RunTime:0.000300s ]
NOTIC: [8] Undefined variable: str /var/www/html/Application/Home/Common/function.php 第 90 行.
NOTIC: [8] Undefined variable: count /var/www/html/Application/Home/Common/function.php 第 83 行.
NOTIC: [8] Undefined variable: str /var/www/html/Application/Home/Common/function.php 第 90 行.
NOTIC: [8] Undefined variable: count /var/www/html/Application/Home/Common/function.php 第 83 行.
NOTIC: [8] Undefined variable: str /var/www/html/Application/Home/Common/function.php 第 90 行.
NOTIC: [8] Undefined variable: count /var/www/html/Application/Home/Common/function.php 第 83 行.
NOTIC: [8] Undefined variable: str /var/www/html/Application/Home/Common/function.php 第 90 行.
NOTIC: [8] Undefined variable: count /var/www/html/Application/Home/Common/function.php 第 83 行.
NOTIC: [8] Undefined variable: str /var/www/html/Application/Home/Common/function.php 第 90 行.
NOTIC: [8] Undefined variable: count /var/www/html/Application/Home/Common/function.php 第 83 行.
NOTIC: [8] Undefined variable: str /var/www/html/Application/Home/Common/function.php 第 90 行.
NOTIC: [8] Undefined variable: count /var/www/html/Application/Home/Common/function.php 第 83 行.
NOTIC: [8] Undefined variable: str /var/www/html/Application/Home/Common/function.php 第 90 行.
NOTIC: [8] Undefined variable: count /var/www/html/Application/Home/Common/function.php 第 83 行.
NOTIC: [8] Undefined variable: str /var/www/html/Application/Home/Common/function.php 第 90 行.
NOTIC: [8] Undefined variable: count /var/www/html/Application/Home/Common/function.php 第 83 行.
NOTIC: [8] Undefined variable: str /var/www/html/Application/Home/Common/function.php 第 90 行.
NOTIC: [8] Undefined variable: count /var/www/html/Application/Home/Common/function.php 第 83 行.
NOTIC: [8] Undefined variable: str /var/www/html/Application/Home/Common/function.php 第 90 行.
NOTIC: [8] Undefined variable: count /var/www/html/Application/Home/Common/function.php 第 83 行.
NOTIC: [8] Undefined variable: str /var/www/html/Application/Home/Common/function.php 第 90 行.
NOTIC: [8] Undefined variable: count /var/www/html/Application/Home/Common/function.php 第 83 行.
NOTIC: [8] Undefined variable: str /var/www/html/Application/Home/Common/function.php 第 90 行.
NOTIC: [8] Undefined variable: count /var/www/html/Application/Home/Common/function.php 第 83 行.
NOTIC: [8] Undefined variable: str /var/www/html/Application/Home/Common/function.php 第 90 行.
NOTIC: [8] Undefined variable: count /var/www/html/Application/Home/Common/function.php 第 83 行.
NOTIC: [8] Undefined variable: str /var/www/html/Application/Home/Common/function.php 第 90 行.
NOTIC: [8] Undefined variable: count /var/www/html/Application/Home/Common/function.php 第 83 行.
NOTIC: [8] Undefined variable: str /var/www/html/Application/Home/Common/function.php 第 90 行.
NOTIC: [8] Undefined variable: count /var/www/html/Application/Home/Common/function.php 第 83 行.
NOTIC: [8] Undefined variable: str /var/www/html/Application/Home/Common/function.php 第 90 行.
NOTIC: [8] Undefined variable: count /var/www/html/Application/Home/Common/function.php 第 83 行.
NOTIC: [8] Undefined variable: str /var/www/html/Application/Home/Common/function.php 第 90 行.
NOTIC: [8] Undefined variable: count /var/www/html/Application/Home/Common/function.php 第 83 行.
NOTIC: [8] Undefined variable: str /var/www/html/Application/Home/Common/function.php 第 90 行.
NOTIC: [8] Undefined variable: count /var/www/html/Application/Home/Common/function.php 第 83 行.
NOTIC: [8] Undefined variable: str /var/www/html/Application/Home/Common/function.php 第 90 行.
NOTIC: [8] Undefined variable: count /var/www/html/Application/Home/Common/function.php 第 83 行.
NOTIC: [8] Undefined variable: str /var/www/html/Application/Home/Common/function.php 第 90 行.
NOTIC: [8] Undefined variable: count /var/www/html/Application/Home/Common/function.php 第 83 行.
NOTIC: [8] Undefined variable: nloglists /var/www/html/Application/Home/Controller/IndexController.class.php 第 48 行.
SQL: SHOW COLUMNS FROM `onethink_auth_group` [ RunTime:0.000402s ]
SQL: SHOW COLUMNS FROM `onethink_auth_group_access` [ RunTime:0.000356s ]
SQL: SELECT `uid`,`group_id`,`title`,`description`,`rules` FROM onethink_auth_group_access a INNER JOIN onethink_auth_group g on a.group_id=g.id  WHERE ( a.uid='0' and g.status='1' )  [ RunTime:0.000194s ]
NOTIC: [8] Undefined offset: 0 /var/www/html/Application/Common/Common/function.php 第 976 行.
INFO: [ view_parse ] --START--
INFO: [ template_filter ] --START--
INFO: Run Behavior\ContentReplace [ RunTime:0.000163s ]
INFO: [ template_filter ] --END-- [ RunTime:0.000283s ]
SQL: SHOW COLUMNS FROM `onethink_channel` [ RunTime:0.000518s ]
SQL: SELECT `id`,`pid`,`title`,`url`,`sort`,`create_time`,`update_time`,`status`,`target` FROM `onethink_channel` WHERE ( status=1 ) ORDER BY sort  [ RunTime:0.000219s ]
SQL: SELECT `id`,`name`,`title`,`pid`,`sort`,`list_row`,`meta_title`,`keywords`,`description`,`template_index`,`template_lists`,`template_detail`,`template_edit`,`model`,`type`,`link_id`,`allow_publish`,`display`,`reply`,`check`,`reply_model`,`extend`,`create_time`,`update_time`,`status`,`icon` FROM `onethink_category` WHERE ( `id` = 1 ) LIMIT 1   [ RunTime:0.000223s ]
SQL: SELECT `id`,`name`,`pid`,`title`,`link_id` FROM `onethink_category` WHERE ( `status` = 1 ) ORDER BY sort  [ RunTime:0.000213s ]
INFO: [ view_parse ] --START--
INFO: [ template_filter ] --START--
INFO: Run Behavior\ContentReplace [ RunTime:0.000045s ]
INFO: [ template_filter ] --END-- [ RunTime:-0.008403s ]
INFO: Run Behavior\ParseTemplate [ RunTime:0.003277s ]
INFO: [ view_parse ] --END-- [ RunTime:0.003371s ]
INFO: [ view_filter ] --START--
INFO: Run Behavior\WriteHtmlCache [ RunTime:0.000055s ]
INFO: [ view_filter ] --END-- [ RunTime:0.000121s ]
INFO: Run Behavior\ParseTemplate [ RunTime:0.004443s ]
INFO: [ view_parse ] --END-- [ RunTime:0.003371s ]
INFO: [ view_filter ] --START--
INFO: Run Behavior\WriteHtmlCache [ RunTime:0.000016s ]
INFO: [ view_filter ] --END-- [ RunTime:-0.001038s ]
INFO: [ app_end ] --START--
INFO: Run Behavior\ShowPageTrace [ RunTime:0.000126s ]
INFO: [ app_end ] --END-- [ RunTime:0.000269s ]

[ 2016-12-18T23:54:12+08:00 ] 66.249.79.179 /
SQL: SHOW COLUMNS FROM `onethink_category` [ RunTime:0.000569s ]
SQL: SELECT `id`,`name`,`title`,`pid`,`sort`,`list_row`,`meta_title`,`keywords`,`description`,`template_index`,`template_lists`,`template_detail`,`template_edit`,`model`,`type`,`link_id`,`allow_publish`,`display`,`reply`,`check`,`reply_model`,`extend`,`create_time`,`update_time`,`status`,`icon` FROM `onethink_category` WHERE ( `status` = 1 ) ORDER BY sort  [ RunTime:0.000217s ]
SQL: SHOW COLUMNS FROM `onethink_document` [ RunTime:0.000515s ]
SQL: SELECT `id`,`uid`,`name`,`title`,`category_id`,`description`,`root`,`pid`,`model_id`,`type`,`position`,`link_id`,`cover_id`,`display`,`deadline`,`attach`,`view`,`comment`,`extend`,`level`,`create_time`,`update_time`,`status` FROM `onethink_document` WHERE ( `status` = 1 ) AND ( `pid` = 0 ) AND ( `create_time` < 1482076452 ) AND ( deadline = 0 OR deadline > 1482076452 ) ORDER BY `id` DESC  [ RunTime:0.000361s ]
SQL: SHOW COLUMNS FROM `onethink_action_log` [ RunTime:0.000386s ]
SQL: SELECT `id`,`action_id`,`user_id`,`action_ip`,`model`,`record_id`,`remark`,`status`,`create_time` FROM `onethink_action_log` WHERE ( `status` > -1 ) AND ( `action_id` = 12 ) AND ( `model` LIKE '新词%' ) ORDER BY `id` DESC LIMIT 20   [ RunTime:0.000278s ]
NOTIC: [8] Undefined variable: str /var/www/html/Application/Home/Common/function.php 第 90 行.
NOTIC: [8] Undefined variable: count /var/www/html/Application/Home/Common/function.php 第 83 行.
NOTIC: [8] Undefined variable: str /var/www/html/Application/Home/Common/function.php 第 90 行.
NOTIC: [8] Undefined variable: count /var/www/html/Application/Home/Common/function.php 第 83 行.
NOTIC: [8] Undefined variable: str /var/www/html/Application/Home/Common/function.php 第 90 行.
NOTIC: [8] Undefined variable: count /var/www/html/Application/Home/Common/function.php 第 83 行.
NOTIC: [8] Undefined variable: str /var/www/html/Application/Home/Common/function.php 第 90 行.
NOTIC: [8] Undefined variable: count /var/www/html/Application/Home/Common/function.php 第 83 行.
NOTIC: [8] Undefined variable: str /var/www/html/Application/Home/Common/function.php 第 90 行.
NOTIC: [8] Undefined variable: count /var/www/html/Application/Home/Common/function.php 第 83 行.
NOTIC: [8] Undefined variable: str /var/www/html/Application/Home/Common/function.php 第 90 行.
NOTIC: [8] Undefined variable: count /var/www/html/Application/Home/Common/function.php 第 83 行.
NOTIC: [8] Undefined variable: str /var/www/html/Application/Home/Common/function.php 第 90 行.
NOTIC: [8] Undefined variable: count /var/www/html/Application/Home/Common/function.php 第 83 行.
NOTIC: [8] Undefined variable: str /var/www/html/Application/Home/Common/function.php 第 90 行.
NOTIC: [8] Undefined variable: count /var/www/html/Application/Home/Common/function.php 第 83 行.
NOTIC: [8] Undefined variable: str /var/www/html/Application/Home/Common/function.php 第 90 行.
NOTIC: [8] Undefined variable: count /var/www/html/Application/Home/Common/function.php 第 83 行.
NOTIC: [8] Undefined variable: str /var/www/html/Application/Home/Common/function.php 第 90 行.
NOTIC: [8] Undefined variable: count /var/www/html/Application/Home/Common/function.php 第 83 行.
NOTIC: [8] Undefined variable: str /var/www/html/Application/Home/Common/function.php 第 90 行.
NOTIC: [8] Undefined variable: count /var/www/html/Application/Home/Common/function.php 第 83 行.
NOTIC: [8] Undefined variable: str /var/www/html/Application/Home/Common/function.php 第 90 行.
NOTIC: [8] Undefined variable: count /var/www/html/Application/Home/Common/function.php 第 83 行.
NOTIC: [8] Undefined variable: str /var/www/html/Application/Home/Common/function.php 第 90 行.
NOTIC: [8] Undefined variable: count /var/www/html/Application/Home/Common/function.php 第 83 行.
NOTIC: [8] Undefined variable: str /var/www/html/Application/Home/Common/function.php 第 90 行.
NOTIC: [8] Undefined variable: count /var/www/html/Application/Home/Common/function.php 第 83 行.
NOTIC: [8] Undefined variable: str /var/www/html/Application/Home/Common/function.php 第 90 行.
NOTIC: [8] Undefined variable: count /var/www/html/Application/Home/Common/function.php 第 83 行.
NOTIC: [8] Undefined variable: str /var/www/html/Application/Home/Common/function.php 第 90 行.
NOTIC: [8] Undefined variable: count /var/www/html/Application/Home/Common/function.php 第 83 行.
NOTIC: [8] Undefined variable: str /var/www/html/Application/Home/Common/function.php 第 90 行.
NOTIC: [8] Undefined variable: count /var/www/html/Application/Home/Common/function.php 第 83 行.
NOTIC: [8] Undefined variable: str /var/www/html/Application/Home/Common/function.php 第 90 行.
NOTIC: [8] Undefined variable: count /var/www/html/Application/Home/Common/function.php 第 83 行.
NOTIC: [8] Undefined variable: str /var/www/html/Application/Home/Common/function.php 第 90 行.
NOTIC: [8] Undefined variable: count /var/www/html/Application/Home/Common/function.php 第 83 行.
NOTIC: [8] Undefined variable: str /var/www/html/Application/Home/Common/function.php 第 90 行.
NOTIC: [8] Undefined variable: count /var/www/html/Application/Home/Common/function.php 第 83 行.
NOTIC: [8] Undefined variable: nloglists /var/www/html/Application/Home/Controller/IndexController.class.php 第 48 行.
SQL: SHOW COLUMNS FROM `onethink_auth_group` [ RunTime:0.000375s ]
SQL: SHOW COLUMNS FROM `onethink_auth_group_access` [ RunTime:0.000300s ]
SQL: SELECT `uid`,`group_id`,`title`,`description`,`rules` FROM onethink_auth_group_access a INNER JOIN onethink_auth_group g on a.group_id=g.id  WHERE ( a.uid='0' and g.status='1' )  [ RunTime:0.000187s ]
NOTIC: [8] Undefined offset: 0 /var/www/html/Application/Common/Common/function.php 第 976 行.
INFO: [ view_parse ] --START--
INFO: [ template_filter ] --START--
INFO: Run Behavior\ContentReplace [ RunTime:0.000144s ]
INFO: [ template_filter ] --END-- [ RunTime:0.000252s ]
SQL: SHOW COLUMNS FROM `onethink_channel` [ RunTime:0.000598s ]
SQL: SELECT `id`,`pid`,`title`,`url`,`sort`,`create_time`,`update_time`,`status`,`target` FROM `onethink_channel` WHERE ( status=1 ) ORDER BY sort  [ RunTime:0.000249s ]
SQL: SELECT `id`,`name`,`title`,`pid`,`sort`,`list_row`,`meta_title`,`keywords`,`description`,`template_index`,`template_lists`,`template_detail`,`template_edit`,`model`,`type`,`link_id`,`allow_publish`,`display`,`reply`,`check`,`reply_model`,`extend`,`create_time`,`update_time`,`status`,`icon` FROM `onethink_category` WHERE ( `id` = 1 ) LIMIT 1   [ RunTime:0.000209s ]
SQL: SELECT `id`,`name`,`pid`,`title`,`link_id` FROM `onethink_category` WHERE ( `status` = 1 ) ORDER BY sort  [ RunTime:0.000158s ]
INFO: [ view_parse ] --START--
INFO: [ template_filter ] --START--
INFO: Run Behavior\ContentReplace [ RunTime:0.000047s ]
INFO: [ template_filter ] --END-- [ RunTime:-0.008471s ]
INFO: Run Behavior\ParseTemplate [ RunTime:0.003292s ]
INFO: [ view_parse ] --END-- [ RunTime:0.003377s ]
INFO: [ view_filter ] --START--
INFO: Run Behavior\WriteHtmlCache [ RunTime:0.000063s ]
INFO: [ view_filter ] --END-- [ RunTime:0.000154s ]
INFO: Run Behavior\ParseTemplate [ RunTime:0.004436s ]
INFO: [ view_parse ] --END-- [ RunTime:0.003377s ]
INFO: [ view_filter ] --START--
INFO: Run Behavior\WriteHtmlCache [ RunTime:0.000018s ]
INFO: [ view_filter ] --END-- [ RunTime:-0.001002s ]
INFO: [ app_end ] --START--
INFO: Run Behavior\ShowPageTrace [ RunTime:0.000096s ]
INFO: [ app_end ] --END-- [ RunTime:0.000232s ]

