[ 2016-11-30T21:45:50+08:00 ] 113.80.227.67 /
SQL: SHOW COLUMNS FROM `onethink_category` [ RunTime:0.000520s ]
SQL: SELECT `id`,`name`,`title`,`pid`,`sort`,`list_row`,`meta_title`,`keywords`,`description`,`template_index`,`template_lists`,`template_detail`,`template_edit`,`model`,`type`,`link_id`,`allow_publish`,`display`,`reply`,`check`,`reply_model`,`extend`,`create_time`,`update_time`,`status`,`icon` FROM `onethink_category` WHERE ( `status` = 1 ) ORDER BY sort  [ RunTime:0.000296s ]
SQL: SHOW COLUMNS FROM `onethink_document` [ RunTime:0.000476s ]
SQL: SELECT `id`,`uid`,`name`,`title`,`category_id`,`description`,`root`,`pid`,`model_id`,`type`,`position`,`link_id`,`cover_id`,`display`,`deadline`,`attach`,`view`,`comment`,`extend`,`level`,`create_time`,`update_time`,`status` FROM `onethink_document` WHERE ( `status` = 1 ) AND ( `pid` = 0 ) AND ( `create_time` < 1480513550 ) AND ( deadline = 0 OR deadline > 1480513550 ) ORDER BY `id` DESC  [ RunTime:0.000293s ]
SQL: SHOW COLUMNS FROM `onethink_action_log` [ RunTime:0.000406s ]
SQL: SELECT `id`,`action_id`,`user_id`,`action_ip`,`model`,`record_id`,`remark`,`status`,`create_time` FROM `onethink_action_log` WHERE ( `status` > -1 ) AND ( `action_id` = 12 ) AND ( `model` LIKE '新词%' ) ORDER BY `id` DESC LIMIT 20   [ RunTime:0.000312s ]
NOTIC: [8] Undefined variable: str /var/www/html/Application/Home/Common/function.php 第 90 行.
NOTIC: [8] Undefined variable: count /var/www/html/Application/Home/Common/function.php 第 83 行.
NOTIC: [8] Undefined variable: str /var/www/html/Application/Home/Common/function.php 第 90 行.
NOTIC: [8] Undefined variable: count /var/www/html/Application/Home/Common/function.php 第 83 行.
NOTIC: [8] Undefined variable: str /var/www/html/Application/Home/Common/function.php 第 90 行.
NOTIC: [8] Undefined variable: count /var/www/html/Application/Home/Common/function.php 第 83 行.
NOTIC: [8] Undefined variable: str /var/www/html/Application/Home/Common/function.php 第 90 行.
NOTIC: [8] Undefined variable: count /var/www/html/Application/Home/Common/function.php 第 83 行.
NOTIC: [8] Undefined variable: str /var/www/html/Application/Home/Common/function.php 第 90 行.
NOTIC: [8] Undefined variable: count /var/www/html/Application/Home/Common/function.php 第 83 行.
NOTIC: [8] Undefined variable: str /var/www/html/Application/Home/Common/function.php 第 90 行.
NOTIC: [8] Undefined variable: count /var/www/html/Application/Home/Common/function.php 第 83 行.
NOTIC: [8] Undefined variable: str /var/www/html/Application/Home/Common/function.php 第 90 行.
NOTIC: [8] Undefined variable: count /var/www/html/Application/Home/Common/function.php 第 83 行.
NOTIC: [8] Undefined variable: str /var/www/html/Application/Home/Common/function.php 第 90 行.
NOTIC: [8] Undefined variable: count /var/www/html/Application/Home/Common/function.php 第 83 行.
NOTIC: [8] Undefined variable: str /var/www/html/Application/Home/Common/function.php 第 90 行.
NOTIC: [8] Undefined variable: count /var/www/html/Application/Home/Common/function.php 第 83 行.
NOTIC: [8] Undefined variable: str /var/www/html/Application/Home/Common/function.php 第 90 行.
NOTIC: [8] Undefined variable: count /var/www/html/Application/Home/Common/function.php 第 83 行.
NOTIC: [8] Undefined variable: str /var/www/html/Application/Home/Common/function.php 第 90 行.
NOTIC: [8] Undefined variable: count /var/www/html/Application/Home/Common/function.php 第 83 行.
NOTIC: [8] Undefined variable: str /var/www/html/Application/Home/Common/function.php 第 90 行.
NOTIC: [8] Undefined variable: count /var/www/html/Application/Home/Common/function.php 第 83 行.
NOTIC: [8] Undefined variable: str /var/www/html/Application/Home/Common/function.php 第 90 行.
NOTIC: [8] Undefined variable: count /var/www/html/Application/Home/Common/function.php 第 83 行.
NOTIC: [8] Undefined variable: str /var/www/html/Application/Home/Common/function.php 第 90 行.
NOTIC: [8] Undefined variable: count /var/www/html/Application/Home/Common/function.php 第 83 行.
NOTIC: [8] Undefined variable: str /var/www/html/Application/Home/Common/function.php 第 90 行.
NOTIC: [8] Undefined variable: count /var/www/html/Application/Home/Common/function.php 第 83 行.
NOTIC: [8] Undefined variable: str /var/www/html/Application/Home/Common/function.php 第 90 行.
NOTIC: [8] Undefined variable: count /var/www/html/Application/Home/Common/function.php 第 83 行.
NOTIC: [8] Undefined variable: str /var/www/html/Application/Home/Common/function.php 第 92 行.
NOTIC: [8] Undefined variable: count /var/www/html/Application/Home/Common/function.php 第 83 行.
NOTIC: [8] Undefined variable: str /var/www/html/Application/Home/Common/function.php 第 90 行.
NOTIC: [8] Undefined variable: count /var/www/html/Application/Home/Common/function.php 第 83 行.
NOTIC: [8] Undefined variable: str /var/www/html/Application/Home/Common/function.php 第 90 行.
NOTIC: [8] Undefined variable: count /var/www/html/Application/Home/Common/function.php 第 83 行.
NOTIC: [8] Undefined variable: str /var/www/html/Application/Home/Common/function.php 第 90 行.
NOTIC: [8] Undefined variable: count /var/www/html/Application/Home/Common/function.php 第 83 行.
NOTIC: [8] Undefined variable: nloglists /var/www/html/Application/Home/Controller/IndexController.class.php 第 48 行.
SQL: SHOW COLUMNS FROM `onethink_auth_group` [ RunTime:0.000351s ]
SQL: SHOW COLUMNS FROM `onethink_auth_group_access` [ RunTime:0.000335s ]
SQL: SELECT `uid`,`group_id`,`title`,`description`,`rules` FROM onethink_auth_group_access a INNER JOIN onethink_auth_group g on a.group_id=g.id  WHERE ( a.uid='0' and g.status='1' )  [ RunTime:0.000191s ]
NOTIC: [8] Undefined offset: 0 /var/www/html/Application/Common/Common/function.php 第 976 行.
INFO: [ view_parse ] --START--
INFO: [ template_filter ] --START--
INFO: Run Behavior\ContentReplace [ RunTime:0.000146s ]
INFO: [ template_filter ] --END-- [ RunTime:0.000259s ]
SQL: SHOW COLUMNS FROM `onethink_channel` [ RunTime:0.000615s ]
SQL: SELECT `id`,`pid`,`title`,`url`,`sort`,`create_time`,`update_time`,`status`,`target` FROM `onethink_channel` WHERE ( status=1 ) ORDER BY sort  [ RunTime:0.000227s ]
SQL: SELECT `id`,`name`,`title`,`pid`,`sort`,`list_row`,`meta_title`,`keywords`,`description`,`template_index`,`template_lists`,`template_detail`,`template_edit`,`model`,`type`,`link_id`,`allow_publish`,`display`,`reply`,`check`,`reply_model`,`extend`,`create_time`,`update_time`,`status`,`icon` FROM `onethink_category` WHERE ( `id` = 1 ) LIMIT 1   [ RunTime:0.000235s ]
SQL: SELECT `id`,`name`,`pid`,`title`,`link_id` FROM `onethink_category` WHERE ( `status` = 1 ) ORDER BY sort  [ RunTime:0.000176s ]
INFO: [ view_parse ] --START--
INFO: [ template_filter ] --START--
INFO: Run Behavior\ContentReplace [ RunTime:0.000047s ]
INFO: [ template_filter ] --END-- [ RunTime:-0.008566s ]
INFO: Run Behavior\ParseTemplate [ RunTime:0.003119s ]
INFO: [ view_parse ] --END-- [ RunTime:0.003221s ]
INFO: [ view_filter ] --START--
INFO: Run Behavior\WriteHtmlCache [ RunTime:0.000060s ]
INFO: [ view_filter ] --END-- [ RunTime:0.000127s ]
INFO: Run Behavior\ParseTemplate [ RunTime:0.004230s ]
INFO: [ view_parse ] --END-- [ RunTime:0.003221s ]
INFO: [ view_filter ] --START--
INFO: Run Behavior\WriteHtmlCache [ RunTime:0.000021s ]
INFO: [ view_filter ] --END-- [ RunTime:-0.000979s ]
INFO: [ app_end ] --START--
INFO: Run Behavior\ShowPageTrace [ RunTime:0.000059s ]
INFO: [ app_end ] --END-- [ RunTime:0.000138s ]

[ 2016-11-30T21:45:55+08:00 ] 113.80.227.67 /Home/Index/currentCount.html?search=:uk
INFO: [ app_begin ] --START--
INFO: Run Behavior\ReadHtmlCache [ RunTime:0.000065s ]
INFO: [ app_begin ] --END-- [ RunTime:0.000220s ]
SQL: SHOW COLUMNS FROM `onethink_config` [ RunTime:0.000621s ]
SQL: SELECT `type`,`name`,`value` FROM `onethink_config` WHERE ( `status` = 1 )  [ RunTime:0.000379s ]

[ 2016-11-30T21:46:00+08:00 ] 113.80.227.67 /Home/Index/currentCount.html?search=:uk
INFO: [ app_begin ] --START--
INFO: Run Behavior\ReadHtmlCache [ RunTime:0.000045s ]
INFO: [ app_begin ] --END-- [ RunTime:0.000142s ]
SQL: SHOW COLUMNS FROM `onethink_config` [ RunTime:0.000656s ]
SQL: SELECT `type`,`name`,`value` FROM `onethink_config` WHERE ( `status` = 1 )  [ RunTime:0.000442s ]

[ 2016-11-30T21:46:05+08:00 ] 113.80.227.67 /Home/Index/currentCount.html?search=:uk
INFO: [ app_begin ] --START--
INFO: Run Behavior\ReadHtmlCache [ RunTime:0.000051s ]
INFO: [ app_begin ] --END-- [ RunTime:0.000154s ]
SQL: SHOW COLUMNS FROM `onethink_config` [ RunTime:0.000556s ]
SQL: SELECT `type`,`name`,`value` FROM `onethink_config` WHERE ( `status` = 1 )  [ RunTime:0.000406s ]

[ 2016-11-30T21:46:10+08:00 ] 113.80.227.67 /Home/Index/currentCount.html?search=:uk
INFO: [ app_begin ] --START--
INFO: Run Behavior\ReadHtmlCache [ RunTime:0.000047s ]
INFO: [ app_begin ] --END-- [ RunTime:0.000160s ]
SQL: SHOW COLUMNS FROM `onethink_config` [ RunTime:0.000657s ]
SQL: SELECT `type`,`name`,`value` FROM `onethink_config` WHERE ( `status` = 1 )  [ RunTime:0.000396s ]

[ 2016-11-30T21:46:15+08:00 ] 113.80.227.67 /Home/Index/currentCount.html?search=:uk
INFO: [ app_begin ] --START--
INFO: Run Behavior\ReadHtmlCache [ RunTime:0.000067s ]
INFO: [ app_begin ] --END-- [ RunTime:0.000181s ]
SQL: SHOW COLUMNS FROM `onethink_config` [ RunTime:0.000544s ]
SQL: SELECT `type`,`name`,`value` FROM `onethink_config` WHERE ( `status` = 1 )  [ RunTime:0.001906s ]

[ 2016-11-30T21:46:20+08:00 ] 113.80.227.67 /Home/Index/currentCount.html?search=:uk
INFO: [ app_begin ] --START--
INFO: Run Behavior\ReadHtmlCache [ RunTime:0.000071s ]
INFO: [ app_begin ] --END-- [ RunTime:0.000219s ]
SQL: SHOW COLUMNS FROM `onethink_config` [ RunTime:0.000676s ]
SQL: SELECT `type`,`name`,`value` FROM `onethink_config` WHERE ( `status` = 1 )  [ RunTime:0.000295s ]

[ 2016-11-30T21:46:26+08:00 ] 113.80.227.67 /Home/Index/currentCount.html?search=:uk
INFO: [ app_begin ] --START--
INFO: Run Behavior\ReadHtmlCache [ RunTime:0.000065s ]
INFO: [ app_begin ] --END-- [ RunTime:0.000181s ]
SQL: SHOW COLUMNS FROM `onethink_config` [ RunTime:0.000575s ]
SQL: SELECT `type`,`name`,`value` FROM `onethink_config` WHERE ( `status` = 1 )  [ RunTime:0.000365s ]

[ 2016-11-30T22:23:53+08:00 ] 113.118.122.68 /Home/Index/currentCount.html?search=sex%20toy:us
INFO: [ app_begin ] --START--
INFO: Run Behavior\ReadHtmlCache [ RunTime:0.000085s ]
INFO: [ app_begin ] --END-- [ RunTime:0.000269s ]
SQL: SHOW COLUMNS FROM `onethink_config` [ RunTime:0.000782s ]
SQL: SELECT `type`,`name`,`value` FROM `onethink_config` WHERE ( `status` = 1 )  [ RunTime:0.000480s ]

[ 2016-11-30T22:23:53+08:00 ] 113.118.122.68 /Home/Index/index.html?dcwpf0dc4=1480515842552
SQL: SHOW COLUMNS FROM `onethink_category` [ RunTime:0.000573s ]
SQL: SELECT `id`,`name`,`title`,`pid`,`sort`,`list_row`,`meta_title`,`keywords`,`description`,`template_index`,`template_lists`,`template_detail`,`template_edit`,`model`,`type`,`link_id`,`allow_publish`,`display`,`reply`,`check`,`reply_model`,`extend`,`create_time`,`update_time`,`status`,`icon` FROM `onethink_category` WHERE ( `status` = 1 ) ORDER BY sort  [ RunTime:0.000243s ]
SQL: SHOW COLUMNS FROM `onethink_document` [ RunTime:0.000568s ]
SQL: SELECT `id`,`uid`,`name`,`title`,`category_id`,`description`,`root`,`pid`,`model_id`,`type`,`position`,`link_id`,`cover_id`,`display`,`deadline`,`attach`,`view`,`comment`,`extend`,`level`,`create_time`,`update_time`,`status` FROM `onethink_document` WHERE ( `status` = 1 ) AND ( `pid` = 0 ) AND ( `create_time` < 1480515833 ) AND ( deadline = 0 OR deadline > 1480515833 ) ORDER BY `id` DESC  [ RunTime:0.000286s ]
SQL: SHOW COLUMNS FROM `onethink_action_log` [ RunTime:0.000447s ]
SQL: SELECT `id`,`action_id`,`user_id`,`action_ip`,`model`,`record_id`,`remark`,`status`,`create_time` FROM `onethink_action_log` WHERE ( `status` > -1 ) AND ( `action_id` = 12 ) AND ( `model` LIKE '新词%' ) ORDER BY `id` DESC LIMIT 20   [ RunTime:0.000317s ]
NOTIC: [8] Undefined variable: str /var/www/html/Application/Home/Common/function.php 第 90 行.
NOTIC: [8] Undefined variable: count /var/www/html/Application/Home/Common/function.php 第 83 行.
NOTIC: [8] Undefined variable: str /var/www/html/Application/Home/Common/function.php 第 90 行.
NOTIC: [8] Undefined variable: count /var/www/html/Application/Home/Common/function.php 第 83 行.
NOTIC: [8] Undefined variable: str /var/www/html/Application/Home/Common/function.php 第 90 行.
NOTIC: [8] Undefined variable: count /var/www/html/Application/Home/Common/function.php 第 83 行.
NOTIC: [8] Undefined variable: str /var/www/html/Application/Home/Common/function.php 第 90 行.
NOTIC: [8] Undefined variable: count /var/www/html/Application/Home/Common/function.php 第 83 行.
NOTIC: [8] Undefined variable: str /var/www/html/Application/Home/Common/function.php 第 90 行.
NOTIC: [8] Undefined variable: count /var/www/html/Application/Home/Common/function.php 第 83 行.
NOTIC: [8] Undefined variable: str /var/www/html/Application/Home/Common/function.php 第 90 行.
NOTIC: [8] Undefined variable: count /var/www/html/Application/Home/Common/function.php 第 83 行.
NOTIC: [8] Undefined variable: str /var/www/html/Application/Home/Common/function.php 第 90 行.
NOTIC: [8] Undefined variable: count /var/www/html/Application/Home/Common/function.php 第 83 行.
NOTIC: [8] Undefined variable: str /var/www/html/Application/Home/Common/function.php 第 90 行.
NOTIC: [8] Undefined variable: count /var/www/html/Application/Home/Common/function.php 第 83 行.
NOTIC: [8] Undefined variable: str /var/www/html/Application/Home/Common/function.php 第 90 行.
NOTIC: [8] Undefined variable: count /var/www/html/Application/Home/Common/function.php 第 83 行.
NOTIC: [8] Undefined variable: str /var/www/html/Application/Home/Common/function.php 第 90 行.
NOTIC: [8] Undefined variable: count /var/www/html/Application/Home/Common/function.php 第 83 行.
NOTIC: [8] Undefined variable: str /var/www/html/Application/Home/Common/function.php 第 90 行.
NOTIC: [8] Undefined variable: count /var/www/html/Application/Home/Common/function.php 第 83 行.
NOTIC: [8] Undefined variable: str /var/www/html/Application/Home/Common/function.php 第 90 行.
NOTIC: [8] Undefined variable: count /var/www/html/Application/Home/Common/function.php 第 83 行.
NOTIC: [8] Undefined variable: str /var/www/html/Application/Home/Common/function.php 第 90 行.
NOTIC: [8] Undefined variable: count /var/www/html/Application/Home/Common/function.php 第 83 行.
NOTIC: [8] Undefined variable: str /var/www/html/Application/Home/Common/function.php 第 90 行.
NOTIC: [8] Undefined variable: count /var/www/html/Application/Home/Common/function.php 第 83 行.
NOTIC: [8] Undefined variable: str /var/www/html/Application/Home/Common/function.php 第 90 行.
NOTIC: [8] Undefined variable: count /var/www/html/Application/Home/Common/function.php 第 83 行.
NOTIC: [8] Undefined variable: str /var/www/html/Application/Home/Common/function.php 第 90 行.
NOTIC: [8] Undefined variable: count /var/www/html/Application/Home/Common/function.php 第 83 行.
NOTIC: [8] Undefined variable: str /var/www/html/Application/Home/Common/function.php 第 92 行.
NOTIC: [8] Undefined variable: count /var/www/html/Application/Home/Common/function.php 第 83 行.
NOTIC: [8] Undefined variable: str /var/www/html/Application/Home/Common/function.php 第 90 行.
NOTIC: [8] Undefined variable: count /var/www/html/Application/Home/Common/function.php 第 83 行.
NOTIC: [8] Undefined variable: str /var/www/html/Application/Home/Common/function.php 第 90 行.
NOTIC: [8] Undefined variable: count /var/www/html/Application/Home/Common/function.php 第 83 行.
NOTIC: [8] Undefined variable: str /var/www/html/Application/Home/Common/function.php 第 90 行.
NOTIC: [8] Undefined variable: count /var/www/html/Application/Home/Common/function.php 第 83 行.
NOTIC: [8] Undefined variable: nloglists /var/www/html/Application/Home/Controller/IndexController.class.php 第 48 行.
SQL: SHOW COLUMNS FROM `onethink_auth_group` [ RunTime:0.000406s ]
SQL: SHOW COLUMNS FROM `onethink_auth_group_access` [ RunTime:0.000315s ]
SQL: SELECT `uid`,`group_id`,`title`,`description`,`rules` FROM onethink_auth_group_access a INNER JOIN onethink_auth_group g on a.group_id=g.id  WHERE ( a.uid='0' and g.status='1' )  [ RunTime:0.000230s ]
NOTIC: [8] Undefined offset: 0 /var/www/html/Application/Common/Common/function.php 第 976 行.
INFO: [ view_parse ] --START--
INFO: [ template_filter ] --START--
INFO: Run Behavior\ContentReplace [ RunTime:0.000193s ]
INFO: [ template_filter ] --END-- [ RunTime:0.000304s ]
SQL: SHOW COLUMNS FROM `onethink_channel` [ RunTime:0.000597s ]
SQL: SELECT `id`,`pid`,`title`,`url`,`sort`,`create_time`,`update_time`,`status`,`target` FROM `onethink_channel` WHERE ( status=1 ) ORDER BY sort  [ RunTime:0.000227s ]
SQL: SELECT `id`,`name`,`title`,`pid`,`sort`,`list_row`,`meta_title`,`keywords`,`description`,`template_index`,`template_lists`,`template_detail`,`template_edit`,`model`,`type`,`link_id`,`allow_publish`,`display`,`reply`,`check`,`reply_model`,`extend`,`create_time`,`update_time`,`status`,`icon` FROM `onethink_category` WHERE ( `id` = 1 ) LIMIT 1   [ RunTime:0.000206s ]
SQL: SELECT `id`,`name`,`pid`,`title`,`link_id` FROM `onethink_category` WHERE ( `status` = 1 ) ORDER BY sort  [ RunTime:0.000192s ]
INFO: [ view_parse ] --START--
INFO: [ template_filter ] --START--
INFO: Run Behavior\ContentReplace [ RunTime:0.000043s ]
INFO: [ template_filter ] --END-- [ RunTime:-0.008892s ]
INFO: Run Behavior\ParseTemplate [ RunTime:0.003274s ]
INFO: [ view_parse ] --END-- [ RunTime:0.003376s ]
INFO: [ view_filter ] --START--
INFO: Run Behavior\WriteHtmlCache [ RunTime:0.000058s ]
INFO: [ view_filter ] --END-- [ RunTime:0.000127s ]
INFO: Run Behavior\ParseTemplate [ RunTime:0.004475s ]
INFO: [ view_parse ] --END-- [ RunTime:0.003376s ]
INFO: [ view_filter ] --START--
INFO: Run Behavior\WriteHtmlCache [ RunTime:0.000016s ]
INFO: [ view_filter ] --END-- [ RunTime:-0.001009s ]
INFO: [ app_end ] --START--
INFO: Run Behavior\ShowPageTrace [ RunTime:0.000093s ]
INFO: [ app_end ] --END-- [ RunTime:0.000231s ]

[ 2016-11-30T22:23:58+08:00 ] 113.118.122.68 /Home/Index/currentCount.html?search=:uk
INFO: [ app_begin ] --START--
INFO: Run Behavior\ReadHtmlCache [ RunTime:0.000047s ]
INFO: [ app_begin ] --END-- [ RunTime:0.000143s ]
SQL: SHOW COLUMNS FROM `onethink_config` [ RunTime:0.000582s ]
SQL: SELECT `type`,`name`,`value` FROM `onethink_config` WHERE ( `status` = 1 )  [ RunTime:0.000274s ]

[ 2016-11-30T22:23:59+08:00 ] 113.118.122.68 /Home/Index/currentCount.html?search=:uk
INFO: [ app_begin ] --START--
INFO: Run Behavior\ReadHtmlCache [ RunTime:0.000042s ]
INFO: [ app_begin ] --END-- [ RunTime:0.000138s ]
SQL: SHOW COLUMNS FROM `onethink_config` [ RunTime:0.000562s ]
SQL: SELECT `type`,`name`,`value` FROM `onethink_config` WHERE ( `status` = 1 )  [ RunTime:0.000400s ]

[ 2016-11-30T22:24:03+08:00 ] 113.118.122.68 /Home/Index/currentCount.html?search=:uk
INFO: [ app_begin ] --START--
INFO: Run Behavior\ReadHtmlCache [ RunTime:0.000070s ]
INFO: [ app_begin ] --END-- [ RunTime:0.000320s ]
SQL: SHOW COLUMNS FROM `onethink_config` [ RunTime:0.000627s ]
SQL: SELECT `type`,`name`,`value` FROM `onethink_config` WHERE ( `status` = 1 )  [ RunTime:0.000478s ]

[ 2016-11-30T22:24:04+08:00 ] 113.118.122.68 /Home/Index/currentCount.html?search=:uk
INFO: [ app_begin ] --START--
INFO: Run Behavior\ReadHtmlCache [ RunTime:0.000070s ]
INFO: [ app_begin ] --END-- [ RunTime:0.000234s ]
SQL: SHOW COLUMNS FROM `onethink_config` [ RunTime:0.003165s ]
SQL: SELECT `type`,`name`,`value` FROM `onethink_config` WHERE ( `status` = 1 )  [ RunTime:0.000484s ]

[ 2016-11-30T23:21:09+08:00 ] 218.241.98.203 /
SQL: SHOW COLUMNS FROM `onethink_category` [ RunTime:0.000673s ]
SQL: SELECT `id`,`name`,`title`,`pid`,`sort`,`list_row`,`meta_title`,`keywords`,`description`,`template_index`,`template_lists`,`template_detail`,`template_edit`,`model`,`type`,`link_id`,`allow_publish`,`display`,`reply`,`check`,`reply_model`,`extend`,`create_time`,`update_time`,`status`,`icon` FROM `onethink_category` WHERE ( `status` = 1 ) ORDER BY sort  [ RunTime:0.000231s ]
SQL: SHOW COLUMNS FROM `onethink_document` [ RunTime:0.000691s ]
SQL: SELECT `id`,`uid`,`name`,`title`,`category_id`,`description`,`root`,`pid`,`model_id`,`type`,`position`,`link_id`,`cover_id`,`display`,`deadline`,`attach`,`view`,`comment`,`extend`,`level`,`create_time`,`update_time`,`status` FROM `onethink_document` WHERE ( `status` = 1 ) AND ( `pid` = 0 ) AND ( `create_time` < 1480519269 ) AND ( deadline = 0 OR deadline > 1480519269 ) ORDER BY `id` DESC  [ RunTime:0.000361s ]
SQL: SHOW COLUMNS FROM `onethink_action_log` [ RunTime:0.000434s ]
SQL: SELECT `id`,`action_id`,`user_id`,`action_ip`,`model`,`record_id`,`remark`,`status`,`create_time` FROM `onethink_action_log` WHERE ( `status` > -1 ) AND ( `action_id` = 12 ) AND ( `model` LIKE '新词%' ) ORDER BY `id` DESC LIMIT 20   [ RunTime:0.000337s ]
NOTIC: [8] Undefined variable: str /var/www/html/Application/Home/Common/function.php 第 90 行.
NOTIC: [8] Undefined variable: count /var/www/html/Application/Home/Common/function.php 第 83 行.
NOTIC: [8] Undefined variable: str /var/www/html/Application/Home/Common/function.php 第 90 行.
NOTIC: [8] Undefined variable: count /var/www/html/Application/Home/Common/function.php 第 83 行.
NOTIC: [8] Undefined variable: str /var/www/html/Application/Home/Common/function.php 第 90 行.
NOTIC: [8] Undefined variable: count /var/www/html/Application/Home/Common/function.php 第 83 行.
NOTIC: [8] Undefined variable: str /var/www/html/Application/Home/Common/function.php 第 90 行.
NOTIC: [8] Undefined variable: count /var/www/html/Application/Home/Common/function.php 第 83 行.
NOTIC: [8] Undefined variable: str /var/www/html/Application/Home/Common/function.php 第 90 行.
NOTIC: [8] Undefined variable: count /var/www/html/Application/Home/Common/function.php 第 83 行.
NOTIC: [8] Undefined variable: str /var/www/html/Application/Home/Common/function.php 第 90 行.
NOTIC: [8] Undefined variable: count /var/www/html/Application/Home/Common/function.php 第 83 行.
NOTIC: [8] Undefined variable: str /var/www/html/Application/Home/Common/function.php 第 90 行.
NOTIC: [8] Undefined variable: count /var/www/html/Application/Home/Common/function.php 第 83 行.
NOTIC: [8] Undefined variable: str /var/www/html/Application/Home/Common/function.php 第 90 行.
NOTIC: [8] Undefined variable: count /var/www/html/Application/Home/Common/function.php 第 83 行.
NOTIC: [8] Undefined variable: str /var/www/html/Application/Home/Common/function.php 第 90 行.
NOTIC: [8] Undefined variable: count /var/www/html/Application/Home/Common/function.php 第 83 行.
NOTIC: [8] Undefined variable: str /var/www/html/Application/Home/Common/function.php 第 90 行.
NOTIC: [8] Undefined variable: count /var/www/html/Application/Home/Common/function.php 第 83 行.
NOTIC: [8] Undefined variable: str /var/www/html/Application/Home/Common/function.php 第 90 行.
NOTIC: [8] Undefined variable: count /var/www/html/Application/Home/Common/function.php 第 83 行.
NOTIC: [8] Undefined variable: str /var/www/html/Application/Home/Common/function.php 第 90 行.
NOTIC: [8] Undefined variable: count /var/www/html/Application/Home/Common/function.php 第 83 行.
NOTIC: [8] Undefined variable: str /var/www/html/Application/Home/Common/function.php 第 90 行.
NOTIC: [8] Undefined variable: count /var/www/html/Application/Home/Common/function.php 第 83 行.
NOTIC: [8] Undefined variable: str /var/www/html/Application/Home/Common/function.php 第 90 行.
NOTIC: [8] Undefined variable: count /var/www/html/Application/Home/Common/function.php 第 83 行.
NOTIC: [8] Undefined variable: str /var/www/html/Application/Home/Common/function.php 第 90 行.
NOTIC: [8] Undefined variable: count /var/www/html/Application/Home/Common/function.php 第 83 行.
NOTIC: [8] Undefined variable: str /var/www/html/Application/Home/Common/function.php 第 90 行.
NOTIC: [8] Undefined variable: count /var/www/html/Application/Home/Common/function.php 第 83 行.
NOTIC: [8] Undefined variable: str /var/www/html/Application/Home/Common/function.php 第 92 行.
NOTIC: [8] Undefined variable: count /var/www/html/Application/Home/Common/function.php 第 83 行.
NOTIC: [8] Undefined variable: str /var/www/html/Application/Home/Common/function.php 第 90 行.
NOTIC: [8] Undefined variable: count /var/www/html/Application/Home/Common/function.php 第 83 行.
NOTIC: [8] Undefined variable: str /var/www/html/Application/Home/Common/function.php 第 90 行.
NOTIC: [8] Undefined variable: count /var/www/html/Application/Home/Common/function.php 第 83 行.
NOTIC: [8] Undefined variable: str /var/www/html/Application/Home/Common/function.php 第 90 行.
NOTIC: [8] Undefined variable: count /var/www/html/Application/Home/Common/function.php 第 83 行.
NOTIC: [8] Undefined variable: nloglists /var/www/html/Application/Home/Controller/IndexController.class.php 第 48 行.
SQL: SHOW COLUMNS FROM `onethink_auth_group` [ RunTime:0.000456s ]
SQL: SHOW COLUMNS FROM `onethink_auth_group_access` [ RunTime:0.000350s ]
SQL: SELECT `uid`,`group_id`,`title`,`description`,`rules` FROM onethink_auth_group_access a INNER JOIN onethink_auth_group g on a.group_id=g.id  WHERE ( a.uid='0' and g.status='1' )  [ RunTime:0.000237s ]
NOTIC: [8] Undefined offset: 0 /var/www/html/Application/Common/Common/function.php 第 976 行.
INFO: [ view_parse ] --START--
INFO: [ template_filter ] --START--
INFO: Run Behavior\ContentReplace [ RunTime:0.000171s ]
INFO: [ template_filter ] --END-- [ RunTime:0.000302s ]
SQL: SHOW COLUMNS FROM `onethink_channel` [ RunTime:0.000713s ]
SQL: SELECT `id`,`pid`,`title`,`url`,`sort`,`create_time`,`update_time`,`status`,`target` FROM `onethink_channel` WHERE ( status=1 ) ORDER BY sort  [ RunTime:0.000299s ]
SQL: SELECT `id`,`name`,`title`,`pid`,`sort`,`list_row`,`meta_title`,`keywords`,`description`,`template_index`,`template_lists`,`template_detail`,`template_edit`,`model`,`type`,`link_id`,`allow_publish`,`display`,`reply`,`check`,`reply_model`,`extend`,`create_time`,`update_time`,`status`,`icon` FROM `onethink_category` WHERE ( `id` = 1 ) LIMIT 1   [ RunTime:0.000238s ]
SQL: SELECT `id`,`name`,`pid`,`title`,`link_id` FROM `onethink_category` WHERE ( `status` = 1 ) ORDER BY sort  [ RunTime:0.000188s ]
INFO: [ view_parse ] --START--
INFO: [ template_filter ] --START--
INFO: Run Behavior\ContentReplace [ RunTime:0.000048s ]
INFO: [ template_filter ] --END-- [ RunTime:-0.009942s ]
INFO: Run Behavior\ParseTemplate [ RunTime:0.003679s ]
INFO: [ view_parse ] --END-- [ RunTime:0.003786s ]
INFO: [ view_filter ] --START--
INFO: Run Behavior\WriteHtmlCache [ RunTime:0.000078s ]
INFO: [ view_filter ] --END-- [ RunTime:0.000150s ]
INFO: Run Behavior\ParseTemplate [ RunTime:0.004950s ]
INFO: [ view_parse ] --END-- [ RunTime:0.003786s ]
INFO: [ view_filter ] --START--
INFO: Run Behavior\WriteHtmlCache [ RunTime:0.000016s ]
INFO: [ view_filter ] --END-- [ RunTime:-0.001125s ]
INFO: [ app_end ] --START--
INFO: Run Behavior\ShowPageTrace [ RunTime:0.000170s ]
INFO: [ app_end ] --END-- [ RunTime:0.000384s ]

