[ 2017-06-09T21:07:18+08:00 ] 185.40.4.169 
SQL: SHOW COLUMNS FROM `onethink_category` [ RunTime:0.000551s ]
SQL: SELECT `id`,`name`,`title`,`pid`,`sort`,`list_row`,`meta_title`,`keywords`,`description`,`template_index`,`template_lists`,`template_detail`,`template_edit`,`model`,`type`,`link_id`,`allow_publish`,`display`,`reply`,`check`,`reply_model`,`extend`,`create_time`,`update_time`,`status`,`icon` FROM `onethink_category` WHERE ( `status` = 1 ) ORDER BY sort  [ RunTime:0.000208s ]
SQL: SHOW COLUMNS FROM `onethink_document` [ RunTime:0.000496s ]
SQL: SELECT `id`,`uid`,`name`,`title`,`category_id`,`description`,`root`,`pid`,`model_id`,`type`,`position`,`link_id`,`cover_id`,`display`,`deadline`,`attach`,`view`,`comment`,`extend`,`level`,`create_time`,`update_time`,`status` FROM `onethink_document` WHERE ( `status` = 1 ) AND ( `pid` = 0 ) AND ( `create_time` < 1497013637 ) AND ( deadline = 0 OR deadline > 1497013637 ) ORDER BY `id` DESC  [ RunTime:0.000307s ]
SQL: SHOW COLUMNS FROM `onethink_action_log` [ RunTime:0.000414s ]
SQL: SELECT `id`,`action_id`,`user_id`,`action_ip`,`model`,`record_id`,`remark`,`status`,`create_time` FROM `onethink_action_log` WHERE ( `status` > -1 ) AND ( `action_id` = 12 ) AND ( `model` LIKE '新词%' ) ORDER BY `id` DESC LIMIT 20   [ RunTime:0.000325s ]
NOTIC: [8] Undefined variable: str /var/www/html/Application/Home/Common/function.php 第 90 行.
NOTIC: [8] Undefined variable: count /var/www/html/Application/Home/Common/function.php 第 83 行.
NOTIC: [8] Undefined variable: str /var/www/html/Application/Home/Common/function.php 第 90 行.
NOTIC: [8] Undefined variable: count /var/www/html/Application/Home/Common/function.php 第 83 行.
NOTIC: [8] Undefined variable: str /var/www/html/Application/Home/Common/function.php 第 90 行.
NOTIC: [8] Undefined variable: count /var/www/html/Application/Home/Common/function.php 第 83 行.
NOTIC: [8] Undefined variable: str /var/www/html/Application/Home/Common/function.php 第 90 行.
NOTIC: [8] Undefined variable: count /var/www/html/Application/Home/Common/function.php 第 83 行.
NOTIC: [8] Undefined variable: str /var/www/html/Application/Home/Common/function.php 第 90 行.
NOTIC: [8] Undefined variable: count /var/www/html/Application/Home/Common/function.php 第 83 行.
NOTIC: [8] Undefined variable: str /var/www/html/Application/Home/Common/function.php 第 90 行.
NOTIC: [8] Undefined variable: count /var/www/html/Application/Home/Common/function.php 第 83 行.
NOTIC: [8] Undefined variable: str /var/www/html/Application/Home/Common/function.php 第 90 行.
NOTIC: [8] Undefined variable: count /var/www/html/Application/Home/Common/function.php 第 83 行.
NOTIC: [8] Undefined variable: str /var/www/html/Application/Home/Common/function.php 第 90 行.
NOTIC: [8] Undefined variable: count /var/www/html/Application/Home/Common/function.php 第 83 行.
NOTIC: [8] Undefined variable: str /var/www/html/Application/Home/Common/function.php 第 90 行.
NOTIC: [8] Undefined variable: count /var/www/html/Application/Home/Common/function.php 第 83 行.
NOTIC: [8] Undefined variable: str /var/www/html/Application/Home/Common/function.php 第 90 行.
NOTIC: [8] Undefined variable: count /var/www/html/Application/Home/Common/function.php 第 83 行.
NOTIC: [8] Undefined variable: str /var/www/html/Application/Home/Common/function.php 第 90 行.
NOTIC: [8] Undefined variable: count /var/www/html/Application/Home/Common/function.php 第 83 行.
NOTIC: [8] Undefined variable: str /var/www/html/Application/Home/Common/function.php 第 90 行.
NOTIC: [8] Undefined variable: count /var/www/html/Application/Home/Common/function.php 第 83 行.
NOTIC: [8] Undefined variable: str /var/www/html/Application/Home/Common/function.php 第 90 行.
NOTIC: [8] Undefined variable: count /var/www/html/Application/Home/Common/function.php 第 83 行.
NOTIC: [8] Undefined variable: str /var/www/html/Application/Home/Common/function.php 第 90 行.
NOTIC: [8] Undefined variable: count /var/www/html/Application/Home/Common/function.php 第 83 行.
NOTIC: [8] Undefined variable: str /var/www/html/Application/Home/Common/function.php 第 90 行.
NOTIC: [8] Undefined variable: count /var/www/html/Application/Home/Common/function.php 第 83 行.
NOTIC: [8] Undefined variable: str /var/www/html/Application/Home/Common/function.php 第 90 行.
NOTIC: [8] Undefined variable: count /var/www/html/Application/Home/Common/function.php 第 83 行.
NOTIC: [8] Undefined variable: str /var/www/html/Application/Home/Common/function.php 第 90 行.
NOTIC: [8] Undefined variable: count /var/www/html/Application/Home/Common/function.php 第 83 行.
NOTIC: [8] Undefined variable: str /var/www/html/Application/Home/Common/function.php 第 90 行.
NOTIC: [8] Undefined variable: count /var/www/html/Application/Home/Common/function.php 第 83 行.
NOTIC: [8] Undefined variable: str /var/www/html/Application/Home/Common/function.php 第 90 行.
NOTIC: [8] Undefined variable: count /var/www/html/Application/Home/Common/function.php 第 83 行.
NOTIC: [8] Undefined variable: str /var/www/html/Application/Home/Common/function.php 第 90 行.
NOTIC: [8] Undefined variable: count /var/www/html/Application/Home/Common/function.php 第 83 行.
NOTIC: [8] Undefined variable: nloglists /var/www/html/Application/Home/Controller/IndexController.class.php 第 48 行.
SQL: SHOW COLUMNS FROM `onethink_auth_group` [ RunTime:0.000377s ]
SQL: SHOW COLUMNS FROM `onethink_auth_group_access` [ RunTime:0.000318s ]
SQL: SELECT `uid`,`group_id`,`title`,`description`,`rules` FROM onethink_auth_group_access a INNER JOIN onethink_auth_group g on a.group_id=g.id  WHERE ( a.uid='0' and g.status='1' )  [ RunTime:0.000212s ]
NOTIC: [8] Undefined offset: 0 /var/www/html/Application/Common/Common/function.php 第 1016 行.
INFO: [ view_parse ] --START--
INFO: [ template_filter ] --START--
INFO: Run Behavior\ContentReplace [ RunTime:0.000136s ]
INFO: [ template_filter ] --END-- [ RunTime:0.000225s ]
SQL: SHOW COLUMNS FROM `onethink_channel` [ RunTime:0.000360s ]
SQL: SELECT `id`,`pid`,`title`,`url`,`sort`,`create_time`,`update_time`,`status`,`target` FROM `onethink_channel` WHERE ( status=1 ) ORDER BY sort  [ RunTime:0.000200s ]
SQL: SELECT `id`,`name`,`title`,`pid`,`sort`,`list_row`,`meta_title`,`keywords`,`description`,`template_index`,`template_lists`,`template_detail`,`template_edit`,`model`,`type`,`link_id`,`allow_publish`,`display`,`reply`,`check`,`reply_model`,`extend`,`create_time`,`update_time`,`status`,`icon` FROM `onethink_category` WHERE ( `id` = 1 ) LIMIT 1   [ RunTime:0.000210s ]
SQL: SELECT `id`,`name`,`pid`,`title`,`link_id` FROM `onethink_category` WHERE ( `status` = 1 ) ORDER BY sort  [ RunTime:0.000228s ]
INFO: [ view_parse ] --START--
INFO: [ template_filter ] --START--
INFO: Run Behavior\ContentReplace [ RunTime:0.000056s ]
INFO: [ template_filter ] --END-- [ RunTime:-0.007713s ]
INFO: Run Behavior\ParseTemplate [ RunTime:0.003053s ]
INFO: [ view_parse ] --END-- [ RunTime:0.003197s ]
INFO: [ view_filter ] --START--
INFO: Run Behavior\WriteHtmlCache [ RunTime:0.000060s ]
INFO: [ view_filter ] --END-- [ RunTime:0.000148s ]
INFO: Run Behavior\ParseTemplate [ RunTime:0.004162s ]
INFO: [ view_parse ] --END-- [ RunTime:0.003197s ]
INFO: [ view_filter ] --START--
INFO: Run Behavior\WriteHtmlCache [ RunTime:0.000023s ]
INFO: [ view_filter ] --END-- [ RunTime:-0.000898s ]

[ 2017-06-09T21:35:16+08:00 ] 144.76.22.76 /
SQL: SHOW COLUMNS FROM `onethink_category` [ RunTime:0.000522s ]
SQL: SELECT `id`,`name`,`title`,`pid`,`sort`,`list_row`,`meta_title`,`keywords`,`description`,`template_index`,`template_lists`,`template_detail`,`template_edit`,`model`,`type`,`link_id`,`allow_publish`,`display`,`reply`,`check`,`reply_model`,`extend`,`create_time`,`update_time`,`status`,`icon` FROM `onethink_category` WHERE ( `status` = 1 ) ORDER BY sort  [ RunTime:0.000204s ]
SQL: SHOW COLUMNS FROM `onethink_document` [ RunTime:0.000468s ]
SQL: SELECT `id`,`uid`,`name`,`title`,`category_id`,`description`,`root`,`pid`,`model_id`,`type`,`position`,`link_id`,`cover_id`,`display`,`deadline`,`attach`,`view`,`comment`,`extend`,`level`,`create_time`,`update_time`,`status` FROM `onethink_document` WHERE ( `status` = 1 ) AND ( `pid` = 0 ) AND ( `create_time` < 1497015316 ) AND ( deadline = 0 OR deadline > 1497015316 ) ORDER BY `id` DESC  [ RunTime:0.000288s ]
SQL: SHOW COLUMNS FROM `onethink_action_log` [ RunTime:0.000359s ]
SQL: SELECT `id`,`action_id`,`user_id`,`action_ip`,`model`,`record_id`,`remark`,`status`,`create_time` FROM `onethink_action_log` WHERE ( `status` > -1 ) AND ( `action_id` = 12 ) AND ( `model` LIKE '新词%' ) ORDER BY `id` DESC LIMIT 20   [ RunTime:0.000295s ]
NOTIC: [8] Undefined variable: str /var/www/html/Application/Home/Common/function.php 第 90 行.
NOTIC: [8] Undefined variable: count /var/www/html/Application/Home/Common/function.php 第 83 行.
NOTIC: [8] Undefined variable: str /var/www/html/Application/Home/Common/function.php 第 90 行.
NOTIC: [8] Undefined variable: count /var/www/html/Application/Home/Common/function.php 第 83 行.
NOTIC: [8] Undefined variable: str /var/www/html/Application/Home/Common/function.php 第 90 行.
NOTIC: [8] Undefined variable: count /var/www/html/Application/Home/Common/function.php 第 83 行.
NOTIC: [8] Undefined variable: str /var/www/html/Application/Home/Common/function.php 第 90 行.
NOTIC: [8] Undefined variable: count /var/www/html/Application/Home/Common/function.php 第 83 行.
NOTIC: [8] Undefined variable: str /var/www/html/Application/Home/Common/function.php 第 90 行.
NOTIC: [8] Undefined variable: count /var/www/html/Application/Home/Common/function.php 第 83 行.
NOTIC: [8] Undefined variable: str /var/www/html/Application/Home/Common/function.php 第 90 行.
NOTIC: [8] Undefined variable: count /var/www/html/Application/Home/Common/function.php 第 83 行.
NOTIC: [8] Undefined variable: str /var/www/html/Application/Home/Common/function.php 第 90 行.
NOTIC: [8] Undefined variable: count /var/www/html/Application/Home/Common/function.php 第 83 行.
NOTIC: [8] Undefined variable: str /var/www/html/Application/Home/Common/function.php 第 90 行.
NOTIC: [8] Undefined variable: count /var/www/html/Application/Home/Common/function.php 第 83 行.
NOTIC: [8] Undefined variable: str /var/www/html/Application/Home/Common/function.php 第 90 行.
NOTIC: [8] Undefined variable: count /var/www/html/Application/Home/Common/function.php 第 83 行.
NOTIC: [8] Undefined variable: str /var/www/html/Application/Home/Common/function.php 第 90 行.
NOTIC: [8] Undefined variable: count /var/www/html/Application/Home/Common/function.php 第 83 行.
NOTIC: [8] Undefined variable: str /var/www/html/Application/Home/Common/function.php 第 90 行.
NOTIC: [8] Undefined variable: count /var/www/html/Application/Home/Common/function.php 第 83 行.
NOTIC: [8] Undefined variable: str /var/www/html/Application/Home/Common/function.php 第 90 行.
NOTIC: [8] Undefined variable: count /var/www/html/Application/Home/Common/function.php 第 83 行.
NOTIC: [8] Undefined variable: str /var/www/html/Application/Home/Common/function.php 第 90 行.
NOTIC: [8] Undefined variable: count /var/www/html/Application/Home/Common/function.php 第 83 行.
NOTIC: [8] Undefined variable: str /var/www/html/Application/Home/Common/function.php 第 90 行.
NOTIC: [8] Undefined variable: count /var/www/html/Application/Home/Common/function.php 第 83 行.
NOTIC: [8] Undefined variable: str /var/www/html/Application/Home/Common/function.php 第 90 行.
NOTIC: [8] Undefined variable: count /var/www/html/Application/Home/Common/function.php 第 83 行.
NOTIC: [8] Undefined variable: str /var/www/html/Application/Home/Common/function.php 第 90 行.
NOTIC: [8] Undefined variable: count /var/www/html/Application/Home/Common/function.php 第 83 行.
NOTIC: [8] Undefined variable: str /var/www/html/Application/Home/Common/function.php 第 90 行.
NOTIC: [8] Undefined variable: count /var/www/html/Application/Home/Common/function.php 第 83 行.
NOTIC: [8] Undefined variable: str /var/www/html/Application/Home/Common/function.php 第 90 行.
NOTIC: [8] Undefined variable: count /var/www/html/Application/Home/Common/function.php 第 83 行.
NOTIC: [8] Undefined variable: str /var/www/html/Application/Home/Common/function.php 第 90 行.
NOTIC: [8] Undefined variable: count /var/www/html/Application/Home/Common/function.php 第 83 行.
NOTIC: [8] Undefined variable: str /var/www/html/Application/Home/Common/function.php 第 90 行.
NOTIC: [8] Undefined variable: count /var/www/html/Application/Home/Common/function.php 第 83 行.
NOTIC: [8] Undefined variable: nloglists /var/www/html/Application/Home/Controller/IndexController.class.php 第 48 行.
SQL: SHOW COLUMNS FROM `onethink_auth_group` [ RunTime:0.000359s ]
SQL: SHOW COLUMNS FROM `onethink_auth_group_access` [ RunTime:0.000283s ]
SQL: SELECT `uid`,`group_id`,`title`,`description`,`rules` FROM onethink_auth_group_access a INNER JOIN onethink_auth_group g on a.group_id=g.id  WHERE ( a.uid='0' and g.status='1' )  [ RunTime:0.000182s ]
NOTIC: [8] Undefined offset: 0 /var/www/html/Application/Common/Common/function.php 第 1016 行.
INFO: [ view_parse ] --START--
INFO: [ template_filter ] --START--
INFO: Run Behavior\ContentReplace [ RunTime:0.000135s ]
INFO: [ template_filter ] --END-- [ RunTime:0.000227s ]
SQL: SHOW COLUMNS FROM `onethink_channel` [ RunTime:0.000359s ]
SQL: SELECT `id`,`pid`,`title`,`url`,`sort`,`create_time`,`update_time`,`status`,`target` FROM `onethink_channel` WHERE ( status=1 ) ORDER BY sort  [ RunTime:0.000186s ]
SQL: SELECT `id`,`name`,`title`,`pid`,`sort`,`list_row`,`meta_title`,`keywords`,`description`,`template_index`,`template_lists`,`template_detail`,`template_edit`,`model`,`type`,`link_id`,`allow_publish`,`display`,`reply`,`check`,`reply_model`,`extend`,`create_time`,`update_time`,`status`,`icon` FROM `onethink_category` WHERE ( `id` = 1 ) LIMIT 1   [ RunTime:0.000218s ]
SQL: SELECT `id`,`name`,`pid`,`title`,`link_id` FROM `onethink_category` WHERE ( `status` = 1 ) ORDER BY sort  [ RunTime:0.000150s ]
INFO: [ view_parse ] --START--
INFO: [ template_filter ] --START--
INFO: Run Behavior\ContentReplace [ RunTime:0.000042s ]
INFO: [ template_filter ] --END-- [ RunTime:-0.007122s ]
INFO: Run Behavior\ParseTemplate [ RunTime:0.002790s ]
INFO: [ view_parse ] --END-- [ RunTime:0.002871s ]
INFO: [ view_filter ] --START--
INFO: Run Behavior\WriteHtmlCache [ RunTime:0.000060s ]
INFO: [ view_filter ] --END-- [ RunTime:0.000128s ]
INFO: Run Behavior\ParseTemplate [ RunTime:0.003795s ]
INFO: [ view_parse ] --END-- [ RunTime:0.002871s ]
INFO: [ view_filter ] --START--
INFO: Run Behavior\WriteHtmlCache [ RunTime:0.000015s ]
INFO: [ view_filter ] --END-- [ RunTime:-0.000872s ]
INFO: [ app_end ] --START--
INFO: Run Behavior\ShowPageTrace [ RunTime:0.000104s ]
INFO: [ app_end ] --END-- [ RunTime:0.000287s ]

[ 2017-06-09T21:58:49+08:00 ] 91.230.47.3 /
SQL: SHOW COLUMNS FROM `onethink_category` [ RunTime:0.000588s ]
SQL: SELECT `id`,`name`,`title`,`pid`,`sort`,`list_row`,`meta_title`,`keywords`,`description`,`template_index`,`template_lists`,`template_detail`,`template_edit`,`model`,`type`,`link_id`,`allow_publish`,`display`,`reply`,`check`,`reply_model`,`extend`,`create_time`,`update_time`,`status`,`icon` FROM `onethink_category` WHERE ( `status` = 1 ) ORDER BY sort  [ RunTime:0.000210s ]
SQL: SHOW COLUMNS FROM `onethink_document` [ RunTime:0.000485s ]
SQL: SELECT `id`,`uid`,`name`,`title`,`category_id`,`description`,`root`,`pid`,`model_id`,`type`,`position`,`link_id`,`cover_id`,`display`,`deadline`,`attach`,`view`,`comment`,`extend`,`level`,`create_time`,`update_time`,`status` FROM `onethink_document` WHERE ( `status` = 1 ) AND ( `pid` = 0 ) AND ( `create_time` < 1497016729 ) AND ( deadline = 0 OR deadline > 1497016729 ) ORDER BY `id` DESC  [ RunTime:0.000278s ]
SQL: SHOW COLUMNS FROM `onethink_action_log` [ RunTime:0.000463s ]
SQL: SELECT `id`,`action_id`,`user_id`,`action_ip`,`model`,`record_id`,`remark`,`status`,`create_time` FROM `onethink_action_log` WHERE ( `status` > -1 ) AND ( `action_id` = 12 ) AND ( `model` LIKE '新词%' ) ORDER BY `id` DESC LIMIT 20   [ RunTime:0.000383s ]
NOTIC: [8] Undefined variable: str /var/www/html/Application/Home/Common/function.php 第 90 行.
NOTIC: [8] Undefined variable: count /var/www/html/Application/Home/Common/function.php 第 83 行.
NOTIC: [8] Undefined variable: str /var/www/html/Application/Home/Common/function.php 第 90 行.
NOTIC: [8] Undefined variable: count /var/www/html/Application/Home/Common/function.php 第 83 行.
NOTIC: [8] Undefined variable: str /var/www/html/Application/Home/Common/function.php 第 90 行.
NOTIC: [8] Undefined variable: count /var/www/html/Application/Home/Common/function.php 第 83 行.
NOTIC: [8] Undefined variable: str /var/www/html/Application/Home/Common/function.php 第 90 行.
NOTIC: [8] Undefined variable: count /var/www/html/Application/Home/Common/function.php 第 83 行.
NOTIC: [8] Undefined variable: str /var/www/html/Application/Home/Common/function.php 第 90 行.
NOTIC: [8] Undefined variable: count /var/www/html/Application/Home/Common/function.php 第 83 行.
NOTIC: [8] Undefined variable: str /var/www/html/Application/Home/Common/function.php 第 90 行.
NOTIC: [8] Undefined variable: count /var/www/html/Application/Home/Common/function.php 第 83 行.
NOTIC: [8] Undefined variable: str /var/www/html/Application/Home/Common/function.php 第 90 行.
NOTIC: [8] Undefined variable: count /var/www/html/Application/Home/Common/function.php 第 83 行.
NOTIC: [8] Undefined variable: str /var/www/html/Application/Home/Common/function.php 第 90 行.
NOTIC: [8] Undefined variable: count /var/www/html/Application/Home/Common/function.php 第 83 行.
NOTIC: [8] Undefined variable: str /var/www/html/Application/Home/Common/function.php 第 90 行.
NOTIC: [8] Undefined variable: count /var/www/html/Application/Home/Common/function.php 第 83 行.
NOTIC: [8] Undefined variable: str /var/www/html/Application/Home/Common/function.php 第 90 行.
NOTIC: [8] Undefined variable: count /var/www/html/Application/Home/Common/function.php 第 83 行.
NOTIC: [8] Undefined variable: str /var/www/html/Application/Home/Common/function.php 第 90 行.
NOTIC: [8] Undefined variable: count /var/www/html/Application/Home/Common/function.php 第 83 行.
NOTIC: [8] Undefined variable: str /var/www/html/Application/Home/Common/function.php 第 90 行.
NOTIC: [8] Undefined variable: count /var/www/html/Application/Home/Common/function.php 第 83 行.
NOTIC: [8] Undefined variable: str /var/www/html/Application/Home/Common/function.php 第 90 行.
NOTIC: [8] Undefined variable: count /var/www/html/Application/Home/Common/function.php 第 83 行.
NOTIC: [8] Undefined variable: str /var/www/html/Application/Home/Common/function.php 第 90 行.
NOTIC: [8] Undefined variable: count /var/www/html/Application/Home/Common/function.php 第 83 行.
NOTIC: [8] Undefined variable: str /var/www/html/Application/Home/Common/function.php 第 90 行.
NOTIC: [8] Undefined variable: count /var/www/html/Application/Home/Common/function.php 第 83 行.
NOTIC: [8] Undefined variable: str /var/www/html/Application/Home/Common/function.php 第 90 行.
NOTIC: [8] Undefined variable: count /var/www/html/Application/Home/Common/function.php 第 83 行.
NOTIC: [8] Undefined variable: str /var/www/html/Application/Home/Common/function.php 第 90 行.
NOTIC: [8] Undefined variable: count /var/www/html/Application/Home/Common/function.php 第 83 行.
NOTIC: [8] Undefined variable: str /var/www/html/Application/Home/Common/function.php 第 90 行.
NOTIC: [8] Undefined variable: count /var/www/html/Application/Home/Common/function.php 第 83 行.
NOTIC: [8] Undefined variable: str /var/www/html/Application/Home/Common/function.php 第 90 行.
NOTIC: [8] Undefined variable: count /var/www/html/Application/Home/Common/function.php 第 83 行.
NOTIC: [8] Undefined variable: str /var/www/html/Application/Home/Common/function.php 第 90 行.
NOTIC: [8] Undefined variable: count /var/www/html/Application/Home/Common/function.php 第 83 行.
NOTIC: [8] Undefined variable: nloglists /var/www/html/Application/Home/Controller/IndexController.class.php 第 48 行.
SQL: SHOW COLUMNS FROM `onethink_auth_group` [ RunTime:0.000343s ]
SQL: SHOW COLUMNS FROM `onethink_auth_group_access` [ RunTime:0.000373s ]
SQL: SELECT `uid`,`group_id`,`title`,`description`,`rules` FROM onethink_auth_group_access a INNER JOIN onethink_auth_group g on a.group_id=g.id  WHERE ( a.uid='0' and g.status='1' )  [ RunTime:0.000188s ]
NOTIC: [8] Undefined offset: 0 /var/www/html/Application/Common/Common/function.php 第 1016 行.
INFO: [ view_parse ] --START--
INFO: [ template_filter ] --START--
INFO: Run Behavior\ContentReplace [ RunTime:0.000162s ]
INFO: [ template_filter ] --END-- [ RunTime:0.000285s ]
SQL: SHOW COLUMNS FROM `onethink_channel` [ RunTime:0.000430s ]
SQL: SELECT `id`,`pid`,`title`,`url`,`sort`,`create_time`,`update_time`,`status`,`target` FROM `onethink_channel` WHERE ( status=1 ) ORDER BY sort  [ RunTime:0.000172s ]
SQL: SELECT `id`,`name`,`title`,`pid`,`sort`,`list_row`,`meta_title`,`keywords`,`description`,`template_index`,`template_lists`,`template_detail`,`template_edit`,`model`,`type`,`link_id`,`allow_publish`,`display`,`reply`,`check`,`reply_model`,`extend`,`create_time`,`update_time`,`status`,`icon` FROM `onethink_category` WHERE ( `id` = 1 ) LIMIT 1   [ RunTime:0.000184s ]
SQL: SELECT `id`,`name`,`pid`,`title`,`link_id` FROM `onethink_category` WHERE ( `status` = 1 ) ORDER BY sort  [ RunTime:0.000165s ]
INFO: [ view_parse ] --START--
INFO: [ template_filter ] --START--
INFO: Run Behavior\ContentReplace [ RunTime:0.000049s ]
INFO: [ template_filter ] --END-- [ RunTime:-0.007498s ]
INFO: Run Behavior\ParseTemplate [ RunTime:0.003106s ]
INFO: [ view_parse ] --END-- [ RunTime:0.003187s ]
INFO: [ view_filter ] --START--
INFO: Run Behavior\WriteHtmlCache [ RunTime:0.000059s ]
INFO: [ view_filter ] --END-- [ RunTime:0.000147s ]
INFO: Run Behavior\ParseTemplate [ RunTime:0.004153s ]
INFO: [ view_parse ] --END-- [ RunTime:0.003187s ]
INFO: [ view_filter ] --START--
INFO: Run Behavior\WriteHtmlCache [ RunTime:0.000016s ]
INFO: [ view_filter ] --END-- [ RunTime:-0.000919s ]
INFO: [ app_end ] --START--
INFO: Run Behavior\ShowPageTrace [ RunTime:0.000100s ]
INFO: [ app_end ] --END-- [ RunTime:0.000256s ]

[ 2017-06-09T22:01:00+08:00 ] 66.249.66.9 /
SQL: SHOW COLUMNS FROM `onethink_category` [ RunTime:0.000553s ]
SQL: SELECT `id`,`name`,`title`,`pid`,`sort`,`list_row`,`meta_title`,`keywords`,`description`,`template_index`,`template_lists`,`template_detail`,`template_edit`,`model`,`type`,`link_id`,`allow_publish`,`display`,`reply`,`check`,`reply_model`,`extend`,`create_time`,`update_time`,`status`,`icon` FROM `onethink_category` WHERE ( `status` = 1 ) ORDER BY sort  [ RunTime:0.000206s ]
SQL: SHOW COLUMNS FROM `onethink_document` [ RunTime:0.000578s ]
SQL: SELECT `id`,`uid`,`name`,`title`,`category_id`,`description`,`root`,`pid`,`model_id`,`type`,`position`,`link_id`,`cover_id`,`display`,`deadline`,`attach`,`view`,`comment`,`extend`,`level`,`create_time`,`update_time`,`status` FROM `onethink_document` WHERE ( `status` = 1 ) AND ( `pid` = 0 ) AND ( `create_time` < 1497016859 ) AND ( deadline = 0 OR deadline > 1497016859 ) ORDER BY `id` DESC  [ RunTime:0.000277s ]
SQL: SHOW COLUMNS FROM `onethink_action_log` [ RunTime:0.000428s ]
SQL: SELECT `id`,`action_id`,`user_id`,`action_ip`,`model`,`record_id`,`remark`,`status`,`create_time` FROM `onethink_action_log` WHERE ( `status` > -1 ) AND ( `action_id` = 12 ) AND ( `model` LIKE '新词%' ) ORDER BY `id` DESC LIMIT 20   [ RunTime:0.000393s ]
NOTIC: [8] Undefined variable: str /var/www/html/Application/Home/Common/function.php 第 90 行.
NOTIC: [8] Undefined variable: count /var/www/html/Application/Home/Common/function.php 第 83 行.
NOTIC: [8] Undefined variable: str /var/www/html/Application/Home/Common/function.php 第 90 行.
NOTIC: [8] Undefined variable: count /var/www/html/Application/Home/Common/function.php 第 83 行.
NOTIC: [8] Undefined variable: str /var/www/html/Application/Home/Common/function.php 第 90 行.
NOTIC: [8] Undefined variable: count /var/www/html/Application/Home/Common/function.php 第 83 行.
NOTIC: [8] Undefined variable: str /var/www/html/Application/Home/Common/function.php 第 90 行.
NOTIC: [8] Undefined variable: count /var/www/html/Application/Home/Common/function.php 第 83 行.
NOTIC: [8] Undefined variable: str /var/www/html/Application/Home/Common/function.php 第 90 行.
NOTIC: [8] Undefined variable: count /var/www/html/Application/Home/Common/function.php 第 83 行.
NOTIC: [8] Undefined variable: str /var/www/html/Application/Home/Common/function.php 第 90 行.
NOTIC: [8] Undefined variable: count /var/www/html/Application/Home/Common/function.php 第 83 行.
NOTIC: [8] Undefined variable: str /var/www/html/Application/Home/Common/function.php 第 90 行.
NOTIC: [8] Undefined variable: count /var/www/html/Application/Home/Common/function.php 第 83 行.
NOTIC: [8] Undefined variable: str /var/www/html/Application/Home/Common/function.php 第 90 行.
NOTIC: [8] Undefined variable: count /var/www/html/Application/Home/Common/function.php 第 83 行.
NOTIC: [8] Undefined variable: str /var/www/html/Application/Home/Common/function.php 第 90 行.
NOTIC: [8] Undefined variable: count /var/www/html/Application/Home/Common/function.php 第 83 行.
NOTIC: [8] Undefined variable: str /var/www/html/Application/Home/Common/function.php 第 90 行.
NOTIC: [8] Undefined variable: count /var/www/html/Application/Home/Common/function.php 第 83 行.
NOTIC: [8] Undefined variable: str /var/www/html/Application/Home/Common/function.php 第 90 行.
NOTIC: [8] Undefined variable: count /var/www/html/Application/Home/Common/function.php 第 83 行.
NOTIC: [8] Undefined variable: str /var/www/html/Application/Home/Common/function.php 第 90 行.
NOTIC: [8] Undefined variable: count /var/www/html/Application/Home/Common/function.php 第 83 行.
NOTIC: [8] Undefined variable: str /var/www/html/Application/Home/Common/function.php 第 90 行.
NOTIC: [8] Undefined variable: count /var/www/html/Application/Home/Common/function.php 第 83 行.
NOTIC: [8] Undefined variable: str /var/www/html/Application/Home/Common/function.php 第 90 行.
NOTIC: [8] Undefined variable: count /var/www/html/Application/Home/Common/function.php 第 83 行.
NOTIC: [8] Undefined variable: str /var/www/html/Application/Home/Common/function.php 第 90 行.
NOTIC: [8] Undefined variable: count /var/www/html/Application/Home/Common/function.php 第 83 行.
NOTIC: [8] Undefined variable: str /var/www/html/Application/Home/Common/function.php 第 90 行.
NOTIC: [8] Undefined variable: count /var/www/html/Application/Home/Common/function.php 第 83 行.
NOTIC: [8] Undefined variable: str /var/www/html/Application/Home/Common/function.php 第 90 行.
NOTIC: [8] Undefined variable: count /var/www/html/Application/Home/Common/function.php 第 83 行.
NOTIC: [8] Undefined variable: str /var/www/html/Application/Home/Common/function.php 第 90 行.
NOTIC: [8] Undefined variable: count /var/www/html/Application/Home/Common/function.php 第 83 行.
NOTIC: [8] Undefined variable: str /var/www/html/Application/Home/Common/function.php 第 90 行.
NOTIC: [8] Undefined variable: count /var/www/html/Application/Home/Common/function.php 第 83 行.
NOTIC: [8] Undefined variable: str /var/www/html/Application/Home/Common/function.php 第 90 行.
NOTIC: [8] Undefined variable: count /var/www/html/Application/Home/Common/function.php 第 83 行.
NOTIC: [8] Undefined variable: nloglists /var/www/html/Application/Home/Controller/IndexController.class.php 第 48 行.
SQL: SHOW COLUMNS FROM `onethink_auth_group` [ RunTime:0.000337s ]
SQL: SHOW COLUMNS FROM `onethink_auth_group_access` [ RunTime:0.000286s ]
SQL: SELECT `uid`,`group_id`,`title`,`description`,`rules` FROM onethink_auth_group_access a INNER JOIN onethink_auth_group g on a.group_id=g.id  WHERE ( a.uid='0' and g.status='1' )  [ RunTime:0.000183s ]
NOTIC: [8] Undefined offset: 0 /var/www/html/Application/Common/Common/function.php 第 1016 行.
INFO: [ view_parse ] --START--
INFO: [ template_filter ] --START--
INFO: Run Behavior\ContentReplace [ RunTime:0.000137s ]
INFO: [ template_filter ] --END-- [ RunTime:0.000237s ]
SQL: SHOW COLUMNS FROM `onethink_channel` [ RunTime:0.000407s ]
SQL: SELECT `id`,`pid`,`title`,`url`,`sort`,`create_time`,`update_time`,`status`,`target` FROM `onethink_channel` WHERE ( status=1 ) ORDER BY sort  [ RunTime:0.000176s ]
SQL: SELECT `id`,`name`,`title`,`pid`,`sort`,`list_row`,`meta_title`,`keywords`,`description`,`template_index`,`template_lists`,`template_detail`,`template_edit`,`model`,`type`,`link_id`,`allow_publish`,`display`,`reply`,`check`,`reply_model`,`extend`,`create_time`,`update_time`,`status`,`icon` FROM `onethink_category` WHERE ( `id` = 1 ) LIMIT 1   [ RunTime:0.000219s ]
SQL: SELECT `id`,`name`,`pid`,`title`,`link_id` FROM `onethink_category` WHERE ( `status` = 1 ) ORDER BY sort  [ RunTime:0.000165s ]
INFO: [ view_parse ] --START--
INFO: [ template_filter ] --START--
INFO: Run Behavior\ContentReplace [ RunTime:0.000058s ]
INFO: [ template_filter ] --END-- [ RunTime:-0.007542s ]
INFO: Run Behavior\ParseTemplate [ RunTime:0.002961s ]
INFO: [ view_parse ] --END-- [ RunTime:0.003045s ]
INFO: [ view_filter ] --START--
INFO: Run Behavior\WriteHtmlCache [ RunTime:0.000053s ]
INFO: [ view_filter ] --END-- [ RunTime:0.000136s ]
INFO: Run Behavior\ParseTemplate [ RunTime:0.004073s ]
INFO: [ view_parse ] --END-- [ RunTime:0.003045s ]
INFO: [ view_filter ] --START--
INFO: Run Behavior\WriteHtmlCache [ RunTime:0.000016s ]
INFO: [ view_filter ] --END-- [ RunTime:-0.000970s ]
INFO: [ app_end ] --START--
INFO: Run Behavior\ShowPageTrace [ RunTime:0.000102s ]
INFO: [ app_end ] --END-- [ RunTime:0.000246s ]

[ 2017-06-09T22:06:10+08:00 ] 113.87.53.218 /
SQL: SHOW COLUMNS FROM `onethink_category` [ RunTime:0.000570s ]
SQL: SELECT `id`,`name`,`title`,`pid`,`sort`,`list_row`,`meta_title`,`keywords`,`description`,`template_index`,`template_lists`,`template_detail`,`template_edit`,`model`,`type`,`link_id`,`allow_publish`,`display`,`reply`,`check`,`reply_model`,`extend`,`create_time`,`update_time`,`status`,`icon` FROM `onethink_category` WHERE ( `status` = 1 ) ORDER BY sort  [ RunTime:0.000202s ]
SQL: SHOW COLUMNS FROM `onethink_document` [ RunTime:0.000495s ]
SQL: SELECT `id`,`uid`,`name`,`title`,`category_id`,`description`,`root`,`pid`,`model_id`,`type`,`position`,`link_id`,`cover_id`,`display`,`deadline`,`attach`,`view`,`comment`,`extend`,`level`,`create_time`,`update_time`,`status` FROM `onethink_document` WHERE ( `status` = 1 ) AND ( `pid` = 0 ) AND ( `create_time` < 1497017170 ) AND ( deadline = 0 OR deadline > 1497017170 ) ORDER BY `id` DESC  [ RunTime:0.000313s ]
SQL: SHOW COLUMNS FROM `onethink_action_log` [ RunTime:0.000414s ]
SQL: SELECT `id`,`action_id`,`user_id`,`action_ip`,`model`,`record_id`,`remark`,`status`,`create_time` FROM `onethink_action_log` WHERE ( `status` > -1 ) AND ( `action_id` = 12 ) AND ( `model` LIKE '新词%' ) ORDER BY `id` DESC LIMIT 20   [ RunTime:0.000303s ]
NOTIC: [8] Undefined variable: str /var/www/html/Application/Home/Common/function.php 第 90 行.
NOTIC: [8] Undefined variable: count /var/www/html/Application/Home/Common/function.php 第 83 行.
NOTIC: [8] Undefined variable: str /var/www/html/Application/Home/Common/function.php 第 90 行.
NOTIC: [8] Undefined variable: count /var/www/html/Application/Home/Common/function.php 第 83 行.
NOTIC: [8] Undefined variable: str /var/www/html/Application/Home/Common/function.php 第 90 行.
NOTIC: [8] Undefined variable: count /var/www/html/Application/Home/Common/function.php 第 83 行.
NOTIC: [8] Undefined variable: str /var/www/html/Application/Home/Common/function.php 第 90 行.
NOTIC: [8] Undefined variable: count /var/www/html/Application/Home/Common/function.php 第 83 行.
NOTIC: [8] Undefined variable: str /var/www/html/Application/Home/Common/function.php 第 90 行.
NOTIC: [8] Undefined variable: count /var/www/html/Application/Home/Common/function.php 第 83 行.
NOTIC: [8] Undefined variable: str /var/www/html/Application/Home/Common/function.php 第 90 行.
NOTIC: [8] Undefined variable: count /var/www/html/Application/Home/Common/function.php 第 83 行.
NOTIC: [8] Undefined variable: str /var/www/html/Application/Home/Common/function.php 第 90 行.
NOTIC: [8] Undefined variable: count /var/www/html/Application/Home/Common/function.php 第 83 行.
NOTIC: [8] Undefined variable: str /var/www/html/Application/Home/Common/function.php 第 90 行.
NOTIC: [8] Undefined variable: count /var/www/html/Application/Home/Common/function.php 第 83 行.
NOTIC: [8] Undefined variable: str /var/www/html/Application/Home/Common/function.php 第 90 行.
NOTIC: [8] Undefined variable: count /var/www/html/Application/Home/Common/function.php 第 83 行.
NOTIC: [8] Undefined variable: str /var/www/html/Application/Home/Common/function.php 第 90 行.
NOTIC: [8] Undefined variable: count /var/www/html/Application/Home/Common/function.php 第 83 行.
NOTIC: [8] Undefined variable: str /var/www/html/Application/Home/Common/function.php 第 90 行.
NOTIC: [8] Undefined variable: count /var/www/html/Application/Home/Common/function.php 第 83 行.
NOTIC: [8] Undefined variable: str /var/www/html/Application/Home/Common/function.php 第 90 行.
NOTIC: [8] Undefined variable: count /var/www/html/Application/Home/Common/function.php 第 83 行.
NOTIC: [8] Undefined variable: str /var/www/html/Application/Home/Common/function.php 第 90 行.
NOTIC: [8] Undefined variable: count /var/www/html/Application/Home/Common/function.php 第 83 行.
NOTIC: [8] Undefined variable: str /var/www/html/Application/Home/Common/function.php 第 90 行.
NOTIC: [8] Undefined variable: count /var/www/html/Application/Home/Common/function.php 第 83 行.
NOTIC: [8] Undefined variable: str /var/www/html/Application/Home/Common/function.php 第 90 行.
NOTIC: [8] Undefined variable: count /var/www/html/Application/Home/Common/function.php 第 83 行.
NOTIC: [8] Undefined variable: str /var/www/html/Application/Home/Common/function.php 第 90 行.
NOTIC: [8] Undefined variable: count /var/www/html/Application/Home/Common/function.php 第 83 行.
NOTIC: [8] Undefined variable: str /var/www/html/Application/Home/Common/function.php 第 90 行.
NOTIC: [8] Undefined variable: count /var/www/html/Application/Home/Common/function.php 第 83 行.
NOTIC: [8] Undefined variable: str /var/www/html/Application/Home/Common/function.php 第 90 行.
NOTIC: [8] Undefined variable: count /var/www/html/Application/Home/Common/function.php 第 83 行.
NOTIC: [8] Undefined variable: str /var/www/html/Application/Home/Common/function.php 第 90 行.
NOTIC: [8] Undefined variable: count /var/www/html/Application/Home/Common/function.php 第 83 行.
NOTIC: [8] Undefined variable: str /var/www/html/Application/Home/Common/function.php 第 90 行.
NOTIC: [8] Undefined variable: count /var/www/html/Application/Home/Common/function.php 第 83 行.
NOTIC: [8] Undefined variable: nloglists /var/www/html/Application/Home/Controller/IndexController.class.php 第 48 行.
SQL: SHOW COLUMNS FROM `onethink_auth_group` [ RunTime:0.000353s ]
SQL: SHOW COLUMNS FROM `onethink_auth_group_access` [ RunTime:0.000318s ]
SQL: SELECT `uid`,`group_id`,`title`,`description`,`rules` FROM onethink_auth_group_access a INNER JOIN onethink_auth_group g on a.group_id=g.id  WHERE ( a.uid='0' and g.status='1' )  [ RunTime:0.000199s ]
NOTIC: [8] Undefined offset: 0 /var/www/html/Application/Common/Common/function.php 第 1016 行.
INFO: [ view_parse ] --START--
INFO: [ template_filter ] --START--
INFO: Run Behavior\ContentReplace [ RunTime:0.000134s ]
INFO: [ template_filter ] --END-- [ RunTime:0.000222s ]
SQL: SHOW COLUMNS FROM `onethink_channel` [ RunTime:0.000371s ]
SQL: SELECT `id`,`pid`,`title`,`url`,`sort`,`create_time`,`update_time`,`status`,`target` FROM `onethink_channel` WHERE ( status=1 ) ORDER BY sort  [ RunTime:0.000185s ]
SQL: SELECT `id`,`name`,`title`,`pid`,`sort`,`list_row`,`meta_title`,`keywords`,`description`,`template_index`,`template_lists`,`template_detail`,`template_edit`,`model`,`type`,`link_id`,`allow_publish`,`display`,`reply`,`check`,`reply_model`,`extend`,`create_time`,`update_time`,`status`,`icon` FROM `onethink_category` WHERE ( `id` = 1 ) LIMIT 1   [ RunTime:0.000181s ]
SQL: SELECT `id`,`name`,`pid`,`title`,`link_id` FROM `onethink_category` WHERE ( `status` = 1 ) ORDER BY sort  [ RunTime:0.000161s ]
INFO: [ view_parse ] --START--
INFO: [ template_filter ] --START--
INFO: Run Behavior\ContentReplace [ RunTime:0.000048s ]
INFO: [ template_filter ] --END-- [ RunTime:-0.007668s ]
INFO: Run Behavior\ParseTemplate [ RunTime:0.002985s ]
INFO: [ view_parse ] --END-- [ RunTime:0.003107s ]
INFO: [ view_filter ] --START--
INFO: Run Behavior\WriteHtmlCache [ RunTime:0.000074s ]
INFO: [ view_filter ] --END-- [ RunTime:0.000162s ]
INFO: Run Behavior\ParseTemplate [ RunTime:0.004073s ]
INFO: [ view_parse ] --END-- [ RunTime:0.003107s ]
INFO: [ view_filter ] --START--
INFO: Run Behavior\WriteHtmlCache [ RunTime:0.000024s ]
INFO: [ view_filter ] --END-- [ RunTime:-0.000931s ]
INFO: [ app_end ] --START--
INFO: Run Behavior\ShowPageTrace [ RunTime:0.000063s ]
INFO: [ app_end ] --END-- [ RunTime:0.000157s ]

[ 2017-06-09T22:06:44+08:00 ] 106.120.160.109 /
SQL: SHOW COLUMNS FROM `onethink_category` [ RunTime:0.000599s ]
SQL: SELECT `id`,`name`,`title`,`pid`,`sort`,`list_row`,`meta_title`,`keywords`,`description`,`template_index`,`template_lists`,`template_detail`,`template_edit`,`model`,`type`,`link_id`,`allow_publish`,`display`,`reply`,`check`,`reply_model`,`extend`,`create_time`,`update_time`,`status`,`icon` FROM `onethink_category` WHERE ( `status` = 1 ) ORDER BY sort  [ RunTime:0.000303s ]
SQL: SHOW COLUMNS FROM `onethink_document` [ RunTime:0.000561s ]
SQL: SELECT `id`,`uid`,`name`,`title`,`category_id`,`description`,`root`,`pid`,`model_id`,`type`,`position`,`link_id`,`cover_id`,`display`,`deadline`,`attach`,`view`,`comment`,`extend`,`level`,`create_time`,`update_time`,`status` FROM `onethink_document` WHERE ( `status` = 1 ) AND ( `pid` = 0 ) AND ( `create_time` < 1497017204 ) AND ( deadline = 0 OR deadline > 1497017204 ) ORDER BY `id` DESC  [ RunTime:0.000287s ]
SQL: SHOW COLUMNS FROM `onethink_action_log` [ RunTime:0.000367s ]
SQL: SELECT `id`,`action_id`,`user_id`,`action_ip`,`model`,`record_id`,`remark`,`status`,`create_time` FROM `onethink_action_log` WHERE ( `status` > -1 ) AND ( `action_id` = 12 ) AND ( `model` LIKE '新词%' ) ORDER BY `id` DESC LIMIT 20   [ RunTime:0.000325s ]
NOTIC: [8] Undefined variable: str /var/www/html/Application/Home/Common/function.php 第 90 行.
NOTIC: [8] Undefined variable: count /var/www/html/Application/Home/Common/function.php 第 83 行.
NOTIC: [8] Undefined variable: str /var/www/html/Application/Home/Common/function.php 第 90 行.
NOTIC: [8] Undefined variable: count /var/www/html/Application/Home/Common/function.php 第 83 行.
NOTIC: [8] Undefined variable: str /var/www/html/Application/Home/Common/function.php 第 90 行.
NOTIC: [8] Undefined variable: count /var/www/html/Application/Home/Common/function.php 第 83 行.
NOTIC: [8] Undefined variable: str /var/www/html/Application/Home/Common/function.php 第 90 行.
NOTIC: [8] Undefined variable: count /var/www/html/Application/Home/Common/function.php 第 83 行.
NOTIC: [8] Undefined variable: str /var/www/html/Application/Home/Common/function.php 第 90 行.
NOTIC: [8] Undefined variable: count /var/www/html/Application/Home/Common/function.php 第 83 行.
NOTIC: [8] Undefined variable: str /var/www/html/Application/Home/Common/function.php 第 90 行.
NOTIC: [8] Undefined variable: count /var/www/html/Application/Home/Common/function.php 第 83 行.
NOTIC: [8] Undefined variable: str /var/www/html/Application/Home/Common/function.php 第 90 行.
NOTIC: [8] Undefined variable: count /var/www/html/Application/Home/Common/function.php 第 83 行.
NOTIC: [8] Undefined variable: str /var/www/html/Application/Home/Common/function.php 第 90 行.
NOTIC: [8] Undefined variable: count /var/www/html/Application/Home/Common/function.php 第 83 行.
NOTIC: [8] Undefined variable: str /var/www/html/Application/Home/Common/function.php 第 90 行.
NOTIC: [8] Undefined variable: count /var/www/html/Application/Home/Common/function.php 第 83 行.
NOTIC: [8] Undefined variable: str /var/www/html/Application/Home/Common/function.php 第 90 行.
NOTIC: [8] Undefined variable: count /var/www/html/Application/Home/Common/function.php 第 83 行.
NOTIC: [8] Undefined variable: str /var/www/html/Application/Home/Common/function.php 第 90 行.
NOTIC: [8] Undefined variable: count /var/www/html/Application/Home/Common/function.php 第 83 行.
NOTIC: [8] Undefined variable: str /var/www/html/Application/Home/Common/function.php 第 90 行.
NOTIC: [8] Undefined variable: count /var/www/html/Application/Home/Common/function.php 第 83 行.
NOTIC: [8] Undefined variable: str /var/www/html/Application/Home/Common/function.php 第 90 行.
NOTIC: [8] Undefined variable: count /var/www/html/Application/Home/Common/function.php 第 83 行.
NOTIC: [8] Undefined variable: str /var/www/html/Application/Home/Common/function.php 第 90 行.
NOTIC: [8] Undefined variable: count /var/www/html/Application/Home/Common/function.php 第 83 行.
NOTIC: [8] Undefined variable: str /var/www/html/Application/Home/Common/function.php 第 90 行.
NOTIC: [8] Undefined variable: count /var/www/html/Application/Home/Common/function.php 第 83 行.
NOTIC: [8] Undefined variable: str /var/www/html/Application/Home/Common/function.php 第 90 行.
NOTIC: [8] Undefined variable: count /var/www/html/Application/Home/Common/function.php 第 83 行.
NOTIC: [8] Undefined variable: str /var/www/html/Application/Home/Common/function.php 第 90 行.
NOTIC: [8] Undefined variable: count /var/www/html/Application/Home/Common/function.php 第 83 行.
NOTIC: [8] Undefined variable: str /var/www/html/Application/Home/Common/function.php 第 90 行.
NOTIC: [8] Undefined variable: count /var/www/html/Application/Home/Common/function.php 第 83 行.
NOTIC: [8] Undefined variable: str /var/www/html/Application/Home/Common/function.php 第 90 行.
NOTIC: [8] Undefined variable: count /var/www/html/Application/Home/Common/function.php 第 83 行.
NOTIC: [8] Undefined variable: str /var/www/html/Application/Home/Common/function.php 第 90 行.
NOTIC: [8] Undefined variable: count /var/www/html/Application/Home/Common/function.php 第 83 行.
NOTIC: [8] Undefined variable: nloglists /var/www/html/Application/Home/Controller/IndexController.class.php 第 48 行.
SQL: SHOW COLUMNS FROM `onethink_auth_group` [ RunTime:0.000385s ]
SQL: SHOW COLUMNS FROM `onethink_auth_group_access` [ RunTime:0.000293s ]
SQL: SELECT `uid`,`group_id`,`title`,`description`,`rules` FROM onethink_auth_group_access a INNER JOIN onethink_auth_group g on a.group_id=g.id  WHERE ( a.uid='0' and g.status='1' )  [ RunTime:0.000217s ]
NOTIC: [8] Undefined offset: 0 /var/www/html/Application/Common/Common/function.php 第 1016 行.
INFO: [ view_parse ] --START--
INFO: [ template_filter ] --START--
INFO: Run Behavior\ContentReplace [ RunTime:0.000147s ]
INFO: [ template_filter ] --END-- [ RunTime:0.000248s ]
SQL: SHOW COLUMNS FROM `onethink_channel` [ RunTime:0.000370s ]
SQL: SELECT `id`,`pid`,`title`,`url`,`sort`,`create_time`,`update_time`,`status`,`target` FROM `onethink_channel` WHERE ( status=1 ) ORDER BY sort  [ RunTime:0.000191s ]
SQL: SELECT `id`,`name`,`title`,`pid`,`sort`,`list_row`,`meta_title`,`keywords`,`description`,`template_index`,`template_lists`,`template_detail`,`template_edit`,`model`,`type`,`link_id`,`allow_publish`,`display`,`reply`,`check`,`reply_model`,`extend`,`create_time`,`update_time`,`status`,`icon` FROM `onethink_category` WHERE ( `id` = 1 ) LIMIT 1   [ RunTime:0.000182s ]
SQL: SELECT `id`,`name`,`pid`,`title`,`link_id` FROM `onethink_category` WHERE ( `status` = 1 ) ORDER BY sort  [ RunTime:0.000173s ]
INFO: [ view_parse ] --START--
INFO: [ template_filter ] --START--
INFO: Run Behavior\ContentReplace [ RunTime:0.000042s ]
INFO: [ template_filter ] --END-- [ RunTime:-0.007475s ]
INFO: Run Behavior\ParseTemplate [ RunTime:0.002912s ]
INFO: [ view_parse ] --END-- [ RunTime:0.003007s ]
INFO: [ view_filter ] --START--
INFO: Run Behavior\WriteHtmlCache [ RunTime:0.000070s ]
INFO: [ view_filter ] --END-- [ RunTime:0.000141s ]
INFO: Run Behavior\ParseTemplate [ RunTime:0.003991s ]
INFO: [ view_parse ] --END-- [ RunTime:0.003007s ]
INFO: [ view_filter ] --START--
INFO: Run Behavior\WriteHtmlCache [ RunTime:0.000016s ]
INFO: [ view_filter ] --END-- [ RunTime:-0.000939s ]
INFO: [ app_end ] --START--
INFO: Run Behavior\ShowPageTrace [ RunTime:0.000071s ]
INFO: [ app_end ] --END-- [ RunTime:0.000179s ]

[ 2017-06-09T22:06:58+08:00 ] 101.199.108.120 /
SQL: SHOW COLUMNS FROM `onethink_category` [ RunTime:0.000581s ]
SQL: SELECT `id`,`name`,`title`,`pid`,`sort`,`list_row`,`meta_title`,`keywords`,`description`,`template_index`,`template_lists`,`template_detail`,`template_edit`,`model`,`type`,`link_id`,`allow_publish`,`display`,`reply`,`check`,`reply_model`,`extend`,`create_time`,`update_time`,`status`,`icon` FROM `onethink_category` WHERE ( `status` = 1 ) ORDER BY sort  [ RunTime:0.000214s ]
SQL: SHOW COLUMNS FROM `onethink_document` [ RunTime:0.000602s ]
SQL: SELECT `id`,`uid`,`name`,`title`,`category_id`,`description`,`root`,`pid`,`model_id`,`type`,`position`,`link_id`,`cover_id`,`display`,`deadline`,`attach`,`view`,`comment`,`extend`,`level`,`create_time`,`update_time`,`status` FROM `onethink_document` WHERE ( `status` = 1 ) AND ( `pid` = 0 ) AND ( `create_time` < 1497017218 ) AND ( deadline = 0 OR deadline > 1497017218 ) ORDER BY `id` DESC  [ RunTime:0.000283s ]
SQL: SHOW COLUMNS FROM `onethink_action_log` [ RunTime:0.000416s ]
SQL: SELECT `id`,`action_id`,`user_id`,`action_ip`,`model`,`record_id`,`remark`,`status`,`create_time` FROM `onethink_action_log` WHERE ( `status` > -1 ) AND ( `action_id` = 12 ) AND ( `model` LIKE '新词%' ) ORDER BY `id` DESC LIMIT 20   [ RunTime:0.000348s ]
NOTIC: [8] Undefined variable: str /var/www/html/Application/Home/Common/function.php 第 90 行.
NOTIC: [8] Undefined variable: count /var/www/html/Application/Home/Common/function.php 第 83 行.
NOTIC: [8] Undefined variable: str /var/www/html/Application/Home/Common/function.php 第 90 行.
NOTIC: [8] Undefined variable: count /var/www/html/Application/Home/Common/function.php 第 83 行.
NOTIC: [8] Undefined variable: str /var/www/html/Application/Home/Common/function.php 第 90 行.
NOTIC: [8] Undefined variable: count /var/www/html/Application/Home/Common/function.php 第 83 行.
NOTIC: [8] Undefined variable: str /var/www/html/Application/Home/Common/function.php 第 90 行.
NOTIC: [8] Undefined variable: count /var/www/html/Application/Home/Common/function.php 第 83 行.
NOTIC: [8] Undefined variable: str /var/www/html/Application/Home/Common/function.php 第 90 行.
NOTIC: [8] Undefined variable: count /var/www/html/Application/Home/Common/function.php 第 83 行.
NOTIC: [8] Undefined variable: str /var/www/html/Application/Home/Common/function.php 第 90 行.
NOTIC: [8] Undefined variable: count /var/www/html/Application/Home/Common/function.php 第 83 行.
NOTIC: [8] Undefined variable: str /var/www/html/Application/Home/Common/function.php 第 90 行.
NOTIC: [8] Undefined variable: count /var/www/html/Application/Home/Common/function.php 第 83 行.
NOTIC: [8] Undefined variable: str /var/www/html/Application/Home/Common/function.php 第 90 行.
NOTIC: [8] Undefined variable: count /var/www/html/Application/Home/Common/function.php 第 83 行.
NOTIC: [8] Undefined variable: str /var/www/html/Application/Home/Common/function.php 第 90 行.
NOTIC: [8] Undefined variable: count /var/www/html/Application/Home/Common/function.php 第 83 行.
NOTIC: [8] Undefined variable: str /var/www/html/Application/Home/Common/function.php 第 90 行.
NOTIC: [8] Undefined variable: count /var/www/html/Application/Home/Common/function.php 第 83 行.
NOTIC: [8] Undefined variable: str /var/www/html/Application/Home/Common/function.php 第 90 行.
NOTIC: [8] Undefined variable: count /var/www/html/Application/Home/Common/function.php 第 83 行.
NOTIC: [8] Undefined variable: str /var/www/html/Application/Home/Common/function.php 第 90 行.
NOTIC: [8] Undefined variable: count /var/www/html/Application/Home/Common/function.php 第 83 行.
NOTIC: [8] Undefined variable: str /var/www/html/Application/Home/Common/function.php 第 90 行.
NOTIC: [8] Undefined variable: count /var/www/html/Application/Home/Common/function.php 第 83 行.
NOTIC: [8] Undefined variable: str /var/www/html/Application/Home/Common/function.php 第 90 行.
NOTIC: [8] Undefined variable: count /var/www/html/Application/Home/Common/function.php 第 83 行.
NOTIC: [8] Undefined variable: str /var/www/html/Application/Home/Common/function.php 第 90 行.
NOTIC: [8] Undefined variable: count /var/www/html/Application/Home/Common/function.php 第 83 行.
NOTIC: [8] Undefined variable: str /var/www/html/Application/Home/Common/function.php 第 90 行.
NOTIC: [8] Undefined variable: count /var/www/html/Application/Home/Common/function.php 第 83 行.
NOTIC: [8] Undefined variable: str /var/www/html/Application/Home/Common/function.php 第 90 行.
NOTIC: [8] Undefined variable: count /var/www/html/Application/Home/Common/function.php 第 83 行.
NOTIC: [8] Undefined variable: str /var/www/html/Application/Home/Common/function.php 第 90 行.
NOTIC: [8] Undefined variable: count /var/www/html/Application/Home/Common/function.php 第 83 行.
NOTIC: [8] Undefined variable: str /var/www/html/Application/Home/Common/function.php 第 90 行.
NOTIC: [8] Undefined variable: count /var/www/html/Application/Home/Common/function.php 第 83 行.
NOTIC: [8] Undefined variable: str /var/www/html/Application/Home/Common/function.php 第 90 行.
NOTIC: [8] Undefined variable: count /var/www/html/Application/Home/Common/function.php 第 83 行.
NOTIC: [8] Undefined variable: nloglists /var/www/html/Application/Home/Controller/IndexController.class.php 第 48 行.
SQL: SHOW COLUMNS FROM `onethink_auth_group` [ RunTime:0.000371s ]
SQL: SHOW COLUMNS FROM `onethink_auth_group_access` [ RunTime:0.000355s ]
SQL: SELECT `uid`,`group_id`,`title`,`description`,`rules` FROM onethink_auth_group_access a INNER JOIN onethink_auth_group g on a.group_id=g.id  WHERE ( a.uid='0' and g.status='1' )  [ RunTime:0.000189s ]
NOTIC: [8] Undefined offset: 0 /var/www/html/Application/Common/Common/function.php 第 1016 行.
INFO: [ view_parse ] --START--
INFO: [ template_filter ] --START--
INFO: Run Behavior\ContentReplace [ RunTime:0.000167s ]
INFO: [ template_filter ] --END-- [ RunTime:0.000273s ]
SQL: SHOW COLUMNS FROM `onethink_channel` [ RunTime:0.000607s ]
SQL: SELECT `id`,`pid`,`title`,`url`,`sort`,`create_time`,`update_time`,`status`,`target` FROM `onethink_channel` WHERE ( status=1 ) ORDER BY sort  [ RunTime:0.000228s ]
SQL: SELECT `id`,`name`,`title`,`pid`,`sort`,`list_row`,`meta_title`,`keywords`,`description`,`template_index`,`template_lists`,`template_detail`,`template_edit`,`model`,`type`,`link_id`,`allow_publish`,`display`,`reply`,`check`,`reply_model`,`extend`,`create_time`,`update_time`,`status`,`icon` FROM `onethink_category` WHERE ( `id` = 1 ) LIMIT 1   [ RunTime:0.000199s ]
SQL: SELECT `id`,`name`,`pid`,`title`,`link_id` FROM `onethink_category` WHERE ( `status` = 1 ) ORDER BY sort  [ RunTime:0.000166s ]
INFO: [ view_parse ] --START--
INFO: [ template_filter ] --START--
INFO: Run Behavior\ContentReplace [ RunTime:0.000072s ]
INFO: [ template_filter ] --END-- [ RunTime:-0.008374s ]
INFO: Run Behavior\ParseTemplate [ RunTime:0.003321s ]
INFO: [ view_parse ] --END-- [ RunTime:0.003416s ]
INFO: [ view_filter ] --START--
INFO: Run Behavior\WriteHtmlCache [ RunTime:0.000083s ]
INFO: [ view_filter ] --END-- [ RunTime:0.000167s ]
INFO: Run Behavior\ParseTemplate [ RunTime:0.004459s ]
INFO: [ view_parse ] --END-- [ RunTime:0.003416s ]
INFO: [ view_filter ] --START--
INFO: Run Behavior\WriteHtmlCache [ RunTime:0.000023s ]
INFO: [ view_filter ] --END-- [ RunTime:-0.000984s ]
INFO: [ app_end ] --START--
INFO: Run Behavior\ShowPageTrace [ RunTime:0.000104s ]
INFO: [ app_end ] --END-- [ RunTime:0.000251s ]

[ 2017-06-09T22:07:04+08:00 ] 101.199.108.120 /Home/Index/currentCount.html?search=:uk
INFO: [ app_begin ] --START--
INFO: Run Behavior\ReadHtmlCache [ RunTime:0.000068s ]
INFO: [ app_begin ] --END-- [ RunTime:0.000210s ]
SQL: SHOW COLUMNS FROM `onethink_config` [ RunTime:0.002737s ]
SQL: SELECT `type`,`name`,`value` FROM `onethink_config` WHERE ( `status` = 1 )  [ RunTime:0.000455s ]

[ 2017-06-09T22:07:09+08:00 ] 101.199.108.120 /Home/Index/currentCount.html?search=:uk
INFO: [ app_begin ] --START--
INFO: Run Behavior\ReadHtmlCache [ RunTime:0.000051s ]
INFO: [ app_begin ] --END-- [ RunTime:0.000158s ]
SQL: SHOW COLUMNS FROM `onethink_config` [ RunTime:0.000533s ]
SQL: SELECT `type`,`name`,`value` FROM `onethink_config` WHERE ( `status` = 1 )  [ RunTime:0.000379s ]

[ 2017-06-09T22:07:14+08:00 ] 101.199.108.120 /Home/Index/currentCount.html?search=:uk
INFO: [ app_begin ] --START--
INFO: Run Behavior\ReadHtmlCache [ RunTime:0.000048s ]
INFO: [ app_begin ] --END-- [ RunTime:0.000146s ]
SQL: SHOW COLUMNS FROM `onethink_config` [ RunTime:0.000693s ]
SQL: SELECT `type`,`name`,`value` FROM `onethink_config` WHERE ( `status` = 1 )  [ RunTime:0.000279s ]

[ 2017-06-09T22:07:19+08:00 ] 101.199.108.120 /Home/Index/currentCount.html?search=:uk
INFO: [ app_begin ] --START--
INFO: Run Behavior\ReadHtmlCache [ RunTime:0.000049s ]
INFO: [ app_begin ] --END-- [ RunTime:0.000146s ]
SQL: SHOW COLUMNS FROM `onethink_config` [ RunTime:0.000549s ]
SQL: SELECT `type`,`name`,`value` FROM `onethink_config` WHERE ( `status` = 1 )  [ RunTime:0.000320s ]

[ 2017-06-09T22:07:24+08:00 ] 101.199.108.120 /Home/Index/currentCount.html?search=:uk
INFO: [ app_begin ] --START--
INFO: Run Behavior\ReadHtmlCache [ RunTime:0.000053s ]
INFO: [ app_begin ] --END-- [ RunTime:0.000210s ]
SQL: SHOW COLUMNS FROM `onethink_config` [ RunTime:0.000546s ]
SQL: SELECT `type`,`name`,`value` FROM `onethink_config` WHERE ( `status` = 1 )  [ RunTime:0.000385s ]

[ 2017-06-09T22:59:48+08:00 ] 112.74.206.117 /
SQL: SHOW COLUMNS FROM `onethink_category` [ RunTime:0.000513s ]
SQL: SELECT `id`,`name`,`title`,`pid`,`sort`,`list_row`,`meta_title`,`keywords`,`description`,`template_index`,`template_lists`,`template_detail`,`template_edit`,`model`,`type`,`link_id`,`allow_publish`,`display`,`reply`,`check`,`reply_model`,`extend`,`create_time`,`update_time`,`status`,`icon` FROM `onethink_category` WHERE ( `status` = 1 ) ORDER BY sort  [ RunTime:0.000203s ]
SQL: SHOW COLUMNS FROM `onethink_document` [ RunTime:0.000479s ]
SQL: SELECT `id`,`uid`,`name`,`title`,`category_id`,`description`,`root`,`pid`,`model_id`,`type`,`position`,`link_id`,`cover_id`,`display`,`deadline`,`attach`,`view`,`comment`,`extend`,`level`,`create_time`,`update_time`,`status` FROM `onethink_document` WHERE ( `status` = 1 ) AND ( `pid` = 0 ) AND ( `create_time` < 1497020388 ) AND ( deadline = 0 OR deadline > 1497020388 ) ORDER BY `id` DESC  [ RunTime:0.000297s ]
SQL: SHOW COLUMNS FROM `onethink_action_log` [ RunTime:0.000349s ]
SQL: SELECT `id`,`action_id`,`user_id`,`action_ip`,`model`,`record_id`,`remark`,`status`,`create_time` FROM `onethink_action_log` WHERE ( `status` > -1 ) AND ( `action_id` = 12 ) AND ( `model` LIKE '新词%' ) ORDER BY `id` DESC LIMIT 20   [ RunTime:0.000295s ]
NOTIC: [8] Undefined variable: str /var/www/html/Application/Home/Common/function.php 第 90 行.
NOTIC: [8] Undefined variable: count /var/www/html/Application/Home/Common/function.php 第 83 行.
NOTIC: [8] Undefined variable: str /var/www/html/Application/Home/Common/function.php 第 90 行.
NOTIC: [8] Undefined variable: count /var/www/html/Application/Home/Common/function.php 第 83 行.
NOTIC: [8] Undefined variable: str /var/www/html/Application/Home/Common/function.php 第 90 行.
NOTIC: [8] Undefined variable: count /var/www/html/Application/Home/Common/function.php 第 83 行.
NOTIC: [8] Undefined variable: str /var/www/html/Application/Home/Common/function.php 第 90 行.
NOTIC: [8] Undefined variable: count /var/www/html/Application/Home/Common/function.php 第 83 行.
NOTIC: [8] Undefined variable: str /var/www/html/Application/Home/Common/function.php 第 90 行.
NOTIC: [8] Undefined variable: count /var/www/html/Application/Home/Common/function.php 第 83 行.
NOTIC: [8] Undefined variable: str /var/www/html/Application/Home/Common/function.php 第 90 行.
NOTIC: [8] Undefined variable: count /var/www/html/Application/Home/Common/function.php 第 83 行.
NOTIC: [8] Undefined variable: str /var/www/html/Application/Home/Common/function.php 第 90 行.
NOTIC: [8] Undefined variable: count /var/www/html/Application/Home/Common/function.php 第 83 行.
NOTIC: [8] Undefined variable: str /var/www/html/Application/Home/Common/function.php 第 90 行.
NOTIC: [8] Undefined variable: count /var/www/html/Application/Home/Common/function.php 第 83 行.
NOTIC: [8] Undefined variable: str /var/www/html/Application/Home/Common/function.php 第 90 行.
NOTIC: [8] Undefined variable: count /var/www/html/Application/Home/Common/function.php 第 83 行.
NOTIC: [8] Undefined variable: str /var/www/html/Application/Home/Common/function.php 第 90 行.
NOTIC: [8] Undefined variable: count /var/www/html/Application/Home/Common/function.php 第 83 行.
NOTIC: [8] Undefined variable: str /var/www/html/Application/Home/Common/function.php 第 90 行.
NOTIC: [8] Undefined variable: count /var/www/html/Application/Home/Common/function.php 第 83 行.
NOTIC: [8] Undefined variable: str /var/www/html/Application/Home/Common/function.php 第 90 行.
NOTIC: [8] Undefined variable: count /var/www/html/Application/Home/Common/function.php 第 83 行.
NOTIC: [8] Undefined variable: str /var/www/html/Application/Home/Common/function.php 第 90 行.
NOTIC: [8] Undefined variable: count /var/www/html/Application/Home/Common/function.php 第 83 行.
NOTIC: [8] Undefined variable: str /var/www/html/Application/Home/Common/function.php 第 90 行.
NOTIC: [8] Undefined variable: count /var/www/html/Application/Home/Common/function.php 第 83 行.
NOTIC: [8] Undefined variable: str /var/www/html/Application/Home/Common/function.php 第 90 行.
NOTIC: [8] Undefined variable: count /var/www/html/Application/Home/Common/function.php 第 83 行.
NOTIC: [8] Undefined variable: str /var/www/html/Application/Home/Common/function.php 第 90 行.
NOTIC: [8] Undefined variable: count /var/www/html/Application/Home/Common/function.php 第 83 行.
NOTIC: [8] Undefined variable: str /var/www/html/Application/Home/Common/function.php 第 90 行.
NOTIC: [8] Undefined variable: count /var/www/html/Application/Home/Common/function.php 第 83 行.
NOTIC: [8] Undefined variable: str /var/www/html/Application/Home/Common/function.php 第 90 行.
NOTIC: [8] Undefined variable: count /var/www/html/Application/Home/Common/function.php 第 83 行.
NOTIC: [8] Undefined variable: str /var/www/html/Application/Home/Common/function.php 第 90 行.
NOTIC: [8] Undefined variable: count /var/www/html/Application/Home/Common/function.php 第 83 行.
NOTIC: [8] Undefined variable: str /var/www/html/Application/Home/Common/function.php 第 90 行.
NOTIC: [8] Undefined variable: count /var/www/html/Application/Home/Common/function.php 第 83 行.
NOTIC: [8] Undefined variable: nloglists /var/www/html/Application/Home/Controller/IndexController.class.php 第 48 行.
SQL: SHOW COLUMNS FROM `onethink_auth_group` [ RunTime:0.000380s ]
SQL: SHOW COLUMNS FROM `onethink_auth_group_access` [ RunTime:0.000305s ]
SQL: SELECT `uid`,`group_id`,`title`,`description`,`rules` FROM onethink_auth_group_access a INNER JOIN onethink_auth_group g on a.group_id=g.id  WHERE ( a.uid='0' and g.status='1' )  [ RunTime:0.000206s ]
NOTIC: [8] Undefined offset: 0 /var/www/html/Application/Common/Common/function.php 第 1016 行.
INFO: [ view_parse ] --START--
INFO: [ template_filter ] --START--
INFO: Run Behavior\ContentReplace [ RunTime:0.000138s ]
INFO: [ template_filter ] --END-- [ RunTime:0.000221s ]
SQL: SHOW COLUMNS FROM `onethink_channel` [ RunTime:0.000357s ]
SQL: SELECT `id`,`pid`,`title`,`url`,`sort`,`create_time`,`update_time`,`status`,`target` FROM `onethink_channel` WHERE ( status=1 ) ORDER BY sort  [ RunTime:0.000169s ]
SQL: SELECT `id`,`name`,`title`,`pid`,`sort`,`list_row`,`meta_title`,`keywords`,`description`,`template_index`,`template_lists`,`template_detail`,`template_edit`,`model`,`type`,`link_id`,`allow_publish`,`display`,`reply`,`check`,`reply_model`,`extend`,`create_time`,`update_time`,`status`,`icon` FROM `onethink_category` WHERE ( `id` = 1 ) LIMIT 1   [ RunTime:0.000205s ]
SQL: SELECT `id`,`name`,`pid`,`title`,`link_id` FROM `onethink_category` WHERE ( `status` = 1 ) ORDER BY sort  [ RunTime:0.000150s ]
INFO: [ view_parse ] --START--
INFO: [ template_filter ] --START--
INFO: Run Behavior\ContentReplace [ RunTime:0.000042s ]
INFO: [ template_filter ] --END-- [ RunTime:-0.007280s ]
INFO: Run Behavior\ParseTemplate [ RunTime:0.002758s ]
INFO: [ view_parse ] --END-- [ RunTime:0.002839s ]
INFO: [ view_filter ] --START--
INFO: Run Behavior\WriteHtmlCache [ RunTime:0.000050s ]
INFO: [ view_filter ] --END-- [ RunTime:0.000118s ]
INFO: Run Behavior\ParseTemplate [ RunTime:0.003726s ]
INFO: [ view_parse ] --END-- [ RunTime:0.002839s ]
INFO: [ view_filter ] --START--
INFO: Run Behavior\WriteHtmlCache [ RunTime:0.000015s ]
INFO: [ view_filter ] --END-- [ RunTime:-0.000845s ]

[ 2017-06-09T23:04:18+08:00 ] 91.230.47.3 /
SQL: SHOW COLUMNS FROM `onethink_category` [ RunTime:0.000549s ]
SQL: SELECT `id`,`name`,`title`,`pid`,`sort`,`list_row`,`meta_title`,`keywords`,`description`,`template_index`,`template_lists`,`template_detail`,`template_edit`,`model`,`type`,`link_id`,`allow_publish`,`display`,`reply`,`check`,`reply_model`,`extend`,`create_time`,`update_time`,`status`,`icon` FROM `onethink_category` WHERE ( `status` = 1 ) ORDER BY sort  [ RunTime:0.000217s ]
SQL: SHOW COLUMNS FROM `onethink_document` [ RunTime:0.000460s ]
SQL: SELECT `id`,`uid`,`name`,`title`,`category_id`,`description`,`root`,`pid`,`model_id`,`type`,`position`,`link_id`,`cover_id`,`display`,`deadline`,`attach`,`view`,`comment`,`extend`,`level`,`create_time`,`update_time`,`status` FROM `onethink_document` WHERE ( `status` = 1 ) AND ( `pid` = 0 ) AND ( `create_time` < 1497020657 ) AND ( deadline = 0 OR deadline > 1497020657 ) ORDER BY `id` DESC  [ RunTime:0.000303s ]
SQL: SHOW COLUMNS FROM `onethink_action_log` [ RunTime:0.000379s ]
SQL: SELECT `id`,`action_id`,`user_id`,`action_ip`,`model`,`record_id`,`remark`,`status`,`create_time` FROM `onethink_action_log` WHERE ( `status` > -1 ) AND ( `action_id` = 12 ) AND ( `model` LIKE '新词%' ) ORDER BY `id` DESC LIMIT 20   [ RunTime:0.000326s ]
NOTIC: [8] Undefined variable: str /var/www/html/Application/Home/Common/function.php 第 90 行.
NOTIC: [8] Undefined variable: count /var/www/html/Application/Home/Common/function.php 第 83 行.
NOTIC: [8] Undefined variable: str /var/www/html/Application/Home/Common/function.php 第 90 行.
NOTIC: [8] Undefined variable: count /var/www/html/Application/Home/Common/function.php 第 83 行.
NOTIC: [8] Undefined variable: str /var/www/html/Application/Home/Common/function.php 第 90 行.
NOTIC: [8] Undefined variable: count /var/www/html/Application/Home/Common/function.php 第 83 行.
NOTIC: [8] Undefined variable: str /var/www/html/Application/Home/Common/function.php 第 90 行.
NOTIC: [8] Undefined variable: count /var/www/html/Application/Home/Common/function.php 第 83 行.
NOTIC: [8] Undefined variable: str /var/www/html/Application/Home/Common/function.php 第 90 行.
NOTIC: [8] Undefined variable: count /var/www/html/Application/Home/Common/function.php 第 83 行.
NOTIC: [8] Undefined variable: str /var/www/html/Application/Home/Common/function.php 第 90 行.
NOTIC: [8] Undefined variable: count /var/www/html/Application/Home/Common/function.php 第 83 行.
NOTIC: [8] Undefined variable: str /var/www/html/Application/Home/Common/function.php 第 90 行.
NOTIC: [8] Undefined variable: count /var/www/html/Application/Home/Common/function.php 第 83 行.
NOTIC: [8] Undefined variable: str /var/www/html/Application/Home/Common/function.php 第 90 行.
NOTIC: [8] Undefined variable: count /var/www/html/Application/Home/Common/function.php 第 83 行.
NOTIC: [8] Undefined variable: str /var/www/html/Application/Home/Common/function.php 第 90 行.
NOTIC: [8] Undefined variable: count /var/www/html/Application/Home/Common/function.php 第 83 行.
NOTIC: [8] Undefined variable: str /var/www/html/Application/Home/Common/function.php 第 90 行.
NOTIC: [8] Undefined variable: count /var/www/html/Application/Home/Common/function.php 第 83 行.
NOTIC: [8] Undefined variable: str /var/www/html/Application/Home/Common/function.php 第 90 行.
NOTIC: [8] Undefined variable: count /var/www/html/Application/Home/Common/function.php 第 83 行.
NOTIC: [8] Undefined variable: str /var/www/html/Application/Home/Common/function.php 第 90 行.
NOTIC: [8] Undefined variable: count /var/www/html/Application/Home/Common/function.php 第 83 行.
NOTIC: [8] Undefined variable: str /var/www/html/Application/Home/Common/function.php 第 90 行.
NOTIC: [8] Undefined variable: count /var/www/html/Application/Home/Common/function.php 第 83 行.
NOTIC: [8] Undefined variable: str /var/www/html/Application/Home/Common/function.php 第 90 行.
NOTIC: [8] Undefined variable: count /var/www/html/Application/Home/Common/function.php 第 83 行.
NOTIC: [8] Undefined variable: str /var/www/html/Application/Home/Common/function.php 第 90 行.
NOTIC: [8] Undefined variable: count /var/www/html/Application/Home/Common/function.php 第 83 行.
NOTIC: [8] Undefined variable: str /var/www/html/Application/Home/Common/function.php 第 90 行.
NOTIC: [8] Undefined variable: count /var/www/html/Application/Home/Common/function.php 第 83 行.
NOTIC: [8] Undefined variable: str /var/www/html/Application/Home/Common/function.php 第 90 行.
NOTIC: [8] Undefined variable: count /var/www/html/Application/Home/Common/function.php 第 83 行.
NOTIC: [8] Undefined variable: str /var/www/html/Application/Home/Common/function.php 第 90 行.
NOTIC: [8] Undefined variable: count /var/www/html/Application/Home/Common/function.php 第 83 行.
NOTIC: [8] Undefined variable: str /var/www/html/Application/Home/Common/function.php 第 90 行.
NOTIC: [8] Undefined variable: count /var/www/html/Application/Home/Common/function.php 第 83 行.
NOTIC: [8] Undefined variable: str /var/www/html/Application/Home/Common/function.php 第 90 行.
NOTIC: [8] Undefined variable: count /var/www/html/Application/Home/Common/function.php 第 83 行.
NOTIC: [8] Undefined variable: nloglists /var/www/html/Application/Home/Controller/IndexController.class.php 第 48 行.
SQL: SHOW COLUMNS FROM `onethink_auth_group` [ RunTime:0.000341s ]
SQL: SHOW COLUMNS FROM `onethink_auth_group_access` [ RunTime:0.000310s ]
SQL: SELECT `uid`,`group_id`,`title`,`description`,`rules` FROM onethink_auth_group_access a INNER JOIN onethink_auth_group g on a.group_id=g.id  WHERE ( a.uid='0' and g.status='1' )  [ RunTime:0.000186s ]
NOTIC: [8] Undefined offset: 0 /var/www/html/Application/Common/Common/function.php 第 1016 行.
INFO: [ view_parse ] --START--
INFO: [ template_filter ] --START--
INFO: Run Behavior\ContentReplace [ RunTime:0.000134s ]
INFO: [ template_filter ] --END-- [ RunTime:0.000222s ]
SQL: SHOW COLUMNS FROM `onethink_channel` [ RunTime:0.000388s ]
SQL: SELECT `id`,`pid`,`title`,`url`,`sort`,`create_time`,`update_time`,`status`,`target` FROM `onethink_channel` WHERE ( status=1 ) ORDER BY sort  [ RunTime:0.000172s ]
SQL: SELECT `id`,`name`,`title`,`pid`,`sort`,`list_row`,`meta_title`,`keywords`,`description`,`template_index`,`template_lists`,`template_detail`,`template_edit`,`model`,`type`,`link_id`,`allow_publish`,`display`,`reply`,`check`,`reply_model`,`extend`,`create_time`,`update_time`,`status`,`icon` FROM `onethink_category` WHERE ( `id` = 1 ) LIMIT 1   [ RunTime:0.000192s ]
SQL: SELECT `id`,`name`,`pid`,`title`,`link_id` FROM `onethink_category` WHERE ( `status` = 1 ) ORDER BY sort  [ RunTime:0.000156s ]
INFO: [ view_parse ] --START--
INFO: [ template_filter ] --START--
INFO: Run Behavior\ContentReplace [ RunTime:0.000042s ]
INFO: [ template_filter ] --END-- [ RunTime:-0.007173s ]
INFO: Run Behavior\ParseTemplate [ RunTime:0.002796s ]
INFO: [ view_parse ] --END-- [ RunTime:0.002879s ]
INFO: [ view_filter ] --START--
INFO: Run Behavior\WriteHtmlCache [ RunTime:0.000051s ]
INFO: [ view_filter ] --END-- [ RunTime:0.000120s ]
INFO: Run Behavior\ParseTemplate [ RunTime:0.003793s ]
INFO: [ view_parse ] --END-- [ RunTime:0.002879s ]
INFO: [ view_filter ] --START--
INFO: Run Behavior\WriteHtmlCache [ RunTime:0.000016s ]
INFO: [ view_filter ] --END-- [ RunTime:-0.000872s ]
INFO: [ app_end ] --START--
INFO: Run Behavior\ShowPageTrace [ RunTime:0.000103s ]
INFO: [ app_end ] --END-- [ RunTime:0.000270s ]

[ 2017-06-09T23:11:17+08:00 ] 66.249.66.9 /
SQL: SHOW COLUMNS FROM `onethink_category` [ RunTime:0.000548s ]
SQL: SELECT `id`,`name`,`title`,`pid`,`sort`,`list_row`,`meta_title`,`keywords`,`description`,`template_index`,`template_lists`,`template_detail`,`template_edit`,`model`,`type`,`link_id`,`allow_publish`,`display`,`reply`,`check`,`reply_model`,`extend`,`create_time`,`update_time`,`status`,`icon` FROM `onethink_category` WHERE ( `status` = 1 ) ORDER BY sort  [ RunTime:0.000206s ]
SQL: SHOW COLUMNS FROM `onethink_document` [ RunTime:0.000489s ]
SQL: SELECT `id`,`uid`,`name`,`title`,`category_id`,`description`,`root`,`pid`,`model_id`,`type`,`position`,`link_id`,`cover_id`,`display`,`deadline`,`attach`,`view`,`comment`,`extend`,`level`,`create_time`,`update_time`,`status` FROM `onethink_document` WHERE ( `status` = 1 ) AND ( `pid` = 0 ) AND ( `create_time` < 1497021077 ) AND ( deadline = 0 OR deadline > 1497021077 ) ORDER BY `id` DESC  [ RunTime:0.000275s ]
SQL: SHOW COLUMNS FROM `onethink_action_log` [ RunTime:0.000446s ]
SQL: SELECT `id`,`action_id`,`user_id`,`action_ip`,`model`,`record_id`,`remark`,`status`,`create_time` FROM `onethink_action_log` WHERE ( `status` > -1 ) AND ( `action_id` = 12 ) AND ( `model` LIKE '新词%' ) ORDER BY `id` DESC LIMIT 20   [ RunTime:0.000320s ]
NOTIC: [8] Undefined variable: str /var/www/html/Application/Home/Common/function.php 第 90 行.
NOTIC: [8] Undefined variable: count /var/www/html/Application/Home/Common/function.php 第 83 行.
NOTIC: [8] Undefined variable: str /var/www/html/Application/Home/Common/function.php 第 90 行.
NOTIC: [8] Undefined variable: count /var/www/html/Application/Home/Common/function.php 第 83 行.
NOTIC: [8] Undefined variable: str /var/www/html/Application/Home/Common/function.php 第 90 行.
NOTIC: [8] Undefined variable: count /var/www/html/Application/Home/Common/function.php 第 83 行.
NOTIC: [8] Undefined variable: str /var/www/html/Application/Home/Common/function.php 第 90 行.
NOTIC: [8] Undefined variable: count /var/www/html/Application/Home/Common/function.php 第 83 行.
NOTIC: [8] Undefined variable: str /var/www/html/Application/Home/Common/function.php 第 90 行.
NOTIC: [8] Undefined variable: count /var/www/html/Application/Home/Common/function.php 第 83 行.
NOTIC: [8] Undefined variable: str /var/www/html/Application/Home/Common/function.php 第 90 行.
NOTIC: [8] Undefined variable: count /var/www/html/Application/Home/Common/function.php 第 83 行.
NOTIC: [8] Undefined variable: str /var/www/html/Application/Home/Common/function.php 第 90 行.
NOTIC: [8] Undefined variable: count /var/www/html/Application/Home/Common/function.php 第 83 行.
NOTIC: [8] Undefined variable: str /var/www/html/Application/Home/Common/function.php 第 90 行.
NOTIC: [8] Undefined variable: count /var/www/html/Application/Home/Common/function.php 第 83 行.
NOTIC: [8] Undefined variable: str /var/www/html/Application/Home/Common/function.php 第 90 行.
NOTIC: [8] Undefined variable: count /var/www/html/Application/Home/Common/function.php 第 83 行.
NOTIC: [8] Undefined variable: str /var/www/html/Application/Home/Common/function.php 第 90 行.
NOTIC: [8] Undefined variable: count /var/www/html/Application/Home/Common/function.php 第 83 行.
NOTIC: [8] Undefined variable: str /var/www/html/Application/Home/Common/function.php 第 90 行.
NOTIC: [8] Undefined variable: count /var/www/html/Application/Home/Common/function.php 第 83 行.
NOTIC: [8] Undefined variable: str /var/www/html/Application/Home/Common/function.php 第 90 行.
NOTIC: [8] Undefined variable: count /var/www/html/Application/Home/Common/function.php 第 83 行.
NOTIC: [8] Undefined variable: str /var/www/html/Application/Home/Common/function.php 第 90 行.
NOTIC: [8] Undefined variable: count /var/www/html/Application/Home/Common/function.php 第 83 行.
NOTIC: [8] Undefined variable: str /var/www/html/Application/Home/Common/function.php 第 90 行.
NOTIC: [8] Undefined variable: count /var/www/html/Application/Home/Common/function.php 第 83 行.
NOTIC: [8] Undefined variable: str /var/www/html/Application/Home/Common/function.php 第 90 行.
NOTIC: [8] Undefined variable: count /var/www/html/Application/Home/Common/function.php 第 83 行.
NOTIC: [8] Undefined variable: str /var/www/html/Application/Home/Common/function.php 第 90 行.
NOTIC: [8] Undefined variable: count /var/www/html/Application/Home/Common/function.php 第 83 行.
NOTIC: [8] Undefined variable: str /var/www/html/Application/Home/Common/function.php 第 90 行.
NOTIC: [8] Undefined variable: count /var/www/html/Application/Home/Common/function.php 第 83 行.
NOTIC: [8] Undefined variable: str /var/www/html/Application/Home/Common/function.php 第 90 行.
NOTIC: [8] Undefined variable: count /var/www/html/Application/Home/Common/function.php 第 83 行.
NOTIC: [8] Undefined variable: str /var/www/html/Application/Home/Common/function.php 第 90 行.
NOTIC: [8] Undefined variable: count /var/www/html/Application/Home/Common/function.php 第 83 行.
NOTIC: [8] Undefined variable: str /var/www/html/Application/Home/Common/function.php 第 90 行.
NOTIC: [8] Undefined variable: count /var/www/html/Application/Home/Common/function.php 第 83 行.
NOTIC: [8] Undefined variable: nloglists /var/www/html/Application/Home/Controller/IndexController.class.php 第 48 行.
SQL: SHOW COLUMNS FROM `onethink_auth_group` [ RunTime:0.000338s ]
SQL: SHOW COLUMNS FROM `onethink_auth_group_access` [ RunTime:0.000300s ]
SQL: SELECT `uid`,`group_id`,`title`,`description`,`rules` FROM onethink_auth_group_access a INNER JOIN onethink_auth_group g on a.group_id=g.id  WHERE ( a.uid='0' and g.status='1' )  [ RunTime:0.000182s ]
NOTIC: [8] Undefined offset: 0 /var/www/html/Application/Common/Common/function.php 第 1016 行.
INFO: [ view_parse ] --START--
INFO: [ template_filter ] --START--
INFO: Run Behavior\ContentReplace [ RunTime:0.000154s ]
INFO: [ template_filter ] --END-- [ RunTime:0.000243s ]
SQL: SHOW COLUMNS FROM `onethink_channel` [ RunTime:0.000443s ]
SQL: SELECT `id`,`pid`,`title`,`url`,`sort`,`create_time`,`update_time`,`status`,`target` FROM `onethink_channel` WHERE ( status=1 ) ORDER BY sort  [ RunTime:0.000171s ]
SQL: SELECT `id`,`name`,`title`,`pid`,`sort`,`list_row`,`meta_title`,`keywords`,`description`,`template_index`,`template_lists`,`template_detail`,`template_edit`,`model`,`type`,`link_id`,`allow_publish`,`display`,`reply`,`check`,`reply_model`,`extend`,`create_time`,`update_time`,`status`,`icon` FROM `onethink_category` WHERE ( `id` = 1 ) LIMIT 1   [ RunTime:0.000196s ]
SQL: SELECT `id`,`name`,`pid`,`title`,`link_id` FROM `onethink_category` WHERE ( `status` = 1 ) ORDER BY sort  [ RunTime:0.000154s ]
INFO: [ view_parse ] --START--
INFO: [ template_filter ] --START--
INFO: Run Behavior\ContentReplace [ RunTime:0.000259s ]
INFO: [ template_filter ] --END-- [ RunTime:-0.007793s ]
INFO: Run Behavior\ParseTemplate [ RunTime:0.003225s ]
INFO: [ view_parse ] --END-- [ RunTime:0.003328s ]
INFO: [ view_filter ] --START--
INFO: Run Behavior\WriteHtmlCache [ RunTime:0.000074s ]
INFO: [ view_filter ] --END-- [ RunTime:0.000165s ]
INFO: Run Behavior\ParseTemplate [ RunTime:0.004293s ]
INFO: [ view_parse ] --END-- [ RunTime:0.003328s ]
INFO: [ view_filter ] --START--
INFO: Run Behavior\WriteHtmlCache [ RunTime:0.000017s ]
INFO: [ view_filter ] --END-- [ RunTime:-0.000899s ]
INFO: [ app_end ] --START--
INFO: Run Behavior\ShowPageTrace [ RunTime:0.000102s ]
INFO: [ app_end ] --END-- [ RunTime:0.000267s ]

[ 2017-06-09T23:37:44+08:00 ] 73.241.205.231 /
SQL: SHOW COLUMNS FROM `onethink_category` [ RunTime:0.000611s ]
SQL: SELECT `id`,`name`,`title`,`pid`,`sort`,`list_row`,`meta_title`,`keywords`,`description`,`template_index`,`template_lists`,`template_detail`,`template_edit`,`model`,`type`,`link_id`,`allow_publish`,`display`,`reply`,`check`,`reply_model`,`extend`,`create_time`,`update_time`,`status`,`icon` FROM `onethink_category` WHERE ( `status` = 1 ) ORDER BY sort  [ RunTime:0.000243s ]
SQL: SHOW COLUMNS FROM `onethink_document` [ RunTime:0.000490s ]
SQL: SELECT `id`,`uid`,`name`,`title`,`category_id`,`description`,`root`,`pid`,`model_id`,`type`,`position`,`link_id`,`cover_id`,`display`,`deadline`,`attach`,`view`,`comment`,`extend`,`level`,`create_time`,`update_time`,`status` FROM `onethink_document` WHERE ( `status` = 1 ) AND ( `pid` = 0 ) AND ( `create_time` < 1497022664 ) AND ( deadline = 0 OR deadline > 1497022664 ) ORDER BY `id` DESC  [ RunTime:0.000301s ]
SQL: SHOW COLUMNS FROM `onethink_action_log` [ RunTime:0.000355s ]
SQL: SELECT `id`,`action_id`,`user_id`,`action_ip`,`model`,`record_id`,`remark`,`status`,`create_time` FROM `onethink_action_log` WHERE ( `status` > -1 ) AND ( `action_id` = 12 ) AND ( `model` LIKE '新词%' ) ORDER BY `id` DESC LIMIT 20   [ RunTime:0.000327s ]
NOTIC: [8] Undefined variable: str /var/www/html/Application/Home/Common/function.php 第 90 行.
NOTIC: [8] Undefined variable: count /var/www/html/Application/Home/Common/function.php 第 83 行.
NOTIC: [8] Undefined variable: str /var/www/html/Application/Home/Common/function.php 第 90 行.
NOTIC: [8] Undefined variable: count /var/www/html/Application/Home/Common/function.php 第 83 行.
NOTIC: [8] Undefined variable: str /var/www/html/Application/Home/Common/function.php 第 90 行.
NOTIC: [8] Undefined variable: count /var/www/html/Application/Home/Common/function.php 第 83 行.
NOTIC: [8] Undefined variable: str /var/www/html/Application/Home/Common/function.php 第 90 行.
NOTIC: [8] Undefined variable: count /var/www/html/Application/Home/Common/function.php 第 83 行.
NOTIC: [8] Undefined variable: str /var/www/html/Application/Home/Common/function.php 第 90 行.
NOTIC: [8] Undefined variable: count /var/www/html/Application/Home/Common/function.php 第 83 行.
NOTIC: [8] Undefined variable: str /var/www/html/Application/Home/Common/function.php 第 90 行.
NOTIC: [8] Undefined variable: count /var/www/html/Application/Home/Common/function.php 第 83 行.
NOTIC: [8] Undefined variable: str /var/www/html/Application/Home/Common/function.php 第 90 行.
NOTIC: [8] Undefined variable: count /var/www/html/Application/Home/Common/function.php 第 83 行.
NOTIC: [8] Undefined variable: str /var/www/html/Application/Home/Common/function.php 第 90 行.
NOTIC: [8] Undefined variable: count /var/www/html/Application/Home/Common/function.php 第 83 行.
NOTIC: [8] Undefined variable: str /var/www/html/Application/Home/Common/function.php 第 90 行.
NOTIC: [8] Undefined variable: count /var/www/html/Application/Home/Common/function.php 第 83 行.
NOTIC: [8] Undefined variable: str /var/www/html/Application/Home/Common/function.php 第 90 行.
NOTIC: [8] Undefined variable: count /var/www/html/Application/Home/Common/function.php 第 83 行.
NOTIC: [8] Undefined variable: str /var/www/html/Application/Home/Common/function.php 第 90 行.
NOTIC: [8] Undefined variable: count /var/www/html/Application/Home/Common/function.php 第 83 行.
NOTIC: [8] Undefined variable: str /var/www/html/Application/Home/Common/function.php 第 90 行.
NOTIC: [8] Undefined variable: count /var/www/html/Application/Home/Common/function.php 第 83 行.
NOTIC: [8] Undefined variable: str /var/www/html/Application/Home/Common/function.php 第 90 行.
NOTIC: [8] Undefined variable: count /var/www/html/Application/Home/Common/function.php 第 83 行.
NOTIC: [8] Undefined variable: str /var/www/html/Application/Home/Common/function.php 第 90 行.
NOTIC: [8] Undefined variable: count /var/www/html/Application/Home/Common/function.php 第 83 行.
NOTIC: [8] Undefined variable: str /var/www/html/Application/Home/Common/function.php 第 90 行.
NOTIC: [8] Undefined variable: count /var/www/html/Application/Home/Common/function.php 第 83 行.
NOTIC: [8] Undefined variable: str /var/www/html/Application/Home/Common/function.php 第 90 行.
NOTIC: [8] Undefined variable: count /var/www/html/Application/Home/Common/function.php 第 83 行.
NOTIC: [8] Undefined variable: str /var/www/html/Application/Home/Common/function.php 第 90 行.
NOTIC: [8] Undefined variable: count /var/www/html/Application/Home/Common/function.php 第 83 行.
NOTIC: [8] Undefined variable: str /var/www/html/Application/Home/Common/function.php 第 90 行.
NOTIC: [8] Undefined variable: count /var/www/html/Application/Home/Common/function.php 第 83 行.
NOTIC: [8] Undefined variable: str /var/www/html/Application/Home/Common/function.php 第 90 行.
NOTIC: [8] Undefined variable: count /var/www/html/Application/Home/Common/function.php 第 83 行.
NOTIC: [8] Undefined variable: str /var/www/html/Application/Home/Common/function.php 第 90 行.
NOTIC: [8] Undefined variable: count /var/www/html/Application/Home/Common/function.php 第 83 行.
NOTIC: [8] Undefined variable: nloglists /var/www/html/Application/Home/Controller/IndexController.class.php 第 48 行.
SQL: SHOW COLUMNS FROM `onethink_auth_group` [ RunTime:0.000360s ]
SQL: SHOW COLUMNS FROM `onethink_auth_group_access` [ RunTime:0.000284s ]
SQL: SELECT `uid`,`group_id`,`title`,`description`,`rules` FROM onethink_auth_group_access a INNER JOIN onethink_auth_group g on a.group_id=g.id  WHERE ( a.uid='0' and g.status='1' )  [ RunTime:0.000182s ]
NOTIC: [8] Undefined offset: 0 /var/www/html/Application/Common/Common/function.php 第 1016 行.
INFO: [ view_parse ] --START--
INFO: [ template_filter ] --START--
INFO: Run Behavior\ContentReplace [ RunTime:0.000159s ]
INFO: [ template_filter ] --END-- [ RunTime:0.000263s ]
SQL: SHOW COLUMNS FROM `onethink_channel` [ RunTime:0.000354s ]
SQL: SELECT `id`,`pid`,`title`,`url`,`sort`,`create_time`,`update_time`,`status`,`target` FROM `onethink_channel` WHERE ( status=1 ) ORDER BY sort  [ RunTime:0.000169s ]
SQL: SELECT `id`,`name`,`title`,`pid`,`sort`,`list_row`,`meta_title`,`keywords`,`description`,`template_index`,`template_lists`,`template_detail`,`template_edit`,`model`,`type`,`link_id`,`allow_publish`,`display`,`reply`,`check`,`reply_model`,`extend`,`create_time`,`update_time`,`status`,`icon` FROM `onethink_category` WHERE ( `id` = 1 ) LIMIT 1   [ RunTime:0.000180s ]
SQL: SELECT `id`,`name`,`pid`,`title`,`link_id` FROM `onethink_category` WHERE ( `status` = 1 ) ORDER BY sort  [ RunTime:0.000149s ]
INFO: [ view_parse ] --START--
INFO: [ template_filter ] --START--
INFO: Run Behavior\ContentReplace [ RunTime:0.000042s ]
INFO: [ template_filter ] --END-- [ RunTime:-0.007295s ]
INFO: Run Behavior\ParseTemplate [ RunTime:0.002827s ]
INFO: [ view_parse ] --END-- [ RunTime:0.002953s ]
INFO: [ view_filter ] --START--
INFO: Run Behavior\WriteHtmlCache [ RunTime:0.000053s ]
INFO: [ view_filter ] --END-- [ RunTime:0.000122s ]
INFO: Run Behavior\ParseTemplate [ RunTime:0.003837s ]
INFO: [ view_parse ] --END-- [ RunTime:0.002953s ]
INFO: [ view_filter ] --START--
INFO: Run Behavior\WriteHtmlCache [ RunTime:0.000016s ]
INFO: [ view_filter ] --END-- [ RunTime:-0.000890s ]
INFO: [ app_end ] --START--
INFO: Run Behavior\ShowPageTrace [ RunTime:0.000139s ]
INFO: [ app_end ] --END-- [ RunTime:0.000393s ]

[ 2017-06-09T23:40:51+08:00 ] 14.17.37.143 /
SQL: SHOW COLUMNS FROM `onethink_category` [ RunTime:0.000570s ]
SQL: SELECT `id`,`name`,`title`,`pid`,`sort`,`list_row`,`meta_title`,`keywords`,`description`,`template_index`,`template_lists`,`template_detail`,`template_edit`,`model`,`type`,`link_id`,`allow_publish`,`display`,`reply`,`check`,`reply_model`,`extend`,`create_time`,`update_time`,`status`,`icon` FROM `onethink_category` WHERE ( `status` = 1 ) ORDER BY sort  [ RunTime:0.000208s ]
SQL: SHOW COLUMNS FROM `onethink_document` [ RunTime:0.000515s ]
SQL: SELECT `id`,`uid`,`name`,`title`,`category_id`,`description`,`root`,`pid`,`model_id`,`type`,`position`,`link_id`,`cover_id`,`display`,`deadline`,`attach`,`view`,`comment`,`extend`,`level`,`create_time`,`update_time`,`status` FROM `onethink_document` WHERE ( `status` = 1 ) AND ( `pid` = 0 ) AND ( `create_time` < 1497022851 ) AND ( deadline = 0 OR deadline > 1497022851 ) ORDER BY `id` DESC  [ RunTime:0.000309s ]
SQL: SHOW COLUMNS FROM `onethink_action_log` [ RunTime:0.000355s ]
SQL: SELECT `id`,`action_id`,`user_id`,`action_ip`,`model`,`record_id`,`remark`,`status`,`create_time` FROM `onethink_action_log` WHERE ( `status` > -1 ) AND ( `action_id` = 12 ) AND ( `model` LIKE '新词%' ) ORDER BY `id` DESC LIMIT 20   [ RunTime:0.000294s ]
NOTIC: [8] Undefined variable: str /var/www/html/Application/Home/Common/function.php 第 90 行.
NOTIC: [8] Undefined variable: count /var/www/html/Application/Home/Common/function.php 第 83 行.
NOTIC: [8] Undefined variable: str /var/www/html/Application/Home/Common/function.php 第 90 行.
NOTIC: [8] Undefined variable: count /var/www/html/Application/Home/Common/function.php 第 83 行.
NOTIC: [8] Undefined variable: str /var/www/html/Application/Home/Common/function.php 第 90 行.
NOTIC: [8] Undefined variable: count /var/www/html/Application/Home/Common/function.php 第 83 行.
NOTIC: [8] Undefined variable: str /var/www/html/Application/Home/Common/function.php 第 90 行.
NOTIC: [8] Undefined variable: count /var/www/html/Application/Home/Common/function.php 第 83 行.
NOTIC: [8] Undefined variable: str /var/www/html/Application/Home/Common/function.php 第 90 行.
NOTIC: [8] Undefined variable: count /var/www/html/Application/Home/Common/function.php 第 83 行.
NOTIC: [8] Undefined variable: str /var/www/html/Application/Home/Common/function.php 第 90 行.
NOTIC: [8] Undefined variable: count /var/www/html/Application/Home/Common/function.php 第 83 行.
NOTIC: [8] Undefined variable: str /var/www/html/Application/Home/Common/function.php 第 90 行.
NOTIC: [8] Undefined variable: count /var/www/html/Application/Home/Common/function.php 第 83 行.
NOTIC: [8] Undefined variable: str /var/www/html/Application/Home/Common/function.php 第 90 行.
NOTIC: [8] Undefined variable: count /var/www/html/Application/Home/Common/function.php 第 83 行.
NOTIC: [8] Undefined variable: str /var/www/html/Application/Home/Common/function.php 第 90 行.
NOTIC: [8] Undefined variable: count /var/www/html/Application/Home/Common/function.php 第 83 行.
NOTIC: [8] Undefined variable: str /var/www/html/Application/Home/Common/function.php 第 90 行.
NOTIC: [8] Undefined variable: count /var/www/html/Application/Home/Common/function.php 第 83 行.
NOTIC: [8] Undefined variable: str /var/www/html/Application/Home/Common/function.php 第 90 行.
NOTIC: [8] Undefined variable: count /var/www/html/Application/Home/Common/function.php 第 83 行.
NOTIC: [8] Undefined variable: str /var/www/html/Application/Home/Common/function.php 第 90 行.
NOTIC: [8] Undefined variable: count /var/www/html/Application/Home/Common/function.php 第 83 行.
NOTIC: [8] Undefined variable: str /var/www/html/Application/Home/Common/function.php 第 90 行.
NOTIC: [8] Undefined variable: count /var/www/html/Application/Home/Common/function.php 第 83 行.
NOTIC: [8] Undefined variable: str /var/www/html/Application/Home/Common/function.php 第 90 行.
NOTIC: [8] Undefined variable: count /var/www/html/Application/Home/Common/function.php 第 83 行.
NOTIC: [8] Undefined variable: str /var/www/html/Application/Home/Common/function.php 第 90 行.
NOTIC: [8] Undefined variable: count /var/www/html/Application/Home/Common/function.php 第 83 行.
NOTIC: [8] Undefined variable: str /var/www/html/Application/Home/Common/function.php 第 90 行.
NOTIC: [8] Undefined variable: count /var/www/html/Application/Home/Common/function.php 第 83 行.
NOTIC: [8] Undefined variable: str /var/www/html/Application/Home/Common/function.php 第 90 行.
NOTIC: [8] Undefined variable: count /var/www/html/Application/Home/Common/function.php 第 83 行.
NOTIC: [8] Undefined variable: str /var/www/html/Application/Home/Common/function.php 第 90 行.
NOTIC: [8] Undefined variable: count /var/www/html/Application/Home/Common/function.php 第 83 行.
NOTIC: [8] Undefined variable: str /var/www/html/Application/Home/Common/function.php 第 90 行.
NOTIC: [8] Undefined variable: count /var/www/html/Application/Home/Common/function.php 第 83 行.
NOTIC: [8] Undefined variable: str /var/www/html/Application/Home/Common/function.php 第 90 行.
NOTIC: [8] Undefined variable: count /var/www/html/Application/Home/Common/function.php 第 83 行.
NOTIC: [8] Undefined variable: nloglists /var/www/html/Application/Home/Controller/IndexController.class.php 第 48 行.
SQL: SHOW COLUMNS FROM `onethink_auth_group` [ RunTime:0.000344s ]
SQL: SHOW COLUMNS FROM `onethink_auth_group_access` [ RunTime:0.000285s ]
SQL: SELECT `uid`,`group_id`,`title`,`description`,`rules` FROM onethink_auth_group_access a INNER JOIN onethink_auth_group g on a.group_id=g.id  WHERE ( a.uid='0' and g.status='1' )  [ RunTime:0.000192s ]
NOTIC: [8] Undefined offset: 0 /var/www/html/Application/Common/Common/function.php 第 1016 行.
INFO: [ view_parse ] --START--
INFO: [ template_filter ] --START--
INFO: Run Behavior\ContentReplace [ RunTime:0.000132s ]
INFO: [ template_filter ] --END-- [ RunTime:0.000220s ]
SQL: SHOW COLUMNS FROM `onethink_channel` [ RunTime:0.000369s ]
SQL: SELECT `id`,`pid`,`title`,`url`,`sort`,`create_time`,`update_time`,`status`,`target` FROM `onethink_channel` WHERE ( status=1 ) ORDER BY sort  [ RunTime:0.000192s ]
SQL: SELECT `id`,`name`,`title`,`pid`,`sort`,`list_row`,`meta_title`,`keywords`,`description`,`template_index`,`template_lists`,`template_detail`,`template_edit`,`model`,`type`,`link_id`,`allow_publish`,`display`,`reply`,`check`,`reply_model`,`extend`,`create_time`,`update_time`,`status`,`icon` FROM `onethink_category` WHERE ( `id` = 1 ) LIMIT 1   [ RunTime:0.000188s ]
SQL: SELECT `id`,`name`,`pid`,`title`,`link_id` FROM `onethink_category` WHERE ( `status` = 1 ) ORDER BY sort  [ RunTime:0.000152s ]
INFO: [ view_parse ] --START--
INFO: [ template_filter ] --START--
INFO: Run Behavior\ContentReplace [ RunTime:0.000062s ]
INFO: [ template_filter ] --END-- [ RunTime:-0.007379s ]
INFO: Run Behavior\ParseTemplate [ RunTime:0.002907s ]
INFO: [ view_parse ] --END-- [ RunTime:0.002988s ]
INFO: [ view_filter ] --START--
INFO: Run Behavior\WriteHtmlCache [ RunTime:0.000052s ]
INFO: [ view_filter ] --END-- [ RunTime:0.000121s ]
INFO: Run Behavior\ParseTemplate [ RunTime:0.003968s ]
INFO: [ view_parse ] --END-- [ RunTime:0.002988s ]
INFO: [ view_filter ] --START--
INFO: Run Behavior\WriteHtmlCache [ RunTime:0.000016s ]
INFO: [ view_filter ] --END-- [ RunTime:-0.000936s ]
INFO: [ app_end ] --START--
INFO: Run Behavior\ShowPageTrace [ RunTime:0.000080s ]
INFO: [ app_end ] --END-- [ RunTime:0.000235s ]

[ 2017-06-09T23:41:01+08:00 ] 116.77.73.243 /Home/Index/currentCount.html?search=:uk
INFO: [ app_begin ] --START--
INFO: Run Behavior\ReadHtmlCache [ RunTime:0.000067s ]
INFO: [ app_begin ] --END-- [ RunTime:0.000262s ]
SQL: SHOW COLUMNS FROM `onethink_config` [ RunTime:0.000597s ]
SQL: SELECT `type`,`name`,`value` FROM `onethink_config` WHERE ( `status` = 1 )  [ RunTime:0.000430s ]

[ 2017-06-09T23:41:06+08:00 ] 116.77.73.243 /Home/Index/currentCount.html?search=:uk
INFO: [ app_begin ] --START--
INFO: Run Behavior\ReadHtmlCache [ RunTime:0.000047s ]
INFO: [ app_begin ] --END-- [ RunTime:0.000144s ]
SQL: SHOW COLUMNS FROM `onethink_config` [ RunTime:0.000514s ]
SQL: SELECT `type`,`name`,`value` FROM `onethink_config` WHERE ( `status` = 1 )  [ RunTime:0.000347s ]

[ 2017-06-09T23:42:10+08:00 ] 116.77.73.243 /Home/Index/currentCount.html?search=:uk
INFO: [ app_begin ] --START--
INFO: Run Behavior\ReadHtmlCache [ RunTime:0.000048s ]
INFO: [ app_begin ] --END-- [ RunTime:0.000174s ]
SQL: SHOW COLUMNS FROM `onethink_config` [ RunTime:0.000522s ]
SQL: SELECT `type`,`name`,`value` FROM `onethink_config` WHERE ( `status` = 1 )  [ RunTime:0.000330s ]

[ 2017-06-09T23:42:10+08:00 ] 116.77.73.243 /Home/Index/totalCount.html
INFO: [ app_begin ] --START--
INFO: Run Behavior\ReadHtmlCache [ RunTime:0.000059s ]
INFO: [ app_begin ] --END-- [ RunTime:0.000190s ]
SQL: SHOW COLUMNS FROM `onethink_config` [ RunTime:0.000577s ]
SQL: SELECT `type`,`name`,`value` FROM `onethink_config` WHERE ( `status` = 1 )  [ RunTime:0.000359s ]

[ 2017-06-09T23:42:15+08:00 ] 116.77.73.243 /Home/Index/currentCount.html?search=:uk
INFO: [ app_begin ] --START--
INFO: Run Behavior\ReadHtmlCache [ RunTime:0.000052s ]
INFO: [ app_begin ] --END-- [ RunTime:0.000173s ]
SQL: SHOW COLUMNS FROM `onethink_config` [ RunTime:0.000497s ]
SQL: SELECT `type`,`name`,`value` FROM `onethink_config` WHERE ( `status` = 1 )  [ RunTime:0.000331s ]

