[ 2017-07-15T19:42:24+08:00 ] 10.24.181.84 /Home/Index/index.html
SQL: SHOW COLUMNS FROM `onethink_category` [ RunTime:0.000547s ]
SQL: SELECT `id`,`name`,`title`,`pid`,`sort`,`list_row`,`meta_title`,`keywords`,`description`,`template_index`,`template_lists`,`template_detail`,`template_edit`,`model`,`type`,`link_id`,`allow_publish`,`display`,`reply`,`check`,`reply_model`,`extend`,`create_time`,`update_time`,`status`,`icon` FROM `onethink_category` WHERE ( `status` = 1 ) ORDER BY sort  [ RunTime:0.000201s ]
SQL: SHOW COLUMNS FROM `onethink_document` [ RunTime:0.000473s ]
SQL: SELECT `id`,`uid`,`name`,`title`,`category_id`,`description`,`root`,`pid`,`model_id`,`type`,`position`,`link_id`,`cover_id`,`display`,`deadline`,`attach`,`view`,`comment`,`extend`,`level`,`create_time`,`update_time`,`status` FROM `onethink_document` WHERE ( `status` = 1 ) AND ( `pid` = 0 ) AND ( `create_time` < 1500118944 ) AND ( deadline = 0 OR deadline > 1500118944 ) ORDER BY `id` DESC  [ RunTime:0.000289s ]
SQL: SHOW COLUMNS FROM `onethink_action_log` [ RunTime:0.000395s ]
SQL: SELECT `id`,`action_id`,`user_id`,`action_ip`,`model`,`record_id`,`remark`,`status`,`create_time` FROM `onethink_action_log` WHERE ( `status` > -1 ) AND ( `action_id` = 12 ) AND ( `model` LIKE '新词%' ) ORDER BY `id` DESC LIMIT 20   [ RunTime:0.000309s ]
NOTIC: [8] Undefined variable: str /var/www/html/Application/Home/Common/function.php 第 90 行.
NOTIC: [8] Undefined variable: count /var/www/html/Application/Home/Common/function.php 第 83 行.
NOTIC: [8] Undefined variable: str /var/www/html/Application/Home/Common/function.php 第 90 行.
NOTIC: [8] Undefined variable: count /var/www/html/Application/Home/Common/function.php 第 83 行.
NOTIC: [8] Undefined variable: str /var/www/html/Application/Home/Common/function.php 第 90 行.
NOTIC: [8] Undefined variable: count /var/www/html/Application/Home/Common/function.php 第 83 行.
NOTIC: [8] Undefined variable: str /var/www/html/Application/Home/Common/function.php 第 90 行.
NOTIC: [8] Undefined variable: count /var/www/html/Application/Home/Common/function.php 第 83 行.
NOTIC: [8] Undefined variable: str /var/www/html/Application/Home/Common/function.php 第 90 行.
NOTIC: [8] Undefined variable: count /var/www/html/Application/Home/Common/function.php 第 83 行.
NOTIC: [8] Undefined variable: str /var/www/html/Application/Home/Common/function.php 第 90 行.
NOTIC: [8] Undefined variable: count /var/www/html/Application/Home/Common/function.php 第 83 行.
NOTIC: [8] Undefined variable: str /var/www/html/Application/Home/Common/function.php 第 90 行.
NOTIC: [8] Undefined variable: count /var/www/html/Application/Home/Common/function.php 第 83 行.
NOTIC: [8] Undefined variable: str /var/www/html/Application/Home/Common/function.php 第 90 行.
NOTIC: [8] Undefined variable: count /var/www/html/Application/Home/Common/function.php 第 83 行.
NOTIC: [8] Undefined variable: str /var/www/html/Application/Home/Common/function.php 第 90 行.
NOTIC: [8] Undefined variable: count /var/www/html/Application/Home/Common/function.php 第 83 行.
NOTIC: [8] Undefined variable: str /var/www/html/Application/Home/Common/function.php 第 90 行.
NOTIC: [8] Undefined variable: count /var/www/html/Application/Home/Common/function.php 第 83 行.
NOTIC: [8] Undefined variable: str /var/www/html/Application/Home/Common/function.php 第 90 行.
NOTIC: [8] Undefined variable: count /var/www/html/Application/Home/Common/function.php 第 83 行.
NOTIC: [8] Undefined variable: str /var/www/html/Application/Home/Common/function.php 第 90 行.
NOTIC: [8] Undefined variable: count /var/www/html/Application/Home/Common/function.php 第 83 行.
NOTIC: [8] Undefined variable: str /var/www/html/Application/Home/Common/function.php 第 90 行.
NOTIC: [8] Undefined variable: count /var/www/html/Application/Home/Common/function.php 第 83 行.
NOTIC: [8] Undefined variable: str /var/www/html/Application/Home/Common/function.php 第 90 行.
NOTIC: [8] Undefined variable: count /var/www/html/Application/Home/Common/function.php 第 83 行.
NOTIC: [8] Undefined variable: str /var/www/html/Application/Home/Common/function.php 第 90 行.
NOTIC: [8] Undefined variable: count /var/www/html/Application/Home/Common/function.php 第 83 行.
NOTIC: [8] Undefined variable: str /var/www/html/Application/Home/Common/function.php 第 90 行.
NOTIC: [8] Undefined variable: count /var/www/html/Application/Home/Common/function.php 第 83 行.
NOTIC: [8] Undefined variable: str /var/www/html/Application/Home/Common/function.php 第 90 行.
NOTIC: [8] Undefined variable: count /var/www/html/Application/Home/Common/function.php 第 83 行.
NOTIC: [8] Undefined variable: str /var/www/html/Application/Home/Common/function.php 第 90 行.
NOTIC: [8] Undefined variable: count /var/www/html/Application/Home/Common/function.php 第 83 行.
NOTIC: [8] Undefined variable: str /var/www/html/Application/Home/Common/function.php 第 90 行.
NOTIC: [8] Undefined variable: count /var/www/html/Application/Home/Common/function.php 第 83 行.
NOTIC: [8] Undefined variable: str /var/www/html/Application/Home/Common/function.php 第 90 行.
NOTIC: [8] Undefined variable: count /var/www/html/Application/Home/Common/function.php 第 83 行.
NOTIC: [8] Undefined variable: nloglists /var/www/html/Application/Home/Controller/IndexController.class.php 第 48 行.
SQL: SHOW COLUMNS FROM `onethink_auth_group` [ RunTime:0.000357s ]
SQL: SHOW COLUMNS FROM `onethink_auth_group_access` [ RunTime:0.000295s ]
SQL: SELECT `uid`,`group_id`,`title`,`description`,`rules` FROM onethink_auth_group_access a INNER JOIN onethink_auth_group g on a.group_id=g.id  WHERE ( a.uid='0' and g.status='1' )  [ RunTime:0.000196s ]
NOTIC: [8] Undefined offset: 0 /var/www/html/Application/Common/Common/function.php 第 1016 行.
INFO: [ view_parse ] --START--
INFO: [ template_filter ] --START--
INFO: Run Behavior\ContentReplace [ RunTime:0.000133s ]
INFO: [ template_filter ] --END-- [ RunTime:0.000221s ]
SQL: SHOW COLUMNS FROM `onethink_channel` [ RunTime:0.000352s ]
SQL: SELECT `id`,`pid`,`title`,`url`,`sort`,`create_time`,`update_time`,`status`,`target` FROM `onethink_channel` WHERE ( status=1 ) ORDER BY sort  [ RunTime:0.000197s ]
SQL: SELECT `id`,`name`,`title`,`pid`,`sort`,`list_row`,`meta_title`,`keywords`,`description`,`template_index`,`template_lists`,`template_detail`,`template_edit`,`model`,`type`,`link_id`,`allow_publish`,`display`,`reply`,`check`,`reply_model`,`extend`,`create_time`,`update_time`,`status`,`icon` FROM `onethink_category` WHERE ( `id` = 1 ) LIMIT 1   [ RunTime:0.000205s ]
SQL: SELECT `id`,`name`,`pid`,`title`,`link_id` FROM `onethink_category` WHERE ( `status` = 1 ) ORDER BY sort  [ RunTime:0.000150s ]
INFO: [ view_parse ] --START--
INFO: [ template_filter ] --START--
INFO: Run Behavior\ContentReplace [ RunTime:0.000042s ]
INFO: [ template_filter ] --END-- [ RunTime:-0.007717s ]
INFO: Run Behavior\ParseTemplate [ RunTime:0.002939s ]
INFO: [ view_parse ] --END-- [ RunTime:0.003041s ]
INFO: [ view_filter ] --START--
INFO: Run Behavior\WriteHtmlCache [ RunTime:0.000045s ]
INFO: [ view_filter ] --END-- [ RunTime:0.000112s ]
INFO: Run Behavior\ParseTemplate [ RunTime:0.003935s ]
INFO: [ view_parse ] --END-- [ RunTime:0.003041s ]
INFO: [ view_filter ] --START--
INFO: Run Behavior\WriteHtmlCache [ RunTime:0.000016s ]
INFO: [ view_filter ] --END-- [ RunTime:-0.000879s ]
INFO: [ app_end ] --START--
INFO: Run Behavior\ShowPageTrace [ RunTime:0.000050s ]
INFO: [ app_end ] --END-- [ RunTime:0.000132s ]

[ 2017-07-15T19:42:26+08:00 ] 10.24.181.84 /Home/Article/index/category/blog.html
SQL: SHOW COLUMNS FROM `onethink_category` [ RunTime:0.000561s ]
SQL: SELECT `id`,`name`,`title`,`pid`,`sort`,`list_row`,`meta_title`,`keywords`,`description`,`template_index`,`template_lists`,`template_detail`,`template_edit`,`model`,`type`,`link_id`,`allow_publish`,`display`,`reply`,`check`,`reply_model`,`extend`,`create_time`,`update_time`,`status`,`icon` FROM `onethink_category` WHERE ( `name` = 'blog' ) LIMIT 1   [ RunTime:0.000232s ]
INFO: [ view_parse ] --START--
INFO: [ template_filter ] --START--
INFO: Run Behavior\ContentReplace [ RunTime:0.000090s ]
INFO: [ template_filter ] --END-- [ RunTime:0.000175s ]
SQL: SHOW COLUMNS FROM `onethink_channel` [ RunTime:0.000353s ]
SQL: SELECT `id`,`pid`,`title`,`url`,`sort`,`create_time`,`update_time`,`status`,`target` FROM `onethink_channel` WHERE ( status=1 ) ORDER BY sort  [ RunTime:0.000213s ]
SQL: SELECT `id`,`name`,`title`,`pid`,`sort`,`list_row`,`meta_title`,`keywords`,`description`,`template_index`,`template_lists`,`template_detail`,`template_edit`,`model`,`type`,`link_id`,`allow_publish`,`display`,`reply`,`check`,`reply_model`,`extend`,`create_time`,`update_time`,`status`,`icon` FROM `onethink_category` WHERE ( `id` = 1 ) LIMIT 1   [ RunTime:0.000233s ]
SQL: SELECT `id`,`name`,`pid`,`title`,`link_id` FROM `onethink_category` WHERE ( `status` = 1 ) ORDER BY sort  [ RunTime:0.000150s ]
INFO: [ view_parse ] --START--
INFO: [ template_filter ] --START--
INFO: Run Behavior\ContentReplace [ RunTime:0.000043s ]
INFO: [ template_filter ] --END-- [ RunTime:-0.007016s ]
INFO: Run Behavior\ParseTemplate [ RunTime:0.002967s ]
INFO: [ view_parse ] --END-- [ RunTime:0.003069s ]
INFO: [ view_filter ] --START--
INFO: Run Behavior\WriteHtmlCache [ RunTime:0.000069s ]
INFO: [ view_filter ] --END-- [ RunTime:0.000139s ]
SQL: SELECT `id`,`name`,`title`,`pid`,`sort`,`list_row`,`meta_title`,`keywords`,`description`,`template_index`,`template_lists`,`template_detail`,`template_edit`,`model`,`type`,`link_id`,`allow_publish`,`display`,`reply`,`check`,`reply_model`,`extend`,`create_time`,`update_time`,`status`,`icon` FROM `onethink_category` WHERE ( `id` = 1 ) LIMIT 1   [ RunTime:0.000178s ]
SQL: SELECT `id`,`name`,`pid`,`title`,`link_id` FROM `onethink_category` WHERE ( `status` = 1 ) ORDER BY sort  [ RunTime:0.000169s ]
SQL: SHOW COLUMNS FROM `onethink_document` [ RunTime:0.000485s ]
SQL: SELECT `id`,`uid`,`name`,`title`,`category_id`,`description`,`root`,`pid`,`model_id`,`type`,`position`,`link_id`,`cover_id`,`display`,`deadline`,`attach`,`view`,`comment`,`extend`,`level`,`create_time`,`update_time`,`status` FROM `onethink_document` WHERE ( `status` = 1 ) AND ( `pid` = 0 ) AND ( `category_id` = 2 ) AND ( `create_time` < 1500118946 ) AND ( deadline = 0 OR deadline > 1500118946 ) ORDER BY `level` DESC,`id` DESC LIMIT 0,10   [ RunTime:0.000319s ]
INFO: Run Behavior\ParseTemplate [ RunTime:0.007937s ]
INFO: [ view_parse ] --END-- [ RunTime:0.003069s ]
INFO: [ view_filter ] --START--
INFO: Run Behavior\WriteHtmlCache [ RunTime:0.000016s ]
INFO: [ view_filter ] --END-- [ RunTime:-0.004808s ]
INFO: [ app_end ] --START--
INFO: Run Behavior\ShowPageTrace [ RunTime:0.000057s ]
INFO: [ app_end ] --END-- [ RunTime:0.000136s ]

[ 2017-07-15T19:42:27+08:00 ] 10.24.181.84 /Home/User/login.html
INFO: [ view_parse ] --START--
INFO: [ template_filter ] --START--
INFO: Run Behavior\ContentReplace [ RunTime:0.000116s ]
INFO: [ template_filter ] --END-- [ RunTime:0.000232s ]
SQL: SHOW COLUMNS FROM `onethink_channel` [ RunTime:0.000402s ]
SQL: SELECT `id`,`pid`,`title`,`url`,`sort`,`create_time`,`update_time`,`status`,`target` FROM `onethink_channel` WHERE ( status=1 ) ORDER BY sort  [ RunTime:0.000187s ]
INFO: Run Behavior\ParseTemplate [ RunTime:0.009796s ]
INFO: [ view_parse ] --END-- [ RunTime:0.009898s ]
INFO: [ view_filter ] --START--
INFO: Run Behavior\WriteHtmlCache [ RunTime:0.000047s ]
INFO: [ view_filter ] --END-- [ RunTime:0.000113s ]
INFO: [ app_end ] --START--
INFO: Run Behavior\ShowPageTrace [ RunTime:0.000050s ]
INFO: [ app_end ] --END-- [ RunTime:0.000240s ]

[ 2017-07-15T19:42:29+08:00 ] 10.24.181.84 /Home/User/register.html
INFO: [ view_parse ] --START--
INFO: [ template_filter ] --START--
INFO: Run Behavior\ContentReplace [ RunTime:0.000109s ]
INFO: [ template_filter ] --END-- [ RunTime:0.000215s ]
SQL: SHOW COLUMNS FROM `onethink_channel` [ RunTime:0.000443s ]
SQL: SELECT `id`,`pid`,`title`,`url`,`sort`,`create_time`,`update_time`,`status`,`target` FROM `onethink_channel` WHERE ( status=1 ) ORDER BY sort  [ RunTime:0.000189s ]
INFO: Run Behavior\ParseTemplate [ RunTime:0.009958s ]
INFO: [ view_parse ] --END-- [ RunTime:0.010066s ]
INFO: [ view_filter ] --START--
INFO: Run Behavior\WriteHtmlCache [ RunTime:0.000052s ]
INFO: [ view_filter ] --END-- [ RunTime:0.000118s ]
INFO: [ app_end ] --START--
INFO: Run Behavior\ShowPageTrace [ RunTime:0.000072s ]
INFO: [ app_end ] --END-- [ RunTime:0.000164s ]

[ 2017-07-15T19:42:31+08:00 ] 10.24.181.84 /Home/Article/lists/category/default_blog.html
SQL: SHOW COLUMNS FROM `onethink_category` [ RunTime:0.000594s ]
SQL: SELECT `id`,`name`,`title`,`pid`,`sort`,`list_row`,`meta_title`,`keywords`,`description`,`template_index`,`template_lists`,`template_detail`,`template_edit`,`model`,`type`,`link_id`,`allow_publish`,`display`,`reply`,`check`,`reply_model`,`extend`,`create_time`,`update_time`,`status`,`icon` FROM `onethink_category` WHERE ( `name` = 'default_blog' ) LIMIT 1   [ RunTime:0.000284s ]
SQL: SHOW COLUMNS FROM `onethink_document` [ RunTime:0.000501s ]
SQL: SELECT `id`,`uid`,`name`,`title`,`category_id`,`description`,`root`,`pid`,`model_id`,`type`,`position`,`link_id`,`cover_id`,`display`,`deadline`,`attach`,`view`,`comment`,`extend`,`level`,`create_time`,`update_time`,`status` FROM `onethink_document` WHERE ( `status` = 1 ) AND ( `pid` = 0 ) AND ( `category_id` = 2 ) AND ( `create_time` < 1500118951 ) AND ( deadline = 0 OR deadline > 1500118951 ) ORDER BY `id` DESC LIMIT 0,10   [ RunTime:0.000300s ]
INFO: [ view_parse ] --START--
INFO: [ template_filter ] --START--
INFO: Run Behavior\ContentReplace [ RunTime:0.000086s ]
INFO: [ template_filter ] --END-- [ RunTime:0.000185s ]
SQL: SHOW COLUMNS FROM `onethink_channel` [ RunTime:0.000354s ]
SQL: SELECT `id`,`pid`,`title`,`url`,`sort`,`create_time`,`update_time`,`status`,`target` FROM `onethink_channel` WHERE ( status=1 ) ORDER BY sort  [ RunTime:0.000187s ]
SQL: SELECT `pid` FROM `onethink_category` WHERE ( `id` = 2 ) LIMIT 1   [ RunTime:0.000163s ]
SQL: SELECT `id`,`name`,`pid`,`title`,`link_id` FROM `onethink_category` WHERE ( `pid` = 1 ) AND ( `status` = 1 ) ORDER BY sort  [ RunTime:0.000181s ]
INFO: [ view_parse ] --START--
INFO: [ template_filter ] --START--
INFO: Run Behavior\ContentReplace [ RunTime:0.000062s ]
INFO: [ template_filter ] --END-- [ RunTime:-0.006949s ]
INFO: Run Behavior\ParseTemplate [ RunTime:0.003115s ]
INFO: [ view_parse ] --END-- [ RunTime:0.003227s ]
INFO: [ view_filter ] --START--
INFO: Run Behavior\WriteHtmlCache [ RunTime:0.000050s ]
INFO: [ view_filter ] --END-- [ RunTime:0.000139s ]
SQL: SELECT COUNT(id) AS tp_count FROM `onethink_document` WHERE ( `status` = 1 ) AND ( `pid` = 0 ) AND ( `category_id` = 2 ) AND ( `create_time` < 1500118951 ) AND ( deadline = 0 OR deadline > 1500118951 ) LIMIT 1   [ RunTime:0.000223s ]
INFO: Run Behavior\ParseTemplate [ RunTime:0.005556s ]
INFO: [ view_parse ] --END-- [ RunTime:0.003227s ]
INFO: [ view_filter ] --START--
INFO: Run Behavior\WriteHtmlCache [ RunTime:0.000016s ]
INFO: [ view_filter ] --END-- [ RunTime:-0.002277s ]
INFO: [ app_end ] --START--
INFO: Run Behavior\ShowPageTrace [ RunTime:0.000051s ]
INFO: [ app_end ] --END-- [ RunTime:0.000150s ]

[ 2017-07-15T19:42:33+08:00 ] 10.24.181.84 /Home/Article/detail/id/8.html
INFO: [ view_parse ] --START--
INFO: [ template_filter ] --START--
INFO: Run Behavior\ContentReplace [ RunTime:0.000051s ]
INFO: [ template_filter ] --END-- [ RunTime:0.000154s ]
INFO: Run Behavior\ParseTemplate [ RunTime:0.002462s ]
INFO: [ view_parse ] --END-- [ RunTime:0.002593s ]
INFO: [ view_filter ] --START--
INFO: Run Behavior\WriteHtmlCache [ RunTime:0.000051s ]
INFO: [ view_filter ] --END-- [ RunTime:0.000118s ]

[ 2017-07-15T19:42:35+08:00 ] 10.24.181.84 /Home/Article/detail/id/7.html
INFO: [ view_parse ] --START--
INFO: [ template_filter ] --START--
INFO: Run Behavior\ContentReplace [ RunTime:0.000049s ]
INFO: [ template_filter ] --END-- [ RunTime:0.000135s ]
INFO: Run Behavior\ParseTemplate [ RunTime:0.002237s ]
INFO: [ view_parse ] --END-- [ RunTime:0.002341s ]
INFO: [ view_filter ] --START--
INFO: Run Behavior\WriteHtmlCache [ RunTime:0.000044s ]
INFO: [ view_filter ] --END-- [ RunTime:0.000110s ]

[ 2017-07-15T19:42:37+08:00 ] 10.24.181.84 /Home/Article/detail/id/2.html
INFO: [ view_parse ] --START--
INFO: [ template_filter ] --START--
INFO: Run Behavior\ContentReplace [ RunTime:0.000048s ]
INFO: [ template_filter ] --END-- [ RunTime:0.000134s ]
INFO: Run Behavior\ParseTemplate [ RunTime:0.002355s ]
INFO: [ view_parse ] --END-- [ RunTime:0.002499s ]
INFO: [ view_filter ] --START--
INFO: Run Behavior\WriteHtmlCache [ RunTime:0.000079s ]
INFO: [ view_filter ] --END-- [ RunTime:0.000165s ]

[ 2017-07-15T19:42:39+08:00 ] 10.24.181.84 /Home/Article/detail/id/5.html
INFO: [ view_parse ] --START--
INFO: [ template_filter ] --START--
INFO: Run Behavior\ContentReplace [ RunTime:0.000050s ]
INFO: [ template_filter ] --END-- [ RunTime:0.000137s ]
INFO: Run Behavior\ParseTemplate [ RunTime:0.002358s ]
INFO: [ view_parse ] --END-- [ RunTime:0.002463s ]
INFO: [ view_filter ] --START--
INFO: Run Behavior\WriteHtmlCache [ RunTime:0.000045s ]
INFO: [ view_filter ] --END-- [ RunTime:0.000110s ]

[ 2017-07-15T19:42:41+08:00 ] 10.24.181.84 /Home/Article/detail/id/4.html
INFO: [ view_parse ] --START--
INFO: [ template_filter ] --START--
INFO: Run Behavior\ContentReplace [ RunTime:0.000051s ]
INFO: [ template_filter ] --END-- [ RunTime:0.000155s ]
INFO: Run Behavior\ParseTemplate [ RunTime:0.002307s ]
INFO: [ view_parse ] --END-- [ RunTime:0.002420s ]
INFO: [ view_filter ] --START--
INFO: Run Behavior\WriteHtmlCache [ RunTime:0.000051s ]
INFO: [ view_filter ] --END-- [ RunTime:0.000117s ]

[ 2017-07-15T20:18:14+08:00 ] 10.24.181.84 /
SQL: SHOW COLUMNS FROM `onethink_category` [ RunTime:0.000555s ]
SQL: SELECT `id`,`name`,`title`,`pid`,`sort`,`list_row`,`meta_title`,`keywords`,`description`,`template_index`,`template_lists`,`template_detail`,`template_edit`,`model`,`type`,`link_id`,`allow_publish`,`display`,`reply`,`check`,`reply_model`,`extend`,`create_time`,`update_time`,`status`,`icon` FROM `onethink_category` WHERE ( `status` = 1 ) ORDER BY sort  [ RunTime:0.000229s ]
SQL: SHOW COLUMNS FROM `onethink_document` [ RunTime:0.000540s ]
SQL: SELECT `id`,`uid`,`name`,`title`,`category_id`,`description`,`root`,`pid`,`model_id`,`type`,`position`,`link_id`,`cover_id`,`display`,`deadline`,`attach`,`view`,`comment`,`extend`,`level`,`create_time`,`update_time`,`status` FROM `onethink_document` WHERE ( `status` = 1 ) AND ( `pid` = 0 ) AND ( `create_time` < 1500121094 ) AND ( deadline = 0 OR deadline > 1500121094 ) ORDER BY `id` DESC  [ RunTime:0.000287s ]
SQL: SHOW COLUMNS FROM `onethink_action_log` [ RunTime:0.000347s ]
SQL: SELECT `id`,`action_id`,`user_id`,`action_ip`,`model`,`record_id`,`remark`,`status`,`create_time` FROM `onethink_action_log` WHERE ( `status` > -1 ) AND ( `action_id` = 12 ) AND ( `model` LIKE '新词%' ) ORDER BY `id` DESC LIMIT 20   [ RunTime:0.000318s ]
NOTIC: [8] Undefined variable: str /var/www/html/Application/Home/Common/function.php 第 90 行.
NOTIC: [8] Undefined variable: count /var/www/html/Application/Home/Common/function.php 第 83 行.
NOTIC: [8] Undefined variable: str /var/www/html/Application/Home/Common/function.php 第 90 行.
NOTIC: [8] Undefined variable: count /var/www/html/Application/Home/Common/function.php 第 83 行.
NOTIC: [8] Undefined variable: str /var/www/html/Application/Home/Common/function.php 第 90 行.
NOTIC: [8] Undefined variable: count /var/www/html/Application/Home/Common/function.php 第 83 行.
NOTIC: [8] Undefined variable: str /var/www/html/Application/Home/Common/function.php 第 90 行.
NOTIC: [8] Undefined variable: count /var/www/html/Application/Home/Common/function.php 第 83 行.
NOTIC: [8] Undefined variable: str /var/www/html/Application/Home/Common/function.php 第 90 行.
NOTIC: [8] Undefined variable: count /var/www/html/Application/Home/Common/function.php 第 83 行.
NOTIC: [8] Undefined variable: str /var/www/html/Application/Home/Common/function.php 第 90 行.
NOTIC: [8] Undefined variable: count /var/www/html/Application/Home/Common/function.php 第 83 行.
NOTIC: [8] Undefined variable: str /var/www/html/Application/Home/Common/function.php 第 90 行.
NOTIC: [8] Undefined variable: count /var/www/html/Application/Home/Common/function.php 第 83 行.
NOTIC: [8] Undefined variable: str /var/www/html/Application/Home/Common/function.php 第 90 行.
NOTIC: [8] Undefined variable: count /var/www/html/Application/Home/Common/function.php 第 83 行.
NOTIC: [8] Undefined variable: str /var/www/html/Application/Home/Common/function.php 第 90 行.
NOTIC: [8] Undefined variable: count /var/www/html/Application/Home/Common/function.php 第 83 行.
NOTIC: [8] Undefined variable: str /var/www/html/Application/Home/Common/function.php 第 90 行.
NOTIC: [8] Undefined variable: count /var/www/html/Application/Home/Common/function.php 第 83 行.
NOTIC: [8] Undefined variable: str /var/www/html/Application/Home/Common/function.php 第 90 行.
NOTIC: [8] Undefined variable: count /var/www/html/Application/Home/Common/function.php 第 83 行.
NOTIC: [8] Undefined variable: str /var/www/html/Application/Home/Common/function.php 第 90 行.
NOTIC: [8] Undefined variable: count /var/www/html/Application/Home/Common/function.php 第 83 行.
NOTIC: [8] Undefined variable: str /var/www/html/Application/Home/Common/function.php 第 90 行.
NOTIC: [8] Undefined variable: count /var/www/html/Application/Home/Common/function.php 第 83 行.
NOTIC: [8] Undefined variable: str /var/www/html/Application/Home/Common/function.php 第 90 行.
NOTIC: [8] Undefined variable: count /var/www/html/Application/Home/Common/function.php 第 83 行.
NOTIC: [8] Undefined variable: str /var/www/html/Application/Home/Common/function.php 第 90 行.
NOTIC: [8] Undefined variable: count /var/www/html/Application/Home/Common/function.php 第 83 行.
NOTIC: [8] Undefined variable: str /var/www/html/Application/Home/Common/function.php 第 90 行.
NOTIC: [8] Undefined variable: count /var/www/html/Application/Home/Common/function.php 第 83 行.
NOTIC: [8] Undefined variable: str /var/www/html/Application/Home/Common/function.php 第 90 行.
NOTIC: [8] Undefined variable: count /var/www/html/Application/Home/Common/function.php 第 83 行.
NOTIC: [8] Undefined variable: str /var/www/html/Application/Home/Common/function.php 第 90 行.
NOTIC: [8] Undefined variable: count /var/www/html/Application/Home/Common/function.php 第 83 行.
NOTIC: [8] Undefined variable: str /var/www/html/Application/Home/Common/function.php 第 90 行.
NOTIC: [8] Undefined variable: count /var/www/html/Application/Home/Common/function.php 第 83 行.
NOTIC: [8] Undefined variable: str /var/www/html/Application/Home/Common/function.php 第 90 行.
NOTIC: [8] Undefined variable: count /var/www/html/Application/Home/Common/function.php 第 83 行.
NOTIC: [8] Undefined variable: nloglists /var/www/html/Application/Home/Controller/IndexController.class.php 第 48 行.
SQL: SHOW COLUMNS FROM `onethink_auth_group` [ RunTime:0.000392s ]
SQL: SHOW COLUMNS FROM `onethink_auth_group_access` [ RunTime:0.000279s ]
SQL: SELECT `uid`,`group_id`,`title`,`description`,`rules` FROM onethink_auth_group_access a INNER JOIN onethink_auth_group g on a.group_id=g.id  WHERE ( a.uid='0' and g.status='1' )  [ RunTime:0.000196s ]
NOTIC: [8] Undefined offset: 0 /var/www/html/Application/Common/Common/function.php 第 1016 行.
INFO: [ view_parse ] --START--
INFO: [ template_filter ] --START--
INFO: Run Behavior\ContentReplace [ RunTime:0.000144s ]
INFO: [ template_filter ] --END-- [ RunTime:0.000234s ]
SQL: SHOW COLUMNS FROM `onethink_channel` [ RunTime:0.000417s ]
SQL: SELECT `id`,`pid`,`title`,`url`,`sort`,`create_time`,`update_time`,`status`,`target` FROM `onethink_channel` WHERE ( status=1 ) ORDER BY sort  [ RunTime:0.000176s ]
SQL: SELECT `id`,`name`,`title`,`pid`,`sort`,`list_row`,`meta_title`,`keywords`,`description`,`template_index`,`template_lists`,`template_detail`,`template_edit`,`model`,`type`,`link_id`,`allow_publish`,`display`,`reply`,`check`,`reply_model`,`extend`,`create_time`,`update_time`,`status`,`icon` FROM `onethink_category` WHERE ( `id` = 1 ) LIMIT 1   [ RunTime:0.000190s ]
SQL: SELECT `id`,`name`,`pid`,`title`,`link_id` FROM `onethink_category` WHERE ( `status` = 1 ) ORDER BY sort  [ RunTime:0.000188s ]
INFO: [ view_parse ] --START--
INFO: [ template_filter ] --START--
INFO: Run Behavior\ContentReplace [ RunTime:0.000049s ]
INFO: [ template_filter ] --END-- [ RunTime:-0.007778s ]
INFO: Run Behavior\ParseTemplate [ RunTime:0.002978s ]
INFO: [ view_parse ] --END-- [ RunTime:0.003060s ]
INFO: [ view_filter ] --START--
INFO: Run Behavior\WriteHtmlCache [ RunTime:0.000052s ]
INFO: [ view_filter ] --END-- [ RunTime:0.000129s ]
INFO: Run Behavior\ParseTemplate [ RunTime:0.004059s ]
INFO: [ view_parse ] --END-- [ RunTime:0.003060s ]
INFO: [ view_filter ] --START--
INFO: Run Behavior\WriteHtmlCache [ RunTime:0.000017s ]
INFO: [ view_filter ] --END-- [ RunTime:-0.000946s ]
INFO: [ app_end ] --START--
INFO: Run Behavior\ShowPageTrace [ RunTime:0.000060s ]
INFO: [ app_end ] --END-- [ RunTime:0.000164s ]

[ 2017-07-15T21:17:48+08:00 ] 10.24.181.84 /
SQL: SHOW COLUMNS FROM `onethink_category` [ RunTime:0.000542s ]
SQL: SELECT `id`,`name`,`title`,`pid`,`sort`,`list_row`,`meta_title`,`keywords`,`description`,`template_index`,`template_lists`,`template_detail`,`template_edit`,`model`,`type`,`link_id`,`allow_publish`,`display`,`reply`,`check`,`reply_model`,`extend`,`create_time`,`update_time`,`status`,`icon` FROM `onethink_category` WHERE ( `status` = 1 ) ORDER BY sort  [ RunTime:0.000211s ]
SQL: SHOW COLUMNS FROM `onethink_document` [ RunTime:0.000461s ]
SQL: SELECT `id`,`uid`,`name`,`title`,`category_id`,`description`,`root`,`pid`,`model_id`,`type`,`position`,`link_id`,`cover_id`,`display`,`deadline`,`attach`,`view`,`comment`,`extend`,`level`,`create_time`,`update_time`,`status` FROM `onethink_document` WHERE ( `status` = 1 ) AND ( `pid` = 0 ) AND ( `create_time` < 1500124668 ) AND ( deadline = 0 OR deadline > 1500124668 ) ORDER BY `id` DESC  [ RunTime:0.000271s ]
SQL: SHOW COLUMNS FROM `onethink_action_log` [ RunTime:0.000453s ]
SQL: SELECT `id`,`action_id`,`user_id`,`action_ip`,`model`,`record_id`,`remark`,`status`,`create_time` FROM `onethink_action_log` WHERE ( `status` > -1 ) AND ( `action_id` = 12 ) AND ( `model` LIKE '新词%' ) ORDER BY `id` DESC LIMIT 20   [ RunTime:0.000272s ]
NOTIC: [8] Undefined variable: str /var/www/html/Application/Home/Common/function.php 第 90 行.
NOTIC: [8] Undefined variable: count /var/www/html/Application/Home/Common/function.php 第 83 行.
NOTIC: [8] Undefined variable: str /var/www/html/Application/Home/Common/function.php 第 90 行.
NOTIC: [8] Undefined variable: count /var/www/html/Application/Home/Common/function.php 第 83 行.
NOTIC: [8] Undefined variable: str /var/www/html/Application/Home/Common/function.php 第 90 行.
NOTIC: [8] Undefined variable: count /var/www/html/Application/Home/Common/function.php 第 83 行.
NOTIC: [8] Undefined variable: str /var/www/html/Application/Home/Common/function.php 第 90 行.
NOTIC: [8] Undefined variable: count /var/www/html/Application/Home/Common/function.php 第 83 行.
NOTIC: [8] Undefined variable: str /var/www/html/Application/Home/Common/function.php 第 90 行.
NOTIC: [8] Undefined variable: count /var/www/html/Application/Home/Common/function.php 第 83 行.
NOTIC: [8] Undefined variable: str /var/www/html/Application/Home/Common/function.php 第 90 行.
NOTIC: [8] Undefined variable: count /var/www/html/Application/Home/Common/function.php 第 83 行.
NOTIC: [8] Undefined variable: str /var/www/html/Application/Home/Common/function.php 第 90 行.
NOTIC: [8] Undefined variable: count /var/www/html/Application/Home/Common/function.php 第 83 行.
NOTIC: [8] Undefined variable: str /var/www/html/Application/Home/Common/function.php 第 90 行.
NOTIC: [8] Undefined variable: count /var/www/html/Application/Home/Common/function.php 第 83 行.
NOTIC: [8] Undefined variable: str /var/www/html/Application/Home/Common/function.php 第 90 行.
NOTIC: [8] Undefined variable: count /var/www/html/Application/Home/Common/function.php 第 83 行.
NOTIC: [8] Undefined variable: str /var/www/html/Application/Home/Common/function.php 第 90 行.
NOTIC: [8] Undefined variable: count /var/www/html/Application/Home/Common/function.php 第 83 行.
NOTIC: [8] Undefined variable: str /var/www/html/Application/Home/Common/function.php 第 90 行.
NOTIC: [8] Undefined variable: count /var/www/html/Application/Home/Common/function.php 第 83 行.
NOTIC: [8] Undefined variable: str /var/www/html/Application/Home/Common/function.php 第 90 行.
NOTIC: [8] Undefined variable: count /var/www/html/Application/Home/Common/function.php 第 83 行.
NOTIC: [8] Undefined variable: str /var/www/html/Application/Home/Common/function.php 第 90 行.
NOTIC: [8] Undefined variable: count /var/www/html/Application/Home/Common/function.php 第 83 行.
NOTIC: [8] Undefined variable: str /var/www/html/Application/Home/Common/function.php 第 90 行.
NOTIC: [8] Undefined variable: count /var/www/html/Application/Home/Common/function.php 第 83 行.
NOTIC: [8] Undefined variable: str /var/www/html/Application/Home/Common/function.php 第 90 行.
NOTIC: [8] Undefined variable: count /var/www/html/Application/Home/Common/function.php 第 83 行.
NOTIC: [8] Undefined variable: str /var/www/html/Application/Home/Common/function.php 第 90 行.
NOTIC: [8] Undefined variable: count /var/www/html/Application/Home/Common/function.php 第 83 行.
NOTIC: [8] Undefined variable: str /var/www/html/Application/Home/Common/function.php 第 90 行.
NOTIC: [8] Undefined variable: count /var/www/html/Application/Home/Common/function.php 第 83 行.
NOTIC: [8] Undefined variable: str /var/www/html/Application/Home/Common/function.php 第 90 行.
NOTIC: [8] Undefined variable: count /var/www/html/Application/Home/Common/function.php 第 83 行.
NOTIC: [8] Undefined variable: str /var/www/html/Application/Home/Common/function.php 第 90 行.
NOTIC: [8] Undefined variable: count /var/www/html/Application/Home/Common/function.php 第 83 行.
NOTIC: [8] Undefined variable: str /var/www/html/Application/Home/Common/function.php 第 90 行.
NOTIC: [8] Undefined variable: count /var/www/html/Application/Home/Common/function.php 第 83 行.
NOTIC: [8] Undefined variable: nloglists /var/www/html/Application/Home/Controller/IndexController.class.php 第 48 行.
SQL: SHOW COLUMNS FROM `onethink_auth_group` [ RunTime:0.000335s ]
SQL: SHOW COLUMNS FROM `onethink_auth_group_access` [ RunTime:0.000280s ]
SQL: SELECT `uid`,`group_id`,`title`,`description`,`rules` FROM onethink_auth_group_access a INNER JOIN onethink_auth_group g on a.group_id=g.id  WHERE ( a.uid='0' and g.status='1' )  [ RunTime:0.000181s ]
NOTIC: [8] Undefined offset: 0 /var/www/html/Application/Common/Common/function.php 第 1016 行.
INFO: [ view_parse ] --START--
INFO: [ template_filter ] --START--
INFO: Run Behavior\ContentReplace [ RunTime:0.000135s ]
INFO: [ template_filter ] --END-- [ RunTime:0.000226s ]
SQL: SHOW COLUMNS FROM `onethink_channel` [ RunTime:0.000368s ]
SQL: SELECT `id`,`pid`,`title`,`url`,`sort`,`create_time`,`update_time`,`status`,`target` FROM `onethink_channel` WHERE ( status=1 ) ORDER BY sort  [ RunTime:0.000165s ]
SQL: SELECT `id`,`name`,`title`,`pid`,`sort`,`list_row`,`meta_title`,`keywords`,`description`,`template_index`,`template_lists`,`template_detail`,`template_edit`,`model`,`type`,`link_id`,`allow_publish`,`display`,`reply`,`check`,`reply_model`,`extend`,`create_time`,`update_time`,`status`,`icon` FROM `onethink_category` WHERE ( `id` = 1 ) LIMIT 1   [ RunTime:0.000178s ]
SQL: SELECT `id`,`name`,`pid`,`title`,`link_id` FROM `onethink_category` WHERE ( `status` = 1 ) ORDER BY sort  [ RunTime:0.000149s ]
INFO: [ view_parse ] --START--
INFO: [ template_filter ] --START--
INFO: Run Behavior\ContentReplace [ RunTime:0.000043s ]
INFO: [ template_filter ] --END-- [ RunTime:-0.007282s ]
INFO: Run Behavior\ParseTemplate [ RunTime:0.002750s ]
INFO: [ view_parse ] --END-- [ RunTime:0.002855s ]
INFO: [ view_filter ] --START--
INFO: Run Behavior\WriteHtmlCache [ RunTime:0.000053s ]
INFO: [ view_filter ] --END-- [ RunTime:0.000124s ]
INFO: Run Behavior\ParseTemplate [ RunTime:0.003766s ]
INFO: [ view_parse ] --END-- [ RunTime:0.002855s ]
INFO: [ view_filter ] --START--
INFO: Run Behavior\WriteHtmlCache [ RunTime:0.000016s ]
INFO: [ view_filter ] --END-- [ RunTime:-0.000891s ]
INFO: [ app_end ] --START--
INFO: Run Behavior\ShowPageTrace [ RunTime:0.000058s ]
INFO: [ app_end ] --END-- [ RunTime:0.000140s ]

[ 2017-07-15T22:20:33+08:00 ] 10.24.181.84 /
SQL: SHOW COLUMNS FROM `onethink_category` [ RunTime:0.000523s ]
SQL: SELECT `id`,`name`,`title`,`pid`,`sort`,`list_row`,`meta_title`,`keywords`,`description`,`template_index`,`template_lists`,`template_detail`,`template_edit`,`model`,`type`,`link_id`,`allow_publish`,`display`,`reply`,`check`,`reply_model`,`extend`,`create_time`,`update_time`,`status`,`icon` FROM `onethink_category` WHERE ( `status` = 1 ) ORDER BY sort  [ RunTime:0.000196s ]
SQL: SHOW COLUMNS FROM `onethink_document` [ RunTime:0.000452s ]
SQL: SELECT `id`,`uid`,`name`,`title`,`category_id`,`description`,`root`,`pid`,`model_id`,`type`,`position`,`link_id`,`cover_id`,`display`,`deadline`,`attach`,`view`,`comment`,`extend`,`level`,`create_time`,`update_time`,`status` FROM `onethink_document` WHERE ( `status` = 1 ) AND ( `pid` = 0 ) AND ( `create_time` < 1500128433 ) AND ( deadline = 0 OR deadline > 1500128433 ) ORDER BY `id` DESC  [ RunTime:0.000273s ]
SQL: SHOW COLUMNS FROM `onethink_action_log` [ RunTime:0.000355s ]
SQL: SELECT `id`,`action_id`,`user_id`,`action_ip`,`model`,`record_id`,`remark`,`status`,`create_time` FROM `onethink_action_log` WHERE ( `status` > -1 ) AND ( `action_id` = 12 ) AND ( `model` LIKE '新词%' ) ORDER BY `id` DESC LIMIT 20   [ RunTime:0.000281s ]
NOTIC: [8] Undefined variable: str /var/www/html/Application/Home/Common/function.php 第 90 行.
NOTIC: [8] Undefined variable: count /var/www/html/Application/Home/Common/function.php 第 83 行.
NOTIC: [8] Undefined variable: str /var/www/html/Application/Home/Common/function.php 第 90 行.
NOTIC: [8] Undefined variable: count /var/www/html/Application/Home/Common/function.php 第 83 行.
NOTIC: [8] Undefined variable: str /var/www/html/Application/Home/Common/function.php 第 90 行.
NOTIC: [8] Undefined variable: count /var/www/html/Application/Home/Common/function.php 第 83 行.
NOTIC: [8] Undefined variable: str /var/www/html/Application/Home/Common/function.php 第 90 行.
NOTIC: [8] Undefined variable: count /var/www/html/Application/Home/Common/function.php 第 83 行.
NOTIC: [8] Undefined variable: str /var/www/html/Application/Home/Common/function.php 第 90 行.
NOTIC: [8] Undefined variable: count /var/www/html/Application/Home/Common/function.php 第 83 行.
NOTIC: [8] Undefined variable: str /var/www/html/Application/Home/Common/function.php 第 90 行.
NOTIC: [8] Undefined variable: count /var/www/html/Application/Home/Common/function.php 第 83 行.
NOTIC: [8] Undefined variable: str /var/www/html/Application/Home/Common/function.php 第 90 行.
NOTIC: [8] Undefined variable: count /var/www/html/Application/Home/Common/function.php 第 83 行.
NOTIC: [8] Undefined variable: str /var/www/html/Application/Home/Common/function.php 第 90 行.
NOTIC: [8] Undefined variable: count /var/www/html/Application/Home/Common/function.php 第 83 行.
NOTIC: [8] Undefined variable: str /var/www/html/Application/Home/Common/function.php 第 90 行.
NOTIC: [8] Undefined variable: count /var/www/html/Application/Home/Common/function.php 第 83 行.
NOTIC: [8] Undefined variable: str /var/www/html/Application/Home/Common/function.php 第 90 行.
NOTIC: [8] Undefined variable: count /var/www/html/Application/Home/Common/function.php 第 83 行.
NOTIC: [8] Undefined variable: str /var/www/html/Application/Home/Common/function.php 第 90 行.
NOTIC: [8] Undefined variable: count /var/www/html/Application/Home/Common/function.php 第 83 行.
NOTIC: [8] Undefined variable: str /var/www/html/Application/Home/Common/function.php 第 90 行.
NOTIC: [8] Undefined variable: count /var/www/html/Application/Home/Common/function.php 第 83 行.
NOTIC: [8] Undefined variable: str /var/www/html/Application/Home/Common/function.php 第 90 行.
NOTIC: [8] Undefined variable: count /var/www/html/Application/Home/Common/function.php 第 83 行.
NOTIC: [8] Undefined variable: str /var/www/html/Application/Home/Common/function.php 第 90 行.
NOTIC: [8] Undefined variable: count /var/www/html/Application/Home/Common/function.php 第 83 行.
NOTIC: [8] Undefined variable: str /var/www/html/Application/Home/Common/function.php 第 90 行.
NOTIC: [8] Undefined variable: count /var/www/html/Application/Home/Common/function.php 第 83 行.
NOTIC: [8] Undefined variable: str /var/www/html/Application/Home/Common/function.php 第 90 行.
NOTIC: [8] Undefined variable: count /var/www/html/Application/Home/Common/function.php 第 83 行.
NOTIC: [8] Undefined variable: str /var/www/html/Application/Home/Common/function.php 第 90 行.
NOTIC: [8] Undefined variable: count /var/www/html/Application/Home/Common/function.php 第 83 行.
NOTIC: [8] Undefined variable: str /var/www/html/Application/Home/Common/function.php 第 90 行.
NOTIC: [8] Undefined variable: count /var/www/html/Application/Home/Common/function.php 第 83 行.
NOTIC: [8] Undefined variable: str /var/www/html/Application/Home/Common/function.php 第 90 行.
NOTIC: [8] Undefined variable: count /var/www/html/Application/Home/Common/function.php 第 83 行.
NOTIC: [8] Undefined variable: str /var/www/html/Application/Home/Common/function.php 第 90 行.
NOTIC: [8] Undefined variable: count /var/www/html/Application/Home/Common/function.php 第 83 行.
NOTIC: [8] Undefined variable: nloglists /var/www/html/Application/Home/Controller/IndexController.class.php 第 48 行.
SQL: SHOW COLUMNS FROM `onethink_auth_group` [ RunTime:0.000327s ]
SQL: SHOW COLUMNS FROM `onethink_auth_group_access` [ RunTime:0.000289s ]
SQL: SELECT `uid`,`group_id`,`title`,`description`,`rules` FROM onethink_auth_group_access a INNER JOIN onethink_auth_group g on a.group_id=g.id  WHERE ( a.uid='0' and g.status='1' )  [ RunTime:0.000177s ]
NOTIC: [8] Undefined offset: 0 /var/www/html/Application/Common/Common/function.php 第 1016 行.
INFO: [ view_parse ] --START--
INFO: [ template_filter ] --START--
INFO: Run Behavior\ContentReplace [ RunTime:0.000135s ]
INFO: [ template_filter ] --END-- [ RunTime:0.000224s ]
SQL: SHOW COLUMNS FROM `onethink_channel` [ RunTime:0.000349s ]
SQL: SELECT `id`,`pid`,`title`,`url`,`sort`,`create_time`,`update_time`,`status`,`target` FROM `onethink_channel` WHERE ( status=1 ) ORDER BY sort  [ RunTime:0.000159s ]
SQL: SELECT `id`,`name`,`title`,`pid`,`sort`,`list_row`,`meta_title`,`keywords`,`description`,`template_index`,`template_lists`,`template_detail`,`template_edit`,`model`,`type`,`link_id`,`allow_publish`,`display`,`reply`,`check`,`reply_model`,`extend`,`create_time`,`update_time`,`status`,`icon` FROM `onethink_category` WHERE ( `id` = 1 ) LIMIT 1   [ RunTime:0.000211s ]
SQL: SELECT `id`,`name`,`pid`,`title`,`link_id` FROM `onethink_category` WHERE ( `status` = 1 ) ORDER BY sort  [ RunTime:0.000147s ]
INFO: [ view_parse ] --START--
INFO: [ template_filter ] --START--
INFO: Run Behavior\ContentReplace [ RunTime:0.000042s ]
INFO: [ template_filter ] --END-- [ RunTime:-0.007110s ]
INFO: Run Behavior\ParseTemplate [ RunTime:0.002751s ]
INFO: [ view_parse ] --END-- [ RunTime:0.002831s ]
INFO: [ view_filter ] --START--
INFO: Run Behavior\WriteHtmlCache [ RunTime:0.000051s ]
INFO: [ view_filter ] --END-- [ RunTime:0.000127s ]
INFO: Run Behavior\ParseTemplate [ RunTime:0.003805s ]
INFO: [ view_parse ] --END-- [ RunTime:0.002831s ]
INFO: [ view_filter ] --START--
INFO: Run Behavior\WriteHtmlCache [ RunTime:0.000016s ]
INFO: [ view_filter ] --END-- [ RunTime:-0.000923s ]
INFO: [ app_end ] --START--
INFO: Run Behavior\ShowPageTrace [ RunTime:0.000057s ]
INFO: [ app_end ] --END-- [ RunTime:0.000140s ]

[ 2017-07-15T23:07:05+08:00 ] 10.24.181.84 /
SQL: SHOW COLUMNS FROM `onethink_category` [ RunTime:0.000546s ]
SQL: SELECT `id`,`name`,`title`,`pid`,`sort`,`list_row`,`meta_title`,`keywords`,`description`,`template_index`,`template_lists`,`template_detail`,`template_edit`,`model`,`type`,`link_id`,`allow_publish`,`display`,`reply`,`check`,`reply_model`,`extend`,`create_time`,`update_time`,`status`,`icon` FROM `onethink_category` WHERE ( `status` = 1 ) ORDER BY sort  [ RunTime:0.000202s ]
SQL: SHOW COLUMNS FROM `onethink_document` [ RunTime:0.000616s ]
SQL: SELECT `id`,`uid`,`name`,`title`,`category_id`,`description`,`root`,`pid`,`model_id`,`type`,`position`,`link_id`,`cover_id`,`display`,`deadline`,`attach`,`view`,`comment`,`extend`,`level`,`create_time`,`update_time`,`status` FROM `onethink_document` WHERE ( `status` = 1 ) AND ( `pid` = 0 ) AND ( `create_time` < 1500131225 ) AND ( deadline = 0 OR deadline > 1500131225 ) ORDER BY `id` DESC  [ RunTime:0.000287s ]
SQL: SHOW COLUMNS FROM `onethink_action_log` [ RunTime:0.000382s ]
SQL: SELECT `id`,`action_id`,`user_id`,`action_ip`,`model`,`record_id`,`remark`,`status`,`create_time` FROM `onethink_action_log` WHERE ( `status` > -1 ) AND ( `action_id` = 12 ) AND ( `model` LIKE '新词%' ) ORDER BY `id` DESC LIMIT 20   [ RunTime:0.000265s ]
NOTIC: [8] Undefined variable: str /var/www/html/Application/Home/Common/function.php 第 90 行.
NOTIC: [8] Undefined variable: count /var/www/html/Application/Home/Common/function.php 第 83 行.
NOTIC: [8] Undefined variable: str /var/www/html/Application/Home/Common/function.php 第 90 行.
NOTIC: [8] Undefined variable: count /var/www/html/Application/Home/Common/function.php 第 83 行.
NOTIC: [8] Undefined variable: str /var/www/html/Application/Home/Common/function.php 第 90 行.
NOTIC: [8] Undefined variable: count /var/www/html/Application/Home/Common/function.php 第 83 行.
NOTIC: [8] Undefined variable: str /var/www/html/Application/Home/Common/function.php 第 90 行.
NOTIC: [8] Undefined variable: count /var/www/html/Application/Home/Common/function.php 第 83 行.
NOTIC: [8] Undefined variable: str /var/www/html/Application/Home/Common/function.php 第 90 行.
NOTIC: [8] Undefined variable: count /var/www/html/Application/Home/Common/function.php 第 83 行.
NOTIC: [8] Undefined variable: str /var/www/html/Application/Home/Common/function.php 第 90 行.
NOTIC: [8] Undefined variable: count /var/www/html/Application/Home/Common/function.php 第 83 行.
NOTIC: [8] Undefined variable: str /var/www/html/Application/Home/Common/function.php 第 90 行.
NOTIC: [8] Undefined variable: count /var/www/html/Application/Home/Common/function.php 第 83 行.
NOTIC: [8] Undefined variable: str /var/www/html/Application/Home/Common/function.php 第 90 行.
NOTIC: [8] Undefined variable: count /var/www/html/Application/Home/Common/function.php 第 83 行.
NOTIC: [8] Undefined variable: str /var/www/html/Application/Home/Common/function.php 第 90 行.
NOTIC: [8] Undefined variable: count /var/www/html/Application/Home/Common/function.php 第 83 行.
NOTIC: [8] Undefined variable: str /var/www/html/Application/Home/Common/function.php 第 90 行.
NOTIC: [8] Undefined variable: count /var/www/html/Application/Home/Common/function.php 第 83 行.
NOTIC: [8] Undefined variable: str /var/www/html/Application/Home/Common/function.php 第 90 行.
NOTIC: [8] Undefined variable: count /var/www/html/Application/Home/Common/function.php 第 83 行.
NOTIC: [8] Undefined variable: str /var/www/html/Application/Home/Common/function.php 第 90 行.
NOTIC: [8] Undefined variable: count /var/www/html/Application/Home/Common/function.php 第 83 行.
NOTIC: [8] Undefined variable: str /var/www/html/Application/Home/Common/function.php 第 90 行.
NOTIC: [8] Undefined variable: count /var/www/html/Application/Home/Common/function.php 第 83 行.
NOTIC: [8] Undefined variable: str /var/www/html/Application/Home/Common/function.php 第 90 行.
NOTIC: [8] Undefined variable: count /var/www/html/Application/Home/Common/function.php 第 83 行.
NOTIC: [8] Undefined variable: str /var/www/html/Application/Home/Common/function.php 第 90 行.
NOTIC: [8] Undefined variable: count /var/www/html/Application/Home/Common/function.php 第 83 行.
NOTIC: [8] Undefined variable: str /var/www/html/Application/Home/Common/function.php 第 90 行.
NOTIC: [8] Undefined variable: count /var/www/html/Application/Home/Common/function.php 第 83 行.
NOTIC: [8] Undefined variable: str /var/www/html/Application/Home/Common/function.php 第 90 行.
NOTIC: [8] Undefined variable: count /var/www/html/Application/Home/Common/function.php 第 83 行.
NOTIC: [8] Undefined variable: str /var/www/html/Application/Home/Common/function.php 第 90 行.
NOTIC: [8] Undefined variable: count /var/www/html/Application/Home/Common/function.php 第 83 行.
NOTIC: [8] Undefined variable: str /var/www/html/Application/Home/Common/function.php 第 90 行.
NOTIC: [8] Undefined variable: count /var/www/html/Application/Home/Common/function.php 第 83 行.
NOTIC: [8] Undefined variable: str /var/www/html/Application/Home/Common/function.php 第 90 行.
NOTIC: [8] Undefined variable: count /var/www/html/Application/Home/Common/function.php 第 83 行.
NOTIC: [8] Undefined variable: nloglists /var/www/html/Application/Home/Controller/IndexController.class.php 第 48 行.
SQL: SHOW COLUMNS FROM `onethink_auth_group` [ RunTime:0.000408s ]
SQL: SHOW COLUMNS FROM `onethink_auth_group_access` [ RunTime:0.000309s ]
SQL: SELECT `uid`,`group_id`,`title`,`description`,`rules` FROM onethink_auth_group_access a INNER JOIN onethink_auth_group g on a.group_id=g.id  WHERE ( a.uid='0' and g.status='1' )  [ RunTime:0.000197s ]
NOTIC: [8] Undefined offset: 0 /var/www/html/Application/Common/Common/function.php 第 1016 行.
INFO: [ view_parse ] --START--
INFO: [ template_filter ] --START--
INFO: Run Behavior\ContentReplace [ RunTime:0.000135s ]
INFO: [ template_filter ] --END-- [ RunTime:0.000265s ]
SQL: SHOW COLUMNS FROM `onethink_channel` [ RunTime:0.000514s ]
SQL: SELECT `id`,`pid`,`title`,`url`,`sort`,`create_time`,`update_time`,`status`,`target` FROM `onethink_channel` WHERE ( status=1 ) ORDER BY sort  [ RunTime:0.000176s ]
SQL: SELECT `id`,`name`,`title`,`pid`,`sort`,`list_row`,`meta_title`,`keywords`,`description`,`template_index`,`template_lists`,`template_detail`,`template_edit`,`model`,`type`,`link_id`,`allow_publish`,`display`,`reply`,`check`,`reply_model`,`extend`,`create_time`,`update_time`,`status`,`icon` FROM `onethink_category` WHERE ( `id` = 1 ) LIMIT 1   [ RunTime:0.000186s ]
SQL: SELECT `id`,`name`,`pid`,`title`,`link_id` FROM `onethink_category` WHERE ( `status` = 1 ) ORDER BY sort  [ RunTime:0.000147s ]
INFO: [ view_parse ] --START--
INFO: [ template_filter ] --START--
INFO: Run Behavior\ContentReplace [ RunTime:0.000042s ]
INFO: [ template_filter ] --END-- [ RunTime:-0.007832s ]
INFO: Run Behavior\ParseTemplate [ RunTime:0.003094s ]
INFO: [ view_parse ] --END-- [ RunTime:0.003196s ]
INFO: [ view_filter ] --START--
INFO: Run Behavior\WriteHtmlCache [ RunTime:0.000052s ]
INFO: [ view_filter ] --END-- [ RunTime:0.000118s ]
INFO: Run Behavior\ParseTemplate [ RunTime:0.004173s ]
INFO: [ view_parse ] --END-- [ RunTime:0.003196s ]
INFO: [ view_filter ] --START--
INFO: Run Behavior\WriteHtmlCache [ RunTime:0.000016s ]
INFO: [ view_filter ] --END-- [ RunTime:-0.000958s ]
INFO: [ app_end ] --START--
INFO: Run Behavior\ShowPageTrace [ RunTime:0.000057s ]
INFO: [ app_end ] --END-- [ RunTime:0.000139s ]

[ 2017-07-15T23:09:12+08:00 ] 10.24.181.84 /
SQL: SHOW COLUMNS FROM `onethink_category` [ RunTime:0.000513s ]
SQL: SELECT `id`,`name`,`title`,`pid`,`sort`,`list_row`,`meta_title`,`keywords`,`description`,`template_index`,`template_lists`,`template_detail`,`template_edit`,`model`,`type`,`link_id`,`allow_publish`,`display`,`reply`,`check`,`reply_model`,`extend`,`create_time`,`update_time`,`status`,`icon` FROM `onethink_category` WHERE ( `status` = 1 ) ORDER BY sort  [ RunTime:0.000210s ]
SQL: SHOW COLUMNS FROM `onethink_document` [ RunTime:0.000469s ]
SQL: SELECT `id`,`uid`,`name`,`title`,`category_id`,`description`,`root`,`pid`,`model_id`,`type`,`position`,`link_id`,`cover_id`,`display`,`deadline`,`attach`,`view`,`comment`,`extend`,`level`,`create_time`,`update_time`,`status` FROM `onethink_document` WHERE ( `status` = 1 ) AND ( `pid` = 0 ) AND ( `create_time` < 1500131351 ) AND ( deadline = 0 OR deadline > 1500131351 ) ORDER BY `id` DESC  [ RunTime:0.000283s ]
SQL: SHOW COLUMNS FROM `onethink_action_log` [ RunTime:0.000355s ]
SQL: SELECT `id`,`action_id`,`user_id`,`action_ip`,`model`,`record_id`,`remark`,`status`,`create_time` FROM `onethink_action_log` WHERE ( `status` > -1 ) AND ( `action_id` = 12 ) AND ( `model` LIKE '新词%' ) ORDER BY `id` DESC LIMIT 20   [ RunTime:0.000281s ]
NOTIC: [8] Undefined variable: str /var/www/html/Application/Home/Common/function.php 第 90 行.
NOTIC: [8] Undefined variable: count /var/www/html/Application/Home/Common/function.php 第 83 行.
NOTIC: [8] Undefined variable: str /var/www/html/Application/Home/Common/function.php 第 90 行.
NOTIC: [8] Undefined variable: count /var/www/html/Application/Home/Common/function.php 第 83 行.
NOTIC: [8] Undefined variable: str /var/www/html/Application/Home/Common/function.php 第 90 行.
NOTIC: [8] Undefined variable: count /var/www/html/Application/Home/Common/function.php 第 83 行.
NOTIC: [8] Undefined variable: str /var/www/html/Application/Home/Common/function.php 第 90 行.
NOTIC: [8] Undefined variable: count /var/www/html/Application/Home/Common/function.php 第 83 行.
NOTIC: [8] Undefined variable: str /var/www/html/Application/Home/Common/function.php 第 90 行.
NOTIC: [8] Undefined variable: count /var/www/html/Application/Home/Common/function.php 第 83 行.
NOTIC: [8] Undefined variable: str /var/www/html/Application/Home/Common/function.php 第 90 行.
NOTIC: [8] Undefined variable: count /var/www/html/Application/Home/Common/function.php 第 83 行.
NOTIC: [8] Undefined variable: str /var/www/html/Application/Home/Common/function.php 第 90 行.
NOTIC: [8] Undefined variable: count /var/www/html/Application/Home/Common/function.php 第 83 行.
NOTIC: [8] Undefined variable: str /var/www/html/Application/Home/Common/function.php 第 90 行.
NOTIC: [8] Undefined variable: count /var/www/html/Application/Home/Common/function.php 第 83 行.
NOTIC: [8] Undefined variable: str /var/www/html/Application/Home/Common/function.php 第 90 行.
NOTIC: [8] Undefined variable: count /var/www/html/Application/Home/Common/function.php 第 83 行.
NOTIC: [8] Undefined variable: str /var/www/html/Application/Home/Common/function.php 第 90 行.
NOTIC: [8] Undefined variable: count /var/www/html/Application/Home/Common/function.php 第 83 行.
NOTIC: [8] Undefined variable: str /var/www/html/Application/Home/Common/function.php 第 90 行.
NOTIC: [8] Undefined variable: count /var/www/html/Application/Home/Common/function.php 第 83 行.
NOTIC: [8] Undefined variable: str /var/www/html/Application/Home/Common/function.php 第 90 行.
NOTIC: [8] Undefined variable: count /var/www/html/Application/Home/Common/function.php 第 83 行.
NOTIC: [8] Undefined variable: str /var/www/html/Application/Home/Common/function.php 第 90 行.
NOTIC: [8] Undefined variable: count /var/www/html/Application/Home/Common/function.php 第 83 行.
NOTIC: [8] Undefined variable: str /var/www/html/Application/Home/Common/function.php 第 90 行.
NOTIC: [8] Undefined variable: count /var/www/html/Application/Home/Common/function.php 第 83 行.
NOTIC: [8] Undefined variable: str /var/www/html/Application/Home/Common/function.php 第 90 行.
NOTIC: [8] Undefined variable: count /var/www/html/Application/Home/Common/function.php 第 83 行.
NOTIC: [8] Undefined variable: str /var/www/html/Application/Home/Common/function.php 第 90 行.
NOTIC: [8] Undefined variable: count /var/www/html/Application/Home/Common/function.php 第 83 行.
NOTIC: [8] Undefined variable: str /var/www/html/Application/Home/Common/function.php 第 90 行.
NOTIC: [8] Undefined variable: count /var/www/html/Application/Home/Common/function.php 第 83 行.
NOTIC: [8] Undefined variable: str /var/www/html/Application/Home/Common/function.php 第 90 行.
NOTIC: [8] Undefined variable: count /var/www/html/Application/Home/Common/function.php 第 83 行.
NOTIC: [8] Undefined variable: str /var/www/html/Application/Home/Common/function.php 第 90 行.
NOTIC: [8] Undefined variable: count /var/www/html/Application/Home/Common/function.php 第 83 行.
NOTIC: [8] Undefined variable: str /var/www/html/Application/Home/Common/function.php 第 90 行.
NOTIC: [8] Undefined variable: count /var/www/html/Application/Home/Common/function.php 第 83 行.
NOTIC: [8] Undefined variable: nloglists /var/www/html/Application/Home/Controller/IndexController.class.php 第 48 行.
SQL: SHOW COLUMNS FROM `onethink_auth_group` [ RunTime:0.000332s ]
SQL: SHOW COLUMNS FROM `onethink_auth_group_access` [ RunTime:0.000276s ]
SQL: SELECT `uid`,`group_id`,`title`,`description`,`rules` FROM onethink_auth_group_access a INNER JOIN onethink_auth_group g on a.group_id=g.id  WHERE ( a.uid='0' and g.status='1' )  [ RunTime:0.000179s ]
NOTIC: [8] Undefined offset: 0 /var/www/html/Application/Common/Common/function.php 第 1016 行.
INFO: [ view_parse ] --START--
INFO: [ template_filter ] --START--
INFO: Run Behavior\ContentReplace [ RunTime:0.000135s ]
INFO: [ template_filter ] --END-- [ RunTime:0.000219s ]
SQL: SHOW COLUMNS FROM `onethink_channel` [ RunTime:0.000464s ]
SQL: SELECT `id`,`pid`,`title`,`url`,`sort`,`create_time`,`update_time`,`status`,`target` FROM `onethink_channel` WHERE ( status=1 ) ORDER BY sort  [ RunTime:0.000186s ]
SQL: SELECT `id`,`name`,`title`,`pid`,`sort`,`list_row`,`meta_title`,`keywords`,`description`,`template_index`,`template_lists`,`template_detail`,`template_edit`,`model`,`type`,`link_id`,`allow_publish`,`display`,`reply`,`check`,`reply_model`,`extend`,`create_time`,`update_time`,`status`,`icon` FROM `onethink_category` WHERE ( `id` = 1 ) LIMIT 1   [ RunTime:0.000181s ]
SQL: SELECT `id`,`name`,`pid`,`title`,`link_id` FROM `onethink_category` WHERE ( `status` = 1 ) ORDER BY sort  [ RunTime:0.000157s ]
INFO: [ view_parse ] --START--
INFO: [ template_filter ] --START--
INFO: Run Behavior\ContentReplace [ RunTime:0.000043s ]
INFO: [ template_filter ] --END-- [ RunTime:-0.007466s ]
INFO: Run Behavior\ParseTemplate [ RunTime:0.002856s ]
INFO: [ view_parse ] --END-- [ RunTime:0.002935s ]
INFO: [ view_filter ] --START--
INFO: Run Behavior\WriteHtmlCache [ RunTime:0.000051s ]
INFO: [ view_filter ] --END-- [ RunTime:0.000118s ]
INFO: Run Behavior\ParseTemplate [ RunTime:0.004186s ]
INFO: [ view_parse ] --END-- [ RunTime:0.002935s ]
INFO: [ view_filter ] --START--
INFO: Run Behavior\WriteHtmlCache [ RunTime:0.000022s ]
INFO: [ view_filter ] --END-- [ RunTime:-0.001290s ]
INFO: [ app_end ] --START--
INFO: Run Behavior\ShowPageTrace [ RunTime:0.000061s ]
INFO: [ app_end ] --END-- [ RunTime:0.000151s ]

[ 2017-07-15T23:18:33+08:00 ] 10.24.181.84 /
SQL: SHOW COLUMNS FROM `onethink_category` [ RunTime:0.000558s ]
SQL: SELECT `id`,`name`,`title`,`pid`,`sort`,`list_row`,`meta_title`,`keywords`,`description`,`template_index`,`template_lists`,`template_detail`,`template_edit`,`model`,`type`,`link_id`,`allow_publish`,`display`,`reply`,`check`,`reply_model`,`extend`,`create_time`,`update_time`,`status`,`icon` FROM `onethink_category` WHERE ( `status` = 1 ) ORDER BY sort  [ RunTime:0.000287s ]
SQL: SHOW COLUMNS FROM `onethink_document` [ RunTime:0.000470s ]
SQL: SELECT `id`,`uid`,`name`,`title`,`category_id`,`description`,`root`,`pid`,`model_id`,`type`,`position`,`link_id`,`cover_id`,`display`,`deadline`,`attach`,`view`,`comment`,`extend`,`level`,`create_time`,`update_time`,`status` FROM `onethink_document` WHERE ( `status` = 1 ) AND ( `pid` = 0 ) AND ( `create_time` < 1500131913 ) AND ( deadline = 0 OR deadline > 1500131913 ) ORDER BY `id` DESC  [ RunTime:0.000286s ]
SQL: SHOW COLUMNS FROM `onethink_action_log` [ RunTime:0.000405s ]
SQL: SELECT `id`,`action_id`,`user_id`,`action_ip`,`model`,`record_id`,`remark`,`status`,`create_time` FROM `onethink_action_log` WHERE ( `status` > -1 ) AND ( `action_id` = 12 ) AND ( `model` LIKE '新词%' ) ORDER BY `id` DESC LIMIT 20   [ RunTime:0.000306s ]
NOTIC: [8] Undefined variable: str /var/www/html/Application/Home/Common/function.php 第 90 行.
NOTIC: [8] Undefined variable: count /var/www/html/Application/Home/Common/function.php 第 83 行.
NOTIC: [8] Undefined variable: str /var/www/html/Application/Home/Common/function.php 第 90 行.
NOTIC: [8] Undefined variable: count /var/www/html/Application/Home/Common/function.php 第 83 行.
NOTIC: [8] Undefined variable: str /var/www/html/Application/Home/Common/function.php 第 90 行.
NOTIC: [8] Undefined variable: count /var/www/html/Application/Home/Common/function.php 第 83 行.
NOTIC: [8] Undefined variable: str /var/www/html/Application/Home/Common/function.php 第 90 行.
NOTIC: [8] Undefined variable: count /var/www/html/Application/Home/Common/function.php 第 83 行.
NOTIC: [8] Undefined variable: str /var/www/html/Application/Home/Common/function.php 第 90 行.
NOTIC: [8] Undefined variable: count /var/www/html/Application/Home/Common/function.php 第 83 行.
NOTIC: [8] Undefined variable: str /var/www/html/Application/Home/Common/function.php 第 90 行.
NOTIC: [8] Undefined variable: count /var/www/html/Application/Home/Common/function.php 第 83 行.
NOTIC: [8] Undefined variable: str /var/www/html/Application/Home/Common/function.php 第 90 行.
NOTIC: [8] Undefined variable: count /var/www/html/Application/Home/Common/function.php 第 83 行.
NOTIC: [8] Undefined variable: str /var/www/html/Application/Home/Common/function.php 第 90 行.
NOTIC: [8] Undefined variable: count /var/www/html/Application/Home/Common/function.php 第 83 行.
NOTIC: [8] Undefined variable: str /var/www/html/Application/Home/Common/function.php 第 90 行.
NOTIC: [8] Undefined variable: count /var/www/html/Application/Home/Common/function.php 第 83 行.
NOTIC: [8] Undefined variable: str /var/www/html/Application/Home/Common/function.php 第 90 行.
NOTIC: [8] Undefined variable: count /var/www/html/Application/Home/Common/function.php 第 83 行.
NOTIC: [8] Undefined variable: str /var/www/html/Application/Home/Common/function.php 第 90 行.
NOTIC: [8] Undefined variable: count /var/www/html/Application/Home/Common/function.php 第 83 行.
NOTIC: [8] Undefined variable: str /var/www/html/Application/Home/Common/function.php 第 90 行.
NOTIC: [8] Undefined variable: count /var/www/html/Application/Home/Common/function.php 第 83 行.
NOTIC: [8] Undefined variable: str /var/www/html/Application/Home/Common/function.php 第 90 行.
NOTIC: [8] Undefined variable: count /var/www/html/Application/Home/Common/function.php 第 83 行.
NOTIC: [8] Undefined variable: str /var/www/html/Application/Home/Common/function.php 第 90 行.
NOTIC: [8] Undefined variable: count /var/www/html/Application/Home/Common/function.php 第 83 行.
NOTIC: [8] Undefined variable: str /var/www/html/Application/Home/Common/function.php 第 90 行.
NOTIC: [8] Undefined variable: count /var/www/html/Application/Home/Common/function.php 第 83 行.
NOTIC: [8] Undefined variable: str /var/www/html/Application/Home/Common/function.php 第 90 行.
NOTIC: [8] Undefined variable: count /var/www/html/Application/Home/Common/function.php 第 83 行.
NOTIC: [8] Undefined variable: str /var/www/html/Application/Home/Common/function.php 第 90 行.
NOTIC: [8] Undefined variable: count /var/www/html/Application/Home/Common/function.php 第 83 行.
NOTIC: [8] Undefined variable: str /var/www/html/Application/Home/Common/function.php 第 90 行.
NOTIC: [8] Undefined variable: count /var/www/html/Application/Home/Common/function.php 第 83 行.
NOTIC: [8] Undefined variable: str /var/www/html/Application/Home/Common/function.php 第 90 行.
NOTIC: [8] Undefined variable: count /var/www/html/Application/Home/Common/function.php 第 83 行.
NOTIC: [8] Undefined variable: str /var/www/html/Application/Home/Common/function.php 第 90 行.
NOTIC: [8] Undefined variable: count /var/www/html/Application/Home/Common/function.php 第 83 行.
NOTIC: [8] Undefined variable: nloglists /var/www/html/Application/Home/Controller/IndexController.class.php 第 48 行.
SQL: SHOW COLUMNS FROM `onethink_auth_group` [ RunTime:0.000367s ]
SQL: SHOW COLUMNS FROM `onethink_auth_group_access` [ RunTime:0.000279s ]
SQL: SELECT `uid`,`group_id`,`title`,`description`,`rules` FROM onethink_auth_group_access a INNER JOIN onethink_auth_group g on a.group_id=g.id  WHERE ( a.uid='0' and g.status='1' )  [ RunTime:0.000187s ]
NOTIC: [8] Undefined offset: 0 /var/www/html/Application/Common/Common/function.php 第 1016 行.
INFO: [ view_parse ] --START--
INFO: [ template_filter ] --START--
INFO: Run Behavior\ContentReplace [ RunTime:0.000142s ]
INFO: [ template_filter ] --END-- [ RunTime:0.000232s ]
SQL: SHOW COLUMNS FROM `onethink_channel` [ RunTime:0.000486s ]
SQL: SELECT `id`,`pid`,`title`,`url`,`sort`,`create_time`,`update_time`,`status`,`target` FROM `onethink_channel` WHERE ( status=1 ) ORDER BY sort  [ RunTime:0.000179s ]
SQL: SELECT `id`,`name`,`title`,`pid`,`sort`,`list_row`,`meta_title`,`keywords`,`description`,`template_index`,`template_lists`,`template_detail`,`template_edit`,`model`,`type`,`link_id`,`allow_publish`,`display`,`reply`,`check`,`reply_model`,`extend`,`create_time`,`update_time`,`status`,`icon` FROM `onethink_category` WHERE ( `id` = 1 ) LIMIT 1   [ RunTime:0.000177s ]
SQL: SELECT `id`,`name`,`pid`,`title`,`link_id` FROM `onethink_category` WHERE ( `status` = 1 ) ORDER BY sort  [ RunTime:0.000177s ]
INFO: [ view_parse ] --START--
INFO: [ template_filter ] --START--
INFO: Run Behavior\ContentReplace [ RunTime:0.000041s ]
INFO: [ template_filter ] --END-- [ RunTime:-0.008075s ]
INFO: Run Behavior\ParseTemplate [ RunTime:0.002963s ]
INFO: [ view_parse ] --END-- [ RunTime:0.003063s ]
INFO: [ view_filter ] --START--
INFO: Run Behavior\WriteHtmlCache [ RunTime:0.000052s ]
INFO: [ view_filter ] --END-- [ RunTime:0.000118s ]
INFO: Run Behavior\ParseTemplate [ RunTime:0.004163s ]
INFO: [ view_parse ] --END-- [ RunTime:0.003063s ]
INFO: [ view_filter ] --START--
INFO: Run Behavior\WriteHtmlCache [ RunTime:0.000031s ]
INFO: [ view_filter ] --END-- [ RunTime:-0.001120s ]
INFO: [ app_end ] --START--
INFO: Run Behavior\ShowPageTrace [ RunTime:0.000062s ]
INFO: [ app_end ] --END-- [ RunTime:0.000162s ]

[ 2017-07-15T23:51:31+08:00 ] 10.24.181.84 /Home/User/login.html
INFO: [ view_parse ] --START--
INFO: [ template_filter ] --START--
INFO: Run Behavior\ContentReplace [ RunTime:0.000093s ]
INFO: [ template_filter ] --END-- [ RunTime:0.000181s ]
SQL: SHOW COLUMNS FROM `onethink_channel` [ RunTime:0.000358s ]
SQL: SELECT `id`,`pid`,`title`,`url`,`sort`,`create_time`,`update_time`,`status`,`target` FROM `onethink_channel` WHERE ( status=1 ) ORDER BY sort  [ RunTime:0.000170s ]
INFO: Run Behavior\ParseTemplate [ RunTime:0.009176s ]
INFO: [ view_parse ] --END-- [ RunTime:0.009283s ]
INFO: [ view_filter ] --START--
INFO: Run Behavior\WriteHtmlCache [ RunTime:0.000052s ]
INFO: [ view_filter ] --END-- [ RunTime:0.000128s ]
INFO: [ app_end ] --START--
INFO: Run Behavior\ShowPageTrace [ RunTime:0.000068s ]
INFO: [ app_end ] --END-- [ RunTime:0.000170s ]

[ 2017-07-15T23:54:56+08:00 ] 10.24.181.84 /Home/User/verify.html
INFO: [ app_end ] --START--
INFO: Run Behavior\ShowPageTrace [ RunTime:0.000050s ]
INFO: [ app_end ] --END-- [ RunTime:0.000167s ]

