[ 2017-04-01T23:12:41+08:00 ] 40.77.167.3 /
SQL: SHOW COLUMNS FROM `onethink_category` [ RunTime:0.000541s ]
SQL: SELECT `id`,`name`,`title`,`pid`,`sort`,`list_row`,`meta_title`,`keywords`,`description`,`template_index`,`template_lists`,`template_detail`,`template_edit`,`model`,`type`,`link_id`,`allow_publish`,`display`,`reply`,`check`,`reply_model`,`extend`,`create_time`,`update_time`,`status`,`icon` FROM `onethink_category` WHERE ( `status` = 1 ) ORDER BY sort  [ RunTime:0.000205s ]
SQL: SHOW COLUMNS FROM `onethink_document` [ RunTime:0.000459s ]
SQL: SELECT `id`,`uid`,`name`,`title`,`category_id`,`description`,`root`,`pid`,`model_id`,`type`,`position`,`link_id`,`cover_id`,`display`,`deadline`,`attach`,`view`,`comment`,`extend`,`level`,`create_time`,`update_time`,`status` FROM `onethink_document` WHERE ( `status` = 1 ) AND ( `pid` = 0 ) AND ( `create_time` < 1491059561 ) AND ( deadline = 0 OR deadline > 1491059561 ) ORDER BY `id` DESC  [ RunTime:0.000283s ]
SQL: SHOW COLUMNS FROM `onethink_action_log` [ RunTime:0.000349s ]
SQL: SELECT `id`,`action_id`,`user_id`,`action_ip`,`model`,`record_id`,`remark`,`status`,`create_time` FROM `onethink_action_log` WHERE ( `status` > -1 ) AND ( `action_id` = 12 ) AND ( `model` LIKE '新词%' ) ORDER BY `id` DESC LIMIT 20   [ RunTime:0.000272s ]
NOTIC: [8] Undefined variable: str /var/www/html/Application/Home/Common/function.php 第 90 行.
NOTIC: [8] Undefined variable: count /var/www/html/Application/Home/Common/function.php 第 83 行.
NOTIC: [8] Undefined variable: str /var/www/html/Application/Home/Common/function.php 第 90 行.
NOTIC: [8] Undefined variable: count /var/www/html/Application/Home/Common/function.php 第 83 行.
NOTIC: [8] Undefined variable: str /var/www/html/Application/Home/Common/function.php 第 90 行.
NOTIC: [8] Undefined variable: count /var/www/html/Application/Home/Common/function.php 第 83 行.
NOTIC: [8] Undefined variable: str /var/www/html/Application/Home/Common/function.php 第 90 行.
NOTIC: [8] Undefined variable: count /var/www/html/Application/Home/Common/function.php 第 83 行.
NOTIC: [8] Undefined variable: str /var/www/html/Application/Home/Common/function.php 第 90 行.
NOTIC: [8] Undefined variable: count /var/www/html/Application/Home/Common/function.php 第 83 行.
NOTIC: [8] Undefined variable: str /var/www/html/Application/Home/Common/function.php 第 90 行.
NOTIC: [8] Undefined variable: count /var/www/html/Application/Home/Common/function.php 第 83 行.
NOTIC: [8] Undefined variable: str /var/www/html/Application/Home/Common/function.php 第 90 行.
NOTIC: [8] Undefined variable: count /var/www/html/Application/Home/Common/function.php 第 83 行.
NOTIC: [8] Undefined variable: str /var/www/html/Application/Home/Common/function.php 第 90 行.
NOTIC: [8] Undefined variable: count /var/www/html/Application/Home/Common/function.php 第 83 行.
NOTIC: [8] Undefined variable: str /var/www/html/Application/Home/Common/function.php 第 90 行.
NOTIC: [8] Undefined variable: count /var/www/html/Application/Home/Common/function.php 第 83 行.
NOTIC: [8] Undefined variable: str /var/www/html/Application/Home/Common/function.php 第 90 行.
NOTIC: [8] Undefined variable: count /var/www/html/Application/Home/Common/function.php 第 83 行.
NOTIC: [8] Undefined variable: str /var/www/html/Application/Home/Common/function.php 第 90 行.
NOTIC: [8] Undefined variable: count /var/www/html/Application/Home/Common/function.php 第 83 行.
NOTIC: [8] Undefined variable: str /var/www/html/Application/Home/Common/function.php 第 90 行.
NOTIC: [8] Undefined variable: count /var/www/html/Application/Home/Common/function.php 第 83 行.
NOTIC: [8] Undefined variable: str /var/www/html/Application/Home/Common/function.php 第 90 行.
NOTIC: [8] Undefined variable: count /var/www/html/Application/Home/Common/function.php 第 83 行.
NOTIC: [8] Undefined variable: str /var/www/html/Application/Home/Common/function.php 第 90 行.
NOTIC: [8] Undefined variable: count /var/www/html/Application/Home/Common/function.php 第 83 行.
NOTIC: [8] Undefined variable: str /var/www/html/Application/Home/Common/function.php 第 90 行.
NOTIC: [8] Undefined variable: count /var/www/html/Application/Home/Common/function.php 第 83 行.
NOTIC: [8] Undefined variable: str /var/www/html/Application/Home/Common/function.php 第 90 行.
NOTIC: [8] Undefined variable: count /var/www/html/Application/Home/Common/function.php 第 83 行.
NOTIC: [8] Undefined variable: str /var/www/html/Application/Home/Common/function.php 第 90 行.
NOTIC: [8] Undefined variable: count /var/www/html/Application/Home/Common/function.php 第 83 行.
NOTIC: [8] Undefined variable: str /var/www/html/Application/Home/Common/function.php 第 90 行.
NOTIC: [8] Undefined variable: count /var/www/html/Application/Home/Common/function.php 第 83 行.
NOTIC: [8] Undefined variable: str /var/www/html/Application/Home/Common/function.php 第 90 行.
NOTIC: [8] Undefined variable: count /var/www/html/Application/Home/Common/function.php 第 83 行.
NOTIC: [8] Undefined variable: str /var/www/html/Application/Home/Common/function.php 第 90 行.
NOTIC: [8] Undefined variable: count /var/www/html/Application/Home/Common/function.php 第 83 行.
NOTIC: [8] Undefined variable: nloglists /var/www/html/Application/Home/Controller/IndexController.class.php 第 48 行.
SQL: SHOW COLUMNS FROM `onethink_auth_group` [ RunTime:0.000335s ]
SQL: SHOW COLUMNS FROM `onethink_auth_group_access` [ RunTime:0.000288s ]
SQL: SELECT `uid`,`group_id`,`title`,`description`,`rules` FROM onethink_auth_group_access a INNER JOIN onethink_auth_group g on a.group_id=g.id  WHERE ( a.uid='0' and g.status='1' )  [ RunTime:0.000182s ]
NOTIC: [8] Undefined offset: 0 /var/www/html/Application/Common/Common/function.php 第 1016 行.
INFO: [ view_parse ] --START--
INFO: [ template_filter ] --START--
INFO: Run Behavior\ContentReplace [ RunTime:0.000142s ]
INFO: [ template_filter ] --END-- [ RunTime:0.000227s ]
SQL: SHOW COLUMNS FROM `onethink_channel` [ RunTime:0.000365s ]
SQL: SELECT `id`,`pid`,`title`,`url`,`sort`,`create_time`,`update_time`,`status`,`target` FROM `onethink_channel` WHERE ( status=1 ) ORDER BY sort  [ RunTime:0.000169s ]
SQL: SELECT `id`,`name`,`title`,`pid`,`sort`,`list_row`,`meta_title`,`keywords`,`description`,`template_index`,`template_lists`,`template_detail`,`template_edit`,`model`,`type`,`link_id`,`allow_publish`,`display`,`reply`,`check`,`reply_model`,`extend`,`create_time`,`update_time`,`status`,`icon` FROM `onethink_category` WHERE ( `id` = 1 ) LIMIT 1   [ RunTime:0.000180s ]
SQL: SELECT `id`,`name`,`pid`,`title`,`link_id` FROM `onethink_category` WHERE ( `status` = 1 ) ORDER BY sort  [ RunTime:0.000151s ]
INFO: [ view_parse ] --START--
INFO: [ template_filter ] --START--
INFO: Run Behavior\ContentReplace [ RunTime:0.000042s ]
INFO: [ template_filter ] --END-- [ RunTime:-0.007184s ]
INFO: Run Behavior\ParseTemplate [ RunTime:0.002961s ]
INFO: [ view_parse ] --END-- [ RunTime:0.003046s ]
INFO: [ view_filter ] --START--
INFO: Run Behavior\WriteHtmlCache [ RunTime:0.000052s ]
INFO: [ view_filter ] --END-- [ RunTime:0.000126s ]
INFO: Run Behavior\ParseTemplate [ RunTime:0.004022s ]
INFO: [ view_parse ] --END-- [ RunTime:0.003046s ]
INFO: [ view_filter ] --START--
INFO: Run Behavior\WriteHtmlCache [ RunTime:0.000016s ]
INFO: [ view_filter ] --END-- [ RunTime:-0.000927s ]
INFO: [ app_end ] --START--
INFO: Run Behavior\ShowPageTrace [ RunTime:0.000102s ]
INFO: [ app_end ] --END-- [ RunTime:0.000324s ]

[ 2017-04-01T23:39:52+08:00 ] 220.181.108.119 /
SQL: SHOW COLUMNS FROM `onethink_category` [ RunTime:0.000528s ]
SQL: SELECT `id`,`name`,`title`,`pid`,`sort`,`list_row`,`meta_title`,`keywords`,`description`,`template_index`,`template_lists`,`template_detail`,`template_edit`,`model`,`type`,`link_id`,`allow_publish`,`display`,`reply`,`check`,`reply_model`,`extend`,`create_time`,`update_time`,`status`,`icon` FROM `onethink_category` WHERE ( `status` = 1 ) ORDER BY sort  [ RunTime:0.000211s ]
SQL: SHOW COLUMNS FROM `onethink_document` [ RunTime:0.000486s ]
SQL: SELECT `id`,`uid`,`name`,`title`,`category_id`,`description`,`root`,`pid`,`model_id`,`type`,`position`,`link_id`,`cover_id`,`display`,`deadline`,`attach`,`view`,`comment`,`extend`,`level`,`create_time`,`update_time`,`status` FROM `onethink_document` WHERE ( `status` = 1 ) AND ( `pid` = 0 ) AND ( `create_time` < 1491061192 ) AND ( deadline = 0 OR deadline > 1491061192 ) ORDER BY `id` DESC  [ RunTime:0.000299s ]
SQL: SHOW COLUMNS FROM `onethink_action_log` [ RunTime:0.000410s ]
SQL: SELECT `id`,`action_id`,`user_id`,`action_ip`,`model`,`record_id`,`remark`,`status`,`create_time` FROM `onethink_action_log` WHERE ( `status` > -1 ) AND ( `action_id` = 12 ) AND ( `model` LIKE '新词%' ) ORDER BY `id` DESC LIMIT 20   [ RunTime:0.000272s ]
NOTIC: [8] Undefined variable: str /var/www/html/Application/Home/Common/function.php 第 90 行.
NOTIC: [8] Undefined variable: count /var/www/html/Application/Home/Common/function.php 第 83 行.
NOTIC: [8] Undefined variable: str /var/www/html/Application/Home/Common/function.php 第 90 行.
NOTIC: [8] Undefined variable: count /var/www/html/Application/Home/Common/function.php 第 83 行.
NOTIC: [8] Undefined variable: str /var/www/html/Application/Home/Common/function.php 第 90 行.
NOTIC: [8] Undefined variable: count /var/www/html/Application/Home/Common/function.php 第 83 行.
NOTIC: [8] Undefined variable: str /var/www/html/Application/Home/Common/function.php 第 90 行.
NOTIC: [8] Undefined variable: count /var/www/html/Application/Home/Common/function.php 第 83 行.
NOTIC: [8] Undefined variable: str /var/www/html/Application/Home/Common/function.php 第 90 行.
NOTIC: [8] Undefined variable: count /var/www/html/Application/Home/Common/function.php 第 83 行.
NOTIC: [8] Undefined variable: str /var/www/html/Application/Home/Common/function.php 第 90 行.
NOTIC: [8] Undefined variable: count /var/www/html/Application/Home/Common/function.php 第 83 行.
NOTIC: [8] Undefined variable: str /var/www/html/Application/Home/Common/function.php 第 90 行.
NOTIC: [8] Undefined variable: count /var/www/html/Application/Home/Common/function.php 第 83 行.
NOTIC: [8] Undefined variable: str /var/www/html/Application/Home/Common/function.php 第 90 行.
NOTIC: [8] Undefined variable: count /var/www/html/Application/Home/Common/function.php 第 83 行.
NOTIC: [8] Undefined variable: str /var/www/html/Application/Home/Common/function.php 第 90 行.
NOTIC: [8] Undefined variable: count /var/www/html/Application/Home/Common/function.php 第 83 行.
NOTIC: [8] Undefined variable: str /var/www/html/Application/Home/Common/function.php 第 90 行.
NOTIC: [8] Undefined variable: count /var/www/html/Application/Home/Common/function.php 第 83 行.
NOTIC: [8] Undefined variable: str /var/www/html/Application/Home/Common/function.php 第 90 行.
NOTIC: [8] Undefined variable: count /var/www/html/Application/Home/Common/function.php 第 83 行.
NOTIC: [8] Undefined variable: str /var/www/html/Application/Home/Common/function.php 第 90 行.
NOTIC: [8] Undefined variable: count /var/www/html/Application/Home/Common/function.php 第 83 行.
NOTIC: [8] Undefined variable: str /var/www/html/Application/Home/Common/function.php 第 90 行.
NOTIC: [8] Undefined variable: count /var/www/html/Application/Home/Common/function.php 第 83 行.
NOTIC: [8] Undefined variable: str /var/www/html/Application/Home/Common/function.php 第 90 行.
NOTIC: [8] Undefined variable: count /var/www/html/Application/Home/Common/function.php 第 83 行.
NOTIC: [8] Undefined variable: str /var/www/html/Application/Home/Common/function.php 第 90 行.
NOTIC: [8] Undefined variable: count /var/www/html/Application/Home/Common/function.php 第 83 行.
NOTIC: [8] Undefined variable: str /var/www/html/Application/Home/Common/function.php 第 90 行.
NOTIC: [8] Undefined variable: count /var/www/html/Application/Home/Common/function.php 第 83 行.
NOTIC: [8] Undefined variable: str /var/www/html/Application/Home/Common/function.php 第 90 行.
NOTIC: [8] Undefined variable: count /var/www/html/Application/Home/Common/function.php 第 83 行.
NOTIC: [8] Undefined variable: str /var/www/html/Application/Home/Common/function.php 第 90 行.
NOTIC: [8] Undefined variable: count /var/www/html/Application/Home/Common/function.php 第 83 行.
NOTIC: [8] Undefined variable: str /var/www/html/Application/Home/Common/function.php 第 90 行.
NOTIC: [8] Undefined variable: count /var/www/html/Application/Home/Common/function.php 第 83 行.
NOTIC: [8] Undefined variable: str /var/www/html/Application/Home/Common/function.php 第 90 行.
NOTIC: [8] Undefined variable: count /var/www/html/Application/Home/Common/function.php 第 83 行.
NOTIC: [8] Undefined variable: nloglists /var/www/html/Application/Home/Controller/IndexController.class.php 第 48 行.
SQL: SHOW COLUMNS FROM `onethink_auth_group` [ RunTime:0.000402s ]
SQL: SHOW COLUMNS FROM `onethink_auth_group_access` [ RunTime:0.000301s ]
SQL: SELECT `uid`,`group_id`,`title`,`description`,`rules` FROM onethink_auth_group_access a INNER JOIN onethink_auth_group g on a.group_id=g.id  WHERE ( a.uid='0' and g.status='1' )  [ RunTime:0.000196s ]
NOTIC: [8] Undefined offset: 0 /var/www/html/Application/Common/Common/function.php 第 1016 行.
INFO: [ view_parse ] --START--
INFO: [ template_filter ] --START--
INFO: Run Behavior\ContentReplace [ RunTime:0.000135s ]
INFO: [ template_filter ] --END-- [ RunTime:0.000227s ]
SQL: SHOW COLUMNS FROM `onethink_channel` [ RunTime:0.000464s ]
SQL: SELECT `id`,`pid`,`title`,`url`,`sort`,`create_time`,`update_time`,`status`,`target` FROM `onethink_channel` WHERE ( status=1 ) ORDER BY sort  [ RunTime:0.000196s ]
SQL: SELECT `id`,`name`,`title`,`pid`,`sort`,`list_row`,`meta_title`,`keywords`,`description`,`template_index`,`template_lists`,`template_detail`,`template_edit`,`model`,`type`,`link_id`,`allow_publish`,`display`,`reply`,`check`,`reply_model`,`extend`,`create_time`,`update_time`,`status`,`icon` FROM `onethink_category` WHERE ( `id` = 1 ) LIMIT 1   [ RunTime:0.000229s ]
SQL: SELECT `id`,`name`,`pid`,`title`,`link_id` FROM `onethink_category` WHERE ( `status` = 1 ) ORDER BY sort  [ RunTime:0.000158s ]
INFO: [ view_parse ] --START--
INFO: [ template_filter ] --START--
INFO: Run Behavior\ContentReplace [ RunTime:0.000042s ]
INFO: [ template_filter ] --END-- [ RunTime:-0.007631s ]
INFO: Run Behavior\ParseTemplate [ RunTime:0.002928s ]
INFO: [ view_parse ] --END-- [ RunTime:0.003012s ]
INFO: [ view_filter ] --START--
INFO: Run Behavior\WriteHtmlCache [ RunTime:0.000052s ]
INFO: [ view_filter ] --END-- [ RunTime:0.000120s ]
INFO: Run Behavior\ParseTemplate [ RunTime:0.003967s ]
INFO: [ view_parse ] --END-- [ RunTime:0.003012s ]
INFO: [ view_filter ] --START--
INFO: Run Behavior\WriteHtmlCache [ RunTime:0.000016s ]
INFO: [ view_filter ] --END-- [ RunTime:-0.000914s ]
INFO: [ app_end ] --START--
INFO: Run Behavior\ShowPageTrace [ RunTime:0.000101s ]
INFO: [ app_end ] --END-- [ RunTime:0.000260s ]

[ 2017-04-01T23:43:21+08:00 ] 185.169.230.8 /
SQL: SHOW COLUMNS FROM `onethink_category` [ RunTime:0.000803s ]
SQL: SELECT `id`,`name`,`title`,`pid`,`sort`,`list_row`,`meta_title`,`keywords`,`description`,`template_index`,`template_lists`,`template_detail`,`template_edit`,`model`,`type`,`link_id`,`allow_publish`,`display`,`reply`,`check`,`reply_model`,`extend`,`create_time`,`update_time`,`status`,`icon` FROM `onethink_category` WHERE ( `status` = 1 ) ORDER BY sort  [ RunTime:0.000280s ]
SQL: SHOW COLUMNS FROM `onethink_document` [ RunTime:0.000612s ]
SQL: SELECT `id`,`uid`,`name`,`title`,`category_id`,`description`,`root`,`pid`,`model_id`,`type`,`position`,`link_id`,`cover_id`,`display`,`deadline`,`attach`,`view`,`comment`,`extend`,`level`,`create_time`,`update_time`,`status` FROM `onethink_document` WHERE ( `status` = 1 ) AND ( `pid` = 0 ) AND ( `create_time` < 1491061401 ) AND ( deadline = 0 OR deadline > 1491061401 ) ORDER BY `id` DESC  [ RunTime:0.000338s ]
SQL: SHOW COLUMNS FROM `onethink_action_log` [ RunTime:0.000396s ]
SQL: SELECT `id`,`action_id`,`user_id`,`action_ip`,`model`,`record_id`,`remark`,`status`,`create_time` FROM `onethink_action_log` WHERE ( `status` > -1 ) AND ( `action_id` = 12 ) AND ( `model` LIKE '新词%' ) ORDER BY `id` DESC LIMIT 20   [ RunTime:0.000288s ]
NOTIC: [8] Undefined variable: str /var/www/html/Application/Home/Common/function.php 第 90 行.
NOTIC: [8] Undefined variable: count /var/www/html/Application/Home/Common/function.php 第 83 行.
NOTIC: [8] Undefined variable: str /var/www/html/Application/Home/Common/function.php 第 90 行.
NOTIC: [8] Undefined variable: count /var/www/html/Application/Home/Common/function.php 第 83 行.
NOTIC: [8] Undefined variable: str /var/www/html/Application/Home/Common/function.php 第 90 行.
NOTIC: [8] Undefined variable: count /var/www/html/Application/Home/Common/function.php 第 83 行.
NOTIC: [8] Undefined variable: str /var/www/html/Application/Home/Common/function.php 第 90 行.
NOTIC: [8] Undefined variable: count /var/www/html/Application/Home/Common/function.php 第 83 行.
NOTIC: [8] Undefined variable: str /var/www/html/Application/Home/Common/function.php 第 90 行.
NOTIC: [8] Undefined variable: count /var/www/html/Application/Home/Common/function.php 第 83 行.
NOTIC: [8] Undefined variable: str /var/www/html/Application/Home/Common/function.php 第 90 行.
NOTIC: [8] Undefined variable: count /var/www/html/Application/Home/Common/function.php 第 83 行.
NOTIC: [8] Undefined variable: str /var/www/html/Application/Home/Common/function.php 第 90 行.
NOTIC: [8] Undefined variable: count /var/www/html/Application/Home/Common/function.php 第 83 行.
NOTIC: [8] Undefined variable: str /var/www/html/Application/Home/Common/function.php 第 90 行.
NOTIC: [8] Undefined variable: count /var/www/html/Application/Home/Common/function.php 第 83 行.
NOTIC: [8] Undefined variable: str /var/www/html/Application/Home/Common/function.php 第 90 行.
NOTIC: [8] Undefined variable: count /var/www/html/Application/Home/Common/function.php 第 83 行.
NOTIC: [8] Undefined variable: str /var/www/html/Application/Home/Common/function.php 第 90 行.
NOTIC: [8] Undefined variable: count /var/www/html/Application/Home/Common/function.php 第 83 行.
NOTIC: [8] Undefined variable: str /var/www/html/Application/Home/Common/function.php 第 90 行.
NOTIC: [8] Undefined variable: count /var/www/html/Application/Home/Common/function.php 第 83 行.
NOTIC: [8] Undefined variable: str /var/www/html/Application/Home/Common/function.php 第 90 行.
NOTIC: [8] Undefined variable: count /var/www/html/Application/Home/Common/function.php 第 83 行.
NOTIC: [8] Undefined variable: str /var/www/html/Application/Home/Common/function.php 第 90 行.
NOTIC: [8] Undefined variable: count /var/www/html/Application/Home/Common/function.php 第 83 行.
NOTIC: [8] Undefined variable: str /var/www/html/Application/Home/Common/function.php 第 90 行.
NOTIC: [8] Undefined variable: count /var/www/html/Application/Home/Common/function.php 第 83 行.
NOTIC: [8] Undefined variable: str /var/www/html/Application/Home/Common/function.php 第 90 行.
NOTIC: [8] Undefined variable: count /var/www/html/Application/Home/Common/function.php 第 83 行.
NOTIC: [8] Undefined variable: str /var/www/html/Application/Home/Common/function.php 第 90 行.
NOTIC: [8] Undefined variable: count /var/www/html/Application/Home/Common/function.php 第 83 行.
NOTIC: [8] Undefined variable: str /var/www/html/Application/Home/Common/function.php 第 90 行.
NOTIC: [8] Undefined variable: count /var/www/html/Application/Home/Common/function.php 第 83 行.
NOTIC: [8] Undefined variable: str /var/www/html/Application/Home/Common/function.php 第 90 行.
NOTIC: [8] Undefined variable: count /var/www/html/Application/Home/Common/function.php 第 83 行.
NOTIC: [8] Undefined variable: str /var/www/html/Application/Home/Common/function.php 第 90 行.
NOTIC: [8] Undefined variable: count /var/www/html/Application/Home/Common/function.php 第 83 行.
NOTIC: [8] Undefined variable: str /var/www/html/Application/Home/Common/function.php 第 90 行.
NOTIC: [8] Undefined variable: count /var/www/html/Application/Home/Common/function.php 第 83 行.
NOTIC: [8] Undefined variable: nloglists /var/www/html/Application/Home/Controller/IndexController.class.php 第 48 行.
SQL: SHOW COLUMNS FROM `onethink_auth_group` [ RunTime:0.000365s ]
SQL: SHOW COLUMNS FROM `onethink_auth_group_access` [ RunTime:0.000361s ]
SQL: SELECT `uid`,`group_id`,`title`,`description`,`rules` FROM onethink_auth_group_access a INNER JOIN onethink_auth_group g on a.group_id=g.id  WHERE ( a.uid='0' and g.status='1' )  [ RunTime:0.000220s ]
NOTIC: [8] Undefined offset: 0 /var/www/html/Application/Common/Common/function.php 第 1016 行.
INFO: [ view_parse ] --START--
INFO: [ template_filter ] --START--
INFO: Run Behavior\ContentReplace [ RunTime:0.000136s ]
INFO: [ template_filter ] --END-- [ RunTime:0.000238s ]
SQL: SHOW COLUMNS FROM `onethink_channel` [ RunTime:0.000374s ]
SQL: SELECT `id`,`pid`,`title`,`url`,`sort`,`create_time`,`update_time`,`status`,`target` FROM `onethink_channel` WHERE ( status=1 ) ORDER BY sort  [ RunTime:0.000198s ]
SQL: SELECT `id`,`name`,`title`,`pid`,`sort`,`list_row`,`meta_title`,`keywords`,`description`,`template_index`,`template_lists`,`template_detail`,`template_edit`,`model`,`type`,`link_id`,`allow_publish`,`display`,`reply`,`check`,`reply_model`,`extend`,`create_time`,`update_time`,`status`,`icon` FROM `onethink_category` WHERE ( `id` = 1 ) LIMIT 1   [ RunTime:0.000187s ]
SQL: SELECT `id`,`name`,`pid`,`title`,`link_id` FROM `onethink_category` WHERE ( `status` = 1 ) ORDER BY sort  [ RunTime:0.000156s ]
INFO: [ view_parse ] --START--
INFO: [ template_filter ] --START--
INFO: Run Behavior\ContentReplace [ RunTime:0.000047s ]
INFO: [ template_filter ] --END-- [ RunTime:-0.007490s ]
INFO: Run Behavior\ParseTemplate [ RunTime:0.002896s ]
INFO: [ view_parse ] --END-- [ RunTime:0.002980s ]
INFO: [ view_filter ] --START--
INFO: Run Behavior\WriteHtmlCache [ RunTime:0.000052s ]
INFO: [ view_filter ] --END-- [ RunTime:0.000120s ]
INFO: Run Behavior\ParseTemplate [ RunTime:0.003916s ]
INFO: [ view_parse ] --END-- [ RunTime:0.002980s ]
INFO: [ view_filter ] --START--
INFO: Run Behavior\WriteHtmlCache [ RunTime:0.000015s ]
INFO: [ view_filter ] --END-- [ RunTime:-0.000895s ]
INFO: [ app_end ] --START--
INFO: Run Behavior\ShowPageTrace [ RunTime:0.000103s ]
INFO: [ app_end ] --END-- [ RunTime:0.000247s ]

[ 2017-04-01T23:49:18+08:00 ] 23.247.88.114 /
SQL: SHOW COLUMNS FROM `onethink_category` [ RunTime:0.000672s ]
SQL: SELECT `id`,`name`,`title`,`pid`,`sort`,`list_row`,`meta_title`,`keywords`,`description`,`template_index`,`template_lists`,`template_detail`,`template_edit`,`model`,`type`,`link_id`,`allow_publish`,`display`,`reply`,`check`,`reply_model`,`extend`,`create_time`,`update_time`,`status`,`icon` FROM `onethink_category` WHERE ( `status` = 1 ) ORDER BY sort  [ RunTime:0.000234s ]
SQL: SHOW COLUMNS FROM `onethink_document` [ RunTime:0.000510s ]
SQL: SELECT `id`,`uid`,`name`,`title`,`category_id`,`description`,`root`,`pid`,`model_id`,`type`,`position`,`link_id`,`cover_id`,`display`,`deadline`,`attach`,`view`,`comment`,`extend`,`level`,`create_time`,`update_time`,`status` FROM `onethink_document` WHERE ( `status` = 1 ) AND ( `pid` = 0 ) AND ( `create_time` < 1491061758 ) AND ( deadline = 0 OR deadline > 1491061758 ) ORDER BY `id` DESC  [ RunTime:0.000327s ]
SQL: SHOW COLUMNS FROM `onethink_action_log` [ RunTime:0.000425s ]
SQL: SELECT `id`,`action_id`,`user_id`,`action_ip`,`model`,`record_id`,`remark`,`status`,`create_time` FROM `onethink_action_log` WHERE ( `status` > -1 ) AND ( `action_id` = 12 ) AND ( `model` LIKE '新词%' ) ORDER BY `id` DESC LIMIT 20   [ RunTime:0.000300s ]
NOTIC: [8] Undefined variable: str /var/www/html/Application/Home/Common/function.php 第 90 行.
NOTIC: [8] Undefined variable: count /var/www/html/Application/Home/Common/function.php 第 83 行.
NOTIC: [8] Undefined variable: str /var/www/html/Application/Home/Common/function.php 第 90 行.
NOTIC: [8] Undefined variable: count /var/www/html/Application/Home/Common/function.php 第 83 行.
NOTIC: [8] Undefined variable: str /var/www/html/Application/Home/Common/function.php 第 90 行.
NOTIC: [8] Undefined variable: count /var/www/html/Application/Home/Common/function.php 第 83 行.
NOTIC: [8] Undefined variable: str /var/www/html/Application/Home/Common/function.php 第 90 行.
NOTIC: [8] Undefined variable: count /var/www/html/Application/Home/Common/function.php 第 83 行.
NOTIC: [8] Undefined variable: str /var/www/html/Application/Home/Common/function.php 第 90 行.
NOTIC: [8] Undefined variable: count /var/www/html/Application/Home/Common/function.php 第 83 行.
NOTIC: [8] Undefined variable: str /var/www/html/Application/Home/Common/function.php 第 90 行.
NOTIC: [8] Undefined variable: count /var/www/html/Application/Home/Common/function.php 第 83 行.
NOTIC: [8] Undefined variable: str /var/www/html/Application/Home/Common/function.php 第 90 行.
NOTIC: [8] Undefined variable: count /var/www/html/Application/Home/Common/function.php 第 83 行.
NOTIC: [8] Undefined variable: str /var/www/html/Application/Home/Common/function.php 第 90 行.
NOTIC: [8] Undefined variable: count /var/www/html/Application/Home/Common/function.php 第 83 行.
NOTIC: [8] Undefined variable: str /var/www/html/Application/Home/Common/function.php 第 90 行.
NOTIC: [8] Undefined variable: count /var/www/html/Application/Home/Common/function.php 第 83 行.
NOTIC: [8] Undefined variable: str /var/www/html/Application/Home/Common/function.php 第 90 行.
NOTIC: [8] Undefined variable: count /var/www/html/Application/Home/Common/function.php 第 83 行.
NOTIC: [8] Undefined variable: str /var/www/html/Application/Home/Common/function.php 第 90 行.
NOTIC: [8] Undefined variable: count /var/www/html/Application/Home/Common/function.php 第 83 行.
NOTIC: [8] Undefined variable: str /var/www/html/Application/Home/Common/function.php 第 90 行.
NOTIC: [8] Undefined variable: count /var/www/html/Application/Home/Common/function.php 第 83 行.
NOTIC: [8] Undefined variable: str /var/www/html/Application/Home/Common/function.php 第 90 行.
NOTIC: [8] Undefined variable: count /var/www/html/Application/Home/Common/function.php 第 83 行.
NOTIC: [8] Undefined variable: str /var/www/html/Application/Home/Common/function.php 第 90 行.
NOTIC: [8] Undefined variable: count /var/www/html/Application/Home/Common/function.php 第 83 行.
NOTIC: [8] Undefined variable: str /var/www/html/Application/Home/Common/function.php 第 90 行.
NOTIC: [8] Undefined variable: count /var/www/html/Application/Home/Common/function.php 第 83 行.
NOTIC: [8] Undefined variable: str /var/www/html/Application/Home/Common/function.php 第 90 行.
NOTIC: [8] Undefined variable: count /var/www/html/Application/Home/Common/function.php 第 83 行.
NOTIC: [8] Undefined variable: str /var/www/html/Application/Home/Common/function.php 第 90 行.
NOTIC: [8] Undefined variable: count /var/www/html/Application/Home/Common/function.php 第 83 行.
NOTIC: [8] Undefined variable: str /var/www/html/Application/Home/Common/function.php 第 90 行.
NOTIC: [8] Undefined variable: count /var/www/html/Application/Home/Common/function.php 第 83 行.
NOTIC: [8] Undefined variable: str /var/www/html/Application/Home/Common/function.php 第 90 行.
NOTIC: [8] Undefined variable: count /var/www/html/Application/Home/Common/function.php 第 83 行.
NOTIC: [8] Undefined variable: str /var/www/html/Application/Home/Common/function.php 第 90 行.
NOTIC: [8] Undefined variable: count /var/www/html/Application/Home/Common/function.php 第 83 行.
NOTIC: [8] Undefined variable: nloglists /var/www/html/Application/Home/Controller/IndexController.class.php 第 48 行.
SQL: SHOW COLUMNS FROM `onethink_auth_group` [ RunTime:0.000362s ]
SQL: SHOW COLUMNS FROM `onethink_auth_group_access` [ RunTime:0.000328s ]
SQL: SELECT `uid`,`group_id`,`title`,`description`,`rules` FROM onethink_auth_group_access a INNER JOIN onethink_auth_group g on a.group_id=g.id  WHERE ( a.uid='0' and g.status='1' )  [ RunTime:0.000200s ]
NOTIC: [8] Undefined offset: 0 /var/www/html/Application/Common/Common/function.php 第 1016 行.
INFO: [ view_parse ] --START--
INFO: [ template_filter ] --START--
INFO: Run Behavior\ContentReplace [ RunTime:0.000157s ]
INFO: [ template_filter ] --END-- [ RunTime:0.000257s ]
SQL: SHOW COLUMNS FROM `onethink_channel` [ RunTime:0.000447s ]
SQL: SELECT `id`,`pid`,`title`,`url`,`sort`,`create_time`,`update_time`,`status`,`target` FROM `onethink_channel` WHERE ( status=1 ) ORDER BY sort  [ RunTime:0.000171s ]
SQL: SELECT `id`,`name`,`title`,`pid`,`sort`,`list_row`,`meta_title`,`keywords`,`description`,`template_index`,`template_lists`,`template_detail`,`template_edit`,`model`,`type`,`link_id`,`allow_publish`,`display`,`reply`,`check`,`reply_model`,`extend`,`create_time`,`update_time`,`status`,`icon` FROM `onethink_category` WHERE ( `id` = 1 ) LIMIT 1   [ RunTime:0.000202s ]
SQL: SELECT `id`,`name`,`pid`,`title`,`link_id` FROM `onethink_category` WHERE ( `status` = 1 ) ORDER BY sort  [ RunTime:0.000159s ]
INFO: [ view_parse ] --START--
INFO: [ template_filter ] --START--
INFO: Run Behavior\ContentReplace [ RunTime:0.000045s ]
INFO: [ template_filter ] --END-- [ RunTime:-0.008417s ]
INFO: Run Behavior\ParseTemplate [ RunTime:0.003645s ]
INFO: [ view_parse ] --END-- [ RunTime:0.003729s ]
INFO: [ view_filter ] --START--
INFO: Run Behavior\WriteHtmlCache [ RunTime:0.000054s ]
INFO: [ view_filter ] --END-- [ RunTime:0.000121s ]
INFO: Run Behavior\ParseTemplate [ RunTime:0.004733s ]
INFO: [ view_parse ] --END-- [ RunTime:0.003729s ]
INFO: [ view_filter ] --START--
INFO: Run Behavior\WriteHtmlCache [ RunTime:0.000016s ]
INFO: [ view_filter ] --END-- [ RunTime:-0.000960s ]
INFO: [ app_end ] --START--
INFO: Run Behavior\ShowPageTrace [ RunTime:0.000103s ]
INFO: [ app_end ] --END-- [ RunTime:0.000250s ]

