[ 2017-06-22T23:50:09+08:00 ] 113.87.14.59 /Home/Index/currentCount.html?search=stainless%20steel%20%20:au
INFO: [ app_begin ] --START--
INFO: Run Behavior\ReadHtmlCache [ RunTime:0.000046s ]
INFO: [ app_begin ] --END-- [ RunTime:0.000142s ]
SQL: SHOW COLUMNS FROM `onethink_config` [ RunTime:0.000515s ]
SQL: SELECT `type`,`name`,`value` FROM `onethink_config` WHERE ( `status` = 1 )  [ RunTime:0.000302s ]

[ 2017-06-22T23:50:14+08:00 ] 113.87.14.59 /Home/Index/currentCount.html?search=stainless%20steel%20%20:au
INFO: [ app_begin ] --START--
INFO: Run Behavior\ReadHtmlCache [ RunTime:0.000048s ]
INFO: [ app_begin ] --END-- [ RunTime:0.000147s ]
SQL: SHOW COLUMNS FROM `onethink_config` [ RunTime:0.000767s ]
SQL: SELECT `type`,`name`,`value` FROM `onethink_config` WHERE ( `status` = 1 )  [ RunTime:0.000296s ]

[ 2017-06-22T23:50:19+08:00 ] 113.87.14.59 /Home/Index/currentCount.html?search=stainless%20steel%20%20:au
INFO: [ app_begin ] --START--
INFO: Run Behavior\ReadHtmlCache [ RunTime:0.000049s ]
INFO: [ app_begin ] --END-- [ RunTime:0.000167s ]
SQL: SHOW COLUMNS FROM `onethink_config` [ RunTime:0.000580s ]
SQL: SELECT `type`,`name`,`value` FROM `onethink_config` WHERE ( `status` = 1 )  [ RunTime:0.000336s ]

[ 2017-06-22T23:50:24+08:00 ] 113.87.14.59 /Home/Index/currentCount.html?search=stainless%20steel%20%20:au
INFO: [ app_begin ] --START--
INFO: Run Behavior\ReadHtmlCache [ RunTime:0.000051s ]
INFO: [ app_begin ] --END-- [ RunTime:0.000189s ]
SQL: SHOW COLUMNS FROM `onethink_config` [ RunTime:0.000682s ]
SQL: SELECT `type`,`name`,`value` FROM `onethink_config` WHERE ( `status` = 1 )  [ RunTime:0.000404s ]

[ 2017-06-22T23:50:29+08:00 ] 113.87.14.59 /Home/Index/currentCount.html?search=stainless%20steel%20%20:au
INFO: [ app_begin ] --START--
INFO: Run Behavior\ReadHtmlCache [ RunTime:0.000144s ]
INFO: [ app_begin ] --END-- [ RunTime:0.000245s ]
SQL: SHOW COLUMNS FROM `onethink_config` [ RunTime:0.000562s ]
SQL: SELECT `type`,`name`,`value` FROM `onethink_config` WHERE ( `status` = 1 )  [ RunTime:0.000308s ]

[ 2017-06-22T23:50:34+08:00 ] 113.87.14.59 /Home/Index/currentCount.html?search=stainless%20steel%20%20:au
INFO: [ app_begin ] --START--
INFO: Run Behavior\ReadHtmlCache [ RunTime:0.000056s ]
INFO: [ app_begin ] --END-- [ RunTime:0.000186s ]
SQL: SHOW COLUMNS FROM `onethink_config` [ RunTime:0.000511s ]
SQL: SELECT `type`,`name`,`value` FROM `onethink_config` WHERE ( `status` = 1 )  [ RunTime:0.000301s ]

[ 2017-06-22T23:50:39+08:00 ] 113.87.14.59 /Home/Index/totalCount.html
INFO: [ app_begin ] --START--
INFO: Run Behavior\ReadHtmlCache [ RunTime:0.000045s ]
INFO: [ app_begin ] --END-- [ RunTime:0.000152s ]
SQL: SHOW COLUMNS FROM `onethink_config` [ RunTime:0.000549s ]
SQL: SELECT `type`,`name`,`value` FROM `onethink_config` WHERE ( `status` = 1 )  [ RunTime:0.000297s ]

[ 2017-06-22T23:50:39+08:00 ] 113.87.14.59 /Home/Index/currentCount.html?search=stainless%20steel%20%20:au
INFO: [ app_begin ] --START--
INFO: Run Behavior\ReadHtmlCache [ RunTime:0.000046s ]
INFO: [ app_begin ] --END-- [ RunTime:0.000136s ]
SQL: SHOW COLUMNS FROM `onethink_config` [ RunTime:0.000624s ]
SQL: SELECT `type`,`name`,`value` FROM `onethink_config` WHERE ( `status` = 1 )  [ RunTime:0.000320s ]

[ 2017-06-22T23:50:44+08:00 ] 113.87.14.59 /Home/Index/currentCount.html?search=stainless%20steel%20%20:au
INFO: [ app_begin ] --START--
INFO: Run Behavior\ReadHtmlCache [ RunTime:0.000045s ]
INFO: [ app_begin ] --END-- [ RunTime:0.000141s ]
SQL: SHOW COLUMNS FROM `onethink_config` [ RunTime:0.000618s ]
SQL: SELECT `type`,`name`,`value` FROM `onethink_config` WHERE ( `status` = 1 )  [ RunTime:0.000310s ]

[ 2017-06-22T23:50:49+08:00 ] 113.87.14.59 /Home/Index/currentCount.html?search=stainless%20steel%20%20:au
INFO: [ app_begin ] --START--
INFO: Run Behavior\ReadHtmlCache [ RunTime:0.000049s ]
INFO: [ app_begin ] --END-- [ RunTime:0.000156s ]
SQL: SHOW COLUMNS FROM `onethink_config` [ RunTime:0.000748s ]
SQL: SELECT `type`,`name`,`value` FROM `onethink_config` WHERE ( `status` = 1 )  [ RunTime:0.000494s ]

[ 2017-06-22T23:50:54+08:00 ] 113.87.14.59 /Home/Index/currentCount.html?search=stainless%20steel%20%20:au
INFO: [ app_begin ] --START--
INFO: Run Behavior\ReadHtmlCache [ RunTime:0.000047s ]
INFO: [ app_begin ] --END-- [ RunTime:0.000147s ]
SQL: SHOW COLUMNS FROM `onethink_config` [ RunTime:0.000560s ]
SQL: SELECT `type`,`name`,`value` FROM `onethink_config` WHERE ( `status` = 1 )  [ RunTime:0.000333s ]

[ 2017-06-22T23:50:59+08:00 ] 113.87.14.59 /Home/Index/currentCount.html?search=stainless%20steel%20%20:au
INFO: [ app_begin ] --START--
INFO: Run Behavior\ReadHtmlCache [ RunTime:0.000046s ]
INFO: [ app_begin ] --END-- [ RunTime:0.000161s ]
SQL: SHOW COLUMNS FROM `onethink_config` [ RunTime:0.000575s ]
SQL: SELECT `type`,`name`,`value` FROM `onethink_config` WHERE ( `status` = 1 )  [ RunTime:0.000294s ]

[ 2017-06-22T23:51:04+08:00 ] 113.87.14.59 /Home/Index/currentCount.html?search=stainless%20steel%20%20:au
INFO: [ app_begin ] --START--
INFO: Run Behavior\ReadHtmlCache [ RunTime:0.000046s ]
INFO: [ app_begin ] --END-- [ RunTime:0.000146s ]
SQL: SHOW COLUMNS FROM `onethink_config` [ RunTime:0.000562s ]
SQL: SELECT `type`,`name`,`value` FROM `onethink_config` WHERE ( `status` = 1 )  [ RunTime:0.000294s ]

[ 2017-06-22T23:51:09+08:00 ] 113.87.14.59 /Home/Index/currentCount.html?search=stainless%20steel%20%20:au
INFO: [ app_begin ] --START--
INFO: Run Behavior\ReadHtmlCache [ RunTime:0.000047s ]
INFO: [ app_begin ] --END-- [ RunTime:0.000149s ]
SQL: SHOW COLUMNS FROM `onethink_config` [ RunTime:0.000588s ]
SQL: SELECT `type`,`name`,`value` FROM `onethink_config` WHERE ( `status` = 1 )  [ RunTime:0.000339s ]

[ 2017-06-22T23:51:14+08:00 ] 113.87.14.59 /Home/Index/currentCount.html?search=stainless%20steel%20%20:au
INFO: [ app_begin ] --START--
INFO: Run Behavior\ReadHtmlCache [ RunTime:0.000061s ]
INFO: [ app_begin ] --END-- [ RunTime:0.000193s ]
SQL: SHOW COLUMNS FROM `onethink_config` [ RunTime:0.000664s ]
SQL: SELECT `type`,`name`,`value` FROM `onethink_config` WHERE ( `status` = 1 )  [ RunTime:0.000313s ]

[ 2017-06-22T23:51:19+08:00 ] 113.87.14.59 /Home/Index/totalCount.html
INFO: [ app_begin ] --START--
INFO: Run Behavior\ReadHtmlCache [ RunTime:0.000046s ]
INFO: [ app_begin ] --END-- [ RunTime:0.000150s ]
SQL: SHOW COLUMNS FROM `onethink_config` [ RunTime:0.000505s ]
SQL: SELECT `type`,`name`,`value` FROM `onethink_config` WHERE ( `status` = 1 )  [ RunTime:0.000317s ]

[ 2017-06-22T23:51:19+08:00 ] 113.87.14.59 /Home/Index/currentCount.html?search=stainless%20steel%20%20:au
INFO: [ app_begin ] --START--
INFO: Run Behavior\ReadHtmlCache [ RunTime:0.000046s ]
INFO: [ app_begin ] --END-- [ RunTime:0.000137s ]
SQL: SHOW COLUMNS FROM `onethink_config` [ RunTime:0.000517s ]
SQL: SELECT `type`,`name`,`value` FROM `onethink_config` WHERE ( `status` = 1 )  [ RunTime:0.000312s ]

[ 2017-06-22T23:51:24+08:00 ] 113.87.14.59 /Home/Index/currentCount.html?search=stainless%20steel%20%20:au
INFO: [ app_begin ] --START--
INFO: Run Behavior\ReadHtmlCache [ RunTime:0.000052s ]
INFO: [ app_begin ] --END-- [ RunTime:0.000177s ]
SQL: SHOW COLUMNS FROM `onethink_config` [ RunTime:0.000743s ]
SQL: SELECT `type`,`name`,`value` FROM `onethink_config` WHERE ( `status` = 1 )  [ RunTime:0.000406s ]

[ 2017-06-22T23:51:29+08:00 ] 113.87.14.59 /Home/Index/currentCount.html?search=stainless%20steel%20%20:au
INFO: [ app_begin ] --START--
INFO: Run Behavior\ReadHtmlCache [ RunTime:0.000047s ]
INFO: [ app_begin ] --END-- [ RunTime:0.000156s ]
SQL: SHOW COLUMNS FROM `onethink_config` [ RunTime:0.000530s ]
SQL: SELECT `type`,`name`,`value` FROM `onethink_config` WHERE ( `status` = 1 )  [ RunTime:0.002158s ]

[ 2017-06-22T23:51:34+08:00 ] 113.87.14.59 /Home/Index/currentCount.html?search=stainless%20steel%20%20:au
INFO: [ app_begin ] --START--
INFO: Run Behavior\ReadHtmlCache [ RunTime:0.000046s ]
INFO: [ app_begin ] --END-- [ RunTime:0.000147s ]
SQL: SHOW COLUMNS FROM `onethink_config` [ RunTime:0.002210s ]
SQL: SELECT `type`,`name`,`value` FROM `onethink_config` WHERE ( `status` = 1 )  [ RunTime:0.000361s ]

[ 2017-06-22T23:51:39+08:00 ] 113.87.14.59 /Home/Index/currentCount.html?search=stainless%20steel%20%20:au
INFO: [ app_begin ] --START--
INFO: Run Behavior\ReadHtmlCache [ RunTime:0.000047s ]
INFO: [ app_begin ] --END-- [ RunTime:0.000149s ]
SQL: SHOW COLUMNS FROM `onethink_config` [ RunTime:0.000606s ]
SQL: SELECT `type`,`name`,`value` FROM `onethink_config` WHERE ( `status` = 1 )  [ RunTime:0.000309s ]

[ 2017-06-22T23:51:44+08:00 ] 113.87.14.59 /Home/Index/currentCount.html?search=stainless%20steel%20%20:au
INFO: [ app_begin ] --START--
INFO: Run Behavior\ReadHtmlCache [ RunTime:0.000051s ]
INFO: [ app_begin ] --END-- [ RunTime:0.000159s ]
SQL: SHOW COLUMNS FROM `onethink_config` [ RunTime:0.000630s ]
SQL: SELECT `type`,`name`,`value` FROM `onethink_config` WHERE ( `status` = 1 )  [ RunTime:0.000340s ]

[ 2017-06-22T23:51:49+08:00 ] 113.87.14.59 /Home/Index/currentCount.html?search=stainless%20steel%20%20:au
INFO: [ app_begin ] --START--
INFO: Run Behavior\ReadHtmlCache [ RunTime:0.000047s ]
INFO: [ app_begin ] --END-- [ RunTime:0.000143s ]
SQL: SHOW COLUMNS FROM `onethink_config` [ RunTime:0.000515s ]
SQL: SELECT `type`,`name`,`value` FROM `onethink_config` WHERE ( `status` = 1 )  [ RunTime:0.000346s ]

[ 2017-06-22T23:51:54+08:00 ] 113.87.14.59 /Home/Index/currentCount.html?search=stainless%20steel%20%20:au
INFO: [ app_begin ] --START--
INFO: Run Behavior\ReadHtmlCache [ RunTime:0.000047s ]
INFO: [ app_begin ] --END-- [ RunTime:0.000147s ]
SQL: SHOW COLUMNS FROM `onethink_config` [ RunTime:0.000575s ]
SQL: SELECT `type`,`name`,`value` FROM `onethink_config` WHERE ( `status` = 1 )  [ RunTime:0.000309s ]

[ 2017-06-22T23:51:59+08:00 ] 113.87.14.59 /Home/Index/totalCount.html
INFO: [ app_begin ] --START--
INFO: Run Behavior\ReadHtmlCache [ RunTime:0.000046s ]
INFO: [ app_begin ] --END-- [ RunTime:0.000154s ]
SQL: SHOW COLUMNS FROM `onethink_config` [ RunTime:0.000701s ]
SQL: SELECT `type`,`name`,`value` FROM `onethink_config` WHERE ( `status` = 1 )  [ RunTime:0.000339s ]

[ 2017-06-22T23:51:59+08:00 ] 113.87.14.59 /Home/Index/currentCount.html?search=stainless%20steel%20%20:au
INFO: [ app_begin ] --START--
INFO: Run Behavior\ReadHtmlCache [ RunTime:0.000046s ]
INFO: [ app_begin ] --END-- [ RunTime:0.000137s ]
SQL: SHOW COLUMNS FROM `onethink_config` [ RunTime:0.002173s ]
SQL: SELECT `type`,`name`,`value` FROM `onethink_config` WHERE ( `status` = 1 )  [ RunTime:0.000310s ]

[ 2017-06-22T23:52:04+08:00 ] 113.87.14.59 /Home/Index/currentCount.html?search=stainless%20steel%20%20:au
INFO: [ app_begin ] --START--
INFO: Run Behavior\ReadHtmlCache [ RunTime:0.000055s ]
INFO: [ app_begin ] --END-- [ RunTime:0.000155s ]
SQL: SHOW COLUMNS FROM `onethink_config` [ RunTime:0.000644s ]
SQL: SELECT `type`,`name`,`value` FROM `onethink_config` WHERE ( `status` = 1 )  [ RunTime:0.000348s ]

[ 2017-06-22T23:52:09+08:00 ] 113.87.14.59 /Home/Index/currentCount.html?search=stainless%20steel%20%20:au
INFO: [ app_begin ] --START--
INFO: Run Behavior\ReadHtmlCache [ RunTime:0.000054s ]
INFO: [ app_begin ] --END-- [ RunTime:0.000152s ]
SQL: SHOW COLUMNS FROM `onethink_config` [ RunTime:0.000542s ]
SQL: SELECT `type`,`name`,`value` FROM `onethink_config` WHERE ( `status` = 1 )  [ RunTime:0.000299s ]

[ 2017-06-22T23:52:14+08:00 ] 113.87.14.59 /Home/Index/currentCount.html?search=stainless%20steel%20%20:au
INFO: [ app_begin ] --START--
INFO: Run Behavior\ReadHtmlCache [ RunTime:0.000047s ]
INFO: [ app_begin ] --END-- [ RunTime:0.000150s ]
SQL: SHOW COLUMNS FROM `onethink_config` [ RunTime:0.000620s ]
SQL: SELECT `type`,`name`,`value` FROM `onethink_config` WHERE ( `status` = 1 )  [ RunTime:0.000337s ]

[ 2017-06-22T23:52:19+08:00 ] 113.87.14.59 /Home/Index/currentCount.html?search=stainless%20steel%20%20:au
INFO: [ app_begin ] --START--
INFO: Run Behavior\ReadHtmlCache [ RunTime:0.000049s ]
INFO: [ app_begin ] --END-- [ RunTime:0.000149s ]
SQL: SHOW COLUMNS FROM `onethink_config` [ RunTime:0.000577s ]
SQL: SELECT `type`,`name`,`value` FROM `onethink_config` WHERE ( `status` = 1 )  [ RunTime:0.000307s ]

[ 2017-06-22T23:52:24+08:00 ] 113.87.14.59 /Home/Index/currentCount.html?search=stainless%20steel%20%20:au
INFO: [ app_begin ] --START--
INFO: Run Behavior\ReadHtmlCache [ RunTime:0.000053s ]
INFO: [ app_begin ] --END-- [ RunTime:0.000168s ]
SQL: SHOW COLUMNS FROM `onethink_config` [ RunTime:0.000508s ]
SQL: SELECT `type`,`name`,`value` FROM `onethink_config` WHERE ( `status` = 1 )  [ RunTime:0.000302s ]

[ 2017-06-22T23:52:29+08:00 ] 113.87.14.59 /Home/Index/currentCount.html?search=stainless%20steel%20%20:au
INFO: [ app_begin ] --START--
INFO: Run Behavior\ReadHtmlCache [ RunTime:0.000063s ]
INFO: [ app_begin ] --END-- [ RunTime:0.000206s ]
SQL: SHOW COLUMNS FROM `onethink_config` [ RunTime:0.000565s ]
SQL: SELECT `type`,`name`,`value` FROM `onethink_config` WHERE ( `status` = 1 )  [ RunTime:0.000335s ]

[ 2017-06-22T23:52:34+08:00 ] 113.87.14.59 /Home/Index/currentCount.html?search=stainless%20steel%20%20:au
INFO: [ app_begin ] --START--
INFO: Run Behavior\ReadHtmlCache [ RunTime:0.000045s ]
INFO: [ app_begin ] --END-- [ RunTime:0.000142s ]
SQL: SHOW COLUMNS FROM `onethink_config` [ RunTime:0.000507s ]
SQL: SELECT `type`,`name`,`value` FROM `onethink_config` WHERE ( `status` = 1 )  [ RunTime:0.000299s ]

[ 2017-06-22T23:52:39+08:00 ] 113.87.14.59 /Home/Index/totalCount.html
INFO: [ app_begin ] --START--
INFO: Run Behavior\ReadHtmlCache [ RunTime:0.000048s ]
INFO: [ app_begin ] --END-- [ RunTime:0.000158s ]
SQL: SHOW COLUMNS FROM `onethink_config` [ RunTime:0.000555s ]
SQL: SELECT `type`,`name`,`value` FROM `onethink_config` WHERE ( `status` = 1 )  [ RunTime:0.000329s ]

[ 2017-06-22T23:52:39+08:00 ] 113.87.14.59 /Home/Index/currentCount.html?search=stainless%20steel%20%20:au
INFO: [ app_begin ] --START--
INFO: Run Behavior\ReadHtmlCache [ RunTime:0.000050s ]
INFO: [ app_begin ] --END-- [ RunTime:0.000155s ]
SQL: SHOW COLUMNS FROM `onethink_config` [ RunTime:0.000785s ]
SQL: SELECT `type`,`name`,`value` FROM `onethink_config` WHERE ( `status` = 1 )  [ RunTime:0.000331s ]

[ 2017-06-22T23:52:44+08:00 ] 113.87.14.59 /Home/Index/currentCount.html?search=stainless%20steel%20%20:au
INFO: [ app_begin ] --START--
INFO: Run Behavior\ReadHtmlCache [ RunTime:0.000046s ]
INFO: [ app_begin ] --END-- [ RunTime:0.000151s ]
SQL: SHOW COLUMNS FROM `onethink_config` [ RunTime:0.002061s ]
SQL: SELECT `type`,`name`,`value` FROM `onethink_config` WHERE ( `status` = 1 )  [ RunTime:0.000347s ]

[ 2017-06-22T23:52:49+08:00 ] 113.87.14.59 /Home/Index/currentCount.html?search=stainless%20steel%20%20:au
INFO: [ app_begin ] --START--
INFO: Run Behavior\ReadHtmlCache [ RunTime:0.000047s ]
INFO: [ app_begin ] --END-- [ RunTime:0.000147s ]
SQL: SHOW COLUMNS FROM `onethink_config` [ RunTime:0.000728s ]
SQL: SELECT `type`,`name`,`value` FROM `onethink_config` WHERE ( `status` = 1 )  [ RunTime:0.000342s ]

[ 2017-06-22T23:52:54+08:00 ] 113.87.14.59 /Home/Index/currentCount.html?search=stainless%20steel%20%20:au
INFO: [ app_begin ] --START--
INFO: Run Behavior\ReadHtmlCache [ RunTime:0.000046s ]
INFO: [ app_begin ] --END-- [ RunTime:0.000146s ]
SQL: SHOW COLUMNS FROM `onethink_config` [ RunTime:0.000562s ]
SQL: SELECT `type`,`name`,`value` FROM `onethink_config` WHERE ( `status` = 1 )  [ RunTime:0.000304s ]

[ 2017-06-22T23:52:59+08:00 ] 113.87.14.59 /Home/Index/currentCount.html?search=stainless%20steel%20%20:au
INFO: [ app_begin ] --START--
INFO: Run Behavior\ReadHtmlCache [ RunTime:0.000044s ]
INFO: [ app_begin ] --END-- [ RunTime:0.000141s ]
SQL: SHOW COLUMNS FROM `onethink_config` [ RunTime:0.000543s ]
SQL: SELECT `type`,`name`,`value` FROM `onethink_config` WHERE ( `status` = 1 )  [ RunTime:0.000318s ]

[ 2017-06-22T23:53:04+08:00 ] 113.87.14.59 /Home/Index/currentCount.html?search=stainless%20steel%20%20:au
INFO: [ app_begin ] --START--
INFO: Run Behavior\ReadHtmlCache [ RunTime:0.000047s ]
INFO: [ app_begin ] --END-- [ RunTime:0.000155s ]
SQL: SHOW COLUMNS FROM `onethink_config` [ RunTime:0.002678s ]
SQL: SELECT `type`,`name`,`value` FROM `onethink_config` WHERE ( `status` = 1 )  [ RunTime:0.000321s ]

[ 2017-06-22T23:53:09+08:00 ] 113.87.14.59 /Home/Index/currentCount.html?search=stainless%20steel%20%20:au
INFO: [ app_begin ] --START--
INFO: Run Behavior\ReadHtmlCache [ RunTime:0.000072s ]
INFO: [ app_begin ] --END-- [ RunTime:0.000175s ]
SQL: SHOW COLUMNS FROM `onethink_config` [ RunTime:0.000645s ]
SQL: SELECT `type`,`name`,`value` FROM `onethink_config` WHERE ( `status` = 1 )  [ RunTime:0.000349s ]

[ 2017-06-22T23:53:14+08:00 ] 113.87.14.59 /Home/Index/currentCount.html?search=stainless%20steel%20%20:au
INFO: [ app_begin ] --START--
INFO: Run Behavior\ReadHtmlCache [ RunTime:0.000047s ]
INFO: [ app_begin ] --END-- [ RunTime:0.000146s ]
SQL: SHOW COLUMNS FROM `onethink_config` [ RunTime:0.000537s ]
SQL: SELECT `type`,`name`,`value` FROM `onethink_config` WHERE ( `status` = 1 )  [ RunTime:0.000300s ]

[ 2017-06-22T23:53:19+08:00 ] 113.87.14.59 /Home/Index/totalCount.html
INFO: [ app_begin ] --START--
INFO: Run Behavior\ReadHtmlCache [ RunTime:0.000048s ]
INFO: [ app_begin ] --END-- [ RunTime:0.000148s ]
SQL: SHOW COLUMNS FROM `onethink_config` [ RunTime:0.000543s ]
SQL: SELECT `type`,`name`,`value` FROM `onethink_config` WHERE ( `status` = 1 )  [ RunTime:0.000310s ]

[ 2017-06-22T23:53:19+08:00 ] 113.87.14.59 /Home/Index/currentCount.html?search=stainless%20steel%20%20:au
INFO: [ app_begin ] --START--
INFO: Run Behavior\ReadHtmlCache [ RunTime:0.000046s ]
INFO: [ app_begin ] --END-- [ RunTime:0.000137s ]
SQL: SHOW COLUMNS FROM `onethink_config` [ RunTime:0.000671s ]
SQL: SELECT `type`,`name`,`value` FROM `onethink_config` WHERE ( `status` = 1 )  [ RunTime:0.002006s ]

[ 2017-06-22T23:53:24+08:00 ] 113.87.14.59 /Home/Index/currentCount.html?search=stainless%20steel%20%20:au
INFO: [ app_begin ] --START--
INFO: Run Behavior\ReadHtmlCache [ RunTime:0.000045s ]
INFO: [ app_begin ] --END-- [ RunTime:0.000141s ]
SQL: SHOW COLUMNS FROM `onethink_config` [ RunTime:0.000517s ]
SQL: SELECT `type`,`name`,`value` FROM `onethink_config` WHERE ( `status` = 1 )  [ RunTime:0.000324s ]

[ 2017-06-22T23:53:29+08:00 ] 113.87.14.59 /Home/Index/currentCount.html?search=stainless%20steel%20%20:au
INFO: [ app_begin ] --START--
INFO: Run Behavior\ReadHtmlCache [ RunTime:0.000047s ]
INFO: [ app_begin ] --END-- [ RunTime:0.000151s ]
SQL: SHOW COLUMNS FROM `onethink_config` [ RunTime:0.000634s ]
SQL: SELECT `type`,`name`,`value` FROM `onethink_config` WHERE ( `status` = 1 )  [ RunTime:0.000329s ]

[ 2017-06-22T23:53:34+08:00 ] 113.87.14.59 /Home/Index/currentCount.html?search=stainless%20steel%20%20:au
INFO: [ app_begin ] --START--
INFO: Run Behavior\ReadHtmlCache [ RunTime:0.000046s ]
INFO: [ app_begin ] --END-- [ RunTime:0.000235s ]
SQL: SHOW COLUMNS FROM `onethink_config` [ RunTime:0.000564s ]
SQL: SELECT `type`,`name`,`value` FROM `onethink_config` WHERE ( `status` = 1 )  [ RunTime:0.000314s ]

[ 2017-06-22T23:53:39+08:00 ] 113.87.14.59 /Home/Index/currentCount.html?search=stainless%20steel%20%20:au
INFO: [ app_begin ] --START--
INFO: Run Behavior\ReadHtmlCache [ RunTime:0.000051s ]
INFO: [ app_begin ] --END-- [ RunTime:0.000157s ]
SQL: SHOW COLUMNS FROM `onethink_config` [ RunTime:0.000623s ]
SQL: SELECT `type`,`name`,`value` FROM `onethink_config` WHERE ( `status` = 1 )  [ RunTime:0.000258s ]

[ 2017-06-22T23:53:44+08:00 ] 113.87.14.59 /Home/Index/currentCount.html?search=stainless%20steel%20%20:au
INFO: [ app_begin ] --START--
INFO: Run Behavior\ReadHtmlCache [ RunTime:0.000061s ]
INFO: [ app_begin ] --END-- [ RunTime:0.000188s ]
SQL: SHOW COLUMNS FROM `onethink_config` [ RunTime:0.000531s ]
SQL: SELECT `type`,`name`,`value` FROM `onethink_config` WHERE ( `status` = 1 )  [ RunTime:0.000324s ]

[ 2017-06-22T23:53:49+08:00 ] 113.87.14.59 /Home/Index/currentCount.html?search=stainless%20steel%20%20:au
INFO: [ app_begin ] --START--
INFO: Run Behavior\ReadHtmlCache [ RunTime:0.000045s ]
INFO: [ app_begin ] --END-- [ RunTime:0.000142s ]
SQL: SHOW COLUMNS FROM `onethink_config` [ RunTime:0.000551s ]
SQL: SELECT `type`,`name`,`value` FROM `onethink_config` WHERE ( `status` = 1 )  [ RunTime:0.000332s ]

[ 2017-06-22T23:53:54+08:00 ] 113.87.14.59 /Home/Index/currentCount.html?search=stainless%20steel%20%20:au
INFO: [ app_begin ] --START--
INFO: Run Behavior\ReadHtmlCache [ RunTime:0.000067s ]
INFO: [ app_begin ] --END-- [ RunTime:0.000183s ]
SQL: SHOW COLUMNS FROM `onethink_config` [ RunTime:0.002253s ]
SQL: SELECT `type`,`name`,`value` FROM `onethink_config` WHERE ( `status` = 1 )  [ RunTime:0.000321s ]

[ 2017-06-22T23:53:59+08:00 ] 113.87.14.59 /Home/Index/totalCount.html
INFO: [ app_begin ] --START--
INFO: Run Behavior\ReadHtmlCache [ RunTime:0.000070s ]
INFO: [ app_begin ] --END-- [ RunTime:0.000170s ]
SQL: SHOW COLUMNS FROM `onethink_config` [ RunTime:0.000522s ]
SQL: SELECT `type`,`name`,`value` FROM `onethink_config` WHERE ( `status` = 1 )  [ RunTime:0.000327s ]

[ 2017-06-22T23:53:59+08:00 ] 113.87.14.59 /Home/Index/currentCount.html?search=stainless%20steel%20%20:au
INFO: [ app_begin ] --START--
INFO: Run Behavior\ReadHtmlCache [ RunTime:0.000057s ]
INFO: [ app_begin ] --END-- [ RunTime:0.000164s ]
SQL: SHOW COLUMNS FROM `onethink_config` [ RunTime:0.002425s ]
SQL: SELECT `type`,`name`,`value` FROM `onethink_config` WHERE ( `status` = 1 )  [ RunTime:0.000358s ]

[ 2017-06-22T23:54:04+08:00 ] 113.87.14.59 /Home/Index/currentCount.html?search=stainless%20steel%20%20:au
INFO: [ app_begin ] --START--
INFO: Run Behavior\ReadHtmlCache [ RunTime:0.000045s ]
INFO: [ app_begin ] --END-- [ RunTime:0.000144s ]
SQL: SHOW COLUMNS FROM `onethink_config` [ RunTime:0.000532s ]
SQL: SELECT `type`,`name`,`value` FROM `onethink_config` WHERE ( `status` = 1 )  [ RunTime:0.000320s ]

[ 2017-06-22T23:54:09+08:00 ] 113.87.14.59 /Home/Index/currentCount.html?search=stainless%20steel%20%20:au
INFO: [ app_begin ] --START--
INFO: Run Behavior\ReadHtmlCache [ RunTime:0.000061s ]
INFO: [ app_begin ] --END-- [ RunTime:0.000188s ]
SQL: SHOW COLUMNS FROM `onethink_config` [ RunTime:0.001991s ]
SQL: SELECT `type`,`name`,`value` FROM `onethink_config` WHERE ( `status` = 1 )  [ RunTime:0.000428s ]

[ 2017-06-22T23:54:14+08:00 ] 113.87.14.59 /Home/Index/currentCount.html?search=stainless%20steel%20%20:au
INFO: [ app_begin ] --START--
INFO: Run Behavior\ReadHtmlCache [ RunTime:0.000047s ]
INFO: [ app_begin ] --END-- [ RunTime:0.000147s ]
SQL: SHOW COLUMNS FROM `onethink_config` [ RunTime:0.000585s ]
SQL: SELECT `type`,`name`,`value` FROM `onethink_config` WHERE ( `status` = 1 )  [ RunTime:0.000304s ]

[ 2017-06-22T23:54:19+08:00 ] 113.87.14.59 /Home/Index/currentCount.html?search=stainless%20steel%20%20:au
INFO: [ app_begin ] --START--
INFO: Run Behavior\ReadHtmlCache [ RunTime:0.000068s ]
INFO: [ app_begin ] --END-- [ RunTime:0.000188s ]
SQL: SHOW COLUMNS FROM `onethink_config` [ RunTime:0.000625s ]
SQL: SELECT `type`,`name`,`value` FROM `onethink_config` WHERE ( `status` = 1 )  [ RunTime:0.000263s ]

[ 2017-06-22T23:54:24+08:00 ] 113.87.14.59 /Home/Index/currentCount.html?search=stainless%20steel%20%20:au
INFO: [ app_begin ] --START--
INFO: Run Behavior\ReadHtmlCache [ RunTime:0.000066s ]
INFO: [ app_begin ] --END-- [ RunTime:0.000188s ]
SQL: SHOW COLUMNS FROM `onethink_config` [ RunTime:0.000537s ]
SQL: SELECT `type`,`name`,`value` FROM `onethink_config` WHERE ( `status` = 1 )  [ RunTime:0.000300s ]

[ 2017-06-22T23:54:29+08:00 ] 113.87.14.59 /Home/Index/currentCount.html?search=stainless%20steel%20%20:au
INFO: [ app_begin ] --START--
INFO: Run Behavior\ReadHtmlCache [ RunTime:0.000075s ]
INFO: [ app_begin ] --END-- [ RunTime:0.000216s ]
SQL: SHOW COLUMNS FROM `onethink_config` [ RunTime:0.000701s ]
SQL: SELECT `type`,`name`,`value` FROM `onethink_config` WHERE ( `status` = 1 )  [ RunTime:0.000398s ]

[ 2017-06-22T23:54:34+08:00 ] 113.87.14.59 /Home/Index/currentCount.html?search=stainless%20steel%20%20:au
INFO: [ app_begin ] --START--
INFO: Run Behavior\ReadHtmlCache [ RunTime:0.000046s ]
INFO: [ app_begin ] --END-- [ RunTime:0.000144s ]
SQL: SHOW COLUMNS FROM `onethink_config` [ RunTime:0.000566s ]
SQL: SELECT `type`,`name`,`value` FROM `onethink_config` WHERE ( `status` = 1 )  [ RunTime:0.000337s ]

[ 2017-06-22T23:54:39+08:00 ] 113.87.14.59 /Home/Index/totalCount.html
INFO: [ app_begin ] --START--
INFO: Run Behavior\ReadHtmlCache [ RunTime:0.000073s ]
INFO: [ app_begin ] --END-- [ RunTime:0.000190s ]
SQL: SHOW COLUMNS FROM `onethink_config` [ RunTime:0.000580s ]
SQL: SELECT `type`,`name`,`value` FROM `onethink_config` WHERE ( `status` = 1 )  [ RunTime:0.000342s ]

[ 2017-06-22T23:54:39+08:00 ] 113.87.14.59 /Home/Index/currentCount.html?search=stainless%20steel%20%20:au
INFO: [ app_begin ] --START--
INFO: Run Behavior\ReadHtmlCache [ RunTime:0.000046s ]
INFO: [ app_begin ] --END-- [ RunTime:0.000157s ]
SQL: SHOW COLUMNS FROM `onethink_config` [ RunTime:0.000570s ]
SQL: SELECT `type`,`name`,`value` FROM `onethink_config` WHERE ( `status` = 1 )  [ RunTime:0.000375s ]

[ 2017-06-22T23:54:44+08:00 ] 113.87.14.59 /Home/Index/currentCount.html?search=stainless%20steel%20%20:au
INFO: [ app_begin ] --START--
INFO: Run Behavior\ReadHtmlCache [ RunTime:0.000045s ]
INFO: [ app_begin ] --END-- [ RunTime:0.000142s ]
SQL: SHOW COLUMNS FROM `onethink_config` [ RunTime:0.000558s ]
SQL: SELECT `type`,`name`,`value` FROM `onethink_config` WHERE ( `status` = 1 )  [ RunTime:0.000379s ]

[ 2017-06-22T23:54:49+08:00 ] 113.87.14.59 /Home/Index/currentCount.html?search=stainless%20steel%20%20:au
INFO: [ app_begin ] --START--
INFO: Run Behavior\ReadHtmlCache [ RunTime:0.000044s ]
INFO: [ app_begin ] --END-- [ RunTime:0.000142s ]
SQL: SHOW COLUMNS FROM `onethink_config` [ RunTime:0.002038s ]
SQL: SELECT `type`,`name`,`value` FROM `onethink_config` WHERE ( `status` = 1 )  [ RunTime:0.000339s ]

[ 2017-06-22T23:54:54+08:00 ] 113.87.14.59 /Home/Index/currentCount.html?search=stainless%20steel%20%20:au
INFO: [ app_begin ] --START--
INFO: Run Behavior\ReadHtmlCache [ RunTime:0.000049s ]
INFO: [ app_begin ] --END-- [ RunTime:0.000172s ]
SQL: SHOW COLUMNS FROM `onethink_config` [ RunTime:0.000503s ]
SQL: SELECT `type`,`name`,`value` FROM `onethink_config` WHERE ( `status` = 1 )  [ RunTime:0.001774s ]

[ 2017-06-22T23:54:59+08:00 ] 113.87.14.59 /Home/Index/currentCount.html?search=stainless%20steel%20%20:au
INFO: [ app_begin ] --START--
INFO: Run Behavior\ReadHtmlCache [ RunTime:0.000047s ]
INFO: [ app_begin ] --END-- [ RunTime:0.000147s ]
SQL: SHOW COLUMNS FROM `onethink_config` [ RunTime:0.002116s ]
SQL: SELECT `type`,`name`,`value` FROM `onethink_config` WHERE ( `status` = 1 )  [ RunTime:0.000325s ]

[ 2017-06-22T23:55:04+08:00 ] 113.87.14.59 /Home/Index/currentCount.html?search=stainless%20steel%20%20:au
INFO: [ app_begin ] --START--
INFO: Run Behavior\ReadHtmlCache [ RunTime:0.000070s ]
INFO: [ app_begin ] --END-- [ RunTime:0.000231s ]
SQL: SHOW COLUMNS FROM `onethink_config` [ RunTime:0.000918s ]
SQL: SELECT `type`,`name`,`value` FROM `onethink_config` WHERE ( `status` = 1 )  [ RunTime:0.003852s ]

[ 2017-06-22T23:55:09+08:00 ] 113.87.14.59 /Home/Index/currentCount.html?search=stainless%20steel%20%20:au
INFO: [ app_begin ] --START--
INFO: Run Behavior\ReadHtmlCache [ RunTime:0.000046s ]
INFO: [ app_begin ] --END-- [ RunTime:0.000159s ]
SQL: SHOW COLUMNS FROM `onethink_config` [ RunTime:0.000524s ]
SQL: SELECT `type`,`name`,`value` FROM `onethink_config` WHERE ( `status` = 1 )  [ RunTime:0.000327s ]

[ 2017-06-22T23:55:14+08:00 ] 113.87.14.59 /Home/Index/currentCount.html?search=stainless%20steel%20%20:au
INFO: [ app_begin ] --START--
INFO: Run Behavior\ReadHtmlCache [ RunTime:0.000046s ]
INFO: [ app_begin ] --END-- [ RunTime:0.000165s ]
SQL: SHOW COLUMNS FROM `onethink_config` [ RunTime:0.000510s ]
SQL: SELECT `type`,`name`,`value` FROM `onethink_config` WHERE ( `status` = 1 )  [ RunTime:0.000323s ]

[ 2017-06-22T23:55:19+08:00 ] 113.87.14.59 /Home/Index/totalCount.html
INFO: [ app_begin ] --START--
INFO: Run Behavior\ReadHtmlCache [ RunTime:0.000066s ]
INFO: [ app_begin ] --END-- [ RunTime:0.000183s ]
SQL: SHOW COLUMNS FROM `onethink_config` [ RunTime:0.000567s ]
SQL: SELECT `type`,`name`,`value` FROM `onethink_config` WHERE ( `status` = 1 )  [ RunTime:0.000328s ]

[ 2017-06-22T23:55:19+08:00 ] 113.87.14.59 /Home/Index/currentCount.html?search=stainless%20steel%20%20:au
INFO: [ app_begin ] --START--
INFO: Run Behavior\ReadHtmlCache [ RunTime:0.000086s ]
INFO: [ app_begin ] --END-- [ RunTime:0.000193s ]
SQL: SHOW COLUMNS FROM `onethink_config` [ RunTime:0.000583s ]
SQL: SELECT `type`,`name`,`value` FROM `onethink_config` WHERE ( `status` = 1 )  [ RunTime:0.000322s ]

[ 2017-06-22T23:55:24+08:00 ] 113.87.14.59 /Home/Index/currentCount.html?search=stainless%20steel%20%20:au
INFO: [ app_begin ] --START--
INFO: Run Behavior\ReadHtmlCache [ RunTime:0.000046s ]
INFO: [ app_begin ] --END-- [ RunTime:0.000146s ]
SQL: SHOW COLUMNS FROM `onethink_config` [ RunTime:0.000789s ]
SQL: SELECT `type`,`name`,`value` FROM `onethink_config` WHERE ( `status` = 1 )  [ RunTime:0.000345s ]

[ 2017-06-22T23:55:29+08:00 ] 113.87.14.59 /Home/Index/currentCount.html?search=stainless%20steel%20%20:au
INFO: [ app_begin ] --START--
INFO: Run Behavior\ReadHtmlCache [ RunTime:0.000049s ]
INFO: [ app_begin ] --END-- [ RunTime:0.000168s ]
SQL: SHOW COLUMNS FROM `onethink_config` [ RunTime:0.000569s ]
SQL: SELECT `type`,`name`,`value` FROM `onethink_config` WHERE ( `status` = 1 )  [ RunTime:0.000295s ]

[ 2017-06-22T23:55:34+08:00 ] 113.87.14.59 /Home/Index/currentCount.html?search=stainless%20steel%20%20:au
INFO: [ app_begin ] --START--
INFO: Run Behavior\ReadHtmlCache [ RunTime:0.000046s ]
INFO: [ app_begin ] --END-- [ RunTime:0.000145s ]
SQL: SHOW COLUMNS FROM `onethink_config` [ RunTime:0.000603s ]
SQL: SELECT `type`,`name`,`value` FROM `onethink_config` WHERE ( `status` = 1 )  [ RunTime:0.000320s ]

[ 2017-06-22T23:55:39+08:00 ] 113.87.14.59 /Home/Index/currentCount.html?search=stainless%20steel%20%20:au
INFO: [ app_begin ] --START--
INFO: Run Behavior\ReadHtmlCache [ RunTime:0.000071s ]
INFO: [ app_begin ] --END-- [ RunTime:0.000220s ]
SQL: SHOW COLUMNS FROM `onethink_config` [ RunTime:0.000764s ]
SQL: SELECT `type`,`name`,`value` FROM `onethink_config` WHERE ( `status` = 1 )  [ RunTime:0.000446s ]

[ 2017-06-22T23:55:44+08:00 ] 113.87.14.59 /Home/Index/currentCount.html?search=stainless%20steel%20%20:au
INFO: [ app_begin ] --START--
INFO: Run Behavior\ReadHtmlCache [ RunTime:0.000043s ]
INFO: [ app_begin ] --END-- [ RunTime:0.000138s ]
SQL: SHOW COLUMNS FROM `onethink_config` [ RunTime:0.000546s ]
SQL: SELECT `type`,`name`,`value` FROM `onethink_config` WHERE ( `status` = 1 )  [ RunTime:0.000316s ]

[ 2017-06-22T23:55:49+08:00 ] 113.87.14.59 /Home/Index/currentCount.html?search=stainless%20steel%20%20:au
INFO: [ app_begin ] --START--
INFO: Run Behavior\ReadHtmlCache [ RunTime:0.000047s ]
INFO: [ app_begin ] --END-- [ RunTime:0.000150s ]
SQL: SHOW COLUMNS FROM `onethink_config` [ RunTime:0.000625s ]
SQL: SELECT `type`,`name`,`value` FROM `onethink_config` WHERE ( `status` = 1 )  [ RunTime:0.000334s ]

[ 2017-06-22T23:55:54+08:00 ] 113.87.14.59 /Home/Index/currentCount.html?search=stainless%20steel%20%20:au
INFO: [ app_begin ] --START--
INFO: Run Behavior\ReadHtmlCache [ RunTime:0.000045s ]
INFO: [ app_begin ] --END-- [ RunTime:0.000144s ]
SQL: SHOW COLUMNS FROM `onethink_config` [ RunTime:0.000650s ]
SQL: SELECT `type`,`name`,`value` FROM `onethink_config` WHERE ( `status` = 1 )  [ RunTime:0.000310s ]

[ 2017-06-22T23:55:59+08:00 ] 113.87.14.59 /Home/Index/totalCount.html
INFO: [ app_begin ] --START--
INFO: Run Behavior\ReadHtmlCache [ RunTime:0.000047s ]
INFO: [ app_begin ] --END-- [ RunTime:0.000146s ]
SQL: SHOW COLUMNS FROM `onethink_config` [ RunTime:0.000587s ]
SQL: SELECT `type`,`name`,`value` FROM `onethink_config` WHERE ( `status` = 1 )  [ RunTime:0.000298s ]

[ 2017-06-22T23:55:59+08:00 ] 113.87.14.59 /Home/Index/currentCount.html?search=stainless%20steel%20%20:au
INFO: [ app_begin ] --START--
INFO: Run Behavior\ReadHtmlCache [ RunTime:0.000046s ]
INFO: [ app_begin ] --END-- [ RunTime:0.000140s ]
SQL: SHOW COLUMNS FROM `onethink_config` [ RunTime:0.000540s ]
SQL: SELECT `type`,`name`,`value` FROM `onethink_config` WHERE ( `status` = 1 )  [ RunTime:0.000344s ]

[ 2017-06-22T23:56:04+08:00 ] 113.87.14.59 /Home/Index/currentCount.html?search=stainless%20steel%20%20:au
INFO: [ app_begin ] --START--
INFO: Run Behavior\ReadHtmlCache [ RunTime:0.000047s ]
INFO: [ app_begin ] --END-- [ RunTime:0.000153s ]
SQL: SHOW COLUMNS FROM `onethink_config` [ RunTime:0.000599s ]
SQL: SELECT `type`,`name`,`value` FROM `onethink_config` WHERE ( `status` = 1 )  [ RunTime:0.000250s ]

[ 2017-06-22T23:56:09+08:00 ] 113.87.14.59 /Home/Index/currentCount.html?search=stainless%20steel%20%20:au
INFO: [ app_begin ] --START--
INFO: Run Behavior\ReadHtmlCache [ RunTime:0.000046s ]
INFO: [ app_begin ] --END-- [ RunTime:0.000142s ]
SQL: SHOW COLUMNS FROM `onethink_config` [ RunTime:0.000551s ]
SQL: SELECT `type`,`name`,`value` FROM `onethink_config` WHERE ( `status` = 1 )  [ RunTime:0.000332s ]

[ 2017-06-22T23:56:14+08:00 ] 113.87.14.59 /Home/Index/currentCount.html?search=stainless%20steel%20%20:au
INFO: [ app_begin ] --START--
INFO: Run Behavior\ReadHtmlCache [ RunTime:0.000046s ]
INFO: [ app_begin ] --END-- [ RunTime:0.000143s ]
SQL: SHOW COLUMNS FROM `onethink_config` [ RunTime:0.002115s ]
SQL: SELECT `type`,`name`,`value` FROM `onethink_config` WHERE ( `status` = 1 )  [ RunTime:0.000333s ]

[ 2017-06-22T23:56:19+08:00 ] 113.87.14.59 /Home/Index/currentCount.html?search=stainless%20steel%20%20:au
INFO: [ app_begin ] --START--
INFO: Run Behavior\ReadHtmlCache [ RunTime:0.000044s ]
INFO: [ app_begin ] --END-- [ RunTime:0.000140s ]
SQL: SHOW COLUMNS FROM `onethink_config` [ RunTime:0.001894s ]
SQL: SELECT `type`,`name`,`value` FROM `onethink_config` WHERE ( `status` = 1 )  [ RunTime:0.000308s ]

[ 2017-06-22T23:56:24+08:00 ] 113.87.14.59 /Home/Index/currentCount.html?search=stainless%20steel%20%20:au
INFO: [ app_begin ] --START--
INFO: Run Behavior\ReadHtmlCache [ RunTime:0.000047s ]
INFO: [ app_begin ] --END-- [ RunTime:0.000170s ]
SQL: SHOW COLUMNS FROM `onethink_config` [ RunTime:0.002242s ]
SQL: SELECT `type`,`name`,`value` FROM `onethink_config` WHERE ( `status` = 1 )  [ RunTime:0.000341s ]

[ 2017-06-22T23:56:29+08:00 ] 113.87.14.59 /Home/Index/currentCount.html?search=stainless%20steel%20%20:au
INFO: [ app_begin ] --START--
INFO: Run Behavior\ReadHtmlCache [ RunTime:0.000056s ]
INFO: [ app_begin ] --END-- [ RunTime:0.000173s ]
SQL: SHOW COLUMNS FROM `onethink_config` [ RunTime:0.001286s ]
SQL: SELECT `type`,`name`,`value` FROM `onethink_config` WHERE ( `status` = 1 )  [ RunTime:0.000351s ]

[ 2017-06-22T23:56:34+08:00 ] 113.87.14.59 /Home/Index/currentCount.html?search=stainless%20steel%20%20:au
INFO: [ app_begin ] --START--
INFO: Run Behavior\ReadHtmlCache [ RunTime:0.000049s ]
INFO: [ app_begin ] --END-- [ RunTime:0.000154s ]
SQL: SHOW COLUMNS FROM `onethink_config` [ RunTime:0.002089s ]
SQL: SELECT `type`,`name`,`value` FROM `onethink_config` WHERE ( `status` = 1 )  [ RunTime:0.000350s ]

[ 2017-06-22T23:56:39+08:00 ] 113.87.14.59 /Home/Index/totalCount.html
INFO: [ app_begin ] --START--
INFO: Run Behavior\ReadHtmlCache [ RunTime:0.000047s ]
INFO: [ app_begin ] --END-- [ RunTime:0.000151s ]
SQL: SHOW COLUMNS FROM `onethink_config` [ RunTime:0.000580s ]
SQL: SELECT `type`,`name`,`value` FROM `onethink_config` WHERE ( `status` = 1 )  [ RunTime:0.000340s ]

[ 2017-06-22T23:56:39+08:00 ] 113.87.14.59 /Home/Index/currentCount.html?search=stainless%20steel%20%20:au
INFO: [ app_begin ] --START--
INFO: Run Behavior\ReadHtmlCache [ RunTime:0.000067s ]
INFO: [ app_begin ] --END-- [ RunTime:0.000191s ]
SQL: SHOW COLUMNS FROM `onethink_config` [ RunTime:0.000646s ]
SQL: SELECT `type`,`name`,`value` FROM `onethink_config` WHERE ( `status` = 1 )  [ RunTime:0.000327s ]

[ 2017-06-22T23:56:44+08:00 ] 113.87.14.59 /Home/Index/currentCount.html?search=stainless%20steel%20%20:au
INFO: [ app_begin ] --START--
INFO: Run Behavior\ReadHtmlCache [ RunTime:0.000046s ]
INFO: [ app_begin ] --END-- [ RunTime:0.000164s ]
SQL: SHOW COLUMNS FROM `onethink_config` [ RunTime:0.000539s ]
SQL: SELECT `type`,`name`,`value` FROM `onethink_config` WHERE ( `status` = 1 )  [ RunTime:0.000317s ]

[ 2017-06-22T23:56:49+08:00 ] 113.87.14.59 /Home/Index/currentCount.html?search=stainless%20steel%20%20:au
INFO: [ app_begin ] --START--
INFO: Run Behavior\ReadHtmlCache [ RunTime:0.000048s ]
INFO: [ app_begin ] --END-- [ RunTime:0.000163s ]
SQL: SHOW COLUMNS FROM `onethink_config` [ RunTime:0.000549s ]
SQL: SELECT `type`,`name`,`value` FROM `onethink_config` WHERE ( `status` = 1 )  [ RunTime:0.000304s ]

[ 2017-06-22T23:56:54+08:00 ] 113.87.14.59 /Home/Index/currentCount.html?search=stainless%20steel%20%20:au
INFO: [ app_begin ] --START--
INFO: Run Behavior\ReadHtmlCache [ RunTime:0.000045s ]
INFO: [ app_begin ] --END-- [ RunTime:0.000142s ]
SQL: SHOW COLUMNS FROM `onethink_config` [ RunTime:0.000519s ]
SQL: SELECT `type`,`name`,`value` FROM `onethink_config` WHERE ( `status` = 1 )  [ RunTime:0.000304s ]

[ 2017-06-22T23:56:59+08:00 ] 113.87.14.59 /Home/Index/currentCount.html?search=stainless%20steel%20%20:au
INFO: [ app_begin ] --START--
INFO: Run Behavior\ReadHtmlCache [ RunTime:0.000046s ]
INFO: [ app_begin ] --END-- [ RunTime:0.000147s ]
SQL: SHOW COLUMNS FROM `onethink_config` [ RunTime:0.000519s ]
SQL: SELECT `type`,`name`,`value` FROM `onethink_config` WHERE ( `status` = 1 )  [ RunTime:0.000301s ]

[ 2017-06-22T23:57:04+08:00 ] 113.87.14.59 /Home/Index/currentCount.html?search=stainless%20steel%20%20:au
INFO: [ app_begin ] --START--
INFO: Run Behavior\ReadHtmlCache [ RunTime:0.000075s ]
INFO: [ app_begin ] --END-- [ RunTime:0.000234s ]
SQL: SHOW COLUMNS FROM `onethink_config` [ RunTime:0.000765s ]
SQL: SELECT `type`,`name`,`value` FROM `onethink_config` WHERE ( `status` = 1 )  [ RunTime:0.000442s ]

[ 2017-06-22T23:57:09+08:00 ] 113.87.14.59 /Home/Index/currentCount.html?search=stainless%20steel%20%20:au
INFO: [ app_begin ] --START--
INFO: Run Behavior\ReadHtmlCache [ RunTime:0.000066s ]
INFO: [ app_begin ] --END-- [ RunTime:0.000180s ]
SQL: SHOW COLUMNS FROM `onethink_config` [ RunTime:0.000518s ]
SQL: SELECT `type`,`name`,`value` FROM `onethink_config` WHERE ( `status` = 1 )  [ RunTime:0.000320s ]

[ 2017-06-22T23:57:14+08:00 ] 113.87.14.59 /Home/Index/currentCount.html?search=stainless%20steel%20%20:au
INFO: [ app_begin ] --START--
INFO: Run Behavior\ReadHtmlCache [ RunTime:0.000056s ]
INFO: [ app_begin ] --END-- [ RunTime:0.000161s ]
SQL: SHOW COLUMNS FROM `onethink_config` [ RunTime:0.000565s ]
SQL: SELECT `type`,`name`,`value` FROM `onethink_config` WHERE ( `status` = 1 )  [ RunTime:0.000300s ]

[ 2017-06-22T23:57:19+08:00 ] 113.87.14.59 /Home/Index/totalCount.html
INFO: [ app_begin ] --START--
INFO: Run Behavior\ReadHtmlCache [ RunTime:0.000044s ]
INFO: [ app_begin ] --END-- [ RunTime:0.000141s ]
SQL: SHOW COLUMNS FROM `onethink_config` [ RunTime:0.000511s ]
SQL: SELECT `type`,`name`,`value` FROM `onethink_config` WHERE ( `status` = 1 )  [ RunTime:0.000321s ]

[ 2017-06-22T23:57:19+08:00 ] 113.87.14.59 /Home/Index/currentCount.html?search=stainless%20steel%20%20:au
INFO: [ app_begin ] --START--
INFO: Run Behavior\ReadHtmlCache [ RunTime:0.000046s ]
INFO: [ app_begin ] --END-- [ RunTime:0.000144s ]
SQL: SHOW COLUMNS FROM `onethink_config` [ RunTime:0.000541s ]
SQL: SELECT `type`,`name`,`value` FROM `onethink_config` WHERE ( `status` = 1 )  [ RunTime:0.000323s ]

[ 2017-06-22T23:57:24+08:00 ] 113.87.14.59 /Home/Index/currentCount.html?search=stainless%20steel%20%20:au
INFO: [ app_begin ] --START--
INFO: Run Behavior\ReadHtmlCache [ RunTime:0.000047s ]
INFO: [ app_begin ] --END-- [ RunTime:0.000144s ]
SQL: SHOW COLUMNS FROM `onethink_config` [ RunTime:0.000665s ]
SQL: SELECT `type`,`name`,`value` FROM `onethink_config` WHERE ( `status` = 1 )  [ RunTime:0.000316s ]

[ 2017-06-22T23:57:29+08:00 ] 113.87.14.59 /Home/Index/currentCount.html?search=stainless%20steel%20%20:au
INFO: [ app_begin ] --START--
INFO: Run Behavior\ReadHtmlCache [ RunTime:0.000093s ]
INFO: [ app_begin ] --END-- [ RunTime:0.000249s ]
SQL: SHOW COLUMNS FROM `onethink_config` [ RunTime:0.000559s ]
SQL: SELECT `type`,`name`,`value` FROM `onethink_config` WHERE ( `status` = 1 )  [ RunTime:0.000348s ]

[ 2017-06-22T23:57:34+08:00 ] 113.87.14.59 /Home/Index/currentCount.html?search=stainless%20steel%20%20:au
INFO: [ app_begin ] --START--
INFO: Run Behavior\ReadHtmlCache [ RunTime:0.000049s ]
INFO: [ app_begin ] --END-- [ RunTime:0.000176s ]
SQL: SHOW COLUMNS FROM `onethink_config` [ RunTime:0.000705s ]
SQL: SELECT `type`,`name`,`value` FROM `onethink_config` WHERE ( `status` = 1 )  [ RunTime:0.000324s ]

[ 2017-06-22T23:57:39+08:00 ] 113.87.14.59 /Home/Index/currentCount.html?search=stainless%20steel%20%20:au
INFO: [ app_begin ] --START--
INFO: Run Behavior\ReadHtmlCache [ RunTime:0.000046s ]
INFO: [ app_begin ] --END-- [ RunTime:0.000143s ]
SQL: SHOW COLUMNS FROM `onethink_config` [ RunTime:0.000532s ]
SQL: SELECT `type`,`name`,`value` FROM `onethink_config` WHERE ( `status` = 1 )  [ RunTime:0.000298s ]

[ 2017-06-22T23:57:44+08:00 ] 113.87.14.59 /Home/Index/currentCount.html?search=stainless%20steel%20%20:au
INFO: [ app_begin ] --START--
INFO: Run Behavior\ReadHtmlCache [ RunTime:0.000054s ]
INFO: [ app_begin ] --END-- [ RunTime:0.000173s ]
SQL: SHOW COLUMNS FROM `onethink_config` [ RunTime:0.000532s ]
SQL: SELECT `type`,`name`,`value` FROM `onethink_config` WHERE ( `status` = 1 )  [ RunTime:0.000293s ]

[ 2017-06-22T23:57:49+08:00 ] 113.87.14.59 /Home/Index/currentCount.html?search=stainless%20steel%20%20:au
INFO: [ app_begin ] --START--
INFO: Run Behavior\ReadHtmlCache [ RunTime:0.000063s ]
INFO: [ app_begin ] --END-- [ RunTime:0.000170s ]
SQL: SHOW COLUMNS FROM `onethink_config` [ RunTime:0.000671s ]
SQL: SELECT `type`,`name`,`value` FROM `onethink_config` WHERE ( `status` = 1 )  [ RunTime:0.000314s ]

[ 2017-06-22T23:57:54+08:00 ] 113.87.14.59 /Home/Index/currentCount.html?search=stainless%20steel%20%20:au
INFO: [ app_begin ] --START--
INFO: Run Behavior\ReadHtmlCache [ RunTime:0.000061s ]
INFO: [ app_begin ] --END-- [ RunTime:0.000171s ]
SQL: SHOW COLUMNS FROM `onethink_config` [ RunTime:0.002237s ]
SQL: SELECT `type`,`name`,`value` FROM `onethink_config` WHERE ( `status` = 1 )  [ RunTime:0.000344s ]

[ 2017-06-22T23:57:59+08:00 ] 113.87.14.59 /Home/Index/totalCount.html
INFO: [ app_begin ] --START--
INFO: Run Behavior\ReadHtmlCache [ RunTime:0.000075s ]
INFO: [ app_begin ] --END-- [ RunTime:0.000262s ]
SQL: SHOW COLUMNS FROM `onethink_config` [ RunTime:0.000726s ]
SQL: SELECT `type`,`name`,`value` FROM `onethink_config` WHERE ( `status` = 1 )  [ RunTime:0.000337s ]

[ 2017-06-22T23:57:59+08:00 ] 113.87.14.59 /Home/Index/currentCount.html?search=stainless%20steel%20%20:au
INFO: [ app_begin ] --START--
INFO: Run Behavior\ReadHtmlCache [ RunTime:0.000046s ]
INFO: [ app_begin ] --END-- [ RunTime:0.000144s ]
SQL: SHOW COLUMNS FROM `onethink_config` [ RunTime:0.000501s ]
SQL: SELECT `type`,`name`,`value` FROM `onethink_config` WHERE ( `status` = 1 )  [ RunTime:0.000293s ]

[ 2017-06-22T23:58:04+08:00 ] 113.87.14.59 /Home/Index/currentCount.html?search=stainless%20steel%20%20:au
INFO: [ app_begin ] --START--
INFO: Run Behavior\ReadHtmlCache [ RunTime:0.000045s ]
INFO: [ app_begin ] --END-- [ RunTime:0.000143s ]
SQL: SHOW COLUMNS FROM `onethink_config` [ RunTime:0.000533s ]
SQL: SELECT `type`,`name`,`value` FROM `onethink_config` WHERE ( `status` = 1 )  [ RunTime:0.000319s ]

[ 2017-06-22T23:58:09+08:00 ] 113.87.14.59 /Home/Index/currentCount.html?search=stainless%20steel%20%20:au
INFO: [ app_begin ] --START--
INFO: Run Behavior\ReadHtmlCache [ RunTime:0.000046s ]
INFO: [ app_begin ] --END-- [ RunTime:0.000161s ]
SQL: SHOW COLUMNS FROM `onethink_config` [ RunTime:0.000497s ]
SQL: SELECT `type`,`name`,`value` FROM `onethink_config` WHERE ( `status` = 1 )  [ RunTime:0.000295s ]

[ 2017-06-22T23:58:14+08:00 ] 113.87.14.59 /Home/Index/currentCount.html?search=stainless%20steel%20%20:au
INFO: [ app_begin ] --START--
INFO: Run Behavior\ReadHtmlCache [ RunTime:0.000049s ]
INFO: [ app_begin ] --END-- [ RunTime:0.000219s ]
SQL: SHOW COLUMNS FROM `onethink_config` [ RunTime:0.000648s ]
SQL: SELECT `type`,`name`,`value` FROM `onethink_config` WHERE ( `status` = 1 )  [ RunTime:0.000336s ]

[ 2017-06-22T23:58:19+08:00 ] 113.87.14.59 /Home/Index/currentCount.html?search=stainless%20steel%20%20:au
INFO: [ app_begin ] --START--
INFO: Run Behavior\ReadHtmlCache [ RunTime:0.000045s ]
INFO: [ app_begin ] --END-- [ RunTime:0.000182s ]
SQL: SHOW COLUMNS FROM `onethink_config` [ RunTime:0.000507s ]
SQL: SELECT `type`,`name`,`value` FROM `onethink_config` WHERE ( `status` = 1 )  [ RunTime:0.000304s ]

[ 2017-06-22T23:58:24+08:00 ] 113.87.14.59 /Home/Index/currentCount.html?search=stainless%20steel%20%20:au
INFO: [ app_begin ] --START--
INFO: Run Behavior\ReadHtmlCache [ RunTime:0.000055s ]
INFO: [ app_begin ] --END-- [ RunTime:0.000156s ]
SQL: SHOW COLUMNS FROM `onethink_config` [ RunTime:0.000556s ]
SQL: SELECT `type`,`name`,`value` FROM `onethink_config` WHERE ( `status` = 1 )  [ RunTime:0.000333s ]

[ 2017-06-22T23:58:29+08:00 ] 113.87.14.59 /Home/Index/currentCount.html?search=stainless%20steel%20%20:au
INFO: [ app_begin ] --START--
INFO: Run Behavior\ReadHtmlCache [ RunTime:0.000046s ]
INFO: [ app_begin ] --END-- [ RunTime:0.000144s ]
SQL: SHOW COLUMNS FROM `onethink_config` [ RunTime:0.000577s ]
SQL: SELECT `type`,`name`,`value` FROM `onethink_config` WHERE ( `status` = 1 )  [ RunTime:0.000315s ]

[ 2017-06-22T23:58:34+08:00 ] 113.87.14.59 /Home/Index/currentCount.html?search=stainless%20steel%20%20:au
INFO: [ app_begin ] --START--
INFO: Run Behavior\ReadHtmlCache [ RunTime:0.000102s ]
INFO: [ app_begin ] --END-- [ RunTime:0.000254s ]
SQL: SHOW COLUMNS FROM `onethink_config` [ RunTime:0.000571s ]
SQL: SELECT `type`,`name`,`value` FROM `onethink_config` WHERE ( `status` = 1 )  [ RunTime:0.000300s ]

[ 2017-06-22T23:58:39+08:00 ] 113.87.14.59 /Home/Index/totalCount.html
INFO: [ app_begin ] --START--
INFO: Run Behavior\ReadHtmlCache [ RunTime:0.000062s ]
INFO: [ app_begin ] --END-- [ RunTime:0.000167s ]
SQL: SHOW COLUMNS FROM `onethink_config` [ RunTime:0.000547s ]
SQL: SELECT `type`,`name`,`value` FROM `onethink_config` WHERE ( `status` = 1 )  [ RunTime:0.000346s ]

[ 2017-06-22T23:58:39+08:00 ] 113.87.14.59 /Home/Index/currentCount.html?search=stainless%20steel%20%20:au
INFO: [ app_begin ] --START--
INFO: Run Behavior\ReadHtmlCache [ RunTime:0.000046s ]
INFO: [ app_begin ] --END-- [ RunTime:0.000138s ]
SQL: SHOW COLUMNS FROM `onethink_config` [ RunTime:0.002239s ]
SQL: SELECT `type`,`name`,`value` FROM `onethink_config` WHERE ( `status` = 1 )  [ RunTime:0.000303s ]

[ 2017-06-22T23:58:44+08:00 ] 113.87.14.59 /Home/Index/currentCount.html?search=stainless%20steel%20%20:au
INFO: [ app_begin ] --START--
INFO: Run Behavior\ReadHtmlCache [ RunTime:0.000056s ]
INFO: [ app_begin ] --END-- [ RunTime:0.000179s ]
SQL: SHOW COLUMNS FROM `onethink_config` [ RunTime:0.001991s ]
SQL: SELECT `type`,`name`,`value` FROM `onethink_config` WHERE ( `status` = 1 )  [ RunTime:0.000331s ]

[ 2017-06-22T23:58:49+08:00 ] 113.87.14.59 /Home/Index/currentCount.html?search=stainless%20steel%20%20:au
INFO: [ app_begin ] --START--
INFO: Run Behavior\ReadHtmlCache [ RunTime:0.000048s ]
INFO: [ app_begin ] --END-- [ RunTime:0.000182s ]
SQL: SHOW COLUMNS FROM `onethink_config` [ RunTime:0.000606s ]
SQL: SELECT `type`,`name`,`value` FROM `onethink_config` WHERE ( `status` = 1 )  [ RunTime:0.000328s ]

[ 2017-06-22T23:58:54+08:00 ] 113.87.14.59 /Home/Index/currentCount.html?search=stainless%20steel%20%20:au
INFO: [ app_begin ] --START--
INFO: Run Behavior\ReadHtmlCache [ RunTime:0.000046s ]
INFO: [ app_begin ] --END-- [ RunTime:0.000146s ]
SQL: SHOW COLUMNS FROM `onethink_config` [ RunTime:0.000505s ]
SQL: SELECT `type`,`name`,`value` FROM `onethink_config` WHERE ( `status` = 1 )  [ RunTime:0.000296s ]

[ 2017-06-22T23:58:59+08:00 ] 113.87.14.59 /Home/Index/currentCount.html?search=stainless%20steel%20%20:au
INFO: [ app_begin ] --START--
INFO: Run Behavior\ReadHtmlCache [ RunTime:0.000286s ]
INFO: [ app_begin ] --END-- [ RunTime:0.000438s ]
SQL: SHOW COLUMNS FROM `onethink_config` [ RunTime:0.000694s ]
SQL: SELECT `type`,`name`,`value` FROM `onethink_config` WHERE ( `status` = 1 )  [ RunTime:0.000333s ]

[ 2017-06-22T23:59:04+08:00 ] 113.87.14.59 /Home/Index/currentCount.html?search=stainless%20steel%20%20:au
INFO: [ app_begin ] --START--
INFO: Run Behavior\ReadHtmlCache [ RunTime:0.000072s ]
INFO: [ app_begin ] --END-- [ RunTime:0.000220s ]
SQL: SHOW COLUMNS FROM `onethink_config` [ RunTime:0.000814s ]
SQL: SELECT `type`,`name`,`value` FROM `onethink_config` WHERE ( `status` = 1 )  [ RunTime:0.000362s ]

[ 2017-06-22T23:59:09+08:00 ] 113.87.14.59 /Home/Index/currentCount.html?search=stainless%20steel%20%20:au
INFO: [ app_begin ] --START--
INFO: Run Behavior\ReadHtmlCache [ RunTime:0.000045s ]
INFO: [ app_begin ] --END-- [ RunTime:0.000142s ]
SQL: SHOW COLUMNS FROM `onethink_config` [ RunTime:0.002169s ]
SQL: SELECT `type`,`name`,`value` FROM `onethink_config` WHERE ( `status` = 1 )  [ RunTime:0.000366s ]

[ 2017-06-22T23:59:14+08:00 ] 113.87.14.59 /Home/Index/currentCount.html?search=stainless%20steel%20%20:au
INFO: [ app_begin ] --START--
INFO: Run Behavior\ReadHtmlCache [ RunTime:0.000064s ]
INFO: [ app_begin ] --END-- [ RunTime:0.000194s ]
SQL: SHOW COLUMNS FROM `onethink_config` [ RunTime:0.001190s ]
SQL: SELECT `type`,`name`,`value` FROM `onethink_config` WHERE ( `status` = 1 )  [ RunTime:0.000393s ]

[ 2017-06-22T23:59:19+08:00 ] 113.87.14.59 /Home/Index/totalCount.html
INFO: [ app_begin ] --START--
INFO: Run Behavior\ReadHtmlCache [ RunTime:0.000045s ]
INFO: [ app_begin ] --END-- [ RunTime:0.000140s ]
SQL: SHOW COLUMNS FROM `onethink_config` [ RunTime:0.000514s ]
SQL: SELECT `type`,`name`,`value` FROM `onethink_config` WHERE ( `status` = 1 )  [ RunTime:0.000308s ]

[ 2017-06-22T23:59:19+08:00 ] 113.87.14.59 /Home/Index/currentCount.html?search=stainless%20steel%20%20:au
INFO: [ app_begin ] --START--
INFO: Run Behavior\ReadHtmlCache [ RunTime:0.000056s ]
INFO: [ app_begin ] --END-- [ RunTime:0.000169s ]
SQL: SHOW COLUMNS FROM `onethink_config` [ RunTime:0.000511s ]
SQL: SELECT `type`,`name`,`value` FROM `onethink_config` WHERE ( `status` = 1 )  [ RunTime:0.000336s ]

[ 2017-06-22T23:59:24+08:00 ] 113.87.14.59 /Home/Index/currentCount.html?search=stainless%20steel%20%20:au
INFO: [ app_begin ] --START--
INFO: Run Behavior\ReadHtmlCache [ RunTime:0.000049s ]
INFO: [ app_begin ] --END-- [ RunTime:0.000174s ]
SQL: SHOW COLUMNS FROM `onethink_config` [ RunTime:0.000594s ]
SQL: SELECT `type`,`name`,`value` FROM `onethink_config` WHERE ( `status` = 1 )  [ RunTime:0.000424s ]

[ 2017-06-22T23:59:29+08:00 ] 113.87.14.59 /Home/Index/currentCount.html?search=stainless%20steel%20%20:au
INFO: [ app_begin ] --START--
INFO: Run Behavior\ReadHtmlCache [ RunTime:0.000055s ]
INFO: [ app_begin ] --END-- [ RunTime:0.000196s ]
SQL: SHOW COLUMNS FROM `onethink_config` [ RunTime:0.000546s ]
SQL: SELECT `type`,`name`,`value` FROM `onethink_config` WHERE ( `status` = 1 )  [ RunTime:0.000317s ]

[ 2017-06-22T23:59:34+08:00 ] 113.87.14.59 /Home/Index/currentCount.html?search=stainless%20steel%20%20:au
INFO: [ app_begin ] --START--
INFO: Run Behavior\ReadHtmlCache [ RunTime:0.000045s ]
INFO: [ app_begin ] --END-- [ RunTime:0.000144s ]
SQL: SHOW COLUMNS FROM `onethink_config` [ RunTime:0.000584s ]
SQL: SELECT `type`,`name`,`value` FROM `onethink_config` WHERE ( `status` = 1 )  [ RunTime:0.000299s ]

[ 2017-06-22T23:59:39+08:00 ] 113.87.14.59 /Home/Index/currentCount.html?search=stainless%20steel%20%20:au
INFO: [ app_begin ] --START--
INFO: Run Behavior\ReadHtmlCache [ RunTime:0.000046s ]
INFO: [ app_begin ] --END-- [ RunTime:0.000158s ]
SQL: SHOW COLUMNS FROM `onethink_config` [ RunTime:0.000537s ]
SQL: SELECT `type`,`name`,`value` FROM `onethink_config` WHERE ( `status` = 1 )  [ RunTime:0.000308s ]

[ 2017-06-22T23:59:44+08:00 ] 113.87.14.59 /Home/Index/currentCount.html?search=stainless%20steel%20%20:au
INFO: [ app_begin ] --START--
INFO: Run Behavior\ReadHtmlCache [ RunTime:0.000045s ]
INFO: [ app_begin ] --END-- [ RunTime:0.000167s ]
SQL: SHOW COLUMNS FROM `onethink_config` [ RunTime:0.000655s ]
SQL: SELECT `type`,`name`,`value` FROM `onethink_config` WHERE ( `status` = 1 )  [ RunTime:0.000302s ]

[ 2017-06-22T23:59:49+08:00 ] 113.87.14.59 /Home/Index/currentCount.html?search=stainless%20steel%20%20:au
INFO: [ app_begin ] --START--
INFO: Run Behavior\ReadHtmlCache [ RunTime:0.000066s ]
INFO: [ app_begin ] --END-- [ RunTime:0.000206s ]
SQL: SHOW COLUMNS FROM `onethink_config` [ RunTime:0.000710s ]
SQL: SELECT `type`,`name`,`value` FROM `onethink_config` WHERE ( `status` = 1 )  [ RunTime:0.000428s ]

[ 2017-06-22T23:59:54+08:00 ] 113.87.14.59 /Home/Index/currentCount.html?search=stainless%20steel%20%20:au
INFO: [ app_begin ] --START--
INFO: Run Behavior\ReadHtmlCache [ RunTime:0.000055s ]
INFO: [ app_begin ] --END-- [ RunTime:0.000155s ]
SQL: SHOW COLUMNS FROM `onethink_config` [ RunTime:0.000611s ]
SQL: SELECT `type`,`name`,`value` FROM `onethink_config` WHERE ( `status` = 1 )  [ RunTime:0.000292s ]

[ 2017-06-22T23:59:59+08:00 ] 113.87.14.59 /Home/Index/totalCount.html
INFO: [ app_begin ] --START--
INFO: Run Behavior\ReadHtmlCache [ RunTime:0.000047s ]
INFO: [ app_begin ] --END-- [ RunTime:0.000174s ]
SQL: SHOW COLUMNS FROM `onethink_config` [ RunTime:0.000512s ]
SQL: SELECT `type`,`name`,`value` FROM `onethink_config` WHERE ( `status` = 1 )  [ RunTime:0.000443s ]

[ 2017-06-22T23:59:59+08:00 ] 113.87.14.59 /Home/Index/currentCount.html?search=stainless%20steel%20%20:au
INFO: [ app_begin ] --START--
INFO: Run Behavior\ReadHtmlCache [ RunTime:0.000048s ]
INFO: [ app_begin ] --END-- [ RunTime:0.000147s ]
SQL: SHOW COLUMNS FROM `onethink_config` [ RunTime:0.000582s ]
SQL: SELECT `type`,`name`,`value` FROM `onethink_config` WHERE ( `status` = 1 )  [ RunTime:0.000329s ]

